Input: Dragon_bodytrack_4096_2_64
=========================================
------------------------------
1. Overall execution cycle per core
Core 0: 55195147960496
Core 1: 55045841130283
Core 2: 68155767858
Core 3: 55733602069832
------------------------------
2. Number of compute cycles per core
Core 0: 17729254
Core 1: 17120545
Core 2: 17556877
Core 3: 17140113
------------------------------
3. Number of load/store instructions per core
Core 0: 3270132
Core 1: 3287252
Core 2: 117698
Core 3: 3324919
------------------------------
4. Number of idle cycles per core
Core 0: 35507500
Core 1: 34713168
Core 2: 1259692
Core 3: 35098416
------------------------------
5. Data cache miss rate for each core
Core 0: 0.0557568
Core 1: 0.0548984
Core 2: 0.0648779
Core 3: 0.055066
------------------------------
6. Amount of Data traffic in bytes on the bus
580178688
------------------------------
7. Number of invalidations or updates on the bus
1865
------------------------------
8. Distribution of accesses to private data versus shared data
Core 0: Private acceses = 2839589 | Shared accesses = 430543
Core 1: Private acceses = 2750947 | Shared accesses = 536305
Core 2: Private acceses = 94767 | Shared accesses = 22931
Core 3: Private acceses = 2838710 | Shared accesses = 486209
================== END ==================
=========================================
