Input: Dragon_blackscholes_1024_2_32
=========================================
------------------------------
1. Overall execution cycle per core
Core 0: 38634488425707
Core 1: 38005703755900
Core 2: 41357808027700
Core 3: 38520791192761
------------------------------
2. Number of compute cycles per core
Core 0: 10430314
Core 1: 10383276
Core 2: 10430338
Core 3: 10394904
------------------------------
3. Number of load/store instructions per core
Core 0: 2497349
Core 1: 2490468
Core 2: 2509057
Core 3: 2503127
------------------------------
4. Number of idle cycles per core
Core 0: 30815325
Core 1: 30463077
Core 2: 31864192
Core 3: 30701608
------------------------------
5. Data cache miss rate for each core
Core 0: 0.100596
Core 1: 0.100414
Core 2: 0.102278
Core 3: 0.100675
------------------------------
6. Amount of Data traffic in bytes on the bus
299507712
------------------------------
7. Number of invalidations or updates on the bus
153
------------------------------
8. Distribution of accesses to private data versus shared data
Core 0: Private acceses = 2092629 | Shared accesses = 404720
Core 1: Private acceses = 2085700 | Shared accesses = 404768
Core 2: Private acceses = 2104463 | Shared accesses = 404594
Core 3: Private acceses = 2094750 | Shared accesses = 408377
================== END ==================
=========================================
