Input: Dragon_bodytrack_65536_8_128
=========================================
------------------------------
1. Overall execution cycle per core
Core 0: 21760848996102
Core 1: 22091525000535
Core 2: 14304645277
Core 3: 22221537761593
------------------------------
2. Number of compute cycles per core
Core 0: 17729254
Core 1: 17120545
Core 2: 17556877
Core 3: 17140113
------------------------------
3. Number of load/store instructions per core
Core 0: 3270132
Core 1: 3287252
Core 2: 117698
Core 3: 3324919
------------------------------
4. Number of idle cycles per core
Core 0: 15087843
Core 1: 15475837
Core 2: 326742
Core 3: 15214972
------------------------------
5. Data cache miss rate for each core
Core 0: 0.0275643
Core 1: 0.0272294
Core 2: 0.00683104
Core 3: 0.0270464
------------------------------
6. Amount of Data traffic in bytes on the bus
922446976
------------------------------
7. Number of invalidations or updates on the bus
27168
------------------------------
8. Distribution of accesses to private data versus shared data
Core 0: Private acceses = 2257237 | Shared accesses = 1012895
Core 1: Private acceses = 2254047 | Shared accesses = 1033205
Core 2: Private acceses = 87852 | Shared accesses = 29846
Core 3: Private acceses = 2282469 | Shared accesses = 1042450
================== END ==================
=========================================
