Input: Dragon_bodytrack_65536_16384_4
=========================================
------------------------------
1. Overall execution cycle per core
Core 0: 20530265939418
Core 1: 21315951392739
Core 2: 59818768614
Core 3: 21995960217009
------------------------------
2. Number of compute cycles per core
Core 0: 17729254
Core 1: 17120545
Core 2: 17556877
Core 3: 17140113
------------------------------
3. Number of load/store instructions per core
Core 0: 3270132
Core 1: 3287252
Core 2: 117698
Core 3: 3324919
------------------------------
4. Number of idle cycles per core
Core 0: 9351531
Core 1: 9489654
Core 2: 1033018
Core 3: 9745390
------------------------------
5. Data cache miss rate for each core
Core 0: 0.015889
Core 1: 0.0168107
Core 2: 0.0909021
Core 3: 0.0163995
------------------------------
6. Amount of Data traffic in bytes on the bus
27015472
------------------------------
7. Number of invalidations or updates on the bus
18133
------------------------------
8. Distribution of accesses to private data versus shared data
Core 0: Private acceses = 2172026 | Shared accesses = 1098106
Core 1: Private acceses = 2146756 | Shared accesses = 1140496
Core 2: Private acceses = 91180 | Shared accesses = 26518
Core 3: Private acceses = 2176012 | Shared accesses = 1148907
================== END ==================
=========================================
