Input: Dragon_fluidanimate_65536_4_4
=========================================
------------------------------
1. Overall execution cycle per core
Core 0: 135339617245409
Core 1: 120094984933119
Core 2: 134348739935941
Core 3: 121746060976151
------------------------------
2. Number of compute cycles per core
Core 0: 11337782
Core 1: 11290799
Core 2: 11337671
Core 3: 11301515
------------------------------
3. Number of load/store instructions per core
Core 0: 2576503
Core 1: 2407844
Core 2: 2604189
Core 3: 2411465
------------------------------
4. Number of idle cycles per core
Core 0: 67471786
Core 1: 64385649
Core 2: 66632958
Core 3: 65537049
------------------------------
5. Data cache miss rate for each core
Core 0: 0.13341
Core 1: 0.135076
Core 2: 0.13017
Core 3: 0.137533
------------------------------
6. Amount of Data traffic in bytes on the bus
38195636
------------------------------
7. Number of invalidations or updates on the bus
44458
------------------------------
8. Distribution of accesses to private data versus shared data
Core 0: Private acceses = 2121259 | Shared accesses = 455244
Core 1: Private acceses = 1983685 | Shared accesses = 424159
Core 2: Private acceses = 2145027 | Shared accesses = 459162
Core 3: Private acceses = 1948159 | Shared accesses = 463306
================== END ==================
=========================================
