Input: Dragon_bodytrack_16384_256_64
=========================================
------------------------------
1. Overall execution cycle per core
Core 0: 31081378137825
Core 1: 31419837390700
Core 2: 19185917103
Core 3: 30998175674180
------------------------------
2. Number of compute cycles per core
Core 0: 17729254
Core 1: 17120545
Core 2: 17556877
Core 3: 17140113
------------------------------
3. Number of load/store instructions per core
Core 0: 3270132
Core 1: 3287252
Core 2: 117698
Core 3: 3324919
------------------------------
4. Number of idle cycles per core
Core 0: 22175217
Core 1: 22166827
Core 2: 387457
Core 3: 21983899
------------------------------
5. Data cache miss rate for each core
Core 0: 0.036105
Core 1: 0.0362786
Core 2: 0.0134072
Core 3: 0.035529
------------------------------
6. Amount of Data traffic in bytes on the bus
520366976
------------------------------
7. Number of invalidations or updates on the bus
12625
------------------------------
8. Distribution of accesses to private data versus shared data
Core 0: Private acceses = 2559147 | Shared accesses = 710985
Core 1: Private acceses = 2551788 | Shared accesses = 735464
Core 2: Private acceses = 93138 | Shared accesses = 24560
Core 3: Private acceses = 2568221 | Shared accesses = 756698
================== END ==================
=========================================
