Input: Dragon_blackscholes_16384_8_32
=========================================
------------------------------
1. Overall execution cycle per core
Core 0: 4151736131904
Core 1: 3969280867320
Core 2: 5926562086230
Core 3: 4043564223080
------------------------------
2. Number of compute cycles per core
Core 0: 10430314
Core 1: 10383276
Core 2: 10430338
Core 3: 10394904
------------------------------
3. Number of load/store instructions per core
Core 0: 2497349
Core 1: 2490468
Core 2: 2509057
Core 3: 2503127
------------------------------
4. Number of idle cycles per core
Core 0: 3287953
Core 1: 3195713
Core 2: 3993575
Core 3: 3228053
------------------------------
5. Data cache miss rate for each core
Core 0: 0.00186838
Core 1: 0.00166555
Core 2: 0.00333472
Core 3: 0.00174582
------------------------------
6. Amount of Data traffic in bytes on the bus
260016416
------------------------------
7. Number of invalidations or updates on the bus
1725
------------------------------
8. Distribution of accesses to private data versus shared data
Core 0: Private acceses = 2023660 | Shared accesses = 473689
Core 1: Private acceses = 2017622 | Shared accesses = 472846
Core 2: Private acceses = 2033523 | Shared accesses = 475534
Core 3: Private acceses = 2026363 | Shared accesses = 476764
================== END ==================
=========================================
