Input: Dragon_fluidanimate_4096_8_64
=========================================
------------------------------
1. Overall execution cycle per core
Core 0: 31916875847368
Core 1: 26399396260515
Core 2: 34506064175979
Core 3: 26169224216582
------------------------------
2. Number of compute cycles per core
Core 0: 11337782
Core 1: 11290799
Core 2: 11337671
Core 3: 11301515
------------------------------
3. Number of load/store instructions per core
Core 0: 2576503
Core 1: 2407844
Core 2: 2604189
Core 3: 2411465
------------------------------
4. Number of idle cycles per core
Core 0: 18570073
Core 1: 15603203
Core 2: 19589384
Core 3: 15332355
------------------------------
5. Data cache miss rate for each core
Core 0: 0.033065
Core 1: 0.0293221
Core 2: 0.0347356
Core 3: 0.0285271
------------------------------
6. Amount of Data traffic in bytes on the bus
548270016
------------------------------
7. Number of invalidations or updates on the bus
5832
------------------------------
8. Distribution of accesses to private data versus shared data
Core 0: Private acceses = 2128900 | Shared accesses = 447603
Core 1: Private acceses = 1974005 | Shared accesses = 433839
Core 2: Private acceses = 2162691 | Shared accesses = 441498
Core 3: Private acceses = 1954239 | Shared accesses = 457226
================== END ==================
=========================================
