Input: Dragon_blackscholes_4096_8_64
=========================================
------------------------------
1. Overall execution cycle per core
Core 0: 7918567135959
Core 1: 7744594459585
Core 2: 9693564939288
Core 3: 8169401852138
------------------------------
2. Number of compute cycles per core
Core 0: 10430314
Core 1: 10383276
Core 2: 10430338
Core 3: 10394904
------------------------------
3. Number of load/store instructions per core
Core 0: 2497349
Core 1: 2490468
Core 2: 2509057
Core 3: 2503127
------------------------------
4. Number of idle cycles per core
Core 0: 6302450
Core 1: 6217589
Core 2: 7036378
Core 3: 6432909
------------------------------
5. Data cache miss rate for each core
Core 0: 0.0107694
Core 1: 0.0106972
Core 2: 0.0121428
Core 3: 0.0109946
------------------------------
6. Amount of Data traffic in bytes on the bus
526668416
------------------------------
7. Number of invalidations or updates on the bus
568
------------------------------
8. Distribution of accesses to private data versus shared data
Core 0: Private acceses = 2025960 | Shared accesses = 471389
Core 1: Private acceses = 2018811 | Shared accesses = 471657
Core 2: Private acceses = 2040192 | Shared accesses = 468865
Core 3: Private acceses = 2031845 | Shared accesses = 471282
================== END ==================
=========================================
