Input: Dragon_fluidanimate_4096_4_64
=========================================
------------------------------
1. Overall execution cycle per core
Core 0: 33077818286074
Core 1: 27111195299304
Core 2: 35755906679900
Core 3: 26917716638765
------------------------------
2. Number of compute cycles per core
Core 0: 11337782
Core 1: 11290799
Core 2: 11337671
Core 3: 11301515
------------------------------
3. Number of load/store instructions per core
Core 0: 2576503
Core 1: 2407844
Core 2: 2604189
Core 3: 2411465
------------------------------
4. Number of idle cycles per core
Core 0: 19582101
Core 1: 16210180
Core 2: 20604985
Core 3: 16049912
------------------------------
5. Data cache miss rate for each core
Core 0: 0.0357651
Core 1: 0.0310747
Core 2: 0.0374078
Core 3: 0.0306183
------------------------------
6. Amount of Data traffic in bytes on the bus
549626688
------------------------------
7. Number of invalidations or updates on the bus
3209
------------------------------
8. Distribution of accesses to private data versus shared data
Core 0: Private acceses = 2132495 | Shared accesses = 444008
Core 1: Private acceses = 1976549 | Shared accesses = 431295
Core 2: Private acceses = 2159389 | Shared accesses = 444800
Core 3: Private acceses = 1958259 | Shared accesses = 453206
================== END ==================
=========================================
