Input: Dragon_fluidanimate_65536_8_4
=========================================
------------------------------
1. Overall execution cycle per core
Core 0: 134510839678869
Core 1: 119301370399228
Core 2: 133479659044690
Core 3: 120971069059782
------------------------------
2. Number of compute cycles per core
Core 0: 11337782
Core 1: 11290799
Core 2: 11337671
Core 3: 11301515
------------------------------
3. Number of load/store instructions per core
Core 0: 2576503
Core 1: 2407844
Core 2: 2604189
Core 3: 2411465
------------------------------
4. Number of idle cycles per core
Core 0: 67050282
Core 1: 63993052
Core 2: 66193554
Core 3: 65152942
------------------------------
5. Data cache miss rate for each core
Core 0: 0.133229
Core 1: 0.135032
Core 2: 0.129997
Core 3: 0.137471
------------------------------
6. Amount of Data traffic in bytes on the bus
38216632
------------------------------
7. Number of invalidations or updates on the bus
53985
------------------------------
8. Distribution of accesses to private data versus shared data
Core 0: Private acceses = 2120662 | Shared accesses = 455841
Core 1: Private acceses = 1992287 | Shared accesses = 415557
Core 2: Private acceses = 2141958 | Shared accesses = 462231
Core 3: Private acceses = 1943563 | Shared accesses = 467902
================== END ==================
=========================================
