Input: Dragon_blackscholes_131072_32768_4
=========================================
------------------------------
1. Overall execution cycle per core
Core 0: 4941884141008
Core 1: 4690304081617
Core 2: 7209409546758
Core 3: 4793402780590
------------------------------
2. Number of compute cycles per core
Core 0: 10430314
Core 1: 10383276
Core 2: 10430338
Core 3: 10394904
------------------------------
3. Number of load/store instructions per core
Core 0: 2497349
Core 1: 2490468
Core 2: 2509057
Core 3: 2503127
------------------------------
4. Number of idle cycles per core
Core 0: 3322456
Core 1: 3231041
Core 2: 4240831
Core 3: 3263431
------------------------------
5. Data cache miss rate for each core
Core 0: 0.00344605
Core 1: 0.00315362
Core 2: 0.00728003
Core 3: 0.00324194
------------------------------
6. Amount of Data traffic in bytes on the bus
31629636
------------------------------
7. Number of invalidations or updates on the bus
3236
------------------------------
8. Distribution of accesses to private data versus shared data
Core 0: Private acceses = 1956540 | Shared accesses = 540809
Core 1: Private acceses = 1949828 | Shared accesses = 540640
Core 2: Private acceses = 2033371 | Shared accesses = 475686
Core 3: Private acceses = 1959306 | Shared accesses = 543821
================== END ==================
=========================================
