Input: Dragon_blackscholes_65536_4_4
=========================================
------------------------------
1. Overall execution cycle per core
Core 0: 5118976066247
Core 1: 5030431484385
Core 2: 8891175992819
Core 3: 5358946029089
------------------------------
2. Number of compute cycles per core
Core 0: 10430314
Core 1: 10383276
Core 2: 10430338
Core 3: 10394904
------------------------------
3. Number of load/store instructions per core
Core 0: 2497349
Core 1: 2490468
Core 2: 2509057
Core 3: 2503127
------------------------------
4. Number of idle cycles per core
Core 0: 3481273
Core 1: 3604274
Core 2: 5070332
Core 3: 3788313
------------------------------
5. Data cache miss rate for each core
Core 0: 0.0037692
Core 1: 0.00399122
Core 2: 0.00765626
Core 3: 0.00409288
------------------------------
6. Amount of Data traffic in bytes on the bus
32050616
------------------------------
7. Number of invalidations or updates on the bus
51712
------------------------------
8. Distribution of accesses to private data versus shared data
Core 0: Private acceses = 1956260 | Shared accesses = 541089
Core 1: Private acceses = 1949325 | Shared accesses = 541143
Core 2: Private acceses = 2033286 | Shared accesses = 475771
Core 3: Private acceses = 1899240 | Shared accesses = 603887
================== END ==================
=========================================
