Input: Dragon_fluidanimate_131072_1_128
=========================================
------------------------------
1. Overall execution cycle per core
Core 0: 16866530089636
Core 1: 14300127577647
Core 2: 18527512070750
Core 3: 17014628197128
------------------------------
2. Number of compute cycles per core
Core 0: 11337782
Core 1: 11290799
Core 2: 11337671
Core 3: 11301515
------------------------------
3. Number of load/store instructions per core
Core 0: 2576503
Core 1: 2407844
Core 2: 2604189
Core 3: 2411465
------------------------------
4. Number of idle cycles per core
Core 0: 10083468
Core 1: 8743625
Core 2: 10617859
Core 3: 9927518
------------------------------
5. Data cache miss rate for each core
Core 0: 0.0149427
Core 1: 0.0137646
Core 2: 0.0139345
Core 3: 0.0127097
------------------------------
6. Amount of Data traffic in bytes on the bus
1058072960
------------------------------
7. Number of invalidations or updates on the bus
67683
------------------------------
8. Distribution of accesses to private data versus shared data
Core 0: Private acceses = 2072813 | Shared accesses = 503690
Core 1: Private acceses = 1932374 | Shared accesses = 475470
Core 2: Private acceses = 2076229 | Shared accesses = 527960
Core 3: Private acceses = 1852153 | Shared accesses = 559312
================== END ==================
=========================================
