Input: Dragon_blackscholes_16384_4_32
=========================================
------------------------------
1. Overall execution cycle per core
Core 0: 7811018845312
Core 1: 7666826363226
Core 2: 9609493255493
Core 3: 7769881367043
------------------------------
2. Number of compute cycles per core
Core 0: 10430314
Core 1: 10383276
Core 2: 10430338
Core 3: 10394904
------------------------------
3. Number of load/store instructions per core
Core 0: 2497349
Core 1: 2490468
Core 2: 2509057
Core 3: 2503127
------------------------------
4. Number of idle cycles per core
Core 0: 6232208
Core 1: 6165092
Core 2: 6947095
Core 3: 6204823
------------------------------
5. Data cache miss rate for each core
Core 0: 0.00807777
Core 1: 0.00791377
Core 2: 0.00953864
Core 3: 0.0079912
------------------------------
6. Amount of Data traffic in bytes on the bus
262132960
------------------------------
7. Number of invalidations or updates on the bus
1985
------------------------------
8. Distribution of accesses to private data versus shared data
Core 0: Private acceses = 2023289 | Shared accesses = 474060
Core 1: Private acceses = 2021760 | Shared accesses = 468708
Core 2: Private acceses = 2032887 | Shared accesses = 476170
Core 3: Private acceses = 2026437 | Shared accesses = 476690
================== END ==================
=========================================
