Input: Dragon_blackscholes_131072_1_4
=========================================
------------------------------
1. Overall execution cycle per core
Core 0: 5008173697286
Core 1: 4779466941358
Core 2: 8321997293557
Core 3: 4915316246952
------------------------------
2. Number of compute cycles per core
Core 0: 10430314
Core 1: 10383276
Core 2: 10430338
Core 3: 10394904
------------------------------
3. Number of load/store instructions per core
Core 0: 2497349
Core 1: 2490468
Core 2: 2509057
Core 3: 2503127
------------------------------
4. Number of idle cycles per core
Core 0: 3376915
Core 1: 3301436
Core 2: 4761799
Core 3: 3357885
------------------------------
5. Data cache miss rate for each core
Core 0: 0.0035794
Core 1: 0.00333712
Core 2: 0.00758731
Core 3: 0.00347246
------------------------------
6. Amount of Data traffic in bytes on the bus
31894828
------------------------------
7. Number of invalidations or updates on the bus
3018
------------------------------
8. Distribution of accesses to private data versus shared data
Core 0: Private acceses = 1956783 | Shared accesses = 540566
Core 1: Private acceses = 1951184 | Shared accesses = 539284
Core 2: Private acceses = 2032953 | Shared accesses = 476104
Core 3: Private acceses = 2018190 | Shared accesses = 484937
================== END ==================
=========================================
