Input: Dragon_blackscholes_131072_2_4
=========================================
------------------------------
1. Overall execution cycle per core
Core 0: 4960220883291
Core 1: 4729264563500
Core 2: 7926209350118
Core 3: 4861289994164
------------------------------
2. Number of compute cycles per core
Core 0: 10430314
Core 1: 10383276
Core 2: 10430338
Core 3: 10394904
------------------------------
3. Number of load/store instructions per core
Core 0: 2497349
Core 1: 2490468
Core 2: 2509057
Core 3: 2503127
------------------------------
4. Number of idle cycles per core
Core 0: 3336627
Core 1: 3271822
Core 2: 4567327
Core 3: 3307696
------------------------------
5. Data cache miss rate for each core
Core 0: 0.00347088
Core 1: 0.00327408
Core 2: 0.00736771
Core 3: 0.00331985
------------------------------
6. Amount of Data traffic in bytes on the bus
31645096
------------------------------
7. Number of invalidations or updates on the bus
3177
------------------------------
8. Distribution of accesses to private data versus shared data
Core 0: Private acceses = 1957175 | Shared accesses = 540174
Core 1: Private acceses = 1949278 | Shared accesses = 541190
Core 2: Private acceses = 2032939 | Shared accesses = 476118
Core 3: Private acceses = 1959586 | Shared accesses = 543541
================== END ==================
=========================================
