Input: Dragon_bodytrack_16384_4_32
=========================================
------------------------------
1. Overall execution cycle per core
Core 0: 33088445669127
Core 1: 35563861471769
Core 2: 25386301801
Core 3: 34677802467634
------------------------------
2. Number of compute cycles per core
Core 0: 17729254
Core 1: 17120545
Core 2: 17556877
Core 3: 17140113
------------------------------
3. Number of load/store instructions per core
Core 0: 3270132
Core 1: 3287252
Core 2: 117698
Core 3: 3324919
------------------------------
4. Number of idle cycles per core
Core 0: 23299600
Core 1: 24081740
Core 2: 562700
Core 3: 23579221
------------------------------
5. Data cache miss rate for each core
Core 0: 0.0428273
Core 1: 0.0434424
Core 2: 0.024342
Core 3: 0.0425418
------------------------------
6. Amount of Data traffic in bytes on the bus
258882240
------------------------------
7. Number of invalidations or updates on the bus
9655
------------------------------
8. Distribution of accesses to private data versus shared data
Core 0: Private acceses = 2483554 | Shared accesses = 786578
Core 1: Private acceses = 2547421 | Shared accesses = 739831
Core 2: Private acceses = 92632 | Shared accesses = 25066
Core 3: Private acceses = 2569949 | Shared accesses = 754970
================== END ==================
=========================================
