Input: Dragon_fluidanimate_131072_4096_32
=========================================
------------------------------
1. Overall execution cycle per core
Core 0: 29512791907524
Core 1: 26247153811719
Core 2: 29981319209572
Core 3: 26737100898961
------------------------------
2. Number of compute cycles per core
Core 0: 11337782
Core 1: 11290799
Core 2: 11337671
Core 3: 11301515
------------------------------
3. Number of load/store instructions per core
Core 0: 2576503
Core 1: 2407844
Core 2: 2604189
Core 3: 2411465
------------------------------
4. Number of idle cycles per core
Core 0: 15605143
Core 1: 14877896
Core 2: 15679080
Core 3: 15157670
------------------------------
5. Data cache miss rate for each core
Core 0: 0.0270165
Core 1: 0.0270292
Core 2: 0.0264336
Core 3: 0.0274854
------------------------------
6. Amount of Data traffic in bytes on the bus
269821344
------------------------------
7. Number of invalidations or updates on the bus
77028
------------------------------
8. Distribution of accesses to private data versus shared data
Core 0: Private acceses = 2075865 | Shared accesses = 500638
Core 1: Private acceses = 1920440 | Shared accesses = 487404
Core 2: Private acceses = 2098003 | Shared accesses = 506186
Core 3: Private acceses = 1882595 | Shared accesses = 528870
================== END ==================
=========================================
