Input: Dragon_bodytrack_4096_1_64
=========================================
------------------------------
1. Overall execution cycle per core
Core 0: 69411385396139
Core 1: 70191643925782
Core 2: 83950489231
Core 3: 72699808076423
------------------------------
2. Number of compute cycles per core
Core 0: 17729254
Core 1: 17120545
Core 2: 17556877
Core 3: 17140113
------------------------------
3. Number of load/store instructions per core
Core 0: 3270132
Core 1: 3287252
Core 2: 117698
Core 3: 3324919
------------------------------
4. Number of idle cycles per core
Core 0: 42071168
Core 1: 41675083
Core 2: 1613880
Core 3: 43117826
------------------------------
5. Data cache miss rate for each core
Core 0: 0.0687278
Core 1: 0.0692305
Core 2: 0.0845214
Core 3: 0.0698032
------------------------------
6. Amount of Data traffic in bytes on the bus
600676416
------------------------------
7. Number of invalidations or updates on the bus
4326
------------------------------
8. Distribution of accesses to private data versus shared data
Core 0: Private acceses = 2870365 | Shared accesses = 399767
Core 1: Private acceses = 2815467 | Shared accesses = 471785
Core 2: Private acceses = 94854 | Shared accesses = 22844
Core 3: Private acceses = 2916320 | Shared accesses = 408599
================== END ==================
=========================================
