Input: Dragon_blackscholes_4096_64_64
=========================================
------------------------------
1. Overall execution cycle per core
Core 0: 3872558125911
Core 1: 3692167258292
Core 2: 5559673805438
Core 3: 3998379491971
------------------------------
2. Number of compute cycles per core
Core 0: 10430314
Core 1: 10383276
Core 2: 10430338
Core 3: 10394904
------------------------------
3. Number of load/store instructions per core
Core 0: 2497349
Core 1: 2490468
Core 2: 2509057
Core 3: 2503127
------------------------------
4. Number of idle cycles per core
Core 0: 3033447
Core 1: 2948007
Core 2: 3703238
Core 3: 3080668
------------------------------
5. Data cache miss rate for each core
Core 0: 0.00121809
Core 1: 0.00104759
Core 2: 0.00259261
Core 3: 0.00132754
------------------------------
6. Amount of Data traffic in bytes on the bus
520183552
------------------------------
7. Number of invalidations or updates on the bus
253
------------------------------
8. Distribution of accesses to private data versus shared data
Core 0: Private acceses = 2025183 | Shared accesses = 472166
Core 1: Private acceses = 2018669 | Shared accesses = 471799
Core 2: Private acceses = 2037093 | Shared accesses = 471964
Core 3: Private acceses = 2031038 | Shared accesses = 472089
================== END ==================
=========================================
