Input: Dragon_bodytrack_65536_4_32
=========================================
------------------------------
1. Overall execution cycle per core
Core 0: 15849558687092
Core 1: 16510367202663
Core 2: 17666610411
Core 3: 16611322076536
------------------------------
2. Number of compute cycles per core
Core 0: 17729254
Core 1: 17120545
Core 2: 17556877
Core 3: 17140113
------------------------------
3. Number of load/store instructions per core
Core 0: 3270132
Core 1: 3287252
Core 2: 117698
Core 3: 3324919
------------------------------
4. Number of idle cycles per core
Core 0: 9825684
Core 1: 10081269
Core 2: 356160
Core 3: 10042143
------------------------------
5. Data cache miss rate for each core
Core 0: 0.0243568
Core 1: 0.0245713
Core 2: 0.0201788
Core 3: 0.0242866
------------------------------
6. Amount of Data traffic in bytes on the bus
219548576
------------------------------
7. Number of invalidations or updates on the bus
17427
------------------------------
8. Distribution of accesses to private data versus shared data
Core 0: Private acceses = 2151525 | Shared accesses = 1118607
Core 1: Private acceses = 2168197 | Shared accesses = 1119055
Core 2: Private acceses = 89732 | Shared accesses = 27966
Core 3: Private acceses = 2202911 | Shared accesses = 1122008
================== END ==================
=========================================
