Input: Dragon_bodytrack_65536_8_32
=========================================
------------------------------
1. Overall execution cycle per core
Core 0: 15130799742281
Core 1: 15262921517072
Core 2: 17734682997
Core 3: 15937091867843
------------------------------
2. Number of compute cycles per core
Core 0: 17729254
Core 1: 17120545
Core 2: 17556877
Core 3: 17140113
------------------------------
3. Number of load/store instructions per core
Core 0: 3270132
Core 1: 3287252
Core 2: 117698
Core 3: 3324919
------------------------------
4. Number of idle cycles per core
Core 0: 9291592
Core 1: 9232788
Core 2: 349917
Core 3: 9478589
------------------------------
5. Data cache miss rate for each core
Core 0: 0.0228749
Core 1: 0.0225574
Core 2: 0.0201193
Core 3: 0.0226153
------------------------------
6. Amount of Data traffic in bytes on the bus
218782592
------------------------------
7. Number of invalidations or updates on the bus
20058
------------------------------
8. Distribution of accesses to private data versus shared data
Core 0: Private acceses = 2143127 | Shared accesses = 1127005
Core 1: Private acceses = 2161675 | Shared accesses = 1125577
Core 2: Private acceses = 89559 | Shared accesses = 28139
Core 3: Private acceses = 2205736 | Shared accesses = 1119183
================== END ==================
=========================================
