Input: Dragon_bodytrack_4096_8_64
=========================================
------------------------------
1. Overall execution cycle per core
Core 0: 49693786372700
Core 1: 50536751911644
Core 2: 53424412900
Core 3: 51554476256492
------------------------------
2. Number of compute cycles per core
Core 0: 17729254
Core 1: 17120545
Core 2: 17556877
Core 3: 17140113
------------------------------
3. Number of load/store instructions per core
Core 0: 3270132
Core 1: 3287252
Core 2: 117698
Core 3: 3324919
------------------------------
4. Number of idle cycles per core
Core 0: 32432136
Core 1: 32448493
Core 2: 1022547
Core 3: 32861191
------------------------------
5. Data cache miss rate for each core
Core 0: 0.0496402
Core 1: 0.0497802
Core 2: 0.0499754
Core 3: 0.0498932
------------------------------
6. Amount of Data traffic in bytes on the bus
568267776
------------------------------
7. Number of invalidations or updates on the bus
1868
------------------------------
8. Distribution of accesses to private data versus shared data
Core 0: Private acceses = 2783310 | Shared accesses = 486822
Core 1: Private acceses = 2754227 | Shared accesses = 533025
Core 2: Private acceses = 95569 | Shared accesses = 22129
Core 3: Private acceses = 2761461 | Shared accesses = 563458
================== END ==================
=========================================
