Input: Dragon_blackscholes_1024_256_4
=========================================
------------------------------
1. Overall execution cycle per core
Core 0: 10737255128266
Core 1: 9979503946057
Core 2: 17866159622081
Core 3: 10485171194589
------------------------------
2. Number of compute cycles per core
Core 0: 10430314
Core 1: 10383276
Core 2: 10430338
Core 3: 10394904
------------------------------
3. Number of load/store instructions per core
Core 0: 2497349
Core 1: 2490468
Core 2: 2509057
Core 3: 2503127
------------------------------
4. Number of idle cycles per core
Core 0: 8291233
Core 1: 7984289
Core 2: 11135549
Core 3: 8177077
------------------------------
5. Data cache miss rate for each core
Core 0: 0.0120155
Core 1: 0.0113336
Core 2: 0.0177477
Core 3: 0.0118156
------------------------------
6. Amount of Data traffic in bytes on the bus
32361324
------------------------------
7. Number of invalidations or updates on the bus
326
------------------------------
8. Distribution of accesses to private data versus shared data
Core 0: Private acceses = 1963616 | Shared accesses = 533733
Core 1: Private acceses = 1976763 | Shared accesses = 513705
Core 2: Private acceses = 2037761 | Shared accesses = 471296
Core 3: Private acceses = 1980571 | Shared accesses = 522556
================== END ==================
=========================================
