Input: Dragon_bodytrack_65536_512_128
=========================================
------------------------------
1. Overall execution cycle per core
Core 0: 21029401808399
Core 1: 21219495653288
Core 2: 13595954851
Core 3: 22286542104774
------------------------------
2. Number of compute cycles per core
Core 0: 17729254
Core 1: 17120545
Core 2: 17556877
Core 3: 17140113
------------------------------
3. Number of load/store instructions per core
Core 0: 3270132
Core 1: 3287252
Core 2: 117698
Core 3: 3324919
------------------------------
4. Number of idle cycles per core
Core 0: 14481117
Core 1: 14803670
Core 2: 309835
Core 3: 15169770
------------------------------
5. Data cache miss rate for each core
Core 0: 0.0274662
Core 1: 0.0270868
Core 2: 0.00678006
Core 3: 0.0270184
------------------------------
6. Amount of Data traffic in bytes on the bus
919114240
------------------------------
7. Number of invalidations or updates on the bus
28473
------------------------------
8. Distribution of accesses to private data versus shared data
Core 0: Private acceses = 2230449 | Shared accesses = 1039683
Core 1: Private acceses = 2243364 | Shared accesses = 1043888
Core 2: Private acceses = 87336 | Shared accesses = 30362
Core 3: Private acceses = 2300370 | Shared accesses = 1024549
================== END ==================
=========================================
