Input: Dragon_blackscholes_16384_4096_4
=========================================
------------------------------
1. Overall execution cycle per core
Core 0: 9459134753048
Core 1: 8889676556128
Core 2: 13980937942041
Core 3: 9139815835013
------------------------------
2. Number of compute cycles per core
Core 0: 10430314
Core 1: 10383276
Core 2: 10430338
Core 3: 10394904
------------------------------
3. Number of load/store instructions per core
Core 0: 2497349
Core 1: 2490468
Core 2: 2509057
Core 3: 2503127
------------------------------
4. Number of idle cycles per core
Core 0: 7717412
Core 1: 7462808
Core 2: 9534872
Core 3: 7573644
------------------------------
5. Data cache miss rate for each core
Core 0: 0.0115611
Core 1: 0.0110959
Core 2: 0.0152113
Core 3: 0.0112515
------------------------------
6. Amount of Data traffic in bytes on the bus
32049888
------------------------------
7. Number of invalidations or updates on the bus
1981
------------------------------
8. Distribution of accesses to private data versus shared data
Core 0: Private acceses = 1957594 | Shared accesses = 539755
Core 1: Private acceses = 1950978 | Shared accesses = 539490
Core 2: Private acceses = 2033417 | Shared accesses = 475640
Core 3: Private acceses = 1958794 | Shared accesses = 544333
================== END ==================
=========================================
