Input: Dragon_bodytrack_1024_2_64
=========================================
------------------------------
1. Overall execution cycle per core
Core 0: 117409630102917
Core 1: 118702524968119
Core 2: 174786396026
Core 3: 123210214292669
------------------------------
2. Number of compute cycles per core
Core 0: 17729254
Core 1: 17120545
Core 2: 17556877
Core 3: 17140113
------------------------------
3. Number of load/store instructions per core
Core 0: 3270132
Core 1: 3287252
Core 2: 117698
Core 3: 3324919
------------------------------
4. Number of idle cycles per core
Core 0: 66672821
Core 1: 67184386
Core 2: 2802948
Core 3: 69109469
------------------------------
5. Data cache miss rate for each core
Core 0: 0.110485
Core 1: 0.111695
Core 2: 0.138677
Core 3: 0.113484
------------------------------
6. Amount of Data traffic in bytes on the bus
641594496
------------------------------
7. Number of invalidations or updates on the bus
278
------------------------------
8. Distribution of accesses to private data versus shared data
Core 0: Private acceses = 2932881 | Shared accesses = 337251
Core 1: Private acceses = 2933357 | Shared accesses = 353895
Core 2: Private acceses = 100435 | Shared accesses = 17263
Core 3: Private acceses = 2953473 | Shared accesses = 371446
================== END ==================
=========================================
