Input: Dragon_blackscholes_16384_4_64
=========================================
------------------------------
1. Overall execution cycle per core
Core 0: 7799775755054
Core 1: 7692431791857
Core 2: 9032081373488
Core 3: 7833376481559
------------------------------
2. Number of compute cycles per core
Core 0: 10430314
Core 1: 10383276
Core 2: 10430338
Core 3: 10394904
------------------------------
3. Number of load/store instructions per core
Core 0: 2497349
Core 1: 2490468
Core 2: 2509057
Core 3: 2503127
------------------------------
4. Number of idle cycles per core
Core 0: 6231668
Core 1: 6180219
Core 2: 6720198
Core 3: 6236481
------------------------------
5. Data cache miss rate for each core
Core 0: 0.0081094
Core 1: 0.00800974
Core 2: 0.00907393
Core 3: 0.00810586
------------------------------
6. Amount of Data traffic in bytes on the bus
524119040
------------------------------
7. Number of invalidations or updates on the bus
1845
------------------------------
8. Distribution of accesses to private data versus shared data
Core 0: Private acceses = 2023133 | Shared accesses = 474216
Core 1: Private acceses = 2018914 | Shared accesses = 471554
Core 2: Private acceses = 2032787 | Shared accesses = 476270
Core 3: Private acceses = 2026799 | Shared accesses = 476328
================== END ==================
=========================================
