Input: Dragon_bodytrack_1024_16_64
=========================================
------------------------------
1. Overall execution cycle per core
Core 0: 106875015307943
Core 1: 107402780867039
Core 2: 159865803069
Core 3: 111597430673709
------------------------------
2. Number of compute cycles per core
Core 0: 17729254
Core 1: 17120545
Core 2: 17556877
Core 3: 17140113
------------------------------
3. Number of load/store instructions per core
Core 0: 3270132
Core 1: 3287252
Core 2: 117698
Core 3: 3324919
------------------------------
4. Number of idle cycles per core
Core 0: 60785897
Core 1: 60436806
Core 2: 2574652
Core 3: 62044473
------------------------------
5. Data cache miss rate for each core
Core 0: 0.101147
Core 1: 0.100975
Core 2: 0.126468
Core 3: 0.102098
------------------------------
6. Amount of Data traffic in bytes on the bus
624263104
------------------------------
7. Number of invalidations or updates on the bus
443
------------------------------
8. Distribution of accesses to private data versus shared data
Core 0: Private acceses = 2841057 | Shared accesses = 429075
Core 1: Private acceses = 2877407 | Shared accesses = 409845
Core 2: Private acceses = 100627 | Shared accesses = 17071
Core 3: Private acceses = 2922320 | Shared accesses = 402599
================== END ==================
=========================================
