Input: Dragon_fluidanimate_1024_8_128
=========================================
------------------------------
1. Overall execution cycle per core
Core 0: 99688604753394
Core 1: 73373918471438
Core 2: 102891897010870
Core 3: 72477667958184
------------------------------
2. Number of compute cycles per core
Core 0: 11337782
Core 1: 11290799
Core 2: 11337671
Core 3: 11301515
------------------------------
3. Number of load/store instructions per core
Core 0: 2576503
Core 1: 2407844
Core 2: 2604189
Core 3: 2411465
------------------------------
4. Number of idle cycles per core
Core 0: 72813933
Core 1: 51264426
Core 2: 74252110
Core 3: 50686825
------------------------------
5. Data cache miss rate for each core
Core 0: 0.153205
Core 1: 0.114562
Core 2: 0.154049
Core 3: 0.113043
------------------------------
6. Amount of Data traffic in bytes on the bus
1259936128
------------------------------
7. Number of invalidations or updates on the bus
1098
------------------------------
8. Distribution of accesses to private data versus shared data
Core 0: Private acceses = 2204294 | Shared accesses = 372209
Core 1: Private acceses = 2025778 | Shared accesses = 382066
Core 2: Private acceses = 2236823 | Shared accesses = 367366
Core 3: Private acceses = 2018891 | Shared accesses = 392574
================== END ==================
=========================================
