Input: Dragon_blackscholes_16384_4_128
=========================================
------------------------------
1. Overall execution cycle per core
Core 0: 8028912617034
Core 1: 7921641172297
Core 2: 9141649978336
Core 3: 8117881716055
------------------------------
2. Number of compute cycles per core
Core 0: 10430314
Core 1: 10383276
Core 2: 10430338
Core 3: 10394904
------------------------------
3. Number of load/store instructions per core
Core 0: 2497349
Core 1: 2490468
Core 2: 2509057
Core 3: 2503127
------------------------------
4. Number of idle cycles per core
Core 0: 6424575
Core 1: 6369913
Core 2: 6872539
Core 3: 6450041
------------------------------
5. Data cache miss rate for each core
Core 0: 0.0085863
Core 1: 0.00851125
Core 2: 0.00935252
Core 3: 0.00862042
------------------------------
6. Amount of Data traffic in bytes on the bus
1048720512
------------------------------
7. Number of invalidations or updates on the bus
1620
------------------------------
8. Distribution of accesses to private data versus shared data
Core 0: Private acceses = 2023018 | Shared accesses = 474331
Core 1: Private acceses = 2016884 | Shared accesses = 473584
Core 2: Private acceses = 2035270 | Shared accesses = 473787
Core 3: Private acceses = 2027040 | Shared accesses = 476087
================== END ==================
=========================================
