Input: Dragon_bodytrack_1024_4_4
=========================================
------------------------------
1. Overall execution cycle per core
Core 0: 147904846692623
Core 1: 154643327159824
Core 2: 250509397390
Core 3: 154443446711479
------------------------------
2. Number of compute cycles per core
Core 0: 17729254
Core 1: 17120545
Core 2: 17556877
Core 3: 17140113
------------------------------
3. Number of load/store instructions per core
Core 0: 3270132
Core 1: 3287252
Core 2: 117698
Core 3: 3324919
------------------------------
4. Number of idle cycles per core
Core 0: 93826262
Core 1: 95880243
Core 2: 4832308
Core 3: 96033959
------------------------------
5. Data cache miss rate for each core
Core 0: 0.148187
Core 1: 0.150075
Core 2: 0.208389
Core 3: 0.148816
------------------------------
6. Amount of Data traffic in bytes on the bus
41338148
------------------------------
7. Number of invalidations or updates on the bus
720
------------------------------
8. Distribution of accesses to private data versus shared data
Core 0: Private acceses = 2871717 | Shared accesses = 398415
Core 1: Private acceses = 2932115 | Shared accesses = 355137
Core 2: Private acceses = 96893 | Shared accesses = 20805
Core 3: Private acceses = 2960189 | Shared accesses = 364730
================== END ==================
=========================================
