Input: Dragon_bodytrack_131072_8_32
=========================================
------------------------------
1. Overall execution cycle per core
Core 0: 10027368900600
Core 1: 10723339681995
Core 2: 17332462657
Core 3: 10466121599856
------------------------------
2. Number of compute cycles per core
Core 0: 17729254
Core 1: 17120545
Core 2: 17556877
Core 3: 17140113
------------------------------
3. Number of load/store instructions per core
Core 0: 3270132
Core 1: 3287252
Core 2: 117698
Core 3: 3324919
------------------------------
4. Number of idle cycles per core
Core 0: 5299924
Core 1: 5544953
Core 2: 325343
Core 3: 5416867
------------------------------
5. Data cache miss rate for each core
Core 0: 0.0071572
Core 1: 0.00716738
Core 2: 0.0198644
Core 3: 0.00729251
------------------------------
6. Amount of Data traffic in bytes on the bus
212855616
------------------------------
7. Number of invalidations or updates on the bus
22578
------------------------------
8. Distribution of accesses to private data versus shared data
Core 0: Private acceses = 2119086 | Shared accesses = 1151046
Core 1: Private acceses = 2171719 | Shared accesses = 1115533
Core 2: Private acceses = 89563 | Shared accesses = 28135
Core 3: Private acceses = 2159377 | Shared accesses = 1165542
================== END ==================
=========================================
