Input: Dragon_bodytrack_16384_2_32
=========================================
------------------------------
1. Overall execution cycle per core
Core 0: 34117095703591
Core 1: 35750265424683
Core 2: 26028264461
Core 3: 34997357922715
------------------------------
2. Number of compute cycles per core
Core 0: 17729254
Core 1: 17120545
Core 2: 17556877
Core 3: 17140113
------------------------------
3. Number of load/store instructions per core
Core 0: 3270132
Core 1: 3287252
Core 2: 117698
Core 3: 3324919
------------------------------
4. Number of idle cycles per core
Core 0: 23671374
Core 1: 24281047
Core 2: 585920
Core 3: 23926103
------------------------------
5. Data cache miss rate for each core
Core 0: 0.0434542
Core 1: 0.0440027
Core 2: 0.0257778
Core 3: 0.0430323
------------------------------
6. Amount of Data traffic in bytes on the bus
265968416
------------------------------
7. Number of invalidations or updates on the bus
9987
------------------------------
8. Distribution of accesses to private data versus shared data
Core 0: Private acceses = 2569237 | Shared accesses = 700895
Core 1: Private acceses = 2616460 | Shared accesses = 670792
Core 2: Private acceses = 91910 | Shared accesses = 25788
Core 3: Private acceses = 2629798 | Shared accesses = 695121
================== END ==================
=========================================
