Input: Dragon_fluidanimate_1024_4_128
=========================================
------------------------------
1. Overall execution cycle per core
Core 0: 98861346510008
Core 1: 71604961875843
Core 2: 100227585057428
Core 3: 70900989166385
------------------------------
2. Number of compute cycles per core
Core 0: 11337782
Core 1: 11290799
Core 2: 11337671
Core 3: 11301515
------------------------------
3. Number of load/store instructions per core
Core 0: 2576503
Core 1: 2407844
Core 2: 2604189
Core 3: 2411465
------------------------------
4. Number of idle cycles per core
Core 0: 72940999
Core 1: 50642674
Core 2: 72946410
Core 3: 50164094
------------------------------
5. Data cache miss rate for each core
Core 0: 0.152731
Core 1: 0.112792
Core 2: 0.1499
Core 3: 0.111537
------------------------------
6. Amount of Data traffic in bytes on the bus
1257750528
------------------------------
7. Number of invalidations or updates on the bus
953
------------------------------
8. Distribution of accesses to private data versus shared data
Core 0: Private acceses = 2209936 | Shared accesses = 366567
Core 1: Private acceses = 2029517 | Shared accesses = 378327
Core 2: Private acceses = 2235730 | Shared accesses = 368459
Core 3: Private acceses = 2020947 | Shared accesses = 390518
================== END ==================
=========================================
