Input: Dragon_blackscholes_65536_1_32
=========================================
------------------------------
1. Overall execution cycle per core
Core 0: 5261357598062
Core 1: 4521833967282
Core 2: 6960286925917
Core 3: 4049746095250
------------------------------
2. Number of compute cycles per core
Core 0: 10430314
Core 1: 10383276
Core 2: 10430338
Core 3: 10394904
------------------------------
3. Number of load/store instructions per core
Core 0: 2497349
Core 1: 2490468
Core 2: 2509057
Core 3: 2503127
------------------------------
4. Number of idle cycles per core
Core 0: 4118451
Core 1: 3627839
Core 2: 4977864
Core 3: 3169980
------------------------------
5. Data cache miss rate for each core
Core 0: 0.00144113
Core 1: 0.00263806
Core 2: 0.00554352
Core 3: 0.00174582
------------------------------
6. Amount of Data traffic in bytes on the bus
262555712
------------------------------
7. Number of invalidations or updates on the bus
77471
------------------------------
8. Distribution of accesses to private data versus shared data
Core 0: Private acceses = 1871305 | Shared accesses = 626044
Core 1: Private acceses = 2016113 | Shared accesses = 474355
Core 2: Private acceses = 2032825 | Shared accesses = 476232
Core 3: Private acceses = 2023983 | Shared accesses = 479144
================== END ==================
=========================================
