Input: Dragon_fluidanimate_131072_1024_128
=========================================
------------------------------
1. Overall execution cycle per core
Core 0: 12577241240795
Core 1: 13438447183219
Core 2: 16849806990699
Core 3: 13896330977204
------------------------------
2. Number of compute cycles per core
Core 0: 11337782
Core 1: 11290799
Core 2: 11337671
Core 3: 11301515
------------------------------
3. Number of load/store instructions per core
Core 0: 2576503
Core 1: 2407844
Core 2: 2604189
Core 3: 2411465
------------------------------
4. Number of idle cycles per core
Core 0: 7205089
Core 1: 8011556
Core 2: 9008785
Core 3: 8039059
------------------------------
5. Data cache miss rate for each core
Core 0: 0.00867106
Core 1: 0.00879334
Core 2: 0.00864261
Core 3: 0.0088892
------------------------------
6. Amount of Data traffic in bytes on the bus
1060973056
------------------------------
7. Number of invalidations or updates on the bus
100482
------------------------------
8. Distribution of accesses to private data versus shared data
Core 0: Private acceses = 2066891 | Shared accesses = 509612
Core 1: Private acceses = 1889149 | Shared accesses = 518695
Core 2: Private acceses = 2058844 | Shared accesses = 545345
Core 3: Private acceses = 1850977 | Shared accesses = 560488
================== END ==================
=========================================
