Input: Dragon_bodytrack_4096_2_128
=========================================
------------------------------
1. Overall execution cycle per core
Core 0: 60459134768816
Core 1: 59127813068443
Core 2: 92949272495
Core 3: 61925837643348
------------------------------
2. Number of compute cycles per core
Core 0: 17729254
Core 1: 17120545
Core 2: 17556877
Core 3: 17140113
------------------------------
3. Number of load/store instructions per core
Core 0: 3270132
Core 1: 3287252
Core 2: 117698
Core 3: 3324919
------------------------------
4. Number of idle cycles per core
Core 0: 37393218
Core 1: 35970063
Core 2: 1547411
Core 3: 37057592
------------------------------
5. Data cache miss rate for each core
Core 0: 0.0593624
Core 1: 0.0573193
Core 2: 0.0796105
Core 3: 0.0586905
------------------------------
6. Amount of Data traffic in bytes on the bus
1123753728
------------------------------
7. Number of invalidations or updates on the bus
4002
------------------------------
8. Distribution of accesses to private data versus shared data
Core 0: Private acceses = 2693213 | Shared accesses = 576919
Core 1: Private acceses = 2679074 | Shared accesses = 608178
Core 2: Private acceses = 94337 | Shared accesses = 23361
Core 3: Private acceses = 2723844 | Shared accesses = 601075
================== END ==================
=========================================
