Input: Dragon_bodytrack_4096_2_4
=========================================
------------------------------
1. Overall execution cycle per core
Core 0: 98941946689882
Core 1: 103038925938466
Core 2: 175431853120
Core 3: 102695340984530
------------------------------
2. Number of compute cycles per core
Core 0: 17729254
Core 1: 17120545
Core 2: 17556877
Core 3: 17140113
------------------------------
3. Number of load/store instructions per core
Core 0: 3270132
Core 1: 3287252
Core 2: 117698
Core 3: 3324919
------------------------------
4. Number of idle cycles per core
Core 0: 64674076
Core 1: 65008679
Core 2: 3546196
Core 3: 66134350
------------------------------
5. Data cache miss rate for each core
Core 0: 0.108692
Core 1: 0.107739
Core 2: 0.169264
Core 3: 0.107878
------------------------------
6. Amount of Data traffic in bytes on the bus
37089852
------------------------------
7. Number of invalidations or updates on the bus
2185
------------------------------
8. Distribution of accesses to private data versus shared data
Core 0: Private acceses = 2679631 | Shared accesses = 590501
Core 1: Private acceses = 2707840 | Shared accesses = 579412
Core 2: Private acceses = 95259 | Shared accesses = 22439
Core 3: Private acceses = 2761493 | Shared accesses = 563426
================== END ==================
=========================================
