Input: Dragon_bodytrack_4096_8_32
=========================================
------------------------------
1. Overall execution cycle per core
Core 0: 51511797032128
Core 1: 53434801007772
Core 2: 62405538452
Core 3: 53642681359788
------------------------------
2. Number of compute cycles per core
Core 0: 17729254
Core 1: 17120545
Core 2: 17556877
Core 3: 17140113
------------------------------
3. Number of load/store instructions per core
Core 0: 3270132
Core 1: 3287252
Core 2: 117698
Core 3: 3324919
------------------------------
4. Number of idle cycles per core
Core 0: 33551476
Core 1: 34148494
Core 2: 1202936
Core 3: 34288159
------------------------------
5. Data cache miss rate for each core
Core 0: 0.0525034
Core 1: 0.0531526
Core 2: 0.0607402
Core 3: 0.0526079
------------------------------
6. Amount of Data traffic in bytes on the bus
289509152
------------------------------
7. Number of invalidations or updates on the bus
1174
------------------------------
8. Distribution of accesses to private data versus shared data
Core 0: Private acceses = 2780302 | Shared accesses = 489830
Core 1: Private acceses = 2825178 | Shared accesses = 462074
Core 2: Private acceses = 94576 | Shared accesses = 23122
Core 3: Private acceses = 2842313 | Shared accesses = 482606
================== END ==================
=========================================
