Input: Dragon_bodytrack_1024_1_4
=========================================
------------------------------
1. Overall execution cycle per core
Core 0: 196162548715264
Core 1: 197113308291813
Core 2: 287928095650
Core 3: 201784686140870
------------------------------
2. Number of compute cycles per core
Core 0: 17729254
Core 1: 17120545
Core 2: 17556877
Core 3: 17140113
------------------------------
3. Number of load/store instructions per core
Core 0: 3270132
Core 1: 3287252
Core 2: 117698
Core 3: 3324919
------------------------------
4. Number of idle cycles per core
Core 0: 124110618
Core 1: 121572396
Core 2: 5456302
Core 3: 124851923
------------------------------
5. Data cache miss rate for each core
Core 0: 0.202249
Core 1: 0.197097
Core 2: 0.2515
Core 3: 0.20123
------------------------------
6. Amount of Data traffic in bytes on the bus
43678084
------------------------------
7. Number of invalidations or updates on the bus
709
------------------------------
8. Distribution of accesses to private data versus shared data
Core 0: Private acceses = 2937596 | Shared accesses = 332536
Core 1: Private acceses = 2963435 | Shared accesses = 323817
Core 2: Private acceses = 97994 | Shared accesses = 19704
Core 3: Private acceses = 2946339 | Shared accesses = 378580
================== END ==================
=========================================
