Input: Dragon_bodytrack_16384_8_64
=========================================
------------------------------
1. Overall execution cycle per core
Core 0: 31943973174707
Core 1: 31805897536940
Core 2: 17925542240
Core 3: 31990381629461
------------------------------
2. Number of compute cycles per core
Core 0: 17729254
Core 1: 17120545
Core 2: 17556877
Core 3: 17140113
------------------------------
3. Number of load/store instructions per core
Core 0: 3270132
Core 1: 3287252
Core 2: 117698
Core 3: 3324919
------------------------------
4. Number of idle cycles per core
Core 0: 22453621
Core 1: 22676873
Core 2: 388592
Core 3: 22761220
------------------------------
5. Data cache miss rate for each core
Core 0: 0.0362961
Core 1: 0.0364587
Core 2: 0.0141124
Core 3: 0.035754
------------------------------
6. Amount of Data traffic in bytes on the bus
526255680
------------------------------
7. Number of invalidations or updates on the bus
11481
------------------------------
8. Distribution of accesses to private data versus shared data
Core 0: Private acceses = 2549836 | Shared accesses = 720296
Core 1: Private acceses = 2598005 | Shared accesses = 689247
Core 2: Private acceses = 91667 | Shared accesses = 26031
Core 3: Private acceses = 2622278 | Shared accesses = 702641
================== END ==================
=========================================
