Input: Dragon_bodytrack_65536_1024_64
=========================================
------------------------------
1. Overall execution cycle per core
Core 0: 20325937460188
Core 1: 19812518538069
Core 2: 14408960382
Core 3: 19862868222924
------------------------------
2. Number of compute cycles per core
Core 0: 17729254
Core 1: 17120545
Core 2: 17556877
Core 3: 17140113
------------------------------
3. Number of load/store instructions per core
Core 0: 3270132
Core 1: 3287252
Core 2: 117698
Core 3: 3324919
------------------------------
4. Number of idle cycles per core
Core 0: 13726697
Core 1: 13424122
Core 2: 295526
Core 3: 13563914
------------------------------
5. Data cache miss rate for each core
Core 0: 0.0333164
Core 1: 0.0330401
Core 2: 0.0112831
Core 3: 0.0327858
------------------------------
6. Amount of Data traffic in bytes on the bus
456567232
------------------------------
7. Number of invalidations or updates on the bus
21829
------------------------------
8. Distribution of accesses to private data versus shared data
Core 0: Private acceses = 2246973 | Shared accesses = 1023159
Core 1: Private acceses = 2209883 | Shared accesses = 1077369
Core 2: Private acceses = 89918 | Shared accesses = 27780
Core 3: Private acceses = 2248037 | Shared accesses = 1076882
================== END ==================
=========================================
