Input: Dragon_blackscholes_1024_2_64
=========================================
------------------------------
1. Overall execution cycle per core
Core 0: 51413090309999
Core 1: 50800610290559
Core 2: 53001296788974
Core 3: 51519222880089
------------------------------
2. Number of compute cycles per core
Core 0: 10430314
Core 1: 10383276
Core 2: 10430338
Core 3: 10394904
------------------------------
3. Number of load/store instructions per core
Core 0: 2497349
Core 1: 2490468
Core 2: 2509057
Core 3: 2503127
------------------------------
4. Number of idle cycles per core
Core 0: 40846362
Core 1: 40649326
Core 2: 41515268
Core 3: 41181281
------------------------------
5. Data cache miss rate for each core
Core 0: 0.122751
Core 1: 0.122444
Core 2: 0.123426
Core 3: 0.122689
------------------------------
6. Amount of Data traffic in bytes on the bus
631142528
------------------------------
7. Number of invalidations or updates on the bus
427
------------------------------
8. Distribution of accesses to private data versus shared data
Core 0: Private acceses = 2163297 | Shared accesses = 334052
Core 1: Private acceses = 2154918 | Shared accesses = 335550
Core 2: Private acceses = 2175498 | Shared accesses = 333559
Core 3: Private acceses = 2170913 | Shared accesses = 332214
================== END ==================
=========================================
