Input: Dragon_fluidanimate_131072_8_64
=========================================
------------------------------
1. Overall execution cycle per core
Core 0: 17242830828889
Core 1: 15256567184524
Core 2: 19723799924621
Core 3: 17086430400870
------------------------------
2. Number of compute cycles per core
Core 0: 11337782
Core 1: 11290799
Core 2: 11337671
Core 3: 11301515
------------------------------
3. Number of load/store instructions per core
Core 0: 2576503
Core 1: 2407844
Core 2: 2604189
Core 3: 2411465
------------------------------
4. Number of idle cycles per core
Core 0: 9527161
Core 1: 9026498
Core 2: 10544277
Core 3: 9864919
------------------------------
5. Data cache miss rate for each core
Core 0: 0.0147048
Core 1: 0.0148137
Core 2: 0.0145397
Core 3: 0.0149813
------------------------------
6. Amount of Data traffic in bytes on the bus
536671680
------------------------------
7. Number of invalidations or updates on the bus
77227
------------------------------
8. Distribution of accesses to private data versus shared data
Core 0: Private acceses = 2076115 | Shared accesses = 500388
Core 1: Private acceses = 1942995 | Shared accesses = 464849
Core 2: Private acceses = 2064367 | Shared accesses = 539822
Core 3: Private acceses = 1886202 | Shared accesses = 525263
================== END ==================
=========================================
