Input: Dragon_bodytrack_16384_2_128
=========================================
------------------------------
1. Overall execution cycle per core
Core 0: 31234135778138
Core 1: 31484794956490
Core 2: 20669720877
Core 3: 32636378812580
------------------------------
2. Number of compute cycles per core
Core 0: 17729254
Core 1: 17120545
Core 2: 17556877
Core 3: 17140113
------------------------------
3. Number of load/store instructions per core
Core 0: 3270132
Core 1: 3287252
Core 2: 117698
Core 3: 3324919
------------------------------
4. Number of idle cycles per core
Core 0: 21560881
Core 1: 21476217
Core 2: 436307
Core 3: 22179357
------------------------------
5. Data cache miss rate for each core
Core 0: 0.0324669
Core 1: 0.0327994
Core 2: 0.0158117
Core 3: 0.0324639
------------------------------
6. Amount of Data traffic in bytes on the bus
1061526912
------------------------------
7. Number of invalidations or updates on the bus
11447
------------------------------
8. Distribution of accesses to private data versus shared data
Core 0: Private acceses = 2576445 | Shared accesses = 693687
Core 1: Private acceses = 2563889 | Shared accesses = 723363
Core 2: Private acceses = 91183 | Shared accesses = 26515
Core 3: Private acceses = 2716424 | Shared accesses = 608495
================== END ==================
=========================================
