Input: Dragon_fluidanimate_131072_32768_4
=========================================
------------------------------
1. Overall execution cycle per core
Core 0: 129255470767166
Core 1: 114445289352972
Core 2: 128563734693485
Core 3: 116089174404899
------------------------------
2. Number of compute cycles per core
Core 0: 11337782
Core 1: 11290799
Core 2: 11337671
Core 3: 11301515
------------------------------
3. Number of load/store instructions per core
Core 0: 2576503
Core 1: 2407844
Core 2: 2604189
Core 3: 2411465
------------------------------
4. Number of idle cycles per core
Core 0: 64798929
Core 1: 61716506
Core 2: 64200778
Core 3: 62912007
------------------------------
5. Data cache miss rate for each core
Core 0: 0.1322
Core 1: 0.134318
Core 2: 0.129455
Core 3: 0.136696
------------------------------
6. Amount of Data traffic in bytes on the bus
37910568
------------------------------
7. Number of invalidations or updates on the bus
84438
------------------------------
8. Distribution of accesses to private data versus shared data
Core 0: Private acceses = 2084743 | Shared accesses = 491760
Core 1: Private acceses = 1948252 | Shared accesses = 459592
Core 2: Private acceses = 2144156 | Shared accesses = 460033
Core 3: Private acceses = 1904304 | Shared accesses = 507161
================== END ==================
=========================================
