Input: Dragon_fluidanimate_4096_2_32
=========================================
------------------------------
1. Overall execution cycle per core
Core 0: 54476613213358
Core 1: 46051872660894
Core 2: 58844950524178
Core 3: 45954887833776
------------------------------
2. Number of compute cycles per core
Core 0: 11337782
Core 1: 11290799
Core 2: 11337671
Core 3: 11301515
------------------------------
3. Number of load/store instructions per core
Core 0: 2576503
Core 1: 2407844
Core 2: 2604189
Core 3: 2411465
------------------------------
4. Number of idle cycles per core
Core 0: 30525755
Core 1: 26909765
Core 2: 32359900
Core 3: 26861147
------------------------------
5. Data cache miss rate for each core
Core 0: 0.0585251
Core 1: 0.0551444
Core 2: 0.0615013
Core 3: 0.0545581
------------------------------
6. Amount of Data traffic in bytes on the bus
283943616
------------------------------
7. Number of invalidations or updates on the bus
9431
------------------------------
8. Distribution of accesses to private data versus shared data
Core 0: Private acceses = 2139924 | Shared accesses = 436579
Core 1: Private acceses = 1987959 | Shared accesses = 419885
Core 2: Private acceses = 2180889 | Shared accesses = 423300
Core 3: Private acceses = 1973063 | Shared accesses = 438402
================== END ==================
=========================================
