Input: Dragon_blackscholes_131072_8_32
=========================================
------------------------------
1. Overall execution cycle per core
Core 0: 3415476547313
Core 1: 3396893361937
Core 2: 4170702093073
Core 3: 3417207000720
------------------------------
2. Number of compute cycles per core
Core 0: 10430314
Core 1: 10383276
Core 2: 10430338
Core 3: 10394904
------------------------------
3. Number of load/store instructions per core
Core 0: 2497349
Core 1: 2490468
Core 2: 2509057
Core 3: 2503127
------------------------------
4. Number of idle cycles per core
Core 0: 2630255
Core 1: 2642972
Core 2: 2939457
Core 3: 2641516
------------------------------
5. Data cache miss rate for each core
Core 0: 0.000588224
Core 1: 0.000492277
Core 2: 0.0016022
Core 3: 0.000539325
------------------------------
6. Amount of Data traffic in bytes on the bus
259500128
------------------------------
7. Number of invalidations or updates on the bus
5796
------------------------------
8. Distribution of accesses to private data versus shared data
Core 0: Private acceses = 2022774 | Shared accesses = 474575
Core 1: Private acceses = 2014745 | Shared accesses = 475723
Core 2: Private acceses = 2032307 | Shared accesses = 476750
Core 3: Private acceses = 2024928 | Shared accesses = 478199
================== END ==================
=========================================
