Input: Dragon_fluidanimate_16384_4_32
=========================================
------------------------------
1. Overall execution cycle per core
Core 0: 34564152058126
Core 1: 29964468219525
Core 2: 36106538106627
Core 3: 30277808427305
------------------------------
2. Number of compute cycles per core
Core 0: 11337782
Core 1: 11290799
Core 2: 11337671
Core 3: 11301515
------------------------------
3. Number of load/store instructions per core
Core 0: 2576503
Core 1: 2407844
Core 2: 2604189
Core 3: 2411465
------------------------------
4. Number of idle cycles per core
Core 0: 18330486
Core 1: 16924001
Core 2: 18818023
Core 3: 17096481
------------------------------
5. Data cache miss rate for each core
Core 0: 0.032647
Core 1: 0.0322608
Core 2: 0.0333156
Core 3: 0.0322443
------------------------------
6. Amount of Data traffic in bytes on the bus
272118400
------------------------------
7. Number of invalidations or updates on the bus
25329
------------------------------
8. Distribution of accesses to private data versus shared data
Core 0: Private acceses = 2102290 | Shared accesses = 474213
Core 1: Private acceses = 1969022 | Shared accesses = 438822
Core 2: Private acceses = 2141869 | Shared accesses = 462320
Core 3: Private acceses = 1922601 | Shared accesses = 488864
================== END ==================
=========================================
