Input: Dragon_bodytrack_1024_8_32
=========================================
------------------------------
1. Overall execution cycle per core
Core 0: 88829787504369
Core 1: 91228576437964
Core 2: 122236383313
Core 3: 93343835548765
------------------------------
2. Number of compute cycles per core
Core 0: 17729254
Core 1: 17120545
Core 2: 17556877
Core 3: 17140113
------------------------------
3. Number of load/store instructions per core
Core 0: 3270132
Core 1: 3287252
Core 2: 117698
Core 3: 3324919
------------------------------
4. Number of idle cycles per core
Core 0: 53309115
Core 1: 53786228
Core 2: 2211476
Core 3: 54568606
------------------------------
5. Data cache miss rate for each core
Core 0: 0.0851544
Core 1: 0.0862264
Core 2: 0.0940968
Core 3: 0.0864638
------------------------------
6. Amount of Data traffic in bytes on the bus
310285088
------------------------------
7. Number of invalidations or updates on the bus
305
------------------------------
8. Distribution of accesses to private data versus shared data
Core 0: Private acceses = 2906813 | Shared accesses = 363319
Core 1: Private acceses = 2902635 | Shared accesses = 384617
Core 2: Private acceses = 97089 | Shared accesses = 20609
Core 3: Private acceses = 2938347 | Shared accesses = 386572
================== END ==================
=========================================
