Input: Dragon_blackscholes_4096_8_4
=========================================
------------------------------
1. Overall execution cycle per core
Core 0: 10452437237996
Core 1: 9719122632873
Core 2: 16790973815696
Core 3: 9997460427918
------------------------------
2. Number of compute cycles per core
Core 0: 10430314
Core 1: 10383276
Core 2: 10430338
Core 3: 10394904
------------------------------
3. Number of load/store instructions per core
Core 0: 2497349
Core 1: 2490468
Core 2: 2509057
Core 3: 2503127
------------------------------
4. Number of idle cycles per core
Core 0: 8162005
Core 1: 7834441
Core 2: 10675068
Core 3: 7951859
------------------------------
5. Data cache miss rate for each core
Core 0: 0.0119999
Core 1: 0.0113412
Core 2: 0.0171503
Core 3: 0.0116095
------------------------------
6. Amount of Data traffic in bytes on the bus
32291936
------------------------------
7. Number of invalidations or updates on the bus
697
------------------------------
8. Distribution of accesses to private data versus shared data
Core 0: Private acceses = 1977447 | Shared accesses = 519902
Core 1: Private acceses = 1972736 | Shared accesses = 517732
Core 2: Private acceses = 2034539 | Shared accesses = 474518
Core 3: Private acceses = 1960561 | Shared accesses = 542566
================== END ==================
=========================================
