Input: Dragon_bodytrack_1024_8_64
=========================================
------------------------------
1. Overall execution cycle per core
Core 0: 106047431327940
Core 1: 108983527413667
Core 2: 147928993541
Core 3: 112221553872429
------------------------------
2. Number of compute cycles per core
Core 0: 17729254
Core 1: 17120545
Core 2: 17556877
Core 3: 17140113
------------------------------
3. Number of load/store instructions per core
Core 0: 3270132
Core 1: 3287252
Core 2: 117698
Core 3: 3324919
------------------------------
4. Number of idle cycles per core
Core 0: 60524855
Core 1: 61880690
Core 2: 2425852
Core 3: 62658692
------------------------------
5. Data cache miss rate for each core
Core 0: 0.100854
Core 1: 0.103197
Core 2: 0.114004
Core 3: 0.102677
------------------------------
6. Amount of Data traffic in bytes on the bus
628934912
------------------------------
7. Number of invalidations or updates on the bus
514
------------------------------
8. Distribution of accesses to private data versus shared data
Core 0: Private acceses = 2839507 | Shared accesses = 430625
Core 1: Private acceses = 2897990 | Shared accesses = 389262
Core 2: Private acceses = 100024 | Shared accesses = 17674
Core 3: Private acceses = 2970856 | Shared accesses = 354063
================== END ==================
=========================================
