Input: Dragon_blackscholes_65536_8_4
=========================================
------------------------------
1. Overall execution cycle per core
Core 0: 4979259389698
Core 1: 4770656767661
Core 2: 8699504560995
Core 3: 4921343509997
------------------------------
2. Number of compute cycles per core
Core 0: 10430314
Core 1: 10383276
Core 2: 10430338
Core 3: 10394904
------------------------------
3. Number of load/store instructions per core
Core 0: 2497349
Core 1: 2490468
Core 2: 2509057
Core 3: 2503127
------------------------------
4. Number of idle cycles per core
Core 0: 3360545
Core 1: 3311361
Core 2: 4921615
Core 3: 3379814
------------------------------
5. Data cache miss rate for each core
Core 0: 0.00353054
Core 1: 0.00331424
Core 2: 0.00739322
Core 3: 0.00347885
------------------------------
6. Amount of Data traffic in bytes on the bus
31673596
------------------------------
7. Number of invalidations or updates on the bus
3153
------------------------------
8. Distribution of accesses to private data versus shared data
Core 0: Private acceses = 1956871 | Shared accesses = 540478
Core 1: Private acceses = 1952483 | Shared accesses = 537985
Core 2: Private acceses = 2032992 | Shared accesses = 476065
Core 3: Private acceses = 1959812 | Shared accesses = 543315
================== END ==================
=========================================
