Input: Dragon_fluidanimate_4096_64_64
=========================================
------------------------------
1. Overall execution cycle per core
Core 0: 31809173600844
Core 1: 26328460318699
Core 2: 34499954865234
Core 3: 26082048592712
------------------------------
2. Number of compute cycles per core
Core 0: 11337782
Core 1: 11290799
Core 2: 11337671
Core 3: 11301515
------------------------------
3. Number of load/store instructions per core
Core 0: 2576503
Core 1: 2407844
Core 2: 2604189
Core 3: 2411465
------------------------------
4. Number of idle cycles per core
Core 0: 18550224
Core 1: 15682250
Core 2: 19653862
Core 3: 15336576
------------------------------
5. Data cache miss rate for each core
Core 0: 0.0329738
Core 1: 0.0295119
Core 2: 0.0347241
Core 3: 0.0286382
------------------------------
6. Amount of Data traffic in bytes on the bus
547292224
------------------------------
7. Number of invalidations or updates on the bus
3154
------------------------------
8. Distribution of accesses to private data versus shared data
Core 0: Private acceses = 2128404 | Shared accesses = 448099
Core 1: Private acceses = 1956202 | Shared accesses = 451642
Core 2: Private acceses = 2163021 | Shared accesses = 441168
Core 3: Private acceses = 1963712 | Shared accesses = 447753
================== END ==================
=========================================
