Input: Dragon_bodytrack_1024_8_4
=========================================
------------------------------
1. Overall execution cycle per core
Core 0: 144444364586467
Core 1: 150663357741912
Core 2: 248552564574
Core 3: 150436991243709
------------------------------
2. Number of compute cycles per core
Core 0: 17729254
Core 1: 17120545
Core 2: 17556877
Core 3: 17140113
------------------------------
3. Number of load/store instructions per core
Core 0: 3270132
Core 1: 3287252
Core 2: 117698
Core 3: 3324919
------------------------------
4. Number of idle cycles per core
Core 0: 91732775
Core 1: 93622811
Core 2: 4812306
Core 3: 93771179
------------------------------
5. Data cache miss rate for each core
Core 0: 0.143409
Core 1: 0.146027
Core 2: 0.208423
Core 3: 0.144149
------------------------------
6. Amount of Data traffic in bytes on the bus
40369052
------------------------------
7. Number of invalidations or updates on the bus
564
------------------------------
8. Distribution of accesses to private data versus shared data
Core 0: Private acceses = 2838572 | Shared accesses = 431560
Core 1: Private acceses = 2834844 | Shared accesses = 452408
Core 2: Private acceses = 97905 | Shared accesses = 19793
Core 3: Private acceses = 2897587 | Shared accesses = 427332
================== END ==================
=========================================
