Input: Dragon_bodytrack_131072_2048_64
=========================================
------------------------------
1. Overall execution cycle per core
Core 0: 11394572903787
Core 1: 10451159860515
Core 2: 13892599446
Core 3: 10730237779189
------------------------------
2. Number of compute cycles per core
Core 0: 17729254
Core 1: 17120545
Core 2: 17556877
Core 3: 17140113
------------------------------
3. Number of load/store instructions per core
Core 0: 3270132
Core 1: 3287252
Core 2: 117698
Core 3: 3324919
------------------------------
4. Number of idle cycles per core
Core 0: 6544809
Core 1: 6231287
Core 2: 275589
Core 3: 6301442
------------------------------
5. Data cache miss rate for each core
Core 0: 0.0128013
Core 1: 0.0128433
Core 2: 0.0111812
Core 3: 0.0130117
------------------------------
6. Amount of Data traffic in bytes on the bus
428043648
------------------------------
7. Number of invalidations or updates on the bus
28543
------------------------------
8. Distribution of accesses to private data versus shared data
Core 0: Private acceses = 2135967 | Shared accesses = 1134165
Core 1: Private acceses = 2112000 | Shared accesses = 1175252
Core 2: Private acceses = 89777 | Shared accesses = 27921
Core 3: Private acceses = 2154545 | Shared accesses = 1170374
================== END ==================
=========================================
