Input: Dragon_blackscholes_4096_4_128
=========================================
------------------------------
1. Overall execution cycle per core
Core 0: 15574195373081
Core 1: 15451903503372
Core 2: 16926750715784
Core 3: 15804469085349
------------------------------
2. Number of compute cycles per core
Core 0: 10430314
Core 1: 10383276
Core 2: 10430338
Core 3: 10394904
------------------------------
3. Number of load/store instructions per core
Core 0: 2497349
Core 1: 2490468
Core 2: 2509057
Core 3: 2503127
------------------------------
4. Number of idle cycles per core
Core 0: 12435865
Core 1: 12374062
Core 2: 12977820
Core 3: 12541912
------------------------------
5. Data cache miss rate for each core
Core 0: 0.0275748
Core 1: 0.027582
Core 2: 0.0285864
Core 3: 0.0276426
------------------------------
6. Amount of Data traffic in bytes on the bus
1087349760
------------------------------
7. Number of invalidations or updates on the bus
523
------------------------------
8. Distribution of accesses to private data versus shared data
Core 0: Private acceses = 2051715 | Shared accesses = 445634
Core 1: Private acceses = 2047067 | Shared accesses = 443401
Core 2: Private acceses = 2064156 | Shared accesses = 444901
Core 3: Private acceses = 2058512 | Shared accesses = 444615
================== END ==================
=========================================
