Input: Dragon_blackscholes_65536_2_64
=========================================
------------------------------
1. Overall execution cycle per core
Core 0: 6183684297774
Core 1: 3812245177023
Core 2: 4272431028825
Core 3: 3835581139606
------------------------------
2. Number of compute cycles per core
Core 0: 10430314
Core 1: 10383276
Core 2: 10430338
Core 3: 10394904
------------------------------
3. Number of load/store instructions per core
Core 0: 2497349
Core 1: 2490468
Core 2: 2509057
Core 3: 2503127
------------------------------
4. Number of idle cycles per core
Core 0: 4887652
Core 1: 3044891
Core 2: 3049977
Core 3: 3031385
------------------------------
5. Data cache miss rate for each core
Core 0: 0.000847699
Core 1: 0.00121664
Core 2: 0.0013535
Core 3: 0.00124324
------------------------------
6. Amount of Data traffic in bytes on the bus
524153600
------------------------------
7. Number of invalidations or updates on the bus
70497
------------------------------
8. Distribution of accesses to private data versus shared data
Core 0: Private acceses = 1885733 | Shared accesses = 611616
Core 1: Private acceses = 2015196 | Shared accesses = 475272
Core 2: Private acceses = 2032150 | Shared accesses = 476907
Core 3: Private acceses = 2025164 | Shared accesses = 477963
================== END ==================
=========================================
