Input: Dragon_bodytrack_131072_8_4
=========================================
------------------------------
1. Overall execution cycle per core
Core 0: 16915275234358
Core 1: 19969357305826
Core 2: 57265806010
Core 3: 19157857618134
------------------------------
2. Number of compute cycles per core
Core 0: 17729254
Core 1: 17120545
Core 2: 17556877
Core 3: 17140113
------------------------------
3. Number of load/store instructions per core
Core 0: 3270132
Core 1: 3287252
Core 2: 117698
Core 3: 3324919
------------------------------
4. Number of idle cycles per core
Core 0: 7876884
Core 1: 8972581
Core 2: 1001992
Core 3: 8656109
------------------------------
5. Data cache miss rate for each core
Core 0: 0.014896
Core 1: 0.0155534
Core 2: 0.0909021
Core 3: 0.0153895
------------------------------
6. Amount of Data traffic in bytes on the bus
26838824
------------------------------
7. Number of invalidations or updates on the bus
18552
------------------------------
8. Distribution of accesses to private data versus shared data
Core 0: Private acceses = 2131368 | Shared accesses = 1138764
Core 1: Private acceses = 2185273 | Shared accesses = 1101979
Core 2: Private acceses = 89281 | Shared accesses = 28417
Core 3: Private acceses = 2173144 | Shared accesses = 1151775
================== END ==================
=========================================
