Input: Dragon_bodytrack_1024_32_32
=========================================
------------------------------
1. Overall execution cycle per core
Core 0: 83683122797393
Core 1: 85582052843267
Core 2: 121682332469
Core 3: 86329606569639
------------------------------
2. Number of compute cycles per core
Core 0: 17729254
Core 1: 17120545
Core 2: 17556877
Core 3: 17140113
------------------------------
3. Number of load/store instructions per core
Core 0: 3270132
Core 1: 3287252
Core 2: 117698
Core 3: 3324919
------------------------------
4. Number of idle cycles per core
Core 0: 51498509
Core 1: 51948494
Core 2: 2187236
Core 3: 52051696
------------------------------
5. Data cache miss rate for each core
Core 0: 0.0802512
Core 1: 0.0807979
Core 2: 0.091157
Core 3: 0.0801301
------------------------------
6. Amount of Data traffic in bytes on the bus
305968736
------------------------------
7. Number of invalidations or updates on the bus
312
------------------------------
8. Distribution of accesses to private data versus shared data
Core 0: Private acceses = 2867788 | Shared accesses = 402344
Core 1: Private acceses = 2899709 | Shared accesses = 387543
Core 2: Private acceses = 98350 | Shared accesses = 19348
Core 3: Private acceses = 2897011 | Shared accesses = 427908
================== END ==================
=========================================
