Input: Dragon_fluidanimate_1024_8_32
=========================================
------------------------------
1. Overall execution cycle per core
Core 0: 65767685732261
Core 1: 53423595083132
Core 2: 70591363049383
Core 3: 53166703179129
------------------------------
2. Number of compute cycles per core
Core 0: 11337782
Core 1: 11290799
Core 2: 11337671
Core 3: 11301515
------------------------------
3. Number of load/store instructions per core
Core 0: 2576503
Core 1: 2407844
Core 2: 2604189
Core 3: 2411465
------------------------------
4. Number of idle cycles per core
Core 0: 44070148
Core 1: 37369863
Core 2: 46170258
Core 3: 37081197
------------------------------
5. Data cache miss rate for each core
Core 0: 0.0847125
Core 1: 0.0755622
Core 2: 0.0878154
Core 3: 0.0744303
------------------------------
6. Amount of Data traffic in bytes on the bus
293474176
------------------------------
7. Number of invalidations or updates on the bus
1359
------------------------------
8. Distribution of accesses to private data versus shared data
Core 0: Private acceses = 2172916 | Shared accesses = 403587
Core 1: Private acceses = 1991516 | Shared accesses = 416328
Core 2: Private acceses = 2198124 | Shared accesses = 406065
Core 3: Private acceses = 1995952 | Shared accesses = 415513
================== END ==================
=========================================
