Input: Dragon_blackscholes_4096_4_4
=========================================
------------------------------
1. Overall execution cycle per core
Core 0: 10695042436384
Core 1: 9945421167217
Core 2: 17063230672535
Core 3: 10283942869582
------------------------------
2. Number of compute cycles per core
Core 0: 10430314
Core 1: 10383276
Core 2: 10430338
Core 3: 10394904
------------------------------
3. Number of load/store instructions per core
Core 0: 2497349
Core 1: 2490468
Core 2: 2509057
Core 3: 2503127
------------------------------
4. Number of idle cycles per core
Core 0: 8350589
Core 1: 8026660
Core 2: 10908034
Core 3: 8171582
------------------------------
5. Data cache miss rate for each core
Core 0: 0.0126754
Core 1: 0.0120263
Core 2: 0.0178286
Core 3: 0.0122994
------------------------------
6. Amount of Data traffic in bytes on the bus
32950596
------------------------------
7. Number of invalidations or updates on the bus
659
------------------------------
8. Distribution of accesses to private data versus shared data
Core 0: Private acceses = 2023406 | Shared accesses = 473943
Core 1: Private acceses = 2013517 | Shared accesses = 476951
Core 2: Private acceses = 2038705 | Shared accesses = 470352
Core 3: Private acceses = 2027529 | Shared accesses = 475598
================== END ==================
=========================================
