Input: Dragon_bodytrack_4096_1_4
=========================================
------------------------------
1. Overall execution cycle per core
Core 0: 107304124745042
Core 1: 113342162560458
Core 2: 183533445832
Core 3: 117375976003424
------------------------------
2. Number of compute cycles per core
Core 0: 17729254
Core 1: 17120545
Core 2: 17556877
Core 3: 17140113
------------------------------
3. Number of load/store instructions per core
Core 0: 3270132
Core 1: 3287252
Core 2: 117698
Core 3: 3324919
------------------------------
4. Number of idle cycles per core
Core 0: 68116488
Core 1: 70303188
Core 2: 3732222
Core 3: 74743770
------------------------------
5. Data cache miss rate for each core
Core 0: 0.115288
Core 1: 0.118373
Core 2: 0.179842
Core 3: 0.121897
------------------------------
6. Amount of Data traffic in bytes on the bus
38011196
------------------------------
7. Number of invalidations or updates on the bus
5282
------------------------------
8. Distribution of accesses to private data versus shared data
Core 0: Private acceses = 2708077 | Shared accesses = 562055
Core 1: Private acceses = 2765924 | Shared accesses = 521328
Core 2: Private acceses = 94296 | Shared accesses = 23402
Core 3: Private acceses = 2792456 | Shared accesses = 532463
================== END ==================
=========================================
