Input: Dragon_bodytrack_16384_2_4
=========================================
------------------------------
1. Overall execution cycle per core
Core 0: 46063945596333
Core 1: 50419979432603
Core 2: 85417944747
Core 3: 46216407669400
------------------------------
2. Number of compute cycles per core
Core 0: 17729254
Core 1: 17120545
Core 2: 17556877
Core 3: 17140113
------------------------------
3. Number of load/store instructions per core
Core 0: 3270132
Core 1: 3287252
Core 2: 117698
Core 3: 3324919
------------------------------
4. Number of idle cycles per core
Core 0: 28238633
Core 1: 28923078
Core 2: 1874485
Core 3: 27275283
------------------------------
5. Data cache miss rate for each core
Core 0: 0.0579032
Core 1: 0.0587567
Core 2: 0.104148
Core 3: 0.056897
------------------------------
6. Amount of Data traffic in bytes on the bus
29933112
------------------------------
7. Number of invalidations or updates on the bus
9988
------------------------------
8. Distribution of accesses to private data versus shared data
Core 0: Private acceses = 2255683 | Shared accesses = 1014449
Core 1: Private acceses = 2306264 | Shared accesses = 980988
Core 2: Private acceses = 92038 | Shared accesses = 25660
Core 3: Private acceses = 2288549 | Shared accesses = 1036370
================== END ==================
=========================================
