Input: Dragon_fluidanimate_65536_4_128
=========================================
------------------------------
1. Overall execution cycle per core
Core 0: 12928992269309
Core 1: 11030591849408
Core 2: 14149793940636
Core 3: 13035250045174
------------------------------
2. Number of compute cycles per core
Core 0: 11337782
Core 1: 11290799
Core 2: 11337671
Core 3: 11301515
------------------------------
3. Number of load/store instructions per core
Core 0: 2576503
Core 1: 2407844
Core 2: 2604189
Core 3: 2411465
------------------------------
4. Number of idle cycles per core
Core 0: 7456750
Core 1: 6816388
Core 2: 7857216
Core 3: 7655999
------------------------------
5. Data cache miss rate for each core
Core 0: 0.00920162
Core 1: 0.00905997
Core 2: 0.00921938
Core 3: 0.00918985
------------------------------
6. Amount of Data traffic in bytes on the bus
1058956288
------------------------------
7. Number of invalidations or updates on the bus
35675
------------------------------
8. Distribution of accesses to private data versus shared data
Core 0: Private acceses = 2064086 | Shared accesses = 512417
Core 1: Private acceses = 1937365 | Shared accesses = 470479
Core 2: Private acceses = 2113099 | Shared accesses = 491090
Core 3: Private acceses = 1881937 | Shared accesses = 529528
================== END ==================
=========================================
