Input: Dragon_bodytrack_4096_32_128
=========================================
------------------------------
1. Overall execution cycle per core
Core 0: 50255678278341
Core 1: 50917675809160
Core 2: 53038057539
Core 3: 51395091700212
------------------------------
2. Number of compute cycles per core
Core 0: 17729254
Core 1: 17120545
Core 2: 17556877
Core 3: 17140113
------------------------------
3. Number of load/store instructions per core
Core 0: 3270132
Core 1: 3287252
Core 2: 117698
Core 3: 3324919
------------------------------
4. Number of idle cycles per core
Core 0: 32451500
Core 1: 32498868
Core 2: 990075
Core 3: 32537271
------------------------------
5. Data cache miss rate for each core
Core 0: 0.0486623
Core 1: 0.0484882
Core 2: 0.0449965
Core 3: 0.0486451
------------------------------
6. Amount of Data traffic in bytes on the bus
1116304384
------------------------------
7. Number of invalidations or updates on the bus
4185
------------------------------
8. Distribution of accesses to private data versus shared data
Core 0: Private acceses = 2690141 | Shared accesses = 579991
Core 1: Private acceses = 2706896 | Shared accesses = 580356
Core 2: Private acceses = 94636 | Shared accesses = 23062
Core 3: Private acceses = 2727066 | Shared accesses = 597853
================== END ==================
=========================================
