Input: Dragon_bodytrack_131072_8_128
=========================================
------------------------------
1. Overall execution cycle per core
Core 0: 16612676100019
Core 1: 16208258172476
Core 2: 14127740512
Core 3: 17414875612415
------------------------------
2. Number of compute cycles per core
Core 0: 17729254
Core 1: 17120545
Core 2: 17556877
Core 3: 17140113
------------------------------
3. Number of load/store instructions per core
Core 0: 3270132
Core 1: 3287252
Core 2: 117698
Core 3: 3324919
------------------------------
4. Number of idle cycles per core
Core 0: 10956220
Core 1: 10766040
Core 2: 323292
Core 3: 11146606
------------------------------
5. Data cache miss rate for each core
Core 0: 0.0223349
Core 1: 0.022008
Core 2: 0.00659315
Core 3: 0.0220396
------------------------------
6. Amount of Data traffic in bytes on the bus
876702336
------------------------------
7. Number of invalidations or updates on the bus
32654
------------------------------
8. Distribution of accesses to private data versus shared data
Core 0: Private acceses = 2133596 | Shared accesses = 1136536
Core 1: Private acceses = 2119077 | Shared accesses = 1168175
Core 2: Private acceses = 88260 | Shared accesses = 29438
Core 3: Private acceses = 2208022 | Shared accesses = 1116897
================== END ==================
=========================================
