Input: Dragon_blackscholes_65536_2_128
=========================================
------------------------------
1. Overall execution cycle per core
Core 0: 3511815845188
Core 1: 3955995038488
Core 2: 4287357388729
Core 3: 4002989362575
------------------------------
2. Number of compute cycles per core
Core 0: 10430314
Core 1: 10383276
Core 2: 10430338
Core 3: 10394904
------------------------------
3. Number of load/store instructions per core
Core 0: 2497349
Core 1: 2490468
Core 2: 2509057
Core 3: 2503127
------------------------------
4. Number of idle cycles per core
Core 0: 2791725
Core 1: 3182303
Core 2: 3081444
Core 3: 3146277
------------------------------
5. Data cache miss rate for each core
Core 0: 0.000772019
Core 1: 0.00130979
Core 2: 0.0011881
Core 3: 0.00125084
------------------------------
6. Amount of Data traffic in bytes on the bus
1042277248
------------------------------
7. Number of invalidations or updates on the bus
5975
------------------------------
8. Distribution of accesses to private data versus shared data
Core 0: Private acceses = 2022422 | Shared accesses = 474927
Core 1: Private acceses = 2014540 | Shared accesses = 475928
Core 2: Private acceses = 2031124 | Shared accesses = 477933
Core 3: Private acceses = 2023978 | Shared accesses = 479149
================== END ==================
=========================================
