Input: Dragon_bodytrack_16384_2_64
=========================================
------------------------------
1. Overall execution cycle per core
Core 0: 32470949528134
Core 1: 33269606754985
Core 2: 20165166292
Core 3: 32848203308536
------------------------------
2. Number of compute cycles per core
Core 0: 17729254
Core 1: 17120545
Core 2: 17556877
Core 3: 17140113
------------------------------
3. Number of load/store instructions per core
Core 0: 3270132
Core 1: 3287252
Core 2: 117698
Core 3: 3324919
------------------------------
4. Number of idle cycles per core
Core 0: 22892980
Core 1: 22996002
Core 2: 446597
Core 3: 22644073
------------------------------
5. Data cache miss rate for each core
Core 0: 0.037423
Core 1: 0.0377385
Core 2: 0.0170351
Core 3: 0.0370286
------------------------------
6. Amount of Data traffic in bytes on the bus
536719616
------------------------------
7. Number of invalidations or updates on the bus
11335
------------------------------
8. Distribution of accesses to private data versus shared data
Core 0: Private acceses = 2678361 | Shared accesses = 591771
Core 1: Private acceses = 2607205 | Shared accesses = 680047
Core 2: Private acceses = 91362 | Shared accesses = 26336
Core 3: Private acceses = 2643293 | Shared accesses = 681626
================== END ==================
=========================================
