Input: Dragon_blackscholes_16384_2_4
=========================================
------------------------------
1. Overall execution cycle per core
Core 0: 9725450158916
Core 1: 9220549777874
Core 2: 15257531025659
Core 3: 9491037381550
------------------------------
2. Number of compute cycles per core
Core 0: 10430314
Core 1: 10383276
Core 2: 10430338
Core 3: 10394904
------------------------------
3. Number of load/store instructions per core
Core 0: 2497349
Core 1: 2490468
Core 2: 2509057
Core 3: 2503127
------------------------------
4. Number of idle cycles per core
Core 0: 7732277
Core 1: 7504323
Core 2: 9957908
Core 3: 7629952
------------------------------
5. Data cache miss rate for each core
Core 0: 0.0113472
Core 1: 0.0109758
Core 2: 0.0159542
Core 3: 0.0111485
------------------------------
6. Amount of Data traffic in bytes on the bus
32530460
------------------------------
7. Number of invalidations or updates on the bus
2537
------------------------------
8. Distribution of accesses to private data versus shared data
Core 0: Private acceses = 1956322 | Shared accesses = 541027
Core 1: Private acceses = 2007281 | Shared accesses = 483187
Core 2: Private acceses = 2033346 | Shared accesses = 475711
Core 3: Private acceses = 2016973 | Shared accesses = 486154
================== END ==================
=========================================
