Input: Dragon_fluidanimate_4096_8_128
=========================================
------------------------------
1. Overall execution cycle per core
Core 0: 25765839980880
Core 1: 19507364440216
Core 2: 27597919747760
Core 3: 19427930408244
------------------------------
2. Number of compute cycles per core
Core 0: 11337782
Core 1: 11290799
Core 2: 11337671
Core 3: 11301515
------------------------------
3. Number of load/store instructions per core
Core 0: 2576503
Core 1: 2407844
Core 2: 2604189
Core 3: 2411465
------------------------------
4. Number of idle cycles per core
Core 0: 16900769
Core 1: 12449126
Core 2: 17547862
Core 3: 12331578
------------------------------
5. Data cache miss rate for each core
Core 0: 0.0302946
Core 1: 0.0221617
Core 2: 0.0312923
Core 3: 0.0217743
------------------------------
6. Amount of Data traffic in bytes on the bus
1086953728
------------------------------
7. Number of invalidations or updates on the bus
5861
------------------------------
8. Distribution of accesses to private data versus shared data
Core 0: Private acceses = 2128856 | Shared accesses = 447647
Core 1: Private acceses = 1951647 | Shared accesses = 456197
Core 2: Private acceses = 2172488 | Shared accesses = 431701
Core 3: Private acceses = 1946154 | Shared accesses = 465311
================== END ==================
=========================================
