Input: Dragon_bodytrack_131072_4_128
=========================================
------------------------------
1. Overall execution cycle per core
Core 0: 16821006474235
Core 1: 15756729687606
Core 2: 14066184339
Core 3: 16532842700051
------------------------------
2. Number of compute cycles per core
Core 0: 17729254
Core 1: 17120545
Core 2: 17556877
Core 3: 17140113
------------------------------
3. Number of load/store instructions per core
Core 0: 3270132
Core 1: 3287252
Core 2: 117698
Core 3: 3324919
------------------------------
4. Number of idle cycles per core
Core 0: 11009657
Core 1: 10633440
Core 2: 326150
Core 3: 10768244
------------------------------
5. Data cache miss rate for each core
Core 0: 0.0212472
Core 1: 0.0208317
Core 2: 0.00661014
Core 3: 0.020728
------------------------------
6. Amount of Data traffic in bytes on the bus
872638336
------------------------------
7. Number of invalidations or updates on the bus
30840
------------------------------
8. Distribution of accesses to private data versus shared data
Core 0: Private acceses = 2137525 | Shared accesses = 1132607
Core 1: Private acceses = 2144065 | Shared accesses = 1143187
Core 2: Private acceses = 87875 | Shared accesses = 29823
Core 3: Private acceses = 2163037 | Shared accesses = 1161882
================== END ==================
=========================================
