Input: Dragon_blackscholes_1024_4_128
=========================================
------------------------------
1. Overall execution cycle per core
Core 0: 81072651917531
Core 1: 80049206188389
Core 2: 82270054687401
Core 3: 80603383857164
------------------------------
2. Number of compute cycles per core
Core 0: 10430314
Core 1: 10383276
Core 2: 10430338
Core 3: 10394904
------------------------------
3. Number of load/store instructions per core
Core 0: 2497349
Core 1: 2490468
Core 2: 2509057
Core 3: 2503127
------------------------------
4. Number of idle cycles per core
Core 0: 64718443
Core 1: 64318554
Core 2: 65691985
Core 3: 64550838
------------------------------
5. Data cache miss rate for each core
Core 0: 0.166969
Core 1: 0.166828
Core 2: 0.166962
Core 3: 0.166931
------------------------------
6. Amount of Data traffic in bytes on the bus
1353009536
------------------------------
7. Number of invalidations or updates on the bus
174
------------------------------
8. Distribution of accesses to private data versus shared data
Core 0: Private acceses = 2224691 | Shared accesses = 272658
Core 1: Private acceses = 2217246 | Shared accesses = 273222
Core 2: Private acceses = 2243595 | Shared accesses = 265462
Core 3: Private acceses = 2226979 | Shared accesses = 276148
================== END ==================
=========================================
