Input: Dragon_bodytrack_131072_1024_128
=========================================
------------------------------
1. Overall execution cycle per core
Core 0: 18496647453842
Core 1: 17383217847151
Core 2: 13867542604
Core 3: 17901047089625
------------------------------
2. Number of compute cycles per core
Core 0: 17729254
Core 1: 17120545
Core 2: 17556877
Core 3: 17140113
------------------------------
3. Number of load/store instructions per core
Core 0: 3270132
Core 1: 3287252
Core 2: 117698
Core 3: 3324919
------------------------------
4. Number of idle cycles per core
Core 0: 12221978
Core 1: 11844047
Core 2: 319688
Core 3: 11892025
------------------------------
5. Data cache miss rate for each core
Core 0: 0.0267634
Core 1: 0.0264799
Core 2: 0.00659315
Core 3: 0.0263477
------------------------------
6. Amount of Data traffic in bytes on the bus
881488128
------------------------------
7. Number of invalidations or updates on the bus
32069
------------------------------
8. Distribution of accesses to private data versus shared data
Core 0: Private acceses = 2136788 | Shared accesses = 1133344
Core 1: Private acceses = 2142210 | Shared accesses = 1145042
Core 2: Private acceses = 88302 | Shared accesses = 29396
Core 3: Private acceses = 2179834 | Shared accesses = 1145085
================== END ==================
=========================================
