Input: Dragon_bodytrack_65536_1_64
=========================================
------------------------------
1. Overall execution cycle per core
Core 0: 23243624126206
Core 1: 22825166851900
Core 2: 35951521690
Core 3: 24370890756782
------------------------------
2. Number of compute cycles per core
Core 0: 17729254
Core 1: 17120545
Core 2: 17556877
Core 3: 17140113
------------------------------
3. Number of load/store instructions per core
Core 0: 3270132
Core 1: 3287252
Core 2: 117698
Core 3: 3324919
------------------------------
4. Number of idle cycles per core
Core 0: 15136301
Core 1: 14770139
Core 2: 628204
Core 3: 15540132
------------------------------
5. Data cache miss rate for each core
Core 0: 0.0312571
Core 1: 0.0313791
Core 2: 0.0318272
Core 3: 0.0304507
------------------------------
6. Amount of Data traffic in bytes on the bus
477344256
------------------------------
7. Number of invalidations or updates on the bus
17701
------------------------------
8. Distribution of accesses to private data versus shared data
Core 0: Private acceses = 2316186 | Shared accesses = 953946
Core 1: Private acceses = 2304888 | Shared accesses = 982364
Core 2: Private acceses = 90247 | Shared accesses = 27451
Core 3: Private acceses = 2425640 | Shared accesses = 899279
================== END ==================
=========================================
