Input: Dragon_bodytrack_131072_4_32
=========================================
------------------------------
1. Overall execution cycle per core
Core 0: 11538093174582
Core 1: 10830301355917
Core 2: 17558148965
Core 3: 11087884709600
------------------------------
2. Number of compute cycles per core
Core 0: 17729254
Core 1: 17120545
Core 2: 17556877
Core 3: 17140113
------------------------------
3. Number of load/store instructions per core
Core 0: 3270132
Core 1: 3287252
Core 2: 117698
Core 3: 3324919
------------------------------
4. Number of idle cycles per core
Core 0: 6202734
Core 1: 5837396
Core 2: 329650
Core 3: 5902050
------------------------------
5. Data cache miss rate for each core
Core 0: 0.0102256
Core 1: 0.00985808
Core 2: 0.0198729
Core 3: 0.00993348
------------------------------
6. Amount of Data traffic in bytes on the bus
214596192
------------------------------
7. Number of invalidations or updates on the bus
18204
------------------------------
8. Distribution of accesses to private data versus shared data
Core 0: Private acceses = 2193113 | Shared accesses = 1077019
Core 1: Private acceses = 2136706 | Shared accesses = 1150546
Core 2: Private acceses = 88665 | Shared accesses = 29033
Core 3: Private acceses = 2160340 | Shared accesses = 1164579
================== END ==================
=========================================
