Input: Dragon_bodytrack_16384_8_4
=========================================
------------------------------
1. Overall execution cycle per core
Core 0: 39877683915141
Core 1: 46428575012802
Core 2: 81994631950
Core 3: 41292203973604
------------------------------
2. Number of compute cycles per core
Core 0: 17729254
Core 1: 17120545
Core 2: 17556877
Core 3: 17140113
------------------------------
3. Number of load/store instructions per core
Core 0: 3270132
Core 1: 3287252
Core 2: 117698
Core 3: 3324919
------------------------------
4. Number of idle cycles per core
Core 0: 23652726
Core 1: 25629477
Core 2: 1819507
Core 3: 23828432
------------------------------
5. Data cache miss rate for each core
Core 0: 0.0517949
Core 1: 0.0534988
Core 2: 0.101472
Core 3: 0.0515886
------------------------------
6. Amount of Data traffic in bytes on the bus
29257580
------------------------------
7. Number of invalidations or updates on the bus
10793
------------------------------
8. Distribution of accesses to private data versus shared data
Core 0: Private acceses = 2202731 | Shared accesses = 1067401
Core 1: Private acceses = 2290137 | Shared accesses = 997115
Core 2: Private acceses = 91834 | Shared accesses = 25864
Core 3: Private acceses = 2244478 | Shared accesses = 1080441
================== END ==================
=========================================
