Input: Dragon_bodytrack_4096_8_4
=========================================
------------------------------
1. Overall execution cycle per core
Core 0: 93261675734699
Core 1: 100651221236526
Core 2: 176071992068
Core 3: 98402320914932
------------------------------
2. Number of compute cycles per core
Core 0: 17729254
Core 1: 17120545
Core 2: 17556877
Core 3: 17140113
------------------------------
3. Number of load/store instructions per core
Core 0: 3270132
Core 1: 3287252
Core 2: 117698
Core 3: 3324919
------------------------------
4. Number of idle cycles per core
Core 0: 61999037
Core 1: 65025657
Core 2: 3489318
Core 3: 64189382
------------------------------
5. Data cache miss rate for each core
Core 0: 0.104059
Core 1: 0.106779
Core 2: 0.166579
Core 3: 0.103914
------------------------------
6. Amount of Data traffic in bytes on the bus
36731020
------------------------------
7. Number of invalidations or updates on the bus
3669
------------------------------
8. Distribution of accesses to private data versus shared data
Core 0: Private acceses = 2642394 | Shared accesses = 627738
Core 1: Private acceses = 2714342 | Shared accesses = 572910
Core 2: Private acceses = 95653 | Shared accesses = 22045
Core 3: Private acceses = 2733967 | Shared accesses = 590952
================== END ==================
=========================================
