Input: Dragon_fluidanimate_131072_1_32
=========================================
------------------------------
1. Overall execution cycle per core
Core 0: 32823948906708
Core 1: 28855220322588
Core 2: 32597568687917
Core 3: 28214018596140
------------------------------
2. Number of compute cycles per core
Core 0: 11337782
Core 1: 11290799
Core 2: 11337671
Core 3: 11301515
------------------------------
3. Number of load/store instructions per core
Core 0: 2576503
Core 1: 2407844
Core 2: 2604189
Core 3: 2411465
------------------------------
4. Number of idle cycles per core
Core 0: 17566951
Core 1: 16372206
Core 2: 17273071
Core 3: 16026399
------------------------------
5. Data cache miss rate for each core
Core 0: 0.0316278
Core 1: 0.0314294
Core 2: 0.030191
Core 3: 0.0303691
------------------------------
6. Amount of Data traffic in bytes on the bus
271027776
------------------------------
7. Number of invalidations or updates on the bus
75031
------------------------------
8. Distribution of accesses to private data versus shared data
Core 0: Private acceses = 2096658 | Shared accesses = 479845
Core 1: Private acceses = 1924464 | Shared accesses = 483380
Core 2: Private acceses = 2101582 | Shared accesses = 502607
Core 3: Private acceses = 1884145 | Shared accesses = 527320
================== END ==================
=========================================
