Input: Dragon_bodytrack_4096_4_64
=========================================
------------------------------
1. Overall execution cycle per core
Core 0: 50023560039332
Core 1: 51131232211934
Core 2: 55511857414
Core 3: 52531988398126
------------------------------
2. Number of compute cycles per core
Core 0: 17729254
Core 1: 17120545
Core 2: 17556877
Core 3: 17140113
------------------------------
3. Number of load/store instructions per core
Core 0: 3270132
Core 1: 3287252
Core 2: 117698
Core 3: 3324919
------------------------------
4. Number of idle cycles per core
Core 0: 32201746
Core 1: 32403193
Core 2: 1048593
Core 3: 33671262
------------------------------
5. Data cache miss rate for each core
Core 0: 0.0507805
Core 1: 0.0509465
Core 2: 0.050706
Core 3: 0.0508981
------------------------------
6. Amount of Data traffic in bytes on the bus
563589632
------------------------------
7. Number of invalidations or updates on the bus
2450
------------------------------
8. Distribution of accesses to private data versus shared data
Core 0: Private acceses = 2685365 | Shared accesses = 584767
Core 1: Private acceses = 2697933 | Shared accesses = 589319
Core 2: Private acceses = 94652 | Shared accesses = 23046
Core 3: Private acceses = 2834191 | Shared accesses = 490728
================== END ==================
=========================================
