Input: Dragon_fluidanimate_131072_8_4
=========================================
------------------------------
1. Overall execution cycle per core
Core 0: 129949590254232
Core 1: 114449529147918
Core 2: 128645942824962
Core 3: 116033184076249
------------------------------
2. Number of compute cycles per core
Core 0: 11337782
Core 1: 11290799
Core 2: 11337671
Core 3: 11301515
------------------------------
3. Number of load/store instructions per core
Core 0: 2576503
Core 1: 2407844
Core 2: 2604189
Core 3: 2411465
------------------------------
4. Number of idle cycles per core
Core 0: 65025841
Core 1: 61626458
Core 2: 64085957
Core 3: 62790152
------------------------------
5. Data cache miss rate for each core
Core 0: 0.132732
Core 1: 0.134419
Core 2: 0.129408
Core 3: 0.136835
------------------------------
6. Amount of Data traffic in bytes on the bus
37715240
------------------------------
7. Number of invalidations or updates on the bus
72992
------------------------------
8. Distribution of accesses to private data versus shared data
Core 0: Private acceses = 2077576 | Shared accesses = 498927
Core 1: Private acceses = 1954184 | Shared accesses = 453660
Core 2: Private acceses = 2116013 | Shared accesses = 488176
Core 3: Private acceses = 1917376 | Shared accesses = 494089
================== END ==================
=========================================
