Input: Dragon_fluidanimate_4096_2_64
=========================================
------------------------------
1. Overall execution cycle per core
Core 0: 42473207727185
Core 1: 34278605458208
Core 2: 46177499837155
Core 3: 34025593260784
------------------------------
2. Number of compute cycles per core
Core 0: 11337782
Core 1: 11290799
Core 2: 11337671
Core 3: 11301515
------------------------------
3. Number of load/store instructions per core
Core 0: 2576503
Core 1: 2407844
Core 2: 2604189
Core 3: 2411465
------------------------------
4. Number of idle cycles per core
Core 0: 26000842
Core 1: 20995347
Core 2: 27843008
Core 3: 20765332
------------------------------
5. Data cache miss rate for each core
Core 0: 0.0517609
Core 1: 0.0436918
Core 2: 0.0552145
Core 3: 0.0427723
------------------------------
6. Amount of Data traffic in bytes on the bus
562088576
------------------------------
7. Number of invalidations or updates on the bus
4915
------------------------------
8. Distribution of accesses to private data versus shared data
Core 0: Private acceses = 2146782 | Shared accesses = 429721
Core 1: Private acceses = 1975427 | Shared accesses = 432417
Core 2: Private acceses = 2180265 | Shared accesses = 423924
Core 3: Private acceses = 1973072 | Shared accesses = 438393
================== END ==================
=========================================
