Input: Dragon_blackscholes_65536_1_64
=========================================
------------------------------
1. Overall execution cycle per core
Core 0: 3694965918314
Core 1: 4510555191611
Core 2: 6455930241789
Core 3: 4032261497407
------------------------------
2. Number of compute cycles per core
Core 0: 10430314
Core 1: 10383276
Core 2: 10430338
Core 3: 10394904
------------------------------
3. Number of load/store instructions per core
Core 0: 2497349
Core 1: 2490468
Core 2: 2509057
Core 3: 2503127
------------------------------
4. Number of idle cycles per core
Core 0: 2908914
Core 1: 3630854
Core 2: 4742056
Core 3: 3142857
------------------------------
5. Data cache miss rate for each core
Core 0: 0.00128817
Core 1: 0.00253527
Core 2: 0.00483608
Core 3: 0.00153568
------------------------------
6. Amount of Data traffic in bytes on the bus
520637376
------------------------------
7. Number of invalidations or updates on the bus
6131
------------------------------
8. Distribution of accesses to private data versus shared data
Core 0: Private acceses = 2023008 | Shared accesses = 474341
Core 1: Private acceses = 2016699 | Shared accesses = 473769
Core 2: Private acceses = 2032249 | Shared accesses = 476808
Core 3: Private acceses = 2022976 | Shared accesses = 480151
================== END ==================
=========================================
