Input: Dragon_bodytrack_65536_1_128
=========================================
------------------------------
1. Overall execution cycle per core
Core 0: 26398999132294
Core 1: 26045972257295
Core 2: 60522213770
Core 3: 26807968829281
------------------------------
2. Number of compute cycles per core
Core 0: 17729254
Core 1: 17120545
Core 2: 17556877
Core 3: 17140113
------------------------------
3. Number of load/store instructions per core
Core 0: 3270132
Core 1: 3287252
Core 2: 117698
Core 3: 3324919
------------------------------
4. Number of idle cycles per core
Core 0: 17015005
Core 1: 16992959
Core 2: 954543
Core 3: 17361493
------------------------------
5. Data cache miss rate for each core
Core 0: 0.0302352
Core 1: 0.0302484
Core 2: 0.0487604
Core 3: 0.0292296
------------------------------
6. Amount of Data traffic in bytes on the bus
928988416
------------------------------
7. Number of invalidations or updates on the bus
21583
------------------------------
8. Distribution of accesses to private data versus shared data
Core 0: Private acceses = 2269922 | Shared accesses = 1000210
Core 1: Private acceses = 2260768 | Shared accesses = 1026484
Core 2: Private acceses = 89485 | Shared accesses = 28213
Core 3: Private acceses = 2297097 | Shared accesses = 1027822
================== END ==================
=========================================
