Input: Dragon_blackscholes_16384_8_4
=========================================
------------------------------
1. Overall execution cycle per core
Core 0: 9515466571985
Core 1: 8938346318872
Core 2: 15028463262213
Core 3: 9143261328771
------------------------------
2. Number of compute cycles per core
Core 0: 10430314
Core 1: 10383276
Core 2: 10430338
Core 3: 10394904
------------------------------
3. Number of load/store instructions per core
Core 0: 2497349
Core 1: 2490468
Core 2: 2509057
Core 3: 2503127
------------------------------
4. Number of idle cycles per core
Core 0: 7724374
Core 1: 7473443
Core 2: 9945212
Core 3: 7565868
------------------------------
5. Data cache miss rate for each core
Core 0: 0.0116271
Core 1: 0.0110915
Core 2: 0.0161009
Core 3: 0.0112463
------------------------------
6. Amount of Data traffic in bytes on the bus
32069524
------------------------------
7. Number of invalidations or updates on the bus
1434
------------------------------
8. Distribution of accesses to private data versus shared data
Core 0: Private acceses = 1956917 | Shared accesses = 540432
Core 1: Private acceses = 1952555 | Shared accesses = 537913
Core 2: Private acceses = 2035994 | Shared accesses = 473063
Core 3: Private acceses = 1959811 | Shared accesses = 543316
================== END ==================
=========================================
