Input: Dragon_bodytrack_131072_32768_4
=========================================
------------------------------
1. Overall execution cycle per core
Core 0: 16394306222904
Core 1: 17918984970194
Core 2: 61141711352
Core 3: 18089268253133
------------------------------
2. Number of compute cycles per core
Core 0: 17729254
Core 1: 17120545
Core 2: 17556877
Core 3: 17140113
------------------------------
3. Number of load/store instructions per core
Core 0: 3270132
Core 1: 3287252
Core 2: 117698
Core 3: 3324919
------------------------------
4. Number of idle cycles per core
Core 0: 7959977
Core 1: 8375343
Core 2: 1040680
Core 3: 8425657
------------------------------
5. Data cache miss rate for each core
Core 0: 0.0147178
Core 1: 0.0152684
Core 2: 0.0909021
Core 3: 0.0151646
------------------------------
6. Amount of Data traffic in bytes on the bus
26797244
------------------------------
7. Number of invalidations or updates on the bus
19948
------------------------------
8. Distribution of accesses to private data versus shared data
Core 0: Private acceses = 2156689 | Shared accesses = 1113443
Core 1: Private acceses = 2150650 | Shared accesses = 1136602
Core 2: Private acceses = 91241 | Shared accesses = 26457
Core 3: Private acceses = 2173644 | Shared accesses = 1151275
================== END ==================
=========================================
