Input: Dragon_bodytrack_1024_1_64
=========================================
------------------------------
1. Overall execution cycle per core
Core 0: 141953955691429
Core 1: 142282669421184
Core 2: 190729996788
Core 3: 150393469695350
------------------------------
2. Number of compute cycles per core
Core 0: 17729254
Core 1: 17120545
Core 2: 17556877
Core 3: 17140113
------------------------------
3. Number of load/store instructions per core
Core 0: 3270132
Core 1: 3287252
Core 2: 117698
Core 3: 3324919
------------------------------
4. Number of idle cycles per core
Core 0: 83167754
Core 1: 82774357
Core 2: 3299168
Core 3: 86685381
------------------------------
5. Data cache miss rate for each core
Core 0: 0.13655
Core 1: 0.135828
Core 2: 0.160419
Core 3: 0.140457
------------------------------
6. Amount of Data traffic in bytes on the bus
667256704
------------------------------
7. Number of invalidations or updates on the bus
336
------------------------------
8. Distribution of accesses to private data versus shared data
Core 0: Private acceses = 2966028 | Shared accesses = 304104
Core 1: Private acceses = 2986433 | Shared accesses = 300819
Core 2: Private acceses = 99523 | Shared accesses = 18175
Core 3: Private acceses = 3014850 | Shared accesses = 310069
================== END ==================
=========================================
