Input: Dragon_bodytrack_1024_256_4
=========================================
------------------------------
1. Overall execution cycle per core
Core 0: 136485135502168
Core 1: 143664979577383
Core 2: 228578805336
Core 3: 141406349176592
------------------------------
2. Number of compute cycles per core
Core 0: 17729254
Core 1: 17120545
Core 2: 17556877
Core 3: 17140113
------------------------------
3. Number of load/store instructions per core
Core 0: 3270132
Core 1: 3287252
Core 2: 117698
Core 3: 3324919
------------------------------
4. Number of idle cycles per core
Core 0: 89071986
Core 1: 91615657
Core 2: 4311673
Core 3: 90845669
------------------------------
5. Data cache miss rate for each core
Core 0: 0.141355
Core 1: 0.14432
Core 2: 0.189757
Core 3: 0.14128
------------------------------
6. Amount of Data traffic in bytes on the bus
40387888
------------------------------
7. Number of invalidations or updates on the bus
885
------------------------------
8. Distribution of accesses to private data versus shared data
Core 0: Private acceses = 2832546 | Shared accesses = 437586
Core 1: Private acceses = 2876746 | Shared accesses = 410506
Core 2: Private acceses = 97730 | Shared accesses = 19968
Core 3: Private acceses = 2888076 | Shared accesses = 436843
================== END ==================
=========================================
