Input: Dragon_bodytrack_131072_1_32
=========================================
------------------------------
1. Overall execution cycle per core
Core 0: 15425483559155
Core 1: 15714773223852
Core 2: 28130164276
Core 3: 17412302857934
------------------------------
2. Number of compute cycles per core
Core 0: 17729254
Core 1: 17120545
Core 2: 17556877
Core 3: 17140113
------------------------------
3. Number of load/store instructions per core
Core 0: 3270132
Core 1: 3287252
Core 2: 117698
Core 3: 3324919
------------------------------
4. Number of idle cycles per core
Core 0: 9139340
Core 1: 9258913
Core 2: 539729
Core 3: 9834553
------------------------------
5. Data cache miss rate for each core
Core 0: 0.0194338
Core 1: 0.0198178
Core 2: 0.0304508
Core 3: 0.0190179
------------------------------
6. Amount of Data traffic in bytes on the bus
220927872
------------------------------
7. Number of invalidations or updates on the bus
18756
------------------------------
8. Distribution of accesses to private data versus shared data
Core 0: Private acceses = 2153626 | Shared accesses = 1116506
Core 1: Private acceses = 2168412 | Shared accesses = 1118840
Core 2: Private acceses = 90714 | Shared accesses = 26984
Core 3: Private acceses = 2278269 | Shared accesses = 1046650
================== END ==================
=========================================
