Input: Dragon_bodytrack_65536_8_4
=========================================
------------------------------
1. Overall execution cycle per core
Core 0: 20087150157897
Core 1: 23246645124979
Core 2: 61596371318
Core 3: 21830934690805
------------------------------
2. Number of compute cycles per core
Core 0: 17729254
Core 1: 17120545
Core 2: 17556877
Core 3: 17140113
------------------------------
3. Number of load/store instructions per core
Core 0: 3270132
Core 1: 3287252
Core 2: 117698
Core 3: 3324919
------------------------------
4. Number of idle cycles per core
Core 0: 9238136
Core 1: 10368360
Core 2: 1102975
Core 3: 9754892
------------------------------
5. Data cache miss rate for each core
Core 0: 0.017417
Core 1: 0.0181413
Core 2: 0.0914714
Core 3: 0.0178976
------------------------------
6. Amount of Data traffic in bytes on the bus
27076372
------------------------------
7. Number of invalidations or updates on the bus
17423
------------------------------
8. Distribution of accesses to private data versus shared data
Core 0: Private acceses = 2136664 | Shared accesses = 1133468
Core 1: Private acceses = 2190254 | Shared accesses = 1096998
Core 2: Private acceses = 91542 | Shared accesses = 26156
Core 3: Private acceses = 2173919 | Shared accesses = 1151000
================== END ==================
=========================================
