Input: Dragon_fluidanimate_65536_8_128
=========================================
------------------------------
1. Overall execution cycle per core
Core 0: 12874845586931
Core 1: 10952564754259
Core 2: 13300376295753
Core 3: 12881157472091
------------------------------
2. Number of compute cycles per core
Core 0: 11337782
Core 1: 11290799
Core 2: 11337671
Core 3: 11301515
------------------------------
3. Number of load/store instructions per core
Core 0: 2576503
Core 1: 2407844
Core 2: 2604189
Core 3: 2411465
------------------------------
4. Number of idle cycles per core
Core 0: 7419629
Core 1: 6768970
Core 2: 7512366
Core 3: 7575539
------------------------------
5. Data cache miss rate for each core
Core 0: 0.00899009
Core 1: 0.00892084
Core 2: 0.00904965
Core 3: 0.0090219
------------------------------
6. Amount of Data traffic in bytes on the bus
1061212416
------------------------------
7. Number of invalidations or updates on the bus
30917
------------------------------
8. Distribution of accesses to private data versus shared data
Core 0: Private acceses = 2075179 | Shared accesses = 501324
Core 1: Private acceses = 1943122 | Shared accesses = 464722
Core 2: Private acceses = 2106533 | Shared accesses = 497656
Core 3: Private acceses = 1877775 | Shared accesses = 533690
================== END ==================
=========================================
