Input: Dragon_blackscholes_4096_2_64
=========================================
------------------------------
1. Overall execution cycle per core
Core 0: 13338097346516
Core 1: 13227556643297
Core 2: 14974789466225
Core 3: 13503779039758
------------------------------
2. Number of compute cycles per core
Core 0: 10430314
Core 1: 10383276
Core 2: 10430338
Core 3: 10394904
------------------------------
3. Number of load/store instructions per core
Core 0: 2497349
Core 1: 2490468
Core 2: 2509057
Core 3: 2503127
------------------------------
4. Number of idle cycles per core
Core 0: 10631302
Core 1: 10635780
Core 2: 11279863
Core 3: 10697043
------------------------------
5. Data cache miss rate for each core
Core 0: 0.0247218
Core 1: 0.0245584
Core 2: 0.0259237
Core 3: 0.0247794
------------------------------
6. Amount of Data traffic in bytes on the bus
537444672
------------------------------
7. Number of invalidations or updates on the bus
634
------------------------------
8. Distribution of accesses to private data versus shared data
Core 0: Private acceses = 2034858 | Shared accesses = 462491
Core 1: Private acceses = 2031687 | Shared accesses = 458781
Core 2: Private acceses = 2046990 | Shared accesses = 462067
Core 3: Private acceses = 2039602 | Shared accesses = 463525
================== END ==================
=========================================
