Input: Dragon_bodytrack_16384_512_32
=========================================
------------------------------
1. Overall execution cycle per core
Core 0: 32219191472697
Core 1: 33443343923146
Core 2: 24811883665
Core 3: 33182008483291
------------------------------
2. Number of compute cycles per core
Core 0: 17729254
Core 1: 17120545
Core 2: 17556877
Core 3: 17140113
------------------------------
3. Number of load/store instructions per core
Core 0: 3270132
Core 1: 3287252
Core 2: 117698
Core 3: 3324919
------------------------------
4. Number of idle cycles per core
Core 0: 22509438
Core 1: 22929878
Core 2: 544419
Core 3: 23006205
------------------------------
5. Data cache miss rate for each core
Core 0: 0.0428463
Core 1: 0.0434253
Core 2: 0.0235688
Core 3: 0.0424182
------------------------------
6. Amount of Data traffic in bytes on the bus
256793472
------------------------------
7. Number of invalidations or updates on the bus
11266
------------------------------
8. Distribution of accesses to private data versus shared data
Core 0: Private acceses = 2489836 | Shared accesses = 780296
Core 1: Private acceses = 2509841 | Shared accesses = 777411
Core 2: Private acceses = 91091 | Shared accesses = 26607
Core 3: Private acceses = 2545243 | Shared accesses = 779676
================== END ==================
=========================================
