Input: Dragon_fluidanimate_131072_2_64
=========================================
------------------------------
1. Overall execution cycle per core
Core 0: 17851308608738
Core 1: 15525506963093
Core 2: 19335095981345
Core 3: 17197007518992
------------------------------
2. Number of compute cycles per core
Core 0: 11337782
Core 1: 11290799
Core 2: 11337671
Core 3: 11301515
------------------------------
3. Number of load/store instructions per core
Core 0: 2576503
Core 1: 2407844
Core 2: 2604189
Core 3: 2411465
------------------------------
4. Number of idle cycles per core
Core 0: 9854608
Core 1: 9194293
Core 2: 10415347
Core 3: 9958443
------------------------------
5. Data cache miss rate for each core
Core 0: 0.0150716
Core 1: 0.0150155
Core 2: 0.0148883
Core 3: 0.0153865
------------------------------
6. Amount of Data traffic in bytes on the bus
531958400
------------------------------
7. Number of invalidations or updates on the bus
53622
------------------------------
8. Distribution of accesses to private data versus shared data
Core 0: Private acceses = 2084678 | Shared accesses = 491825
Core 1: Private acceses = 1950113 | Shared accesses = 457731
Core 2: Private acceses = 2088139 | Shared accesses = 516050
Core 3: Private acceses = 1871383 | Shared accesses = 540082
================== END ==================
=========================================
