Input: Dragon_bodytrack_4096_64_64
=========================================
------------------------------
1. Overall execution cycle per core
Core 0: 49665545075037
Core 1: 50489112437439
Core 2: 58245324521
Core 3: 50841285307706
------------------------------
2. Number of compute cycles per core
Core 0: 17729254
Core 1: 17120545
Core 2: 17556877
Core 3: 17140113
------------------------------
3. Number of load/store instructions per core
Core 0: 3270132
Core 1: 3287252
Core 2: 117698
Core 3: 3324919
------------------------------
4. Number of idle cycles per core
Core 0: 32189675
Core 1: 32435933
Core 2: 1079095
Core 3: 32507936
------------------------------
5. Data cache miss rate for each core
Core 0: 0.0488378
Core 1: 0.0491109
Core 2: 0.0498139
Core 3: 0.0488144
------------------------------
6. Amount of Data traffic in bytes on the bus
569602176
------------------------------
7. Number of invalidations or updates on the bus
2489
------------------------------
8. Distribution of accesses to private data versus shared data
Core 0: Private acceses = 2797262 | Shared accesses = 472870
Core 1: Private acceses = 2765939 | Shared accesses = 521313
Core 2: Private acceses = 98336 | Shared accesses = 19362
Core 3: Private acceses = 2752579 | Shared accesses = 572340
================== END ==================
=========================================
