Input: Dragon_bodytrack_1024_2_32
=========================================
------------------------------
1. Overall execution cycle per core
Core 0: 106738914140649
Core 1: 108059508830538
Core 2: 152396686175
Core 3: 111892335018066
------------------------------
2. Number of compute cycles per core
Core 0: 17729254
Core 1: 17120545
Core 2: 17556877
Core 3: 17140113
------------------------------
3. Number of load/store instructions per core
Core 0: 3270132
Core 1: 3287252
Core 2: 117698
Core 3: 3324919
------------------------------
4. Number of idle cycles per core
Core 0: 61503616
Core 1: 61698169
Core 2: 2645439
Core 3: 63335633
------------------------------
5. Data cache miss rate for each core
Core 0: 0.100863
Core 1: 0.101525
Core 2: 0.125474
Core 3: 0.102584
------------------------------
6. Amount of Data traffic in bytes on the bus
315978624
------------------------------
7. Number of invalidations or updates on the bus
231
------------------------------
8. Distribution of accesses to private data versus shared data
Core 0: Private acceses = 2929684 | Shared accesses = 340448
Core 1: Private acceses = 2901107 | Shared accesses = 386145
Core 2: Private acceses = 98319 | Shared accesses = 19379
Core 3: Private acceses = 2943268 | Shared accesses = 381651
================== END ==================
=========================================
