Input: Dragon_blackscholes_1024_8_32
=========================================
------------------------------
1. Overall execution cycle per core
Core 0: 35823881637365
Core 1: 35291896134530
Core 2: 38666960376179
Core 3: 36161076132587
------------------------------
2. Number of compute cycles per core
Core 0: 10430314
Core 1: 10383276
Core 2: 10430338
Core 3: 10394904
------------------------------
3. Number of load/store instructions per core
Core 0: 2497349
Core 1: 2490468
Core 2: 2509057
Core 3: 2503127
------------------------------
4. Number of idle cycles per core
Core 0: 28711947
Core 1: 28454255
Core 2: 29818308
Core 3: 28737094
------------------------------
5. Data cache miss rate for each core
Core 0: 0.0850714
Core 1: 0.0849884
Core 2: 0.0869207
Core 3: 0.085247
------------------------------
6. Amount of Data traffic in bytes on the bus
293392448
------------------------------
7. Number of invalidations or updates on the bus
207
------------------------------
8. Distribution of accesses to private data versus shared data
Core 0: Private acceses = 2080457 | Shared accesses = 416892
Core 1: Private acceses = 2073144 | Shared accesses = 417324
Core 2: Private acceses = 2093582 | Shared accesses = 415475
Core 3: Private acceses = 2084058 | Shared accesses = 419069
================== END ==================
=========================================
