Input: Dragon_bodytrack_1024_8_128
=========================================
------------------------------
1. Overall execution cycle per core
Core 0: 123743751655488
Core 1: 124718081948417
Core 2: 246160779829
Core 3: 129385370190332
------------------------------
2. Number of compute cycles per core
Core 0: 17729254
Core 1: 17120545
Core 2: 17556877
Core 3: 17140113
------------------------------
3. Number of load/store instructions per core
Core 0: 3270132
Core 1: 3287252
Core 2: 117698
Core 3: 3324919
------------------------------
4. Number of idle cycles per core
Core 0: 69003568
Core 1: 69124630
Core 2: 3684305
Core 3: 70724135
------------------------------
5. Data cache miss rate for each core
Core 0: 0.109407
Core 1: 0.109701
Core 2: 0.176018
Core 3: 0.111387
------------------------------
6. Amount of Data traffic in bytes on the bus
1277442560
------------------------------
7. Number of invalidations or updates on the bus
540
------------------------------
8. Distribution of accesses to private data versus shared data
Core 0: Private acceses = 2941755 | Shared accesses = 328377
Core 1: Private acceses = 2900907 | Shared accesses = 386345
Core 2: Private acceses = 101774 | Shared accesses = 15924
Core 3: Private acceses = 2927117 | Shared accesses = 397802
================== END ==================
=========================================
