Input: Dragon_blackscholes_131072_1_128
=========================================
------------------------------
1. Overall execution cycle per core
Core 0: 3529811125565
Core 1: 3593403539117
Core 2: 4323898597498
Core 3: 15351638783609
------------------------------
2. Number of compute cycles per core
Core 0: 10430314
Core 1: 10383276
Core 2: 10430338
Core 3: 10394904
------------------------------
3. Number of load/store instructions per core
Core 0: 2497349
Core 1: 2490468
Core 2: 2509057
Core 3: 2503127
------------------------------
4. Number of idle cycles per core
Core 0: 2784073
Core 1: 2854447
Core 2: 3129005
Core 3: 12202463
------------------------------
5. Data cache miss rate for each core
Core 0: 0.000887341
Core 1: 0.000748454
Core 2: 0.00137103
Core 3: 0.000572084
------------------------------
6. Amount of Data traffic in bytes on the bus
1060691456
------------------------------
7. Number of invalidations or updates on the bus
152525
------------------------------
8. Distribution of accesses to private data versus shared data
Core 0: Private acceses = 2022059 | Shared accesses = 475290
Core 1: Private acceses = 2014473 | Shared accesses = 475995
Core 2: Private acceses = 2031571 | Shared accesses = 477486
Core 3: Private acceses = 1726938 | Shared accesses = 776189
================== END ==================
=========================================
