Input: Dragon_bodytrack_4096_4_4
=========================================
------------------------------
1. Overall execution cycle per core
Core 0: 97926360370612
Core 1: 100820236231810
Core 2: 179679348659
Core 3: 99595359735496
------------------------------
2. Number of compute cycles per core
Core 0: 17729254
Core 1: 17120545
Core 2: 17556877
Core 3: 17140113
------------------------------
3. Number of load/store instructions per core
Core 0: 3270132
Core 1: 3287252
Core 2: 117698
Core 3: 3324919
------------------------------
4. Number of idle cycles per core
Core 0: 64014405
Core 1: 63416594
Core 2: 3536104
Core 3: 64201001
------------------------------
5. Data cache miss rate for each core
Core 0: 0.104629
Core 1: 0.106549
Core 2: 0.166987
Core 3: 0.104411
------------------------------
6. Amount of Data traffic in bytes on the bus
36948268
------------------------------
7. Number of invalidations or updates on the bus
3451
------------------------------
8. Distribution of accesses to private data versus shared data
Core 0: Private acceses = 2759798 | Shared accesses = 510334
Core 1: Private acceses = 2592396 | Shared accesses = 694856
Core 2: Private acceses = 96040 | Shared accesses = 21658
Core 3: Private acceses = 2789608 | Shared accesses = 535311
================== END ==================
=========================================
