Input: Dragon_blackscholes_16384_8_64
=========================================
------------------------------
1. Overall execution cycle per core
Core 0: 3768643736246
Core 1: 3669047627976
Core 2: 4975486666248
Core 3: 3750481880376
------------------------------
2. Number of compute cycles per core
Core 0: 10430314
Core 1: 10383276
Core 2: 10430338
Core 3: 10394904
------------------------------
3. Number of load/store instructions per core
Core 0: 2497349
Core 1: 2490468
Core 2: 2509057
Core 3: 2503127
------------------------------
4. Number of idle cycles per core
Core 0: 2983157
Core 1: 2938805
Core 2: 3461486
Core 3: 2965929
------------------------------
5. Data cache miss rate for each core
Core 0: 0.00119206
Core 1: 0.0010504
Core 2: 0.00214742
Core 3: 0.00113977
------------------------------
6. Amount of Data traffic in bytes on the bus
519674752
------------------------------
7. Number of invalidations or updates on the bus
2011
------------------------------
8. Distribution of accesses to private data versus shared data
Core 0: Private acceses = 2022886 | Shared accesses = 474463
Core 1: Private acceses = 2018974 | Shared accesses = 471494
Core 2: Private acceses = 2032638 | Shared accesses = 476419
Core 3: Private acceses = 2026831 | Shared accesses = 476296
================== END ==================
=========================================
