Input: Dragon_bodytrack_1024_1_32
=========================================
------------------------------
1. Overall execution cycle per core
Core 0: 129435046782875
Core 1: 128473717718981
Core 2: 173904682971
Core 3: 135739197515144
------------------------------
2. Number of compute cycles per core
Core 0: 17729254
Core 1: 17120545
Core 2: 17556877
Core 3: 17140113
------------------------------
3. Number of load/store instructions per core
Core 0: 3270132
Core 1: 3287252
Core 2: 117698
Core 3: 3324919
------------------------------
4. Number of idle cycles per core
Core 0: 76319224
Core 1: 74282960
Core 2: 3094410
Core 3: 78327655
------------------------------
5. Data cache miss rate for each core
Core 0: 0.12636
Core 1: 0.122482
Core 2: 0.152101
Core 3: 0.127603
------------------------------
6. Amount of Data traffic in bytes on the bus
330806528
------------------------------
7. Number of invalidations or updates on the bus
175
------------------------------
8. Distribution of accesses to private data versus shared data
Core 0: Private acceses = 2978001 | Shared accesses = 292131
Core 1: Private acceses = 2996836 | Shared accesses = 290416
Core 2: Private acceses = 97443 | Shared accesses = 20255
Core 3: Private acceses = 3026927 | Shared accesses = 297992
================== END ==================
=========================================
