Input: Dragon_bodytrack_131072_8_64
=========================================
------------------------------
1. Overall execution cycle per core
Core 0: 11492309172328
Core 1: 11069660070380
Core 2: 13808999062
Core 3: 11093608082141
------------------------------
2. Number of compute cycles per core
Core 0: 17729254
Core 1: 17120545
Core 2: 17556877
Core 3: 17140113
------------------------------
3. Number of load/store instructions per core
Core 0: 3270132
Core 1: 3287252
Core 2: 117698
Core 3: 3324919
------------------------------
4. Number of idle cycles per core
Core 0: 6722500
Core 1: 6604038
Core 2: 277017
Core 3: 6573229
------------------------------
5. Data cache miss rate for each core
Core 0: 0.0130805
Core 1: 0.013121
Core 2: 0.0111812
Core 3: 0.0130445
------------------------------
6. Amount of Data traffic in bytes on the bus
427806528
------------------------------
7. Number of invalidations or updates on the bus
25295
------------------------------
8. Distribution of accesses to private data versus shared data
Core 0: Private acceses = 2118391 | Shared accesses = 1151741
Core 1: Private acceses = 2140979 | Shared accesses = 1146273
Core 2: Private acceses = 89133 | Shared accesses = 28565
Core 3: Private acceses = 2146016 | Shared accesses = 1178903
================== END ==================
=========================================
