Input: Dragon_bodytrack_1024_2_4
=========================================
------------------------------
1. Overall execution cycle per core
Core 0: 164762282035580
Core 1: 172190796560762
Core 2: 260862653659
Core 3: 172267237974003
------------------------------
2. Number of compute cycles per core
Core 0: 17729254
Core 1: 17120545
Core 2: 17556877
Core 3: 17140113
------------------------------
3. Number of load/store instructions per core
Core 0: 3270132
Core 1: 3287252
Core 2: 117698
Core 3: 3324919
------------------------------
4. Number of idle cycles per core
Core 0: 103716325
Core 1: 106436874
Core 2: 4983157
Core 3: 106021084
------------------------------
5. Data cache miss rate for each core
Core 0: 0.166176
Core 1: 0.169764
Core 2: 0.220845
Core 3: 0.167873
------------------------------
6. Amount of Data traffic in bytes on the bus
42284256
------------------------------
7. Number of invalidations or updates on the bus
598
------------------------------
8. Distribution of accesses to private data versus shared data
Core 0: Private acceses = 2955056 | Shared accesses = 315076
Core 1: Private acceses = 2916252 | Shared accesses = 371000
Core 2: Private acceses = 96921 | Shared accesses = 20777
Core 3: Private acceses = 2944068 | Shared accesses = 380851
================== END ==================
=========================================
