Input: Dragon_blackscholes_65536_8_32
=========================================
------------------------------
1. Overall execution cycle per core
Core 0: 3488536312757
Core 1: 3454792686526
Core 2: 4619314608912
Core 3: 3544783440252
------------------------------
2. Number of compute cycles per core
Core 0: 10430314
Core 1: 10383276
Core 2: 10430338
Core 3: 10394904
------------------------------
3. Number of load/store instructions per core
Core 0: 2497349
Core 1: 2490468
Core 2: 2509057
Core 3: 2503127
------------------------------
4. Number of idle cycles per core
Core 0: 2701486
Core 1: 2718358
Core 2: 3167505
Core 3: 2756298
------------------------------
5. Data cache miss rate for each core
Core 0: 0.000746391
Core 1: 0.000680193
Core 2: 0.00178992
Core 3: 0.000777028
------------------------------
6. Amount of Data traffic in bytes on the bus
259609664
------------------------------
7. Number of invalidations or updates on the bus
5515
------------------------------
8. Distribution of accesses to private data versus shared data
Core 0: Private acceses = 2022928 | Shared accesses = 474421
Core 1: Private acceses = 2014572 | Shared accesses = 475896
Core 2: Private acceses = 2032358 | Shared accesses = 476699
Core 3: Private acceses = 2025327 | Shared accesses = 477800
================== END ==================
=========================================
