Input: Dragon_bodytrack_65536_2_128
=========================================
------------------------------
1. Overall execution cycle per core
Core 0: 23402012247534
Core 1: 21601651258167
Core 2: 17098965113
Core 3: 22345358112863
------------------------------
2. Number of compute cycles per core
Core 0: 17729254
Core 1: 17120545
Core 2: 17556877
Core 3: 17140113
------------------------------
3. Number of load/store instructions per core
Core 0: 3270132
Core 1: 3287252
Core 2: 117698
Core 3: 3324919
------------------------------
4. Number of idle cycles per core
Core 0: 15724390
Core 1: 15132091
Core 2: 363029
Core 3: 15353422
------------------------------
5. Data cache miss rate for each core
Core 0: 0.0275763
Core 1: 0.0270563
Core 2: 0.0108668
Core 3: 0.0269925
------------------------------
6. Amount of Data traffic in bytes on the bus
926056064
------------------------------
7. Number of invalidations or updates on the bus
26137
------------------------------
8. Distribution of accesses to private data versus shared data
Core 0: Private acceses = 2240008 | Shared accesses = 1030124
Core 1: Private acceses = 2271988 | Shared accesses = 1015264
Core 2: Private acceses = 87965 | Shared accesses = 29733
Core 3: Private acceses = 2315054 | Shared accesses = 1009865
================== END ==================
=========================================
