Input: Dragon_bodytrack_4096_128_32
=========================================
------------------------------
1. Overall execution cycle per core
Core 0: 52917882557866
Core 1: 54994510946928
Core 2: 65922547682
Core 3: 54637105268648
------------------------------
2. Number of compute cycles per core
Core 0: 17729254
Core 1: 17120545
Core 2: 17556877
Core 3: 17140113
------------------------------
3. Number of load/store instructions per core
Core 0: 3270132
Core 1: 3287252
Core 2: 117698
Core 3: 3324919
------------------------------
4. Number of idle cycles per core
Core 0: 33961696
Core 1: 34564633
Core 2: 1210308
Core 3: 34425303
------------------------------
5. Data cache miss rate for each core
Core 0: 0.0532367
Core 1: 0.0538781
Core 2: 0.0589985
Core 3: 0.0533033
------------------------------
6. Amount of Data traffic in bytes on the bus
288163872
------------------------------
7. Number of invalidations or updates on the bus
1287
------------------------------
8. Distribution of accesses to private data versus shared data
Core 0: Private acceses = 2782317 | Shared accesses = 487815
Core 1: Private acceses = 2803014 | Shared accesses = 484238
Core 2: Private acceses = 95739 | Shared accesses = 21959
Core 3: Private acceses = 2809609 | Shared accesses = 515310
================== END ==================
=========================================
