Input: Dragon_bodytrack_65536_2_32
=========================================
------------------------------
1. Overall execution cycle per core
Core 0: 18050003272665
Core 1: 18672663207704
Core 2: 18844594561
Core 3: 17672532419072
------------------------------
2. Number of compute cycles per core
Core 0: 17729254
Core 1: 17120545
Core 2: 17556877
Core 3: 17140113
------------------------------
3. Number of load/store instructions per core
Core 0: 3270132
Core 1: 3287252
Core 2: 117698
Core 3: 3324919
------------------------------
4. Number of idle cycles per core
Core 0: 11352923
Core 1: 11330023
Core 2: 374949
Core 3: 10933650
------------------------------
5. Data cache miss rate for each core
Core 0: 0.0264384
Core 1: 0.0259387
Core 2: 0.0210114
Core 3: 0.0256211
------------------------------
6. Amount of Data traffic in bytes on the bus
224321504
------------------------------
7. Number of invalidations or updates on the bus
18436
------------------------------
8. Distribution of accesses to private data versus shared data
Core 0: Private acceses = 2176107 | Shared accesses = 1094025
Core 1: Private acceses = 2273253 | Shared accesses = 1013999
Core 2: Private acceses = 89541 | Shared accesses = 28157
Core 3: Private acceses = 2205264 | Shared accesses = 1119655
================== END ==================
=========================================
