Input: Dragon_bodytrack_65536_8_64
=========================================
------------------------------
1. Overall execution cycle per core
Core 0: 20253091271556
Core 1: 18839652288576
Core 2: 15283758326
Core 3: 19738451817392
------------------------------
2. Number of compute cycles per core
Core 0: 17729254
Core 1: 17120545
Core 2: 17556877
Core 3: 17140113
------------------------------
3. Number of load/store instructions per core
Core 0: 3270132
Core 1: 3287252
Core 2: 117698
Core 3: 3324919
------------------------------
4. Number of idle cycles per core
Core 0: 13513183
Core 1: 13032396
Core 2: 295706
Core 3: 13283530
------------------------------
5. Data cache miss rate for each core
Core 0: 0.032125
Core 1: 0.0318953
Core 2: 0.0113681
Core 3: 0.0315854
------------------------------
6. Amount of Data traffic in bytes on the bus
451497600
------------------------------
7. Number of invalidations or updates on the bus
25686
------------------------------
8. Distribution of accesses to private data versus shared data
Core 0: Private acceses = 2197404 | Shared accesses = 1072728
Core 1: Private acceses = 2193389 | Shared accesses = 1093863
Core 2: Private acceses = 91445 | Shared accesses = 26253
Core 3: Private acceses = 2233747 | Shared accesses = 1091172
================== END ==================
=========================================
