Input: Dragon_bodytrack_65536_4_64
=========================================
------------------------------
1. Overall execution cycle per core
Core 0: 21060978863326
Core 1: 19176027797536
Core 2: 14506208440
Core 3: 19474223886737
------------------------------
2. Number of compute cycles per core
Core 0: 17729254
Core 1: 17120545
Core 2: 17556877
Core 3: 17140113
------------------------------
3. Number of load/store instructions per core
Core 0: 3270132
Core 1: 3287252
Core 2: 117698
Core 3: 3324919
------------------------------
4. Number of idle cycles per core
Core 0: 13753093
Core 1: 12989782
Core 2: 296730
Core 3: 13046309
------------------------------
5. Data cache miss rate for each core
Core 0: 0.030888
Core 1: 0.0306231
Core 2: 0.011436
Core 3: 0.0303048
------------------------------
6. Amount of Data traffic in bytes on the bus
454643392
------------------------------
7. Number of invalidations or updates on the bus
22521
------------------------------
8. Distribution of accesses to private data versus shared data
Core 0: Private acceses = 2244553 | Shared accesses = 1025579
Core 1: Private acceses = 2200052 | Shared accesses = 1087200
Core 2: Private acceses = 89842 | Shared accesses = 27856
Core 3: Private acceses = 2248541 | Shared accesses = 1076378
================== END ==================
=========================================
