Input: Dragon_fluidanimate_131072_2_128
=========================================
------------------------------
1. Overall execution cycle per core
Core 0: 12819978628734
Core 1: 12119167751834
Core 2: 15507773972276
Core 3: 13390109125069
------------------------------
2. Number of compute cycles per core
Core 0: 11337782
Core 1: 11290799
Core 2: 11337671
Core 3: 11301515
------------------------------
3. Number of load/store instructions per core
Core 0: 2576503
Core 1: 2407844
Core 2: 2604189
Core 3: 2411465
------------------------------
4. Number of idle cycles per core
Core 0: 7368331
Core 1: 7235275
Core 2: 8518231
Core 3: 8011778
------------------------------
5. Data cache miss rate for each core
Core 0: 0.00914845
Core 1: 0.00904876
Core 2: 0.00919019
Core 3: 0.00937521
------------------------------
6. Amount of Data traffic in bytes on the bus
1053779328
------------------------------
7. Number of invalidations or updates on the bus
67187
------------------------------
8. Distribution of accesses to private data versus shared data
Core 0: Private acceses = 2071817 | Shared accesses = 504686
Core 1: Private acceses = 1919477 | Shared accesses = 488367
Core 2: Private acceses = 2073970 | Shared accesses = 530219
Core 3: Private acceses = 1855618 | Shared accesses = 555847
================== END ==================
=========================================
