Input: Dragon_blackscholes_131072_2_128
=========================================
------------------------------
1. Overall execution cycle per core
Core 0: 8254370652579
Core 1: 3453509139173
Core 2: 3849776200703
Core 3: 3680250748480
------------------------------
2. Number of compute cycles per core
Core 0: 10430314
Core 1: 10383276
Core 2: 10430338
Core 3: 10394904
------------------------------
3. Number of load/store instructions per core
Core 0: 2497349
Core 1: 2490468
Core 2: 2509057
Core 3: 2503127
------------------------------
4. Number of idle cycles per core
Core 0: 6483708
Core 1: 2751328
Core 2: 2812587
Core 3: 2783464
------------------------------
5. Data cache miss rate for each core
Core 0: 0.000241856
Core 1: 0.000377841
Core 2: 0.000622146
Core 3: 0.000253683
------------------------------
6. Amount of Data traffic in bytes on the bus
1049318784
------------------------------
7. Number of invalidations or updates on the bus
68546
------------------------------
8. Distribution of accesses to private data versus shared data
Core 0: Private acceses = 1899988 | Shared accesses = 597361
Core 1: Private acceses = 2014915 | Shared accesses = 475553
Core 2: Private acceses = 2031593 | Shared accesses = 477464
Core 3: Private acceses = 2021006 | Shared accesses = 482121
================== END ==================
=========================================
