Input: Dragon_blackscholes_65536_16384_4
=========================================
------------------------------
1. Overall execution cycle per core
Core 0: 4942929241828
Core 1: 4703607183333
Core 2: 7552254672106
Core 3: 4789335041516
------------------------------
2. Number of compute cycles per core
Core 0: 10430314
Core 1: 10383276
Core 2: 10430338
Core 3: 10394904
------------------------------
3. Number of load/store instructions per core
Core 0: 2497349
Core 1: 2490468
Core 2: 2509057
Core 3: 2503127
------------------------------
4. Number of idle cycles per core
Core 0: 3323264
Core 1: 3236755
Core 2: 4424343
Core 3: 3261519
------------------------------
5. Data cache miss rate for each core
Core 0: 0.00344605
Core 1: 0.00315362
Core 2: 0.00728003
Core 3: 0.00324194
------------------------------
6. Amount of Data traffic in bytes on the bus
31639284
------------------------------
7. Number of invalidations or updates on the bus
3197
------------------------------
8. Distribution of accesses to private data versus shared data
Core 0: Private acceses = 1956461 | Shared accesses = 540888
Core 1: Private acceses = 1950808 | Shared accesses = 539660
Core 2: Private acceses = 2033055 | Shared accesses = 476002
Core 3: Private acceses = 1959327 | Shared accesses = 543800
================== END ==================
=========================================
