Input: Dragon_fluidanimate_16384_8_4
=========================================
------------------------------
1. Overall execution cycle per core
Core 0: 145239023271023
Core 1: 127781966660645
Core 2: 147045594628587
Core 3: 129290717042023
------------------------------
2. Number of compute cycles per core
Core 0: 11337782
Core 1: 11290799
Core 2: 11337671
Core 3: 11301515
------------------------------
3. Number of load/store instructions per core
Core 0: 2576503
Core 1: 2407844
Core 2: 2604189
Core 3: 2411465
------------------------------
4. Number of idle cycles per core
Core 0: 72665239
Core 1: 68476338
Core 2: 72982217
Core 3: 69556781
------------------------------
5. Data cache miss rate for each core
Core 0: 0.139433
Core 1: 0.139615
Core 2: 0.138536
Core 3: 0.141878
------------------------------
6. Amount of Data traffic in bytes on the bus
38798420
------------------------------
7. Number of invalidations or updates on the bus
14476
------------------------------
8. Distribution of accesses to private data versus shared data
Core 0: Private acceses = 2134882 | Shared accesses = 441621
Core 1: Private acceses = 2015346 | Shared accesses = 392498
Core 2: Private acceses = 2178711 | Shared accesses = 425478
Core 3: Private acceses = 1970988 | Shared accesses = 440477
================== END ==================
=========================================
