Input: Dragon_fluidanimate_4096_1_32
=========================================
------------------------------
1. Overall execution cycle per core
Core 0: 74893485208380
Core 1: 66473546722514
Core 2: 79760355144287
Core 3: 65517634361710
------------------------------
2. Number of compute cycles per core
Core 0: 11337782
Core 1: 11290799
Core 2: 11337671
Core 3: 11301515
------------------------------
3. Number of load/store instructions per core
Core 0: 2576503
Core 1: 2407844
Core 2: 2604189
Core 3: 2411465
------------------------------
4. Number of idle cycles per core
Core 0: 43437626
Core 1: 41385576
Core 2: 45370019
Core 3: 40972228
------------------------------
5. Data cache miss rate for each core
Core 0: 0.085956
Core 1: 0.0866472
Core 2: 0.0890239
Core 3: 0.0851889
------------------------------
6. Amount of Data traffic in bytes on the bus
294071584
------------------------------
7. Number of invalidations or updates on the bus
3290
------------------------------
8. Distribution of accesses to private data versus shared data
Core 0: Private acceses = 2146173 | Shared accesses = 430330
Core 1: Private acceses = 1999001 | Shared accesses = 408843
Core 2: Private acceses = 2192075 | Shared accesses = 412114
Core 3: Private acceses = 1985810 | Shared accesses = 425655
================== END ==================
=========================================
