Input: Dragon_bodytrack_16384_1_64
=========================================
------------------------------
1. Overall execution cycle per core
Core 0: 39033659795922
Core 1: 39244868612492
Core 2: 38738717474
Core 3: 39592368194593
------------------------------
2. Number of compute cycles per core
Core 0: 17729254
Core 1: 17120545
Core 2: 17556877
Core 3: 17140113
------------------------------
3. Number of load/store instructions per core
Core 0: 3270132
Core 1: 3287252
Core 2: 117698
Core 3: 3324919
------------------------------
4. Number of idle cycles per core
Core 0: 26289343
Core 1: 25517136
Core 2: 747482
Core 3: 25629401
------------------------------
5. Data cache miss rate for each core
Core 0: 0.0435536
Core 1: 0.0435145
Core 2: 0.03588
Core 3: 0.043223
------------------------------
6. Amount of Data traffic in bytes on the bus
550311680
------------------------------
7. Number of invalidations or updates on the bus
9108
------------------------------
8. Distribution of accesses to private data versus shared data
Core 0: Private acceses = 2729209 | Shared accesses = 540923
Core 1: Private acceses = 2651764 | Shared accesses = 635488
Core 2: Private acceses = 91159 | Shared accesses = 26539
Core 3: Private acceses = 2698342 | Shared accesses = 626577
================== END ==================
=========================================
