Input: Dragon_bodytrack_1024_2_128
=========================================
------------------------------
1. Overall execution cycle per core
Core 0: 135036010818869
Core 1: 138553149087424
Core 2: 223868084129
Core 3: 144089593686096
------------------------------
2. Number of compute cycles per core
Core 0: 17729254
Core 1: 17120545
Core 2: 17556877
Core 3: 17140113
------------------------------
3. Number of load/store instructions per core
Core 0: 3270132
Core 1: 3287252
Core 2: 117698
Core 3: 3324919
------------------------------
4. Number of idle cycles per core
Core 0: 73898729
Core 1: 75790160
Core 2: 3442008
Core 3: 77973040
------------------------------
5. Data cache miss rate for each core
Core 0: 0.118063
Core 1: 0.120614
Core 2: 0.161498
Core 3: 0.122666
------------------------------
6. Amount of Data traffic in bytes on the bus
1300168064
------------------------------
7. Number of invalidations or updates on the bus
484
------------------------------
8. Distribution of accesses to private data versus shared data
Core 0: Private acceses = 2917556 | Shared accesses = 352576
Core 1: Private acceses = 2948862 | Shared accesses = 338390
Core 2: Private acceses = 102203 | Shared accesses = 15495
Core 3: Private acceses = 2991768 | Shared accesses = 333151
================== END ==================
=========================================
