Input: Dragon_fluidanimate_1024_1_4
=========================================
------------------------------
1. Overall execution cycle per core
Core 0: 234479951843234
Core 1: 195487573432588
Core 2: 249149103396342
Core 3: 194945498749974
------------------------------
2. Number of compute cycles per core
Core 0: 11337782
Core 1: 11290799
Core 2: 11337671
Core 3: 11301515
------------------------------
3. Number of load/store instructions per core
Core 0: 2576503
Core 1: 2407844
Core 2: 2604189
Core 3: 2411465
------------------------------
4. Number of idle cycles per core
Core 0: 147629990
Core 1: 132145513
Core 2: 154358648
Core 3: 132293156
------------------------------
5. Data cache miss rate for each core
Core 0: 0.290921
Core 1: 0.279042
Core 2: 0.301217
Core 3: 0.278785
------------------------------
6. Amount of Data traffic in bytes on the bus
45504928
------------------------------
7. Number of invalidations or updates on the bus
740
------------------------------
8. Distribution of accesses to private data versus shared data
Core 0: Private acceses = 2194491 | Shared accesses = 382012
Core 1: Private acceses = 2046889 | Shared accesses = 360955
Core 2: Private acceses = 2236205 | Shared accesses = 367984
Core 3: Private acceses = 2029390 | Shared accesses = 382075
================== END ==================
=========================================
