Input: Dragon_blackscholes_1024_32_32
=========================================
------------------------------
1. Overall execution cycle per core
Core 0: 37033419656314
Core 1: 37025151657155
Core 2: 40220760313553
Core 3: 37570976821075
------------------------------
2. Number of compute cycles per core
Core 0: 10430314
Core 1: 10383276
Core 2: 10430338
Core 3: 10394904
------------------------------
3. Number of load/store instructions per core
Core 0: 2497349
Core 1: 2490468
Core 2: 2509057
Core 3: 2503127
------------------------------
4. Number of idle cycles per core
Core 0: 29623732
Core 1: 29553518
Core 2: 30831919
Core 3: 29908644
------------------------------
5. Data cache miss rate for each core
Core 0: 0.0872425
Core 1: 0.0871748
Core 2: 0.0890813
Core 3: 0.087433
------------------------------
6. Amount of Data traffic in bytes on the bus
294627808
------------------------------
7. Number of invalidations or updates on the bus
229
------------------------------
8. Distribution of accesses to private data versus shared data
Core 0: Private acceses = 2080371 | Shared accesses = 416978
Core 1: Private acceses = 2074956 | Shared accesses = 415512
Core 2: Private acceses = 2093826 | Shared accesses = 415231
Core 3: Private acceses = 2085363 | Shared accesses = 417764
================== END ==================
=========================================
