Input: Dragon_bodytrack_16384_128_128
=========================================
------------------------------
1. Overall execution cycle per core
Core 0: 28648970635159
Core 1: 29418399371860
Core 2: 14886257054
Core 3: 28987799017822
------------------------------
2. Number of compute cycles per core
Core 0: 17729254
Core 1: 17120545
Core 2: 17556877
Core 3: 17140113
------------------------------
3. Number of load/store instructions per core
Core 0: 3270132
Core 1: 3287252
Core 2: 117698
Core 3: 3324919
------------------------------
4. Number of idle cycles per core
Core 0: 20515757
Core 1: 20736560
Core 2: 319988
Core 3: 20533562
------------------------------
5. Data cache miss rate for each core
Core 0: 0.0300859
Core 1: 0.030102
Core 2: 0.00881068
Core 3: 0.0296497
------------------------------
6. Amount of Data traffic in bytes on the bus
1027296128
------------------------------
7. Number of invalidations or updates on the bus
9041
------------------------------
8. Distribution of accesses to private data versus shared data
Core 0: Private acceses = 2533477 | Shared accesses = 736655
Core 1: Private acceses = 2522326 | Shared accesses = 764926
Core 2: Private acceses = 91375 | Shared accesses = 26323
Core 3: Private acceses = 2556225 | Shared accesses = 768694
================== END ==================
=========================================
