Input: Dragon_blackscholes_4096_128_32
=========================================
------------------------------
1. Overall execution cycle per core
Core 0: 4381725131337
Core 1: 4075361149018
Core 2: 6742497724259
Core 3: 4345336378924
------------------------------
2. Number of compute cycles per core
Core 0: 10430314
Core 1: 10383276
Core 2: 10430338
Core 3: 10394904
------------------------------
3. Number of load/store instructions per core
Core 0: 2497349
Core 1: 2490468
Core 2: 2509057
Core 3: 2503127
------------------------------
4. Number of idle cycles per core
Core 0: 3408262
Core 1: 3258700
Core 2: 4341260
Core 3: 3388761
------------------------------
5. Data cache miss rate for each core
Core 0: 0.00203576
Core 1: 0.00176593
Core 2: 0.0040019
Core 3: 0.00201348
------------------------------
6. Amount of Data traffic in bytes on the bus
260256128
------------------------------
7. Number of invalidations or updates on the bus
654
------------------------------
8. Distribution of accesses to private data versus shared data
Core 0: Private acceses = 2024917 | Shared accesses = 472432
Core 1: Private acceses = 2017192 | Shared accesses = 473276
Core 2: Private acceses = 2035478 | Shared accesses = 473579
Core 3: Private acceses = 2030020 | Shared accesses = 473107
================== END ==================
=========================================
