Input: Dragon_bodytrack_1024_4_64
=========================================
------------------------------
1. Overall execution cycle per core
Core 0: 109438082384481
Core 1: 111835493266907
Core 2: 148983934139
Core 3: 114803735084252
------------------------------
2. Number of compute cycles per core
Core 0: 17729254
Core 1: 17120545
Core 2: 17556877
Core 3: 17140113
------------------------------
3. Number of load/store instructions per core
Core 0: 3270132
Core 1: 3287252
Core 2: 117698
Core 3: 3324919
------------------------------
4. Number of idle cycles per core
Core 0: 62257088
Core 1: 63489600
Core 2: 2457151
Core 3: 64259790
------------------------------
5. Data cache miss rate for each core
Core 0: 0.102536
Core 1: 0.104761
Core 2: 0.11996
Core 3: 0.104724
------------------------------
6. Amount of Data traffic in bytes on the bus
640785408
------------------------------
7. Number of invalidations or updates on the bus
297
------------------------------
8. Distribution of accesses to private data versus shared data
Core 0: Private acceses = 2927824 | Shared accesses = 342308
Core 1: Private acceses = 2978867 | Shared accesses = 308385
Core 2: Private acceses = 100517 | Shared accesses = 17181
Core 3: Private acceses = 2972757 | Shared accesses = 352162
================== END ==================
=========================================
