Input: Dragon_fluidanimate_65536_4_64
=========================================
------------------------------
1. Overall execution cycle per core
Core 0: 17485319940881
Core 1: 16224867990715
Core 2: 19923601864026
Core 3: 16214434082571
------------------------------
2. Number of compute cycles per core
Core 0: 11337782
Core 1: 11290799
Core 2: 11337671
Core 3: 11301515
------------------------------
3. Number of load/store instructions per core
Core 0: 2576503
Core 1: 2407844
Core 2: 2604189
Core 3: 2411465
------------------------------
4. Number of idle cycles per core
Core 0: 9698146
Core 1: 9470376
Core 2: 10686065
Core 3: 9546051
------------------------------
5. Data cache miss rate for each core
Core 0: 0.0151271
Core 1: 0.0149873
Core 2: 0.0149832
Core 3: 0.015187
------------------------------
6. Amount of Data traffic in bytes on the bus
530406976
------------------------------
7. Number of invalidations or updates on the bus
62830
------------------------------
8. Distribution of accesses to private data versus shared data
Core 0: Private acceses = 2074590 | Shared accesses = 501913
Core 1: Private acceses = 1933591 | Shared accesses = 474253
Core 2: Private acceses = 2080008 | Shared accesses = 524181
Core 3: Private acceses = 1876737 | Shared accesses = 534728
================== END ==================
=========================================
