Input: Dragon_blackscholes_65536_8_64
=========================================
------------------------------
1. Overall execution cycle per core
Core 0: 3371083601249
Core 1: 3404477151681
Core 2: 4132021702127
Core 3: 3445007703298
------------------------------
2. Number of compute cycles per core
Core 0: 10430314
Core 1: 10383276
Core 2: 10430338
Core 3: 10394904
------------------------------
3. Number of load/store instructions per core
Core 0: 2497349
Core 1: 2490468
Core 2: 2509057
Core 3: 2503127
------------------------------
4. Number of idle cycles per core
Core 0: 2652991
Core 1: 2700964
Core 2: 2961258
Core 3: 2709842
------------------------------
5. Data cache miss rate for each core
Core 0: 0.000505336
Core 1: 0.000439275
Core 2: 0.00108527
Core 3: 0.000522147
------------------------------
6. Amount of Data traffic in bytes on the bus
519717952
------------------------------
7. Number of invalidations or updates on the bus
5738
------------------------------
8. Distribution of accesses to private data versus shared data
Core 0: Private acceses = 2022848 | Shared accesses = 474501
Core 1: Private acceses = 2015848 | Shared accesses = 474620
Core 2: Private acceses = 2031899 | Shared accesses = 477158
Core 3: Private acceses = 2025246 | Shared accesses = 477881
================== END ==================
=========================================
