Input: Dragon_fluidanimate_1024_1_128
=========================================
------------------------------
1. Overall execution cycle per core
Core 0: 120469076734967
Core 1: 98474568068041
Core 2: 125244186013996
Core 3: 99309938579552
------------------------------
2. Number of compute cycles per core
Core 0: 11337782
Core 1: 11290799
Core 2: 11337671
Core 3: 11301515
------------------------------
3. Number of load/store instructions per core
Core 0: 2576503
Core 1: 2407844
Core 2: 2604189
Core 3: 2411465
------------------------------
4. Number of idle cycles per core
Core 0: 95333303
Core 1: 81744035
Core 2: 98347323
Core 3: 82992229
------------------------------
5. Data cache miss rate for each core
Core 0: 0.204892
Core 1: 0.190156
Core 2: 0.207967
Core 3: 0.192133
------------------------------
6. Amount of Data traffic in bytes on the bus
1347031168
------------------------------
7. Number of invalidations or updates on the bus
2053
------------------------------
8. Distribution of accesses to private data versus shared data
Core 0: Private acceses = 2213206 | Shared accesses = 363297
Core 1: Private acceses = 2038958 | Shared accesses = 368886
Core 2: Private acceses = 2236827 | Shared accesses = 367362
Core 3: Private acceses = 2049857 | Shared accesses = 361608
================== END ==================
=========================================
