Input: Dragon_fluidanimate_65536_2_32
=========================================
------------------------------
1. Overall execution cycle per core
Core 0: 30577063248570
Core 1: 26260846487638
Core 2: 31289514831596
Core 3: 27203736486762
------------------------------
2. Number of compute cycles per core
Core 0: 11337782
Core 1: 11290799
Core 2: 11337671
Core 3: 11301515
------------------------------
3. Number of load/store instructions per core
Core 0: 2576503
Core 1: 2407844
Core 2: 2604189
Core 3: 2411465
------------------------------
4. Number of idle cycles per core
Core 0: 16176314
Core 1: 14822064
Core 2: 16372090
Core 3: 15374489
------------------------------
5. Data cache miss rate for each core
Core 0: 0.0281517
Core 1: 0.0278893
Core 2: 0.0276274
Core 3: 0.0283923
------------------------------
6. Amount of Data traffic in bytes on the bus
269813504
------------------------------
7. Number of invalidations or updates on the bus
62250
------------------------------
8. Distribution of accesses to private data versus shared data
Core 0: Private acceses = 2087533 | Shared accesses = 488970
Core 1: Private acceses = 1926294 | Shared accesses = 481550
Core 2: Private acceses = 2121023 | Shared accesses = 483166
Core 3: Private acceses = 1897632 | Shared accesses = 513833
================== END ==================
=========================================
