Input: Dragon_bodytrack_4096_2_32
=========================================
------------------------------
1. Overall execution cycle per core
Core 0: 55572866453613
Core 1: 56682367191573
Core 2: 70115676239
Core 3: 56799952453747
------------------------------
2. Number of compute cycles per core
Core 0: 17729254
Core 1: 17120545
Core 2: 17556877
Core 3: 17140113
------------------------------
3. Number of load/store instructions per core
Core 0: 3270132
Core 1: 3287252
Core 2: 117698
Core 3: 3324919
------------------------------
4. Number of idle cycles per core
Core 0: 35859205
Core 1: 35587469
Core 2: 1373529
Core 3: 35835302
------------------------------
5. Data cache miss rate for each core
Core 0: 0.05631
Core 1: 0.0559519
Core 2: 0.0701371
Core 3: 0.0555866
------------------------------
6. Amount of Data traffic in bytes on the bus
293851488
------------------------------
7. Number of invalidations or updates on the bus
1152
------------------------------
8. Distribution of accesses to private data versus shared data
Core 0: Private acceses = 2851194 | Shared accesses = 418938
Core 1: Private acceses = 2827969 | Shared accesses = 459283
Core 2: Private acceses = 94686 | Shared accesses = 23012
Core 3: Private acceses = 2868571 | Shared accesses = 456348
================== END ==================
=========================================
