Input: Dragon_blackscholes_65536_4_32
=========================================
------------------------------
1. Overall execution cycle per core
Core 0: 3535971370441
Core 1: 3569399894764
Core 2: 4670274926329
Core 3: 5653825744078
------------------------------
2. Number of compute cycles per core
Core 0: 10430314
Core 1: 10383276
Core 2: 10430338
Core 3: 10394904
------------------------------
3. Number of load/store instructions per core
Core 0: 2497349
Core 1: 2490468
Core 2: 2509057
Core 3: 2503127
------------------------------
4. Number of idle cycles per core
Core 0: 2738349
Core 1: 2818855
Core 2: 3214486
Core 3: 4371712
------------------------------
5. Data cache miss rate for each core
Core 0: 0.000819269
Core 1: 0.000925529
Core 2: 0.00189474
Core 3: 0.000948813
------------------------------
6. Amount of Data traffic in bytes on the bus
262741600
------------------------------
7. Number of invalidations or updates on the bus
102052
------------------------------
8. Distribution of accesses to private data versus shared data
Core 0: Private acceses = 2023086 | Shared accesses = 474263
Core 1: Private acceses = 2014478 | Shared accesses = 475990
Core 2: Private acceses = 2032726 | Shared accesses = 476331
Core 3: Private acceses = 1830272 | Shared accesses = 672855
================== END ==================
=========================================
