Input: Dragon_bodytrack_4096_4_128
=========================================
------------------------------
1. Overall execution cycle per core
Core 0: 54981563559009
Core 1: 55283318025812
Core 2: 58606102363
Core 3: 55377938000181
------------------------------
2. Number of compute cycles per core
Core 0: 17729254
Core 1: 17120545
Core 2: 17556877
Core 3: 17140113
------------------------------
3. Number of load/store instructions per core
Core 0: 3270132
Core 1: 3287252
Core 2: 117698
Core 3: 3324919
------------------------------
4. Number of idle cycles per core
Core 0: 34805826
Core 1: 34425838
Core 2: 1061944
Core 3: 34297353
------------------------------
5. Data cache miss rate for each core
Core 0: 0.0540091
Core 1: 0.0529771
Core 2: 0.04848
Core 3: 0.0526461
------------------------------
6. Amount of Data traffic in bytes on the bus
1129787520
------------------------------
7. Number of invalidations or updates on the bus
3907
------------------------------
8. Distribution of accesses to private data versus shared data
Core 0: Private acceses = 2716716 | Shared accesses = 553416
Core 1: Private acceses = 2718732 | Shared accesses = 568520
Core 2: Private acceses = 93836 | Shared accesses = 23862
Core 3: Private acceses = 2760696 | Shared accesses = 564223
================== END ==================
=========================================
