Input: Dragon_bodytrack_131072_1_128
=========================================
------------------------------
1. Overall execution cycle per core
Core 0: 20818459667153
Core 1: 19695521296493
Core 2: 49106621797
Core 3: 19276027229980
------------------------------
2. Number of compute cycles per core
Core 0: 17729254
Core 1: 17120545
Core 2: 17556877
Core 3: 17140113
------------------------------
3. Number of load/store instructions per core
Core 0: 3270132
Core 1: 3287252
Core 2: 117698
Core 3: 3324919
------------------------------
4. Number of idle cycles per core
Core 0: 12942488
Core 1: 12507399
Core 2: 783057
Core 3: 12291419
------------------------------
5. Data cache miss rate for each core
Core 0: 0.0221493
Core 1: 0.0219563
Core 2: 0.0402301
Core 3: 0.0217247
------------------------------
6. Amount of Data traffic in bytes on the bus
896192000
------------------------------
7. Number of invalidations or updates on the bus
29775
------------------------------
8. Distribution of accesses to private data versus shared data
Core 0: Private acceses = 2214691 | Shared accesses = 1055441
Core 1: Private acceses = 2175681 | Shared accesses = 1111571
Core 2: Private acceses = 88577 | Shared accesses = 29121
Core 3: Private acceses = 2227424 | Shared accesses = 1097495
================== END ==================
=========================================
