Input: Dragon_blackscholes_65536_2_4
=========================================
------------------------------
1. Overall execution cycle per core
Core 0: 6840947872233
Core 1: 5831862859871
Core 2: 9046926142097
Core 3: 5673558582993
------------------------------
2. Number of compute cycles per core
Core 0: 10430314
Core 1: 10383276
Core 2: 10430338
Core 3: 10394904
------------------------------
3. Number of load/store instructions per core
Core 0: 2497349
Core 1: 2490468
Core 2: 2509057
Core 3: 2503127
------------------------------
4. Number of idle cycles per core
Core 0: 5155771
Core 1: 4328991
Core 2: 5111512
Core 3: 4148754
------------------------------
5. Data cache miss rate for each core
Core 0: 0.00695337
Core 1: 0.00543191
Core 2: 0.00771047
Core 3: 0.00501653
------------------------------
6. Amount of Data traffic in bytes on the bus
31753200
------------------------------
7. Number of invalidations or updates on the bus
2984
------------------------------
8. Distribution of accesses to private data versus shared data
Core 0: Private acceses = 1956879 | Shared accesses = 540470
Core 1: Private acceses = 1951222 | Shared accesses = 539246
Core 2: Private acceses = 2033025 | Shared accesses = 476032
Core 3: Private acceses = 1959701 | Shared accesses = 543426
================== END ==================
=========================================
