Input: Dragon_bodytrack_1024_4_128
=========================================
------------------------------
1. Overall execution cycle per core
Core 0: 129518048267884
Core 1: 129409520650330
Core 2: 222942158090
Core 3: 134556502399545
------------------------------
2. Number of compute cycles per core
Core 0: 17729254
Core 1: 17120545
Core 2: 17556877
Core 3: 17140113
------------------------------
3. Number of load/store instructions per core
Core 0: 3270132
Core 1: 3287252
Core 2: 117698
Core 3: 3324919
------------------------------
4. Number of idle cycles per core
Core 0: 70544226
Core 1: 70327400
Core 2: 3401523
Core 3: 72205621
------------------------------
5. Data cache miss rate for each core
Core 0: 0.11147
Core 1: 0.111689
Core 2: 0.163954
Core 3: 0.112814
------------------------------
6. Amount of Data traffic in bytes on the bus
1287138560
------------------------------
7. Number of invalidations or updates on the bus
840
------------------------------
8. Distribution of accesses to private data versus shared data
Core 0: Private acceses = 2946816 | Shared accesses = 323316
Core 1: Private acceses = 2915029 | Shared accesses = 372223
Core 2: Private acceses = 100777 | Shared accesses = 16921
Core 3: Private acceses = 2968476 | Shared accesses = 356443
================== END ==================
=========================================
