Input: Dragon_fluidanimate_1024_1_64
=========================================
------------------------------
1. Overall execution cycle per core
Core 0: 103338149963465
Core 1: 83184227155362
Core 2: 108140291369053
Core 3: 83821388198172
------------------------------
2. Number of compute cycles per core
Core 0: 11337782
Core 1: 11290799
Core 2: 11337671
Core 3: 11301515
------------------------------
3. Number of load/store instructions per core
Core 0: 2576503
Core 1: 2407844
Core 2: 2604189
Core 3: 2411465
------------------------------
4. Number of idle cycles per core
Core 0: 77031704
Core 1: 63496158
Core 2: 79212593
Core 3: 64411631
------------------------------
5. Data cache miss rate for each core
Core 0: 0.164303
Core 1: 0.146681
Core 2: 0.166355
Core 3: 0.147846
------------------------------
6. Amount of Data traffic in bytes on the bus
646360704
------------------------------
7. Number of invalidations or updates on the bus
1889
------------------------------
8. Distribution of accesses to private data versus shared data
Core 0: Private acceses = 2213065 | Shared accesses = 363438
Core 1: Private acceses = 2036865 | Shared accesses = 370979
Core 2: Private acceses = 2237106 | Shared accesses = 367083
Core 3: Private acceses = 2042241 | Shared accesses = 369224
================== END ==================
=========================================
