Input: Dragon_fluidanimate_1024_8_4
=========================================
------------------------------
1. Overall execution cycle per core
Core 0: 224323426476982
Core 1: 186802321693068
Core 2: 237055476375721
Core 3: 186010866406841
------------------------------
2. Number of compute cycles per core
Core 0: 11337782
Core 1: 11290799
Core 2: 11337671
Core 3: 11301515
------------------------------
3. Number of load/store instructions per core
Core 0: 2576503
Core 1: 2407844
Core 2: 2604189
Core 3: 2411465
------------------------------
4. Number of idle cycles per core
Core 0: 139790817
Core 1: 127271261
Core 2: 144731852
Core 3: 127014045
------------------------------
5. Data cache miss rate for each core
Core 0: 0.269469
Core 1: 0.262414
Core 2: 0.27619
Core 3: 0.261277
------------------------------
6. Amount of Data traffic in bytes on the bus
44533140
------------------------------
7. Number of invalidations or updates on the bus
293
------------------------------
8. Distribution of accesses to private data versus shared data
Core 0: Private acceses = 2192017 | Shared accesses = 384486
Core 1: Private acceses = 2023598 | Shared accesses = 384246
Core 2: Private acceses = 2222239 | Shared accesses = 381950
Core 3: Private acceses = 2025906 | Shared accesses = 385559
================== END ==================
=========================================
