Input: Dragon_bodytrack_65536_1_32
=========================================
------------------------------
1. Overall execution cycle per core
Core 0: 21395663031263
Core 1: 22244890001575
Core 2: 35156815533
Core 3: 21468784099129
------------------------------
2. Number of compute cycles per core
Core 0: 17729254
Core 1: 17120545
Core 2: 17556877
Core 3: 17140113
------------------------------
3. Number of load/store instructions per core
Core 0: 3270132
Core 1: 3287252
Core 2: 117698
Core 3: 3324919
------------------------------
4. Number of idle cycles per core
Core 0: 13349194
Core 1: 13573062
Core 2: 653922
Core 3: 13342909
------------------------------
5. Data cache miss rate for each core
Core 0: 0.0300052
Core 1: 0.0302155
Core 2: 0.0371119
Core 3: 0.0293382
------------------------------
6. Amount of Data traffic in bytes on the bus
231220512
------------------------------
7. Number of invalidations or updates on the bus
17012
------------------------------
8. Distribution of accesses to private data versus shared data
Core 0: Private acceses = 2254354 | Shared accesses = 1015778
Core 1: Private acceses = 2293688 | Shared accesses = 993564
Core 2: Private acceses = 90530 | Shared accesses = 27168
Core 3: Private acceses = 2285365 | Shared accesses = 1039554
================== END ==================
=========================================
