Input: Dragon_blackscholes_131072_2048_64
=========================================
------------------------------
1. Overall execution cycle per core
Core 0: 11492345402471
Core 1: 3341422414388
Core 2: 3754629759569
Core 3: 11607599547850
------------------------------
2. Number of compute cycles per core
Core 0: 10430314
Core 1: 10383276
Core 2: 10430338
Core 3: 10394904
------------------------------
3. Number of load/store instructions per core
Core 0: 2497349
Core 1: 2490468
Core 2: 2509057
Core 3: 2503127
------------------------------
4. Number of idle cycles per core
Core 0: 9164940
Core 1: 2634738
Core 2: 2764764
Core 3: 9231771
------------------------------
5. Data cache miss rate for each core
Core 0: 0.000336357
Core 1: 0.000277859
Core 2: 0.000870447
Core 3: 0.000317603
------------------------------
6. Amount of Data traffic in bytes on the bus
545818304
------------------------------
7. Number of invalidations or updates on the bus
418278
------------------------------
8. Distribution of accesses to private data versus shared data
Core 0: Private acceses = 1607733 | Shared accesses = 889616
Core 1: Private acceses = 2014243 | Shared accesses = 476225
Core 2: Private acceses = 2033109 | Shared accesses = 475948
Core 3: Private acceses = 1607951 | Shared accesses = 895176
================== END ==================
=========================================
