Input: Dragon_bodytrack_16384_8_128
=========================================
------------------------------
1. Overall execution cycle per core
Core 0: 29254313260911
Core 1: 29765659651700
Core 2: 15538599223
Core 3: 29565418534152
------------------------------
2. Number of compute cycles per core
Core 0: 17729254
Core 1: 17120545
Core 2: 17556877
Core 3: 17140113
------------------------------
3. Number of load/store instructions per core
Core 0: 3270132
Core 1: 3287252
Core 2: 117698
Core 3: 3324919
------------------------------
4. Number of idle cycles per core
Core 0: 20712385
Core 1: 21001229
Core 2: 346465
Core 3: 20760224
------------------------------
5. Data cache miss rate for each core
Core 0: 0.0305651
Core 1: 0.0305197
Core 2: 0.0101191
Core 3: 0.0302149
------------------------------
6. Amount of Data traffic in bytes on the bus
1028249856
------------------------------
7. Number of invalidations or updates on the bus
12580
------------------------------
8. Distribution of accesses to private data versus shared data
Core 0: Private acceses = 2508399 | Shared accesses = 761733
Core 1: Private acceses = 2572061 | Shared accesses = 715191
Core 2: Private acceses = 91911 | Shared accesses = 25787
Core 3: Private acceses = 2529752 | Shared accesses = 795167
================== END ==================
=========================================
