Input: Dragon_bodytrack_65536_4_4
=========================================
------------------------------
1. Overall execution cycle per core
Core 0: 20420401400899
Core 1: 23688161336197
Core 2: 60667704580
Core 3: 22814575072558
------------------------------
2. Number of compute cycles per core
Core 0: 17729254
Core 1: 17120545
Core 2: 17556877
Core 3: 17140113
------------------------------
3. Number of load/store instructions per core
Core 0: 3270132
Core 1: 3287252
Core 2: 117698
Core 3: 3324919
------------------------------
4. Number of idle cycles per core
Core 0: 9510779
Core 1: 10652305
Core 2: 1107636
Core 3: 10285632
------------------------------
5. Data cache miss rate for each core
Core 0: 0.0185855
Core 1: 0.0197846
Core 2: 0.0916583
Core 3: 0.0191999
------------------------------
6. Amount of Data traffic in bytes on the bus
27070436
------------------------------
7. Number of invalidations or updates on the bus
16471
------------------------------
8. Distribution of accesses to private data versus shared data
Core 0: Private acceses = 2134659 | Shared accesses = 1135473
Core 1: Private acceses = 2175949 | Shared accesses = 1111303
Core 2: Private acceses = 90468 | Shared accesses = 27230
Core 3: Private acceses = 2179247 | Shared accesses = 1145672
================== END ==================
=========================================
