Input: Dragon_bodytrack_16384_4_128
=========================================
------------------------------
1. Overall execution cycle per core
Core 0: 30629294611909
Core 1: 30032013864684
Core 2: 16016714775
Core 3: 30671277546244
------------------------------
2. Number of compute cycles per core
Core 0: 17729254
Core 1: 17120545
Core 2: 17556877
Core 3: 17140113
------------------------------
3. Number of load/store instructions per core
Core 0: 3270132
Core 1: 3287252
Core 2: 117698
Core 3: 3324919
------------------------------
4. Number of idle cycles per core
Core 0: 21218192
Core 1: 21011292
Core 2: 354559
Core 3: 21131789
------------------------------
5. Data cache miss rate for each core
Core 0: 0.031144
Core 1: 0.0311914
Core 2: 0.0107139
Core 3: 0.0308759
------------------------------
6. Amount of Data traffic in bytes on the bus
1032300800
------------------------------
7. Number of invalidations or updates on the bus
17065
------------------------------
8. Distribution of accesses to private data versus shared data
Core 0: Private acceses = 2533914 | Shared accesses = 736218
Core 1: Private acceses = 2548510 | Shared accesses = 738742
Core 2: Private acceses = 90648 | Shared accesses = 27050
Core 3: Private acceses = 2542000 | Shared accesses = 782919
================== END ==================
=========================================
