Input: Dragon_bodytrack_16384_1_4
=========================================
------------------------------
1. Overall execution cycle per core
Core 0: 59574399246454
Core 1: 58959117857380
Core 2: 99137055451
Core 3: 54403312394003
------------------------------
2. Number of compute cycles per core
Core 0: 17729254
Core 1: 17120545
Core 2: 17556877
Core 3: 17140113
------------------------------
3. Number of load/store instructions per core
Core 0: 3270132
Core 1: 3287252
Core 2: 117698
Core 3: 3324919
------------------------------
4. Number of idle cycles per core
Core 0: 36785652
Core 1: 34696683
Core 2: 2154000
Core 3: 32273632
------------------------------
5. Data cache miss rate for each core
Core 0: 0.0703372
Core 1: 0.0688721
Core 2: 0.115482
Core 3: 0.065432
------------------------------
6. Amount of Data traffic in bytes on the bus
31819064
------------------------------
7. Number of invalidations or updates on the bus
9351
------------------------------
8. Distribution of accesses to private data versus shared data
Core 0: Private acceses = 2433054 | Shared accesses = 837078
Core 1: Private acceses = 2395694 | Shared accesses = 891558
Core 2: Private acceses = 92134 | Shared accesses = 25564
Core 3: Private acceses = 2384947 | Shared accesses = 939972
================== END ==================
=========================================
