Input: Dragon_bodytrack_131072_2_64
=========================================
------------------------------
1. Overall execution cycle per core
Core 0: 13630749018485
Core 1: 13174823281711
Core 2: 15534914603
Core 3: 15011146533861
------------------------------
2. Number of compute cycles per core
Core 0: 17729254
Core 1: 17120545
Core 2: 17556877
Core 3: 17140113
------------------------------
3. Number of load/store instructions per core
Core 0: 3270132
Core 1: 3287252
Core 2: 117698
Core 3: 3324919
------------------------------
4. Number of idle cycles per core
Core 0: 8509038
Core 1: 8316302
Core 2: 305001
Core 3: 8964875
------------------------------
5. Data cache miss rate for each core
Core 0: 0.0179256
Core 1: 0.0179749
Core 2: 0.0127275
Core 3: 0.0175439
------------------------------
6. Amount of Data traffic in bytes on the bus
438899392
------------------------------
7. Number of invalidations or updates on the bus
24774
------------------------------
8. Distribution of accesses to private data versus shared data
Core 0: Private acceses = 2140462 | Shared accesses = 1129670
Core 1: Private acceses = 2148924 | Shared accesses = 1138328
Core 2: Private acceses = 89423 | Shared accesses = 28275
Core 3: Private acceses = 2251707 | Shared accesses = 1073212
================== END ==================
=========================================
