Input: Dragon_bodytrack_4096_1_128
=========================================
------------------------------
1. Overall execution cycle per core
Core 0: 79257842833377
Core 1: 81294220105098
Core 2: 193417981191
Core 3: 83002230558454
------------------------------
2. Number of compute cycles per core
Core 0: 17729254
Core 1: 17120545
Core 2: 17556877
Core 3: 17140113
------------------------------
3. Number of load/store instructions per core
Core 0: 3270132
Core 1: 3287252
Core 2: 117698
Core 3: 3324919
------------------------------
4. Number of idle cycles per core
Core 0: 45708054
Core 1: 46118899
Core 2: 3133618
Core 3: 46919727
------------------------------
5. Data cache miss rate for each core
Core 0: 0.0746239
Core 1: 0.0760638
Core 2: 0.174124
Core 3: 0.0759979
------------------------------
6. Amount of Data traffic in bytes on the bus
1174568832
------------------------------
7. Number of invalidations or updates on the bus
3766
------------------------------
8. Distribution of accesses to private data versus shared data
Core 0: Private acceses = 2779836 | Shared accesses = 490296
Core 1: Private acceses = 2711503 | Shared accesses = 575749
Core 2: Private acceses = 94968 | Shared accesses = 22730
Core 3: Private acceses = 2819614 | Shared accesses = 505305
================== END ==================
=========================================
