Input: Dragon_bodytrack_131072_1_64
=========================================
------------------------------
1. Overall execution cycle per core
Core 0: 16822436119325
Core 1: 17354150166249
Core 2: 27479854501
Core 3: 16403641250725
------------------------------
2. Number of compute cycles per core
Core 0: 17729254
Core 1: 17120545
Core 2: 17556877
Core 3: 17140113
------------------------------
3. Number of load/store instructions per core
Core 0: 3270132
Core 1: 3287252
Core 2: 117698
Core 3: 3324919
------------------------------
4. Number of idle cycles per core
Core 0: 10473132
Core 1: 10636638
Core 2: 500914
Core 3: 10193686
------------------------------
5. Data cache miss rate for each core
Core 0: 0.0211631
Core 1: 0.021243
Core 2: 0.0244184
Core 3: 0.020587
------------------------------
6. Amount of Data traffic in bytes on the bus
445604480
------------------------------
7. Number of invalidations or updates on the bus
21414
------------------------------
8. Distribution of accesses to private data versus shared data
Core 0: Private acceses = 2171066 | Shared accesses = 1099066
Core 1: Private acceses = 2237602 | Shared accesses = 1049650
Core 2: Private acceses = 88681 | Shared accesses = 29017
Core 3: Private acceses = 2218514 | Shared accesses = 1106405
================== END ==================
=========================================
