Input: Dragon_fluidanimate_16384_4_4
=========================================
------------------------------
1. Overall execution cycle per core
Core 0: 146622023829738
Core 1: 128878902548178
Core 2: 148417624776851
Core 3: 130191049436210
------------------------------
2. Number of compute cycles per core
Core 0: 11337782
Core 1: 11290799
Core 2: 11337671
Core 3: 11301515
------------------------------
3. Number of load/store instructions per core
Core 0: 2576503
Core 1: 2407844
Core 2: 2604189
Core 3: 2411465
------------------------------
4. Number of idle cycles per core
Core 0: 73358504
Core 1: 69133301
Core 2: 73624522
Core 3: 70110794
------------------------------
5. Data cache miss rate for each core
Core 0: 0.140901
Core 1: 0.14171
Core 2: 0.140001
Core 3: 0.143655
------------------------------
6. Amount of Data traffic in bytes on the bus
38931620
------------------------------
7. Number of invalidations or updates on the bus
14123
------------------------------
8. Distribution of accesses to private data versus shared data
Core 0: Private acceses = 2138546 | Shared accesses = 437957
Core 1: Private acceses = 2029290 | Shared accesses = 378554
Core 2: Private acceses = 2180908 | Shared accesses = 423281
Core 3: Private acceses = 1970322 | Shared accesses = 441143
================== END ==================
=========================================
