Input: Dragon_blackscholes_16384_256_64
=========================================
------------------------------
1. Overall execution cycle per core
Core 0: 3712989691136
Core 1: 3574220180655
Core 2: 4880344966848
Core 3: 3661935119490
------------------------------
2. Number of compute cycles per core
Core 0: 10430314
Core 1: 10383276
Core 2: 10430338
Core 3: 10394904
------------------------------
3. Number of load/store instructions per core
Core 0: 2497349
Core 1: 2490468
Core 2: 2509057
Core 3: 2503127
------------------------------
4. Number of idle cycles per core
Core 0: 2944811
Core 1: 2866361
Core 2: 3396847
Core 3: 2905253
------------------------------
5. Data cache miss rate for each core
Core 0: 0.00105312
Core 1: 0.000921915
Core 2: 0.00200912
Core 3: 0.000985967
------------------------------
6. Amount of Data traffic in bytes on the bus
519688896
------------------------------
7. Number of invalidations or updates on the bus
1994
------------------------------
8. Distribution of accesses to private data versus shared data
Core 0: Private acceses = 2027098 | Shared accesses = 470251
Core 1: Private acceses = 2017356 | Shared accesses = 473112
Core 2: Private acceses = 2032356 | Shared accesses = 476701
Core 3: Private acceses = 2026416 | Shared accesses = 476711
================== END ==================
=========================================
