Input: Dragon_blackscholes_4096_4_64
=========================================
------------------------------
1. Overall execution cycle per core
Core 0: 12343338762629
Core 1: 12230326896015
Core 2: 14014503415519
Core 3: 12588957286736
------------------------------
2. Number of compute cycles per core
Core 0: 10430314
Core 1: 10383276
Core 2: 10430338
Core 3: 10394904
------------------------------
3. Number of load/store instructions per core
Core 0: 2497349
Core 1: 2490468
Core 2: 2509057
Core 3: 2503127
------------------------------
4. Number of idle cycles per core
Core 0: 9841368
Core 1: 9803664
Core 2: 10508161
Core 3: 9952966
------------------------------
5. Data cache miss rate for each core
Core 0: 0.0235478
Core 1: 0.0234442
Core 2: 0.0247551
Core 3: 0.0236632
------------------------------
6. Amount of Data traffic in bytes on the bus
536130816
------------------------------
7. Number of invalidations or updates on the bus
590
------------------------------
8. Distribution of accesses to private data versus shared data
Core 0: Private acceses = 2032343 | Shared accesses = 465006
Core 1: Private acceses = 2028594 | Shared accesses = 461874
Core 2: Private acceses = 2045085 | Shared accesses = 463972
Core 3: Private acceses = 2038041 | Shared accesses = 465086
================== END ==================
=========================================
