Input: Dragon_fluidanimate_131072_8_32
=========================================
------------------------------
1. Overall execution cycle per core
Core 0: 28864369421542
Core 1: 25144055618337
Core 2: 29796576897900
Core 3: 26043808621591
------------------------------
2. Number of compute cycles per core
Core 0: 11337782
Core 1: 11290799
Core 2: 11337671
Core 3: 11301515
------------------------------
3. Number of load/store instructions per core
Core 0: 2576503
Core 1: 2407844
Core 2: 2604189
Core 3: 2411465
------------------------------
4. Number of idle cycles per core
Core 0: 15276171
Core 1: 14282074
Core 2: 15575693
Core 3: 14780278
------------------------------
5. Data cache miss rate for each core
Core 0: 0.0270347
Core 1: 0.0270449
Core 2: 0.0264512
Core 3: 0.0275024
------------------------------
6. Amount of Data traffic in bytes on the bus
269829152
------------------------------
7. Number of invalidations or updates on the bus
94442
------------------------------
8. Distribution of accesses to private data versus shared data
Core 0: Private acceses = 2084131 | Shared accesses = 492372
Core 1: Private acceses = 1941315 | Shared accesses = 466529
Core 2: Private acceses = 2082043 | Shared accesses = 522146
Core 3: Private acceses = 1866420 | Shared accesses = 545045
================== END ==================
=========================================
