Input: Dragon_bodytrack_4096_8_128
=========================================
------------------------------
1. Overall execution cycle per core
Core 0: 51224814731087
Core 1: 51195951103699
Core 2: 57287330124
Core 3: 51970918115476
------------------------------
2. Number of compute cycles per core
Core 0: 17729254
Core 1: 17120545
Core 2: 17556877
Core 3: 17140113
------------------------------
3. Number of load/store instructions per core
Core 0: 3270132
Core 1: 3287252
Core 2: 117698
Core 3: 3324919
------------------------------
4. Number of idle cycles per core
Core 0: 33104096
Core 1: 32651656
Core 2: 1041066
Core 3: 32855306
------------------------------
5. Data cache miss rate for each core
Core 0: 0.0500053
Core 1: 0.0488192
Core 2: 0.0460671
Core 3: 0.0491191
------------------------------
6. Amount of Data traffic in bytes on the bus
1120163456
------------------------------
7. Number of invalidations or updates on the bus
3656
------------------------------
8. Distribution of accesses to private data versus shared data
Core 0: Private acceses = 2717893 | Shared accesses = 552239
Core 1: Private acceses = 2736623 | Shared accesses = 550629
Core 2: Private acceses = 95489 | Shared accesses = 22209
Core 3: Private acceses = 2706001 | Shared accesses = 618918
================== END ==================
=========================================
