Input: Dragon_blackscholes_1024_4_32
=========================================
------------------------------
1. Overall execution cycle per core
Core 0: 45639213667220
Core 1: 45358368233339
Core 2: 48512647127840
Core 3: 46328122223506
------------------------------
2. Number of compute cycles per core
Core 0: 10430314
Core 1: 10383276
Core 2: 10430338
Core 3: 10394904
------------------------------
3. Number of load/store instructions per core
Core 0: 2497349
Core 1: 2490468
Core 2: 2509057
Core 3: 2503127
------------------------------
4. Number of idle cycles per core
Core 0: 36499204
Core 1: 36440887
Core 2: 37822865
Core 3: 36923459
------------------------------
5. Data cache miss rate for each core
Core 0: 0.114945
Core 1: 0.114837
Core 2: 0.116487
Core 3: 0.115072
------------------------------
6. Amount of Data traffic in bytes on the bus
303014368
------------------------------
7. Number of invalidations or updates on the bus
156
------------------------------
8. Distribution of accesses to private data versus shared data
Core 0: Private acceses = 2079392 | Shared accesses = 417957
Core 1: Private acceses = 2074083 | Shared accesses = 416385
Core 2: Private acceses = 2094864 | Shared accesses = 414193
Core 3: Private acceses = 2087320 | Shared accesses = 415807
================== END ==================
=========================================
