Input: Dragon_bodytrack_65536_1_4
=========================================
------------------------------
1. Overall execution cycle per core
Core 0: 27189596618574
Core 1: 31192008351932
Core 2: 80096362197
Core 3: 30007722674929
------------------------------
2. Number of compute cycles per core
Core 0: 17729254
Core 1: 17120545
Core 2: 17556877
Core 3: 17140113
------------------------------
3. Number of load/store instructions per core
Core 0: 3270132
Core 1: 3287252
Core 2: 117698
Core 3: 3324919
------------------------------
4. Number of idle cycles per core
Core 0: 14008861
Core 1: 15397473
Core 2: 1584185
Core 3: 15020867
------------------------------
5. Data cache miss rate for each core
Core 0: 0.0321938
Core 1: 0.033737
Core 2: 0.108328
Core 3: 0.0321984
------------------------------
6. Amount of Data traffic in bytes on the bus
27761424
------------------------------
7. Number of invalidations or updates on the bus
14432
------------------------------
8. Distribution of accesses to private data versus shared data
Core 0: Private acceses = 2151489 | Shared accesses = 1118643
Core 1: Private acceses = 2178485 | Shared accesses = 1108767
Core 2: Private acceses = 90719 | Shared accesses = 26979
Core 3: Private acceses = 2208602 | Shared accesses = 1116317
================== END ==================
=========================================
