Input: Dragon_bodytrack_1024_4_32
=========================================
------------------------------
1. Overall execution cycle per core
Core 0: 96928063350955
Core 1: 99759428227462
Core 2: 130499956279
Core 3: 100868687097169
------------------------------
2. Number of compute cycles per core
Core 0: 17729254
Core 1: 17120545
Core 2: 17556877
Core 3: 17140113
------------------------------
3. Number of load/store instructions per core
Core 0: 3270132
Core 1: 3287252
Core 2: 117698
Core 3: 3324919
------------------------------
4. Number of idle cycles per core
Core 0: 56327144
Core 1: 57155497
Core 2: 2311857
Core 3: 57529686
------------------------------
5. Data cache miss rate for each core
Core 0: 0.0913804
Core 1: 0.0922759
Core 2: 0.103213
Core 3: 0.0927824
------------------------------
6. Amount of Data traffic in bytes on the bus
314075776
------------------------------
7. Number of invalidations or updates on the bus
333
------------------------------
8. Distribution of accesses to private data versus shared data
Core 0: Private acceses = 2895657 | Shared accesses = 374475
Core 1: Private acceses = 2947355 | Shared accesses = 339897
Core 2: Private acceses = 97400 | Shared accesses = 20298
Core 3: Private acceses = 2962805 | Shared accesses = 362114
================== END ==================
=========================================
