Input: Dragon_fluidanimate_65536_512_128
=========================================
------------------------------
1. Overall execution cycle per core
Core 0: 12684731680719
Core 1: 11363385342466
Core 2: 14169013011774
Core 3: 13652430478642
------------------------------
2. Number of compute cycles per core
Core 0: 11337782
Core 1: 11290799
Core 2: 11337671
Core 3: 11301515
------------------------------
3. Number of load/store instructions per core
Core 0: 2576503
Core 1: 2407844
Core 2: 2604189
Core 3: 2411465
------------------------------
4. Number of idle cycles per core
Core 0: 7307744
Core 1: 6987951
Core 2: 7868156
Core 3: 7919726
------------------------------
5. Data cache miss rate for each core
Core 0: 0.00889073
Core 1: 0.00886353
Core 2: 0.00886687
Core 3: 0.00895306
------------------------------
6. Amount of Data traffic in bytes on the bus
1059092992
------------------------------
7. Number of invalidations or updates on the bus
48845
------------------------------
8. Distribution of accesses to private data versus shared data
Core 0: Private acceses = 2068172 | Shared accesses = 508331
Core 1: Private acceses = 1907040 | Shared accesses = 500804
Core 2: Private acceses = 2099939 | Shared accesses = 504250
Core 3: Private acceses = 1890172 | Shared accesses = 521293
================== END ==================
=========================================
