Input: Dragon_blackscholes_1024_1_4
=========================================
------------------------------
1. Overall execution cycle per core
Core 0: 129834164061317
Core 1: 128837466239938
Core 2: 136854641413182
Core 3: 130894159183916
------------------------------
2. Number of compute cycles per core
Core 0: 10430314
Core 1: 10383276
Core 2: 10430338
Core 3: 10394904
------------------------------
3. Number of load/store instructions per core
Core 0: 2497349
Core 1: 2490468
Core 2: 2509057
Core 3: 2503127
------------------------------
4. Number of idle cycles per core
Core 0: 103869192
Core 1: 103464656
Core 2: 106700462
Core 3: 104388819
------------------------------
5. Data cache miss rate for each core
Core 0: 0.242751
Core 1: 0.242643
Core 2: 0.247256
Core 3: 0.242999
------------------------------
6. Amount of Data traffic in bytes on the bus
42722300
------------------------------
7. Number of invalidations or updates on the bus
258
------------------------------
8. Distribution of accesses to private data versus shared data
Core 0: Private acceses = 2072516 | Shared accesses = 424833
Core 1: Private acceses = 2065668 | Shared accesses = 424800
Core 2: Private acceses = 2086149 | Shared accesses = 422908
Core 3: Private acceses = 2077967 | Shared accesses = 425160
================== END ==================
=========================================
