Input: Dragon_bodytrack_16384_8_32
=========================================
------------------------------
1. Overall execution cycle per core
Core 0: 33471594500828
Core 1: 33630395217656
Core 2: 26280416077
Core 3: 34483536478121
------------------------------
2. Number of compute cycles per core
Core 0: 17729254
Core 1: 17120545
Core 2: 17556877
Core 3: 17140113
------------------------------
3. Number of load/store instructions per core
Core 0: 3270132
Core 1: 3287252
Core 2: 117698
Core 3: 3324919
------------------------------
4. Number of idle cycles per core
Core 0: 23399742
Core 1: 23203150
Core 2: 558584
Core 3: 23003206
------------------------------
5. Data cache miss rate for each core
Core 0: 0.0427178
Core 1: 0.0432814
Core 2: 0.0235518
Core 3: 0.042337
------------------------------
6. Amount of Data traffic in bytes on the bus
258652448
------------------------------
7. Number of invalidations or updates on the bus
10283
------------------------------
8. Distribution of accesses to private data versus shared data
Core 0: Private acceses = 2536047 | Shared accesses = 734085
Core 1: Private acceses = 2530749 | Shared accesses = 756503
Core 2: Private acceses = 91271 | Shared accesses = 26427
Core 3: Private acceses = 2533766 | Shared accesses = 791153
================== END ==================
=========================================
