Input: Dragon_fluidanimate_4096_2_128
=========================================
------------------------------
1. Overall execution cycle per core
Core 0: 42917170230323
Core 1: 33350058493188
Core 2: 45969847104535
Core 3: 33672368476111
------------------------------
2. Number of compute cycles per core
Core 0: 11337782
Core 1: 11290799
Core 2: 11337671
Core 3: 11301515
------------------------------
3. Number of load/store instructions per core
Core 0: 2576503
Core 1: 2407844
Core 2: 2604189
Core 3: 2411465
------------------------------
4. Number of idle cycles per core
Core 0: 28281418
Core 1: 21136580
Core 2: 29700052
Core 3: 21235300
------------------------------
5. Data cache miss rate for each core
Core 0: 0.0566279
Core 1: 0.0438293
Core 2: 0.0593482
Core 3: 0.0435984
------------------------------
6. Amount of Data traffic in bytes on the bus
1126064256
------------------------------
7. Number of invalidations or updates on the bus
6366
------------------------------
8. Distribution of accesses to private data versus shared data
Core 0: Private acceses = 2154520 | Shared accesses = 421983
Core 1: Private acceses = 1961803 | Shared accesses = 446041
Core 2: Private acceses = 2174459 | Shared accesses = 429730
Core 3: Private acceses = 1967311 | Shared accesses = 444154
================== END ==================
=========================================
