Input: Dragon_bodytrack_131072_2_4
=========================================
------------------------------
1. Overall execution cycle per core
Core 0: 17631569410063
Core 1: 20982393687667
Core 2: 59392231907
Core 3: 20638847587978
------------------------------
2. Number of compute cycles per core
Core 0: 17729254
Core 1: 17120545
Core 2: 17556877
Core 3: 17140113
------------------------------
3. Number of load/store instructions per core
Core 0: 3270132
Core 1: 3287252
Core 2: 117698
Core 3: 3324919
------------------------------
4. Number of idle cycles per core
Core 0: 8315155
Core 1: 9450746
Core 2: 1055224
Core 3: 9320393
------------------------------
5. Data cache miss rate for each core
Core 0: 0.0173495
Core 1: 0.0184896
Core 2: 0.0921001
Core 3: 0.0176028
------------------------------
6. Amount of Data traffic in bytes on the bus
26935340
------------------------------
7. Number of invalidations or updates on the bus
18306
------------------------------
8. Distribution of accesses to private data versus shared data
Core 0: Private acceses = 2131403 | Shared accesses = 1138729
Core 1: Private acceses = 2154290 | Shared accesses = 1132962
Core 2: Private acceses = 90250 | Shared accesses = 27448
Core 3: Private acceses = 2201725 | Shared accesses = 1123194
================== END ==================
=========================================
