Input: Dragon_bodytrack_65536_2048_32
=========================================
------------------------------
1. Overall execution cycle per core
Core 0: 13864694483865
Core 1: 14205506647354
Core 2: 17034838296
Core 3: 14100448587427
------------------------------
2. Number of compute cycles per core
Core 0: 17729254
Core 1: 17120545
Core 2: 17556877
Core 3: 17140113
------------------------------
3. Number of load/store instructions per core
Core 0: 3270132
Core 1: 3287252
Core 2: 117698
Core 3: 3324919
------------------------------
4. Number of idle cycles per core
Core 0: 8231197
Core 1: 8227192
Core 2: 347106
Core 3: 8222296
------------------------------
5. Data cache miss rate for each core
Core 0: 0.0189751
Core 1: 0.0188756
Core 2: 0.0199069
Core 3: 0.0189866
------------------------------
6. Amount of Data traffic in bytes on the bus
217433184
------------------------------
7. Number of invalidations or updates on the bus
21469
------------------------------
8. Distribution of accesses to private data versus shared data
Core 0: Private acceses = 2140052 | Shared accesses = 1130080
Core 1: Private acceses = 2180953 | Shared accesses = 1106299
Core 2: Private acceses = 89497 | Shared accesses = 28201
Core 3: Private acceses = 2181178 | Shared accesses = 1143741
================== END ==================
=========================================
