Input: Dragon_fluidanimate_1024_32_32
=========================================
------------------------------
1. Overall execution cycle per core
Core 0: 62323913128393
Core 1: 51620236714716
Core 2: 67149361107400
Core 3: 51297527913398
------------------------------
2. Number of compute cycles per core
Core 0: 11337782
Core 1: 11290799
Core 2: 11337671
Core 3: 11301515
------------------------------
3. Number of load/store instructions per core
Core 0: 2576503
Core 1: 2407844
Core 2: 2604189
Core 3: 2411465
------------------------------
4. Number of idle cycles per core
Core 0: 41341057
Core 1: 35981079
Core 2: 43209677
Core 3: 35773439
------------------------------
5. Data cache miss rate for each core
Core 0: 0.0782118
Core 1: 0.0719569
Core 2: 0.0808494
Core 3: 0.0712509
------------------------------
6. Amount of Data traffic in bytes on the bus
292197760
------------------------------
7. Number of invalidations or updates on the bus
393
------------------------------
8. Distribution of accesses to private data versus shared data
Core 0: Private acceses = 2159426 | Shared accesses = 417077
Core 1: Private acceses = 1997217 | Shared accesses = 410627
Core 2: Private acceses = 2200032 | Shared accesses = 404157
Core 3: Private acceses = 2016485 | Shared accesses = 394980
================== END ==================
=========================================
