Input: Dragon_bodytrack_4096_4_32
=========================================
------------------------------
1. Overall execution cycle per core
Core 0: 51919064768153
Core 1: 54574439703559
Core 2: 64314570239
Core 3: 53995447647659
------------------------------
2. Number of compute cycles per core
Core 0: 17729254
Core 1: 17120545
Core 2: 17556877
Core 3: 17140113
------------------------------
3. Number of load/store instructions per core
Core 0: 3270132
Core 1: 3287252
Core 2: 117698
Core 3: 3324919
------------------------------
4. Number of idle cycles per core
Core 0: 33428592
Core 1: 34776869
Core 2: 1247214
Core 3: 34231867
------------------------------
5. Data cache miss rate for each core
Core 0: 0.053182
Core 1: 0.0538508
Core 2: 0.0622101
Core 3: 0.0534127
------------------------------
6. Amount of Data traffic in bytes on the bus
287266880
------------------------------
7. Number of invalidations or updates on the bus
1139
------------------------------
8. Distribution of accesses to private data versus shared data
Core 0: Private acceses = 2727060 | Shared accesses = 543072
Core 1: Private acceses = 2833188 | Shared accesses = 454064
Core 2: Private acceses = 95839 | Shared accesses = 21859
Core 3: Private acceses = 2811702 | Shared accesses = 513217
================== END ==================
=========================================
