Input: Dragon_fluidanimate_16384_4_64
=========================================
------------------------------
1. Overall execution cycle per core
Core 0: 22039248871192
Core 1: 19297167283542
Core 2: 23517337377464
Core 3: 19193303028179
------------------------------
2. Number of compute cycles per core
Core 0: 11337782
Core 1: 11290799
Core 2: 11337671
Core 3: 11301515
------------------------------
3. Number of load/store instructions per core
Core 0: 2576503
Core 1: 2407844
Core 2: 2604189
Core 3: 2411465
------------------------------
4. Number of idle cycles per core
Core 0: 12070384
Core 1: 11210366
Core 2: 12574649
Core 3: 11150508
------------------------------
5. Data cache miss rate for each core
Core 0: 0.0199518
Core 1: 0.0199411
Core 2: 0.0209148
Core 3: 0.0195574
------------------------------
6. Amount of Data traffic in bytes on the bus
535719744
------------------------------
7. Number of invalidations or updates on the bus
10768
------------------------------
8. Distribution of accesses to private data versus shared data
Core 0: Private acceses = 2105340 | Shared accesses = 471163
Core 1: Private acceses = 1966302 | Shared accesses = 441542
Core 2: Private acceses = 2132218 | Shared accesses = 471971
Core 3: Private acceses = 1911190 | Shared accesses = 500275
================== END ==================
=========================================
