Input: Dragon_bodytrack_131072_4_64
=========================================
------------------------------
1. Overall execution cycle per core
Core 0: 12743041506944
Core 1: 11721933126964
Core 2: 14058032521
Core 3: 12026002971230
------------------------------
2. Number of compute cycles per core
Core 0: 17729254
Core 1: 17120545
Core 2: 17556877
Core 3: 17140113
------------------------------
3. Number of load/store instructions per core
Core 0: 3270132
Core 1: 3287252
Core 2: 117698
Core 3: 3324919
------------------------------
4. Number of idle cycles per core
Core 0: 7662340
Core 1: 7216239
Core 2: 280851
Core 3: 7226190
------------------------------
5. Data cache miss rate for each core
Core 0: 0.0159568
Core 1: 0.0156286
Core 2: 0.0111982
Core 3: 0.0154142
------------------------------
6. Amount of Data traffic in bytes on the bus
430779200
------------------------------
7. Number of invalidations or updates on the bus
25389
------------------------------
8. Distribution of accesses to private data versus shared data
Core 0: Private acceses = 2148520 | Shared accesses = 1121612
Core 1: Private acceses = 2127720 | Shared accesses = 1159532
Core 2: Private acceses = 88216 | Shared accesses = 29482
Core 3: Private acceses = 2156304 | Shared accesses = 1168615
================== END ==================
=========================================
