Input: Dragon_bodytrack_16384_4096_4
=========================================
------------------------------
1. Overall execution cycle per core
Core 0: 33697375625586
Core 1: 36362002454673
Core 2: 80370298991
Core 3: 35188049111665
------------------------------
2. Number of compute cycles per core
Core 0: 17729254
Core 1: 17120545
Core 2: 17556877
Core 3: 17140113
------------------------------
3. Number of load/store instructions per core
Core 0: 3270132
Core 1: 3287252
Core 2: 117698
Core 3: 3324919
------------------------------
4. Number of idle cycles per core
Core 0: 19179153
Core 1: 19844662
Core 2: 1955558
Core 3: 19496441
------------------------------
5. Data cache miss rate for each core
Core 0: 0.039644
Core 1: 0.0411833
Core 2: 0.108991
Core 3: 0.0399917
------------------------------
6. Amount of Data traffic in bytes on the bus
28529116
------------------------------
7. Number of invalidations or updates on the bus
15167
------------------------------
8. Distribution of accesses to private data versus shared data
Core 0: Private acceses = 2216824 | Shared accesses = 1053308
Core 1: Private acceses = 2211974 | Shared accesses = 1075278
Core 2: Private acceses = 91305 | Shared accesses = 26393
Core 3: Private acceses = 2232451 | Shared accesses = 1092468
================== END ==================
=========================================
