Input: Dragon_fluidanimate_65536_1_4
=========================================
------------------------------
1. Overall execution cycle per core
Core 0: 142083632145283
Core 1: 124615984597217
Core 2: 141458829918328
Core 3: 125696975793522
------------------------------
2. Number of compute cycles per core
Core 0: 11337782
Core 1: 11290799
Core 2: 11337671
Core 3: 11301515
------------------------------
3. Number of load/store instructions per core
Core 0: 2576503
Core 1: 2407844
Core 2: 2604189
Core 3: 2411465
------------------------------
4. Number of idle cycles per core
Core 0: 71368550
Core 1: 67328317
Core 2: 71039479
Core 3: 68066471
------------------------------
5. Data cache miss rate for each core
Core 0: 0.141568
Core 1: 0.142694
Core 2: 0.139221
Core 3: 0.144226
------------------------------
6. Amount of Data traffic in bytes on the bus
38525840
------------------------------
7. Number of invalidations or updates on the bus
45879
------------------------------
8. Distribution of accesses to private data versus shared data
Core 0: Private acceses = 2125270 | Shared accesses = 451233
Core 1: Private acceses = 1984612 | Shared accesses = 423232
Core 2: Private acceses = 2150333 | Shared accesses = 453856
Core 3: Private acceses = 1947008 | Shared accesses = 464457
================== END ==================
=========================================
