Input: Dragon_fluidanimate_1024_4_32
=========================================
------------------------------
1. Overall execution cycle per core
Core 0: 71125201492050
Core 1: 57101097914526
Core 2: 74808602059157
Core 3: 56507830158699
------------------------------
2. Number of compute cycles per core
Core 0: 11337782
Core 1: 11290799
Core 2: 11337671
Core 3: 11301515
------------------------------
3. Number of load/store instructions per core
Core 0: 2576503
Core 1: 2407844
Core 2: 2604189
Core 3: 2411465
------------------------------
4. Number of idle cycles per core
Core 0: 47727991
Core 1: 39702091
Core 2: 49067022
Core 3: 39139394
------------------------------
5. Data cache miss rate for each core
Core 0: 0.0949597
Core 1: 0.0826553
Core 2: 0.0959013
Core 3: 0.081161
------------------------------
6. Amount of Data traffic in bytes on the bus
296328672
------------------------------
7. Number of invalidations or updates on the bus
2005
------------------------------
8. Distribution of accesses to private data versus shared data
Core 0: Private acceses = 2162338 | Shared accesses = 414165
Core 1: Private acceses = 2002415 | Shared accesses = 405429
Core 2: Private acceses = 2195762 | Shared accesses = 408427
Core 3: Private acceses = 2004898 | Shared accesses = 406567
================== END ==================
=========================================
