Input: Dragon_bodytrack_131072_1_4
=========================================
------------------------------
1. Overall execution cycle per core
Core 0: 22239159790943
Core 1: 23709953367960
Core 2: 73028664792
Core 3: 24812734028532
------------------------------
2. Number of compute cycles per core
Core 0: 17729254
Core 1: 17120545
Core 2: 17556877
Core 3: 17140113
------------------------------
3. Number of load/store instructions per core
Core 0: 3270132
Core 1: 3287252
Core 2: 117698
Core 3: 3324919
------------------------------
4. Number of idle cycles per core
Core 0: 10966824
Core 1: 11546169
Core 2: 1457128
Core 3: 11780570
------------------------------
5. Data cache miss rate for each core
Core 0: 0.024084
Core 1: 0.0259633
Core 2: 0.102729
Core 3: 0.024209
------------------------------
6. Amount of Data traffic in bytes on the bus
27294784
------------------------------
7. Number of invalidations or updates on the bus
16990
------------------------------
8. Distribution of accesses to private data versus shared data
Core 0: Private acceses = 2147459 | Shared accesses = 1122673
Core 1: Private acceses = 2155230 | Shared accesses = 1132022
Core 2: Private acceses = 91583 | Shared accesses = 26115
Core 3: Private acceses = 2205958 | Shared accesses = 1118961
================== END ==================
=========================================
