Input: Dragon_bodytrack_16384_1_32
=========================================
------------------------------
1. Overall execution cycle per core
Core 0: 38808777126665
Core 1: 41247047167158
Core 2: 40509002044
Core 3: 40072342289030
------------------------------
2. Number of compute cycles per core
Core 0: 17729254
Core 1: 17120545
Core 2: 17556877
Core 3: 17140113
------------------------------
3. Number of load/store instructions per core
Core 0: 3270132
Core 1: 3287252
Core 2: 117698
Core 3: 3324919
------------------------------
4. Number of idle cycles per core
Core 0: 26123803
Core 1: 26574636
Core 2: 827706
Core 3: 26075010
------------------------------
5. Data cache miss rate for each core
Core 0: 0.0477069
Core 1: 0.0477277
Core 2: 0.0410712
Core 3: 0.0473888
------------------------------
6. Amount of Data traffic in bytes on the bus
270787584
------------------------------
7. Number of invalidations or updates on the bus
7658
------------------------------
8. Distribution of accesses to private data versus shared data
Core 0: Private acceses = 2635263 | Shared accesses = 634869
Core 1: Private acceses = 2654093 | Shared accesses = 633159
Core 2: Private acceses = 92333 | Shared accesses = 25365
Core 3: Private acceses = 2634291 | Shared accesses = 690628
================== END ==================
=========================================
