Input: Dragon_bodytrack_1024_1_128
=========================================
------------------------------
1. Overall execution cycle per core
Core 0: 168068985745840
Core 1: 168720144234218
Core 2: 313084209740
Core 3: 176258891326545
------------------------------
2. Number of compute cycles per core
Core 0: 17729254
Core 1: 17120545
Core 2: 17556877
Core 3: 17140113
------------------------------
3. Number of load/store instructions per core
Core 0: 3270132
Core 1: 3287252
Core 2: 117698
Core 3: 3324919
------------------------------
4. Number of idle cycles per core
Core 0: 95361116
Core 1: 94893752
Core 2: 5047253
Core 3: 98145709
------------------------------
5. Data cache miss rate for each core
Core 0: 0.152815
Core 1: 0.151366
Core 2: 0.249724
Core 3: 0.154932
------------------------------
6. Amount of Data traffic in bytes on the bus
1345496320
------------------------------
7. Number of invalidations or updates on the bus
848
------------------------------
8. Distribution of accesses to private data versus shared data
Core 0: Private acceses = 2928802 | Shared accesses = 341330
Core 1: Private acceses = 2961568 | Shared accesses = 325684
Core 2: Private acceses = 103297 | Shared accesses = 14401
Core 3: Private acceses = 2992385 | Shared accesses = 332534
================== END ==================
=========================================
