Input: Dragon_bodytrack_16384_4_4
=========================================
------------------------------
1. Overall execution cycle per core
Core 0: 40204112514614
Core 1: 45512655457073
Core 2: 83333851051
Core 3: 46190221203794
------------------------------
2. Number of compute cycles per core
Core 0: 17729254
Core 1: 17120545
Core 2: 17556877
Core 3: 17140113
------------------------------
3. Number of load/store instructions per core
Core 0: 3270132
Core 1: 3287252
Core 2: 117698
Core 3: 3324919
------------------------------
4. Number of idle cycles per core
Core 0: 23862600
Core 1: 25709974
Core 2: 1848458
Core 3: 26719520
------------------------------
5. Data cache miss rate for each core
Core 0: 0.0530761
Core 1: 0.0553088
Core 2: 0.102381
Core 3: 0.0550916
------------------------------
6. Amount of Data traffic in bytes on the bus
29389852
------------------------------
7. Number of invalidations or updates on the bus
9817
------------------------------
8. Distribution of accesses to private data versus shared data
Core 0: Private acceses = 2202354 | Shared accesses = 1067778
Core 1: Private acceses = 2235109 | Shared accesses = 1052143
Core 2: Private acceses = 92101 | Shared accesses = 25597
Core 3: Private acceses = 2311388 | Shared accesses = 1013531
================== END ==================
=========================================
