Input: Dragon_bodytrack_65536_2_64
=========================================
------------------------------
1. Overall execution cycle per core
Core 0: 20355514972172
Core 1: 19791619933947
Core 2: 15835255082
Core 3: 21134441847106
------------------------------
2. Number of compute cycles per core
Core 0: 17729254
Core 1: 17120545
Core 2: 17556877
Core 3: 17140113
------------------------------
3. Number of load/store instructions per core
Core 0: 3270132
Core 1: 3287252
Core 2: 117698
Core 3: 3324919
------------------------------
4. Number of idle cycles per core
Core 0: 13942296
Core 1: 13407664
Core 2: 322842
Core 3: 13859376
------------------------------
5. Data cache miss rate for each core
Core 0: 0.029933
Core 1: 0.0292512
Core 2: 0.0129484
Core 3: 0.029133
------------------------------
6. Amount of Data traffic in bytes on the bus
458986496
------------------------------
7. Number of invalidations or updates on the bus
22779
------------------------------
8. Distribution of accesses to private data versus shared data
Core 0: Private acceses = 2187567 | Shared accesses = 1082565
Core 1: Private acceses = 2299968 | Shared accesses = 987284
Core 2: Private acceses = 88993 | Shared accesses = 28705
Core 3: Private acceses = 2275587 | Shared accesses = 1049332
================== END ==================
=========================================
