Input: Dragon_bodytrack_131072_2_32
=========================================
------------------------------
1. Overall execution cycle per core
Core 0: 12182796332429
Core 1: 12770282472668
Core 2: 18493021608
Core 3: 12402882501516
------------------------------
2. Number of compute cycles per core
Core 0: 17729254
Core 1: 17120545
Core 2: 17556877
Core 3: 17140113
------------------------------
3. Number of load/store instructions per core
Core 0: 3270132
Core 1: 3287252
Core 2: 117698
Core 3: 3324919
------------------------------
4. Number of idle cycles per core
Core 0: 6919228
Core 1: 7110624
Core 2: 353197
Core 3: 6951714
------------------------------
5. Data cache miss rate for each core
Core 0: 0.0138722
Core 1: 0.0140695
Core 2: 0.0207395
Core 3: 0.0138277
------------------------------
6. Amount of Data traffic in bytes on the bus
214937632
------------------------------
7. Number of invalidations or updates on the bus
21569
------------------------------
8. Distribution of accesses to private data versus shared data
Core 0: Private acceses = 2137400 | Shared accesses = 1132732
Core 1: Private acceses = 2154582 | Shared accesses = 1132670
Core 2: Private acceses = 89097 | Shared accesses = 28601
Core 3: Private acceses = 2167289 | Shared accesses = 1157630
================== END ==================
=========================================
