Input: Dragon_blackscholes_4096_1_32
=========================================
------------------------------
1. Overall execution cycle per core
Core 0: 14855005533070
Core 1: 14654838398669
Core 2: 17687771504136
Core 3: 15041077755480
------------------------------
2. Number of compute cycles per core
Core 0: 10430314
Core 1: 10383276
Core 2: 10430338
Core 3: 10394904
------------------------------
3. Number of load/store instructions per core
Core 0: 2497349
Core 1: 2490468
Core 2: 2509057
Core 3: 2503127
------------------------------
4. Number of idle cycles per core
Core 0: 11829466
Core 1: 11726073
Core 2: 12971788
Core 3: 11897258
------------------------------
5. Data cache miss rate for each core
Core 0: 0.0360995
Core 1: 0.0358752
Core 2: 0.0381123
Core 3: 0.036146
------------------------------
6. Amount of Data traffic in bytes on the bus
275040192
------------------------------
7. Number of invalidations or updates on the bus
587
------------------------------
8. Distribution of accesses to private data versus shared data
Core 0: Private acceses = 2058240 | Shared accesses = 439109
Core 1: Private acceses = 2053685 | Shared accesses = 436783
Core 2: Private acceses = 2071600 | Shared accesses = 437457
Core 3: Private acceses = 2063425 | Shared accesses = 439702
================== END ==================
=========================================
