Input: Dragon_fluidanimate_131072_4_32
=========================================
------------------------------
1. Overall execution cycle per core
Core 0: 29046569097649
Core 1: 25153920633473
Core 2: 29825096492216
Core 3: 26037164436322
------------------------------
2. Number of compute cycles per core
Core 0: 11337782
Core 1: 11290799
Core 2: 11337671
Core 3: 11301515
------------------------------
3. Number of load/store instructions per core
Core 0: 2576503
Core 1: 2407844
Core 2: 2604189
Core 3: 2411465
------------------------------
4. Number of idle cycles per core
Core 0: 15367357
Core 1: 14281507
Core 2: 15590850
Core 3: 14782458
------------------------------
5. Data cache miss rate for each core
Core 0: 0.0270821
Core 1: 0.0270603
Core 2: 0.0264923
Core 3: 0.0275223
------------------------------
6. Amount of Data traffic in bytes on the bus
269537536
------------------------------
7. Number of invalidations or updates on the bus
95326
------------------------------
8. Distribution of accesses to private data versus shared data
Core 0: Private acceses = 2084445 | Shared accesses = 492058
Core 1: Private acceses = 1915655 | Shared accesses = 492189
Core 2: Private acceses = 2086917 | Shared accesses = 517272
Core 3: Private acceses = 1877260 | Shared accesses = 534205
================== END ==================
=========================================
