Input: Dragon_blackscholes_4096_1024_4
=========================================
------------------------------
1. Overall execution cycle per core
Core 0: 10368126051360
Core 1: 9635089690617
Core 2: 16206298266918
Core 3: 9966115898252
------------------------------
2. Number of compute cycles per core
Core 0: 10430314
Core 1: 10383276
Core 2: 10430338
Core 3: 10394904
------------------------------
3. Number of load/store instructions per core
Core 0: 2497349
Core 1: 2490468
Core 2: 2509057
Core 3: 2503127
------------------------------
4. Number of idle cycles per core
Core 0: 8104111
Core 1: 7791738
Core 2: 10429505
Core 3: 7960415
------------------------------
5. Data cache miss rate for each core
Core 0: 0.0117997
Core 1: 0.0111493
Core 2: 0.0165588
Core 3: 0.0113138
------------------------------
6. Amount of Data traffic in bytes on the bus
32219540
------------------------------
7. Number of invalidations or updates on the bus
890
------------------------------
8. Distribution of accesses to private data versus shared data
Core 0: Private acceses = 1979110 | Shared accesses = 518239
Core 1: Private acceses = 1951476 | Shared accesses = 538992
Core 2: Private acceses = 2033657 | Shared accesses = 475400
Core 3: Private acceses = 1965788 | Shared accesses = 537339
================== END ==================
=========================================
