Input: Dragon_fluidanimate_1024_4_4
=========================================
------------------------------
1. Overall execution cycle per core
Core 0: 223582505877205
Core 1: 188597844395490
Core 2: 236611431637338
Core 3: 187913061983145
------------------------------
2. Number of compute cycles per core
Core 0: 11337782
Core 1: 11290799
Core 2: 11337671
Core 3: 11301515
------------------------------
3. Number of load/store instructions per core
Core 0: 2576503
Core 1: 2407844
Core 2: 2604189
Core 3: 2411465
------------------------------
4. Number of idle cycles per core
Core 0: 138379698
Core 1: 127933452
Core 2: 143429946
Core 3: 128010970
------------------------------
5. Data cache miss rate for each core
Core 0: 0.267568
Core 1: 0.264059
Core 2: 0.274257
Core 3: 0.263751
------------------------------
6. Amount of Data traffic in bytes on the bus
44636800
------------------------------
7. Number of invalidations or updates on the bus
262
------------------------------
8. Distribution of accesses to private data versus shared data
Core 0: Private acceses = 2192783 | Shared accesses = 383720
Core 1: Private acceses = 2038422 | Shared accesses = 369422
Core 2: Private acceses = 2230625 | Shared accesses = 373564
Core 3: Private acceses = 2029838 | Shared accesses = 381627
================== END ==================
=========================================
