Input: Dragon_blackscholes_131072_4_64
=========================================
------------------------------
1. Overall execution cycle per core
Core 0: 3301544482841
Core 1: 3335945773888
Core 2: 3852055432197
Core 3: 8395792039972
------------------------------
2. Number of compute cycles per core
Core 0: 10430314
Core 1: 10383276
Core 2: 10430338
Core 3: 10394904
------------------------------
3. Number of load/store instructions per core
Core 0: 2497349
Core 1: 2490468
Core 2: 2509057
Core 3: 2503127
------------------------------
4. Number of idle cycles per core
Core 0: 2584413
Core 1: 2633048
Core 2: 2804811
Core 3: 6624809
------------------------------
5. Data cache miss rate for each core
Core 0: 0.000346768
Core 1: 0.000284685
Core 2: 0.000880809
Core 3: 0.000321598
------------------------------
6. Amount of Data traffic in bytes on the bus
527523968
------------------------------
7. Number of invalidations or updates on the bus
131142
------------------------------
8. Distribution of accesses to private data versus shared data
Core 0: Private acceses = 2022760 | Shared accesses = 474589
Core 1: Private acceses = 2014715 | Shared accesses = 475753
Core 2: Private acceses = 2031858 | Shared accesses = 477199
Core 3: Private acceses = 1768053 | Shared accesses = 735074
================== END ==================
=========================================
