Input: MESI_bodytrack_16384_2_4
=========================================
------------------------------
1. Overall execution cycle per core
Core 0: 49808883683742
Core 1: 52115512410863
Core 2: 81414329788
Core 3: 49455768389689
------------------------------
2. Number of compute cycles per core
Core 0: 17729254
Core 1: 17120545
Core 2: 17556877
Core 3: 17140113
------------------------------
3. Number of load/store instructions per core
Core 0: 3270132
Core 1: 3287252
Core 2: 117698
Core 3: 3324919
------------------------------
4. Number of idle cycles per core
Core 0: 29701824
Core 1: 29935483
Core 2: 1969208
Core 3: 28940026
------------------------------
5. Data cache miss rate for each core
Core 0: 0.0581747
Core 1: 0.0588035
Core 2: 0.104309
Core 3: 0.0571385
------------------------------
6. Amount of Data traffic in bytes on the bus
39620840
------------------------------
7. Number of invalidations or updates on the bus
5554
------------------------------
8. Distribution of accesses to private data versus shared data
Core 0: Private acceses = 2241756 | Shared accesses = 1028376
Core 1: Private acceses = 2325943 | Shared accesses = 961309
Core 2: Private acceses = 92161 | Shared accesses = 25537
Core 3: Private acceses = 2263141 | Shared accesses = 1061778
================== END ==================
=========================================
