Input: MESI_fluidanimate_65536_1_128
=========================================
------------------------------
1. Overall execution cycle per core
Core 0: 17807727882094
Core 1: 14654002603009
Core 2: 16488054188266
Core 3: 14367276551583
------------------------------
2. Number of compute cycles per core
Core 0: 11337782
Core 1: 11290799
Core 2: 11337671
Core 3: 11301515
------------------------------
3. Number of load/store instructions per core
Core 0: 2576503
Core 1: 2407844
Core 2: 2604189
Core 3: 2411465
------------------------------
4. Number of idle cycles per core
Core 0: 10655083
Core 1: 9118349
Core 2: 10097201
Core 3: 9030393
------------------------------
5. Data cache miss rate for each core
Core 0: 0.0201649
Core 1: 0.0173396
Core 2: 0.0177764
Core 3: 0.0173679
------------------------------
6. Amount of Data traffic in bytes on the bus
1072010752
------------------------------
7. Number of invalidations or updates on the bus
6020
------------------------------
8. Distribution of accesses to private data versus shared data
Core 0: Private acceses = 2090949 | Shared accesses = 485554
Core 1: Private acceses = 1936189 | Shared accesses = 471655
Core 2: Private acceses = 2108228 | Shared accesses = 495961
Core 3: Private acceses = 1894643 | Shared accesses = 516822
================== END ==================
=========================================
