Input: MESI_bodytrack_1024_2_4
=========================================
------------------------------
1. Overall execution cycle per core
Core 0: 128991384470791
Core 1: 135736974528934
Core 2: 211012822538
Core 3: 134957525426402
------------------------------
2. Number of compute cycles per core
Core 0: 17729254
Core 1: 17120545
Core 2: 17556877
Core 3: 17140113
------------------------------
3. Number of load/store instructions per core
Core 0: 3270132
Core 1: 3287252
Core 2: 117698
Core 3: 3324919
------------------------------
4. Number of idle cycles per core
Core 0: 77402539
Core 1: 79783631
Core 2: 4070719
Core 3: 79446683
------------------------------
5. Data cache miss rate for each core
Core 0: 0.166209
Core 1: 0.169771
Core 2: 0.221006
Core 3: 0.167894
------------------------------
6. Amount of Data traffic in bytes on the bus
33529424
------------------------------
7. Number of invalidations or updates on the bus
791
------------------------------
8. Distribution of accesses to private data versus shared data
Core 0: Private acceses = 2905497 | Shared accesses = 364635
Core 1: Private acceses = 2868325 | Shared accesses = 418927
Core 2: Private acceses = 96987 | Shared accesses = 20711
Core 3: Private acceses = 2934567 | Shared accesses = 390352
================== END ==================
=========================================
