Input: MESI_blackscholes_131072_4_32
=========================================
------------------------------
1. Overall execution cycle per core
Core 0: 3463836773343
Core 1: 3362880272943
Core 2: 4221460800316
Core 3: 3418266552517
------------------------------
2. Number of compute cycles per core
Core 0: 10430314
Core 1: 10383276
Core 2: 10430338
Core 3: 10394904
------------------------------
3. Number of load/store instructions per core
Core 0: 2497349
Core 1: 2490468
Core 2: 2509057
Core 3: 2503127
------------------------------
4. Number of idle cycles per core
Core 0: 2653728
Core 1: 2611963
Core 2: 2962007
Core 3: 2630353
------------------------------
5. Data cache miss rate for each core
Core 0: 0.000623461
Core 1: 0.000528816
Core 2: 0.00163089
Core 3: 0.000580474
------------------------------
6. Amount of Data traffic in bytes on the bus
317104864
------------------------------
7. Number of invalidations or updates on the bus
685
------------------------------
8. Distribution of accesses to private data versus shared data
Core 0: Private acceses = 2023095 | Shared accesses = 474254
Core 1: Private acceses = 2017504 | Shared accesses = 472964
Core 2: Private acceses = 2035046 | Shared accesses = 474011
Core 3: Private acceses = 2026817 | Shared accesses = 476310
================== END ==================
=========================================
