Input: MESI_bodytrack_65536_4_32
=========================================
------------------------------
1. Overall execution cycle per core
Core 0: 20953856446422
Core 1: 21623819219844
Core 2: 17602105345
Core 3: 21281018868570
------------------------------
2. Number of compute cycles per core
Core 0: 17729254
Core 1: 17120545
Core 2: 17556877
Core 3: 17140113
------------------------------
3. Number of load/store instructions per core
Core 0: 3270132
Core 1: 3287252
Core 2: 117698
Core 3: 3324919
------------------------------
4. Number of idle cycles per core
Core 0: 13817452
Core 1: 14053917
Core 2: 436227
Core 3: 13907717
------------------------------
5. Data cache miss rate for each core
Core 0: 0.0245275
Core 1: 0.0246717
Core 2: 0.0202977
Core 3: 0.0244424
------------------------------
6. Amount of Data traffic in bytes on the bus
320227488
------------------------------
7. Number of invalidations or updates on the bus
3798
------------------------------
8. Distribution of accesses to private data versus shared data
Core 0: Private acceses = 2190600 | Shared accesses = 1079532
Core 1: Private acceses = 2172761 | Shared accesses = 1114491
Core 2: Private acceses = 91053 | Shared accesses = 26645
Core 3: Private acceses = 2190745 | Shared accesses = 1134174
================== END ==================
=========================================
