Input: MESI_bodytrack_65536_4_64_optimized
=========================================
------------------------------
1. Overall execution cycle per core
Core 0: 23809524204609
Core 1: 24651431338339
Core 2: 13331969347
Core 3: 24811542479837
------------------------------
2. Number of compute cycles per core
Core 0: 17729254
Core 1: 17120545
Core 2: 17556877
Core 3: 17140113
------------------------------
3. Number of load/store instructions per core
Core 0: 3270132
Core 1: 3287252
Core 2: 117698
Core 3: 3324919
------------------------------
4. Number of idle cycles per core
Core 0: 17051184
Core 1: 17455520
Core 2: 302996
Core 3: 17330699
------------------------------
5. Data cache miss rate for each core
Core 0: 0.0310581
Core 1: 0.0307016
Core 2: 0.0116994
Core 3: 0.0304615
------------------------------
6. Amount of Data traffic in bytes on the bus
627720512
------------------------------
7. Number of invalidations or updates on the bus
2594
------------------------------
8. Distribution of accesses to private data versus shared data
Core 0: Private acceses = 2344968 | Shared accesses = 925164
Core 1: Private acceses = 2251717 | Shared accesses = 1035535
Core 2: Private acceses = 90750 | Shared accesses = 26948
Core 3: Private acceses = 2223125 | Shared accesses = 1101794
================== END ==================
=========================================
