Input: MESI_blackscholes_4096_1_32
=========================================
------------------------------
1. Overall execution cycle per core
Core 0: 16721940019551
Core 1: 16404058243713
Core 2: 18989485862371
Core 3: 16790924651426
------------------------------
2. Number of compute cycles per core
Core 0: 10430314
Core 1: 10383276
Core 2: 10430338
Core 3: 10394904
------------------------------
3. Number of load/store instructions per core
Core 0: 2497349
Core 1: 2490468
Core 2: 2509057
Core 3: 2503127
------------------------------
4. Number of idle cycles per core
Core 0: 13279906
Core 1: 13151126
Core 2: 14194150
Core 3: 13308693
------------------------------
5. Data cache miss rate for each core
Core 0: 0.0361067
Core 1: 0.0358868
Core 2: 0.0381167
Core 3: 0.0361548
------------------------------
6. Amount of Data traffic in bytes on the bus
323296640
------------------------------
7. Number of invalidations or updates on the bus
223
------------------------------
8. Distribution of accesses to private data versus shared data
Core 0: Private acceses = 2059268 | Shared accesses = 438081
Core 1: Private acceses = 2052831 | Shared accesses = 437637
Core 2: Private acceses = 2072787 | Shared accesses = 436270
Core 3: Private acceses = 2063328 | Shared accesses = 439799
================== END ==================
=========================================
