Input: MESI_bodytrack_1024_16_64
=========================================
------------------------------
1. Overall execution cycle per core
Core 0: 82080802636476
Core 1: 83633558001558
Core 2: 132232041929
Core 3: 86721226186976
------------------------------
2. Number of compute cycles per core
Core 0: 17729254
Core 1: 17120545
Core 2: 17556877
Core 3: 17140113
------------------------------
3. Number of load/store instructions per core
Core 0: 3270132
Core 1: 3287252
Core 2: 117698
Core 3: 3324919
------------------------------
4. Number of idle cycles per core
Core 0: 43239333
Core 1: 43661040
Core 2: 2087938
Core 3: 44677290
------------------------------
5. Data cache miss rate for each core
Core 0: 0.101153
Core 1: 0.100982
Core 2: 0.126468
Core 3: 0.102104
------------------------------
6. Amount of Data traffic in bytes on the bus
497994880
------------------------------
7. Number of invalidations or updates on the bus
119
------------------------------
8. Distribution of accesses to private data versus shared data
Core 0: Private acceses = 2866139 | Shared accesses = 403993
Core 1: Private acceses = 2876086 | Shared accesses = 411166
Core 2: Private acceses = 100450 | Shared accesses = 17248
Core 3: Private acceses = 2907823 | Shared accesses = 417096
================== END ==================
=========================================
