Input: MESI_fluidanimate_1024_4_32
=========================================
------------------------------
1. Overall execution cycle per core
Core 0: 59661694586682
Core 1: 48129959006488
Core 2: 62696334849124
Core 3: 47616571725286
------------------------------
2. Number of compute cycles per core
Core 0: 11337782
Core 1: 11290799
Core 2: 11337671
Core 3: 11301515
------------------------------
3. Number of load/store instructions per core
Core 0: 2576503
Core 1: 2407844
Core 2: 2604189
Core 3: 2411465
------------------------------
4. Number of idle cycles per core
Core 0: 38198804
Core 1: 31579293
Core 2: 39318673
Core 3: 31036299
------------------------------
5. Data cache miss rate for each core
Core 0: 0.0949667
Core 1: 0.0826931
Core 2: 0.0959105
Core 3: 0.0811963
------------------------------
6. Amount of Data traffic in bytes on the bus
253955712
------------------------------
7. Number of invalidations or updates on the bus
581
------------------------------
8. Distribution of accesses to private data versus shared data
Core 0: Private acceses = 2165369 | Shared accesses = 411134
Core 1: Private acceses = 1997866 | Shared accesses = 409978
Core 2: Private acceses = 2205388 | Shared accesses = 398801
Core 3: Private acceses = 2003175 | Shared accesses = 408290
================== END ==================
=========================================
