Input: MESI_blackscholes_65536_4_64_optimized
=========================================
------------------------------
1. Overall execution cycle per core
Core 0: 3396401182836
Core 1: 3379134239025
Core 2: 4032344894216
Core 3: 3460392204154
------------------------------
2. Number of compute cycles per core
Core 0: 10430314
Core 1: 10383276
Core 2: 10430338
Core 3: 10394904
------------------------------
3. Number of load/store instructions per core
Core 0: 2497349
Core 1: 2490468
Core 2: 2509057
Core 3: 2503127
------------------------------
4. Number of idle cycles per core
Core 0: 2653877
Core 1: 2675021
Core 2: 2916553
Core 3: 2706380
------------------------------
5. Data cache miss rate for each core
Core 0: 0.000551785
Core 1: 0.00067136
Core 2: 0.00116458
Core 3: 0.000738277
------------------------------
6. Amount of Data traffic in bytes on the bus
634367680
------------------------------
7. Number of invalidations or updates on the bus
494
------------------------------
8. Distribution of accesses to private data versus shared data
Core 0: Private acceses = 2023090 | Shared accesses = 474259
Core 1: Private acceses = 2017408 | Shared accesses = 473060
Core 2: Private acceses = 2034963 | Shared accesses = 474094
Core 3: Private acceses = 2027279 | Shared accesses = 475848
================== END ==================
=========================================
