Input: MESI_blackscholes_4096_128_32
=========================================
------------------------------
1. Overall execution cycle per core
Core 0: 4062637971519
Core 1: 3798423638526
Core 2: 6125847212874
Core 3: 4004965896791
------------------------------
2. Number of compute cycles per core
Core 0: 10430314
Core 1: 10383276
Core 2: 10430338
Core 3: 10394904
------------------------------
3. Number of load/store instructions per core
Core 0: 2497349
Core 1: 2490468
Core 2: 2509057
Core 3: 2503127
------------------------------
4. Number of idle cycles per core
Core 0: 3139933
Core 1: 3021201
Core 2: 3958006
Core 3: 3108009
------------------------------
5. Data cache miss rate for each core
Core 0: 0.00204697
Core 1: 0.00177517
Core 2: 0.00400469
Core 3: 0.00201428
------------------------------
6. Amount of Data traffic in bytes on the bus
317316416
------------------------------
7. Number of invalidations or updates on the bus
166
------------------------------
8. Distribution of accesses to private data versus shared data
Core 0: Private acceses = 2024435 | Shared accesses = 472914
Core 1: Private acceses = 2023352 | Shared accesses = 467116
Core 2: Private acceses = 2036554 | Shared accesses = 472503
Core 3: Private acceses = 2027708 | Shared accesses = 475419
================== END ==================
=========================================
