Input: MESI_blackscholes_65536_16384_4
=========================================
------------------------------
1. Overall execution cycle per core
Core 0: 5088690359601
Core 1: 4715804299399
Core 2: 7668232986361
Core 3: 4877932690997
------------------------------
2. Number of compute cycles per core
Core 0: 10430314
Core 1: 10383276
Core 2: 10430338
Core 3: 10394904
------------------------------
3. Number of load/store instructions per core
Core 0: 2497349
Core 1: 2490468
Core 2: 2509057
Core 3: 2503127
------------------------------
4. Number of idle cycles per core
Core 0: 3389953
Core 1: 3240472
Core 2: 4474300
Core 3: 3297281
------------------------------
5. Data cache miss rate for each core
Core 0: 0.00349611
Core 1: 0.00321064
Core 2: 0.00729916
Core 3: 0.00330786
------------------------------
6. Amount of Data traffic in bytes on the bus
39726648
------------------------------
7. Number of invalidations or updates on the bus
1683
------------------------------
8. Distribution of accesses to private data versus shared data
Core 0: Private acceses = 1956118 | Shared accesses = 541231
Core 1: Private acceses = 1950884 | Shared accesses = 539584
Core 2: Private acceses = 2034764 | Shared accesses = 474293
Core 3: Private acceses = 1959759 | Shared accesses = 543368
================== END ==================
=========================================
