Input: MESI_fluidanimate_1024_4_4
=========================================
------------------------------
1. Overall execution cycle per core
Core 0: 185015343910716
Core 1: 157887959610016
Core 2: 196700172249113
Core 3: 156846171571648
------------------------------
2. Number of compute cycles per core
Core 0: 11337782
Core 1: 11290799
Core 2: 11337671
Core 3: 11301515
------------------------------
3. Number of load/store instructions per core
Core 0: 2576503
Core 1: 2407844
Core 2: 2604189
Core 3: 2411465
------------------------------
4. Number of idle cycles per core
Core 0: 106918908
Core 1: 98383778
Core 2: 111491039
Core 3: 97780250
------------------------------
5. Data cache miss rate for each core
Core 0: 0.26757
Core 1: 0.264063
Core 2: 0.274258
Core 3: 0.263757
------------------------------
6. Amount of Data traffic in bytes on the bus
37739848
------------------------------
7. Number of invalidations or updates on the bus
1199
------------------------------
8. Distribution of accesses to private data versus shared data
Core 0: Private acceses = 2183534 | Shared accesses = 392969
Core 1: Private acceses = 2032577 | Shared accesses = 375267
Core 2: Private acceses = 2219045 | Shared accesses = 385144
Core 3: Private acceses = 2023120 | Shared accesses = 388345
================== END ==================
=========================================
