Input: MESI_fluidanimate_16384_8_128
=========================================
------------------------------
1. Overall execution cycle per core
Core 0: 15639927293136
Core 1: 14310586164134
Core 2: 17184001977601
Core 3: 13967063318087
------------------------------
2. Number of compute cycles per core
Core 0: 11337782
Core 1: 11290799
Core 2: 11337671
Core 3: 11301515
------------------------------
3. Number of load/store instructions per core
Core 0: 2576503
Core 1: 2407844
Core 2: 2604189
Core 3: 2411465
------------------------------
4. Number of idle cycles per core
Core 0: 8798271
Core 1: 8509959
Core 2: 9407922
Core 3: 8327118
------------------------------
5. Data cache miss rate for each core
Core 0: 0.0141719
Core 1: 0.0148348
Core 2: 0.0153553
Core 3: 0.014453
------------------------------
6. Amount of Data traffic in bytes on the bus
1068577024
------------------------------
7. Number of invalidations or updates on the bus
4828
------------------------------
8. Distribution of accesses to private data versus shared data
Core 0: Private acceses = 2092740 | Shared accesses = 483763
Core 1: Private acceses = 1940635 | Shared accesses = 467209
Core 2: Private acceses = 2124995 | Shared accesses = 479194
Core 3: Private acceses = 1923161 | Shared accesses = 488304
================== END ==================
=========================================
