Input: MESI_blackscholes_16384_2_32
=========================================
------------------------------
1. Overall execution cycle per core
Core 0: 6002152630212
Core 1: 5912324749153
Core 2: 7655251133783
Core 3: 6073306601382
------------------------------
2. Number of compute cycles per core
Core 0: 10430314
Core 1: 10383276
Core 2: 10430338
Core 3: 10394904
------------------------------
3. Number of load/store instructions per core
Core 0: 2497349
Core 1: 2490468
Core 2: 2509057
Core 3: 2503127
------------------------------
4. Number of idle cycles per core
Core 0: 4725649
Core 1: 4735398
Core 2: 5382844
Core 3: 4802064
------------------------------
5. Data cache miss rate for each core
Core 0: 0.00856108
Core 1: 0.00863251
Core 2: 0.0100855
Core 3: 0.00875465
------------------------------
6. Amount of Data traffic in bytes on the bus
319683616
------------------------------
7. Number of invalidations or updates on the bus
504
------------------------------
8. Distribution of accesses to private data versus shared data
Core 0: Private acceses = 2023373 | Shared accesses = 473976
Core 1: Private acceses = 2017936 | Shared accesses = 472532
Core 2: Private acceses = 2035226 | Shared accesses = 473831
Core 3: Private acceses = 2027255 | Shared accesses = 475872
================== END ==================
=========================================
