Input: MESI_fluidanimate_131072_8_32
=========================================
------------------------------
1. Overall execution cycle per core
Core 0: 29109541238937
Core 1: 23979674442351
Core 2: 25806177500051
Core 3: 23532761959719
------------------------------
2. Number of compute cycles per core
Core 0: 11337782
Core 1: 11290799
Core 2: 11337671
Core 3: 11301515
------------------------------
3. Number of load/store instructions per core
Core 0: 2576503
Core 1: 2407844
Core 2: 2604189
Core 3: 2411465
------------------------------
4. Number of idle cycles per core
Core 0: 15340678
Core 1: 13646265
Core 2: 13680656
Core 3: 13495816
------------------------------
5. Data cache miss rate for each core
Core 0: 0.0272684
Core 1: 0.0273037
Core 2: 0.0266843
Core 3: 0.0278279
------------------------------
6. Amount of Data traffic in bytes on the bus
255329952
------------------------------
7. Number of invalidations or updates on the bus
14980
------------------------------
8. Distribution of accesses to private data versus shared data
Core 0: Private acceses = 2094348 | Shared accesses = 482155
Core 1: Private acceses = 1941258 | Shared accesses = 466586
Core 2: Private acceses = 2115626 | Shared accesses = 488563
Core 3: Private acceses = 1923112 | Shared accesses = 488353
================== END ==================
=========================================
