Input: MESI_fluidanimate_65536_4_4
=========================================
------------------------------
1. Overall execution cycle per core
Core 0: 119695962054671
Core 1: 104748146955947
Core 2: 119879374827203
Core 3: 107504537817912
------------------------------
2. Number of compute cycles per core
Core 0: 11337782
Core 1: 11290799
Core 2: 11337671
Core 3: 11301515
------------------------------
3. Number of load/store instructions per core
Core 0: 2576503
Core 1: 2407844
Core 2: 2604189
Core 3: 2411465
------------------------------
4. Number of idle cycles per core
Core 0: 59367903
Core 1: 55916924
Core 2: 59425331
Core 3: 57960852
------------------------------
5. Data cache miss rate for each core
Core 0: 0.133836
Core 1: 0.135414
Core 2: 0.130626
Core 3: 0.13791
------------------------------
6. Amount of Data traffic in bytes on the bus
34746608
------------------------------
7. Number of invalidations or updates on the bus
45770
------------------------------
8. Distribution of accesses to private data versus shared data
Core 0: Private acceses = 2106829 | Shared accesses = 469674
Core 1: Private acceses = 1975587 | Shared accesses = 432257
Core 2: Private acceses = 2163658 | Shared accesses = 440531
Core 3: Private acceses = 1969049 | Shared accesses = 442416
================== END ==================
=========================================
