Input: MESI_bodytrack_16384_4_64
=========================================
------------------------------
1. Overall execution cycle per core
Core 0: 26742535470753
Core 1: 26924349274212
Core 2: 17506428301
Core 3: 27282149087964
------------------------------
2. Number of compute cycles per core
Core 0: 17729254
Core 1: 17120545
Core 2: 17556877
Core 3: 17140113
------------------------------
3. Number of load/store instructions per core
Core 0: 3270132
Core 1: 3287252
Core 2: 117698
Core 3: 3324919
------------------------------
4. Number of idle cycles per core
Core 0: 18121736
Core 1: 18023816
Core 2: 386230
Core 3: 18226053
------------------------------
5. Data cache miss rate for each core
Core 0: 0.0368419
Core 1: 0.0368724
Core 2: 0.0146901
Core 3: 0.0363425
------------------------------
6. Amount of Data traffic in bytes on the bus
563423744
------------------------------
7. Number of invalidations or updates on the bus
2365
------------------------------
8. Distribution of accesses to private data versus shared data
Core 0: Private acceses = 2568617 | Shared accesses = 701515
Core 1: Private acceses = 2630050 | Shared accesses = 657202
Core 2: Private acceses = 92261 | Shared accesses = 25437
Core 3: Private acceses = 2574979 | Shared accesses = 749940
================== END ==================
=========================================
