Input: MESI_bodytrack_1024_1_32
=========================================
------------------------------
1. Overall execution cycle per core
Core 0: 100885450422118
Core 1: 101076454780927
Core 2: 154884874850
Core 3: 106165695764250
------------------------------
2. Number of compute cycles per core
Core 0: 17729254
Core 1: 17120545
Core 2: 17556877
Core 3: 17140113
------------------------------
3. Number of load/store instructions per core
Core 0: 3270132
Core 1: 3287252
Core 2: 117698
Core 3: 3324919
------------------------------
4. Number of idle cycles per core
Core 0: 56074347
Core 1: 55005198
Core 2: 2649598
Core 3: 57807727
------------------------------
5. Data cache miss rate for each core
Core 0: 0.126372
Core 1: 0.122491
Core 2: 0.152152
Core 3: 0.12761
------------------------------
6. Amount of Data traffic in bytes on the bus
245243456
------------------------------
7. Number of invalidations or updates on the bus
240
------------------------------
8. Distribution of accesses to private data versus shared data
Core 0: Private acceses = 2957164 | Shared accesses = 312968
Core 1: Private acceses = 2990366 | Shared accesses = 296886
Core 2: Private acceses = 98008 | Shared accesses = 19690
Core 3: Private acceses = 3036863 | Shared accesses = 288056
================== END ==================
=========================================
