Input: MESI_bodytrack_65536_8_32
=========================================
------------------------------
1. Overall execution cycle per core
Core 0: 20252311045830
Core 1: 20395544030253
Core 2: 17351680691
Core 3: 20453010303717
------------------------------
2. Number of compute cycles per core
Core 0: 17729254
Core 1: 17120545
Core 2: 17556877
Core 3: 17140113
------------------------------
3. Number of load/store instructions per core
Core 0: 3270132
Core 1: 3287252
Core 2: 117698
Core 3: 3324919
------------------------------
4. Number of idle cycles per core
Core 0: 13269621
Core 1: 13138873
Core 2: 424019
Core 3: 13208391
------------------------------
5. Data cache miss rate for each core
Core 0: 0.0231046
Core 1: 0.0226724
Core 2: 0.0202212
Core 3: 0.0228216
------------------------------
6. Amount of Data traffic in bytes on the bus
320905024
------------------------------
7. Number of invalidations or updates on the bus
4454
------------------------------
8. Distribution of accesses to private data versus shared data
Core 0: Private acceses = 2159970 | Shared accesses = 1110162
Core 1: Private acceses = 2177418 | Shared accesses = 1109834
Core 2: Private acceses = 91198 | Shared accesses = 26500
Core 3: Private acceses = 2184398 | Shared accesses = 1140521
================== END ==================
=========================================
