Input: MESI_blackscholes_1024_1_32
=========================================
------------------------------
1. Overall execution cycle per core
Core 0: 85509060293540
Core 1: 84920963648658
Core 2: 87712412513142
Core 3: 85945755066405
------------------------------
2. Number of compute cycles per core
Core 0: 10430314
Core 1: 10383276
Core 2: 10430338
Core 3: 10394904
------------------------------
3. Number of load/store instructions per core
Core 0: 2497349
Core 1: 2490468
Core 2: 2509057
Core 3: 2503127
------------------------------
4. Number of idle cycles per core
Core 0: 68397200
Core 1: 68168807
Core 2: 69244813
Core 3: 68594586
------------------------------
5. Data cache miss rate for each core
Core 0: 0.180682
Core 1: 0.180643
Core 2: 0.182099
Core 3: 0.18086
------------------------------
6. Amount of Data traffic in bytes on the bus
327665536
------------------------------
7. Number of invalidations or updates on the bus
82
------------------------------
8. Distribution of accesses to private data versus shared data
Core 0: Private acceses = 2145653 | Shared accesses = 351696
Core 1: Private acceses = 2141980 | Shared accesses = 348488
Core 2: Private acceses = 2159104 | Shared accesses = 349953
Core 3: Private acceses = 2149574 | Shared accesses = 353553
================== END ==================
=========================================
