Input: MESI_blackscholes_4096_2_32
=========================================
------------------------------
1. Overall execution cycle per core
Core 0: 8669372766010
Core 1: 8458947937176
Core 2: 10763343903463
Core 3: 8730124393723
------------------------------
2. Number of compute cycles per core
Core 0: 10430314
Core 1: 10383276
Core 2: 10430338
Core 3: 10394904
------------------------------
3. Number of load/store instructions per core
Core 0: 2497349
Core 1: 2490468
Core 2: 2509057
Core 3: 2503127
------------------------------
4. Number of idle cycles per core
Core 0: 6861321
Core 1: 6780963
Core 2: 7697628
Core 3: 6879652
------------------------------
5. Data cache miss rate for each core
Core 0: 0.0142976
Core 1: 0.0141335
Core 2: 0.01622
Core 3: 0.0143341
------------------------------
6. Amount of Data traffic in bytes on the bus
319874944
------------------------------
7. Number of invalidations or updates on the bus
242
------------------------------
8. Distribution of accesses to private data versus shared data
Core 0: Private acceses = 2027671 | Shared accesses = 469678
Core 1: Private acceses = 2023782 | Shared accesses = 466686
Core 2: Private acceses = 2040385 | Shared accesses = 468672
Core 3: Private acceses = 2031952 | Shared accesses = 471175
================== END ==================
=========================================
