Input: MESI_blackscholes_131072_8_32
=========================================
------------------------------
1. Overall execution cycle per core
Core 0: 3471065088478
Core 1: 3345627883666
Core 2: 4161435919520
Core 3: 3424798054872
------------------------------
2. Number of compute cycles per core
Core 0: 10430314
Core 1: 10383276
Core 2: 10430338
Core 3: 10394904
------------------------------
3. Number of load/store instructions per core
Core 0: 2497349
Core 1: 2490468
Core 2: 2509057
Core 3: 2503127
------------------------------
4. Number of idle cycles per core
Core 0: 2655073
Core 1: 2602764
Core 2: 2937016
Core 3: 2632740
------------------------------
5. Data cache miss rate for each core
Core 0: 0.000614652
Core 1: 0.000519581
Core 2: 0.00162292
Core 3: 0.000574082
------------------------------
6. Amount of Data traffic in bytes on the bus
317076960
------------------------------
7. Number of invalidations or updates on the bus
673
------------------------------
8. Distribution of accesses to private data versus shared data
Core 0: Private acceses = 2024217 | Shared accesses = 473132
Core 1: Private acceses = 2016943 | Shared accesses = 473525
Core 2: Private acceses = 2034889 | Shared accesses = 474168
Core 3: Private acceses = 2027043 | Shared accesses = 476084
================== END ==================
=========================================
