Input: MESI_blackscholes_131072_1_32
=========================================
------------------------------
1. Overall execution cycle per core
Core 0: 3560350987573
Core 1: 3473233606510
Core 2: 4685147637036
Core 3: 3541115097307
------------------------------
2. Number of compute cycles per core
Core 0: 10430314
Core 1: 10383276
Core 2: 10430338
Core 3: 10394904
------------------------------
3. Number of load/store instructions per core
Core 0: 2497349
Core 1: 2490468
Core 2: 2509057
Core 3: 2503127
------------------------------
4. Number of idle cycles per core
Core 0: 2735002
Core 1: 2699829
Core 2: 3236047
Core 3: 2724657
------------------------------
5. Data cache miss rate for each core
Core 0: 0.000903758
Core 1: 0.000790213
Core 2: 0.00218369
Core 3: 0.000808589
------------------------------
6. Amount of Data traffic in bytes on the bus
317222432
------------------------------
7. Number of invalidations or updates on the bus
597
------------------------------
8. Distribution of accesses to private data versus shared data
Core 0: Private acceses = 2023002 | Shared accesses = 474347
Core 1: Private acceses = 2017117 | Shared accesses = 473351
Core 2: Private acceses = 2035022 | Shared accesses = 474035
Core 3: Private acceses = 2027289 | Shared accesses = 475838
================== END ==================
=========================================
