Input: MESI_blackscholes_4096_1_128
=========================================
------------------------------
1. Overall execution cycle per core
Core 0: 30734532212583
Core 1: 30439013304952
Core 2: 31920639625731
Core 3: 30991753841725
------------------------------
2. Number of compute cycles per core
Core 0: 10430314
Core 1: 10383276
Core 2: 10430338
Core 3: 10394904
------------------------------
3. Number of load/store instructions per core
Core 0: 2497349
Core 1: 2490468
Core 2: 2509057
Core 3: 2503127
------------------------------
4. Number of idle cycles per core
Core 0: 24485554
Core 1: 24413799
Core 2: 25002727
Core 3: 24653298
------------------------------
5. Data cache miss rate for each core
Core 0: 0.0596224
Core 1: 0.0594932
Core 2: 0.0605993
Core 3: 0.0596973
------------------------------
6. Amount of Data traffic in bytes on the bus
1246575488
------------------------------
7. Number of invalidations or updates on the bus
60
------------------------------
8. Distribution of accesses to private data versus shared data
Core 0: Private acceses = 2134914 | Shared accesses = 362435
Core 1: Private acceses = 2126177 | Shared accesses = 364291
Core 2: Private acceses = 2144259 | Shared accesses = 364798
Core 3: Private acceses = 2135105 | Shared accesses = 368022
================== END ==================
=========================================
