Input: MESI_bodytrack_4096_8_128
=========================================
------------------------------
1. Overall execution cycle per core
Core 0: 36403829642913
Core 1: 36355008262848
Core 2: 49433451705
Core 3: 37557037690642
------------------------------
2. Number of compute cycles per core
Core 0: 17729254
Core 1: 17120545
Core 2: 17556877
Core 3: 17140113
------------------------------
3. Number of load/store instructions per core
Core 0: 3270132
Core 1: 3287252
Core 2: 117698
Core 3: 3324919
------------------------------
4. Number of idle cycles per core
Core 0: 22043667
Core 1: 21675836
Core 2: 861019
Core 3: 22241533
------------------------------
5. Data cache miss rate for each core
Core 0: 0.0500307
Core 1: 0.048846
Core 2: 0.0461435
Core 3: 0.0491561
------------------------------
6. Amount of Data traffic in bytes on the bus
1046861056
------------------------------
7. Number of invalidations or updates on the bus
592
------------------------------
8. Distribution of accesses to private data versus shared data
Core 0: Private acceses = 2709378 | Shared accesses = 560754
Core 1: Private acceses = 2768731 | Shared accesses = 518521
Core 2: Private acceses = 94312 | Shared accesses = 23386
Core 3: Private acceses = 2721539 | Shared accesses = 603380
================== END ==================
=========================================
