Input: MESI_blackscholes_16384_8_32
=========================================
------------------------------
1. Overall execution cycle per core
Core 0: 3938008162253
Core 1: 3743007405673
Core 2: 5530761048003
Core 3: 3875931343897
------------------------------
2. Number of compute cycles per core
Core 0: 10430314
Core 1: 10383276
Core 2: 10430338
Core 3: 10394904
------------------------------
3. Number of load/store instructions per core
Core 0: 2497349
Core 1: 2490468
Core 2: 2509057
Core 3: 2503127
------------------------------
4. Number of idle cycles per core
Core 0: 3069272
Core 1: 2979041
Core 2: 3705156
Core 3: 3046678
------------------------------
5. Data cache miss rate for each core
Core 0: 0.00187679
Core 1: 0.00167679
Core 2: 0.00333671
Core 3: 0.00176339
------------------------------
6. Amount of Data traffic in bytes on the bus
317510112
------------------------------
7. Number of invalidations or updates on the bus
429
------------------------------
8. Distribution of accesses to private data versus shared data
Core 0: Private acceses = 2023228 | Shared accesses = 474121
Core 1: Private acceses = 2017478 | Shared accesses = 472990
Core 2: Private acceses = 2035507 | Shared accesses = 473550
Core 3: Private acceses = 2028742 | Shared accesses = 474385
================== END ==================
=========================================
