Input: MESI_bodytrack_65536_2048_32
=========================================
------------------------------
1. Overall execution cycle per core
Core 0: 17900418131718
Core 1: 18138981132386
Core 2: 18882219048
Core 3: 18588163482901
------------------------------
2. Number of compute cycles per core
Core 0: 17729254
Core 1: 17120545
Core 2: 17556877
Core 3: 17140113
------------------------------
3. Number of load/store instructions per core
Core 0: 3270132
Core 1: 3287252
Core 2: 117698
Core 3: 3324919
------------------------------
4. Number of idle cycles per core
Core 0: 11489536
Core 1: 11477680
Core 2: 424020
Core 3: 11703504
------------------------------
5. Data cache miss rate for each core
Core 0: 0.019116
Core 1: 0.0189934
Core 2: 0.0199579
Core 3: 0.0191346
------------------------------
6. Amount of Data traffic in bytes on the bus
320078208
------------------------------
7. Number of invalidations or updates on the bus
4026
------------------------------
8. Distribution of accesses to private data versus shared data
Core 0: Private acceses = 2169017 | Shared accesses = 1101115
Core 1: Private acceses = 2159398 | Shared accesses = 1127854
Core 2: Private acceses = 92459 | Shared accesses = 25239
Core 3: Private acceses = 2183167 | Shared accesses = 1141752
================== END ==================
=========================================
