Input: MESI_blackscholes_4096_4_128
=========================================
------------------------------
1. Overall execution cycle per core
Core 0: 15957269318245
Core 1: 15837282134575
Core 2: 16982380148563
Core 3: 16115386067670
------------------------------
2. Number of compute cycles per core
Core 0: 10430314
Core 1: 10383276
Core 2: 10430338
Core 3: 10394904
------------------------------
3. Number of load/store instructions per core
Core 0: 2497349
Core 1: 2490468
Core 2: 2509057
Core 3: 2503127
------------------------------
4. Number of idle cycles per core
Core 0: 12736921
Core 1: 12696037
Core 2: 13149704
Core 3: 12765079
------------------------------
5. Data cache miss rate for each core
Core 0: 0.0275812
Core 1: 0.0275924
Core 2: 0.0285892
Core 3: 0.0276466
------------------------------
6. Amount of Data traffic in bytes on the bus
1243060608
------------------------------
7. Number of invalidations or updates on the bus
102
------------------------------
8. Distribution of accesses to private data versus shared data
Core 0: Private acceses = 2050214 | Shared accesses = 447135
Core 1: Private acceses = 2045745 | Shared accesses = 444723
Core 2: Private acceses = 2067348 | Shared accesses = 441709
Core 3: Private acceses = 2057437 | Shared accesses = 445690
================== END ==================
=========================================
