Input: MESI_blackscholes_131072_4096_32
=========================================
------------------------------
1. Overall execution cycle per core
Core 0: 3433700780573
Core 1: 3353725962987
Core 2: 4133852621388
Core 3: 3371517086024
------------------------------
2. Number of compute cycles per core
Core 0: 10430314
Core 1: 10383276
Core 2: 10430338
Core 3: 10394904
------------------------------
3. Number of load/store instructions per core
Core 0: 2497349
Core 1: 2490468
Core 2: 2509057
Core 3: 2503127
------------------------------
4. Number of idle cycles per core
Core 0: 2639434
Core 1: 2606062
Core 2: 2919567
Core 3: 2611397
------------------------------
5. Data cache miss rate for each core
Core 0: 0.000593429
Core 1: 0.000518376
Core 2: 0.00162651
Core 3: 0.000553308
------------------------------
6. Amount of Data traffic in bytes on the bus
317036928
------------------------------
7. Number of invalidations or updates on the bus
574
------------------------------
8. Distribution of accesses to private data versus shared data
Core 0: Private acceses = 2022932 | Shared accesses = 474417
Core 1: Private acceses = 2018653 | Shared accesses = 471815
Core 2: Private acceses = 2035729 | Shared accesses = 473328
Core 3: Private acceses = 2026643 | Shared accesses = 476484
================== END ==================
=========================================
