Input: MESI_blackscholes_16384_1_64
=========================================
------------------------------
1. Overall execution cycle per core
Core 0: 11376675988882
Core 1: 11247100179788
Core 2: 12755868103161
Core 3: 11433808850377
------------------------------
2. Number of compute cycles per core
Core 0: 10430314
Core 1: 10383276
Core 2: 10430338
Core 3: 10394904
------------------------------
3. Number of load/store instructions per core
Core 0: 2497349
Core 1: 2490468
Core 2: 2509057
Core 3: 2503127
------------------------------
4. Number of idle cycles per core
Core 0: 9040869
Core 1: 9044441
Core 2: 9599549
Core 3: 9089475
------------------------------
5. Data cache miss rate for each core
Core 0: 0.0215148
Core 1: 0.0214811
Core 2: 0.0227986
Core 3: 0.0215307
------------------------------
6. Amount of Data traffic in bytes on the bus
639252160
------------------------------
7. Number of invalidations or updates on the bus
322
------------------------------
8. Distribution of accesses to private data versus shared data
Core 0: Private acceses = 2058353 | Shared accesses = 438996
Core 1: Private acceses = 2051675 | Shared accesses = 438793
Core 2: Private acceses = 2070805 | Shared accesses = 438252
Core 3: Private acceses = 2061854 | Shared accesses = 441273
================== END ==================
=========================================
