Input: MESI_bodytrack_16384_4_128
=========================================
------------------------------
1. Overall execution cycle per core
Core 0: 23380707003616
Core 1: 24260334525325
Core 2: 15674037313
Core 3: 24431304357734
------------------------------
2. Number of compute cycles per core
Core 0: 17729254
Core 1: 17120545
Core 2: 17556877
Core 3: 17140113
------------------------------
3. Number of load/store instructions per core
Core 0: 3270132
Core 1: 3287252
Core 2: 117698
Core 3: 3324919
------------------------------
4. Number of idle cycles per core
Core 0: 15638137
Core 1: 15992578
Core 2: 316407
Core 3: 16019591
------------------------------
5. Data cache miss rate for each core
Core 0: 0.0313174
Core 1: 0.031255
Core 2: 0.0109518
Core 3: 0.031051
------------------------------
6. Amount of Data traffic in bytes on the bus
1133968896
------------------------------
7. Number of invalidations or updates on the bus
2076
------------------------------
8. Distribution of accesses to private data versus shared data
Core 0: Private acceses = 2570846 | Shared accesses = 699286
Core 1: Private acceses = 2527672 | Shared accesses = 759580
Core 2: Private acceses = 90476 | Shared accesses = 27222
Core 3: Private acceses = 2531463 | Shared accesses = 793456
================== END ==================
=========================================
