Input: MESI_bodytrack_16384_256_64_optimized
=========================================
------------------------------
1. Overall execution cycle per core
Core 0: 25688799762107
Core 1: 26909771657489
Core 2: 18002545383
Core 3: 26218043603849
------------------------------
2. Number of compute cycles per core
Core 0: 17729254
Core 1: 17120545
Core 2: 17556877
Core 3: 17140113
------------------------------
3. Number of load/store instructions per core
Core 0: 3270132
Core 1: 3287252
Core 2: 117698
Core 3: 3324919
------------------------------
4. Number of idle cycles per core
Core 0: 17749846
Core 1: 18113638
Core 2: 375201
Core 3: 17821431
------------------------------
5. Data cache miss rate for each core
Core 0: 0.0362221
Core 1: 0.0363267
Core 2: 0.0134072
Core 3: 0.0356343
------------------------------
6. Amount of Data traffic in bytes on the bus
561124352
------------------------------
7. Number of invalidations or updates on the bus
1824
------------------------------
8. Distribution of accesses to private data versus shared data
Core 0: Private acceses = 2643002 | Shared accesses = 627130
Core 1: Private acceses = 2523878 | Shared accesses = 763374
Core 2: Private acceses = 93607 | Shared accesses = 24091
Core 3: Private acceses = 2641292 | Shared accesses = 683627
================== END ==================
=========================================
