Input: MESI_fluidanimate_65536_1024_64_optimized
=========================================
------------------------------
1. Overall execution cycle per core
Core 0: 17083633267525
Core 1: 14385598794767
Core 2: 16458949448074
Core 3: 14600842958285
------------------------------
2. Number of compute cycles per core
Core 0: 11337782
Core 1: 11290799
Core 2: 11337671
Core 3: 11301515
------------------------------
3. Number of load/store instructions per core
Core 0: 2576503
Core 1: 2407844
Core 2: 2604189
Core 3: 2411465
------------------------------
4. Number of idle cycles per core
Core 0: 9457107
Core 1: 8527217
Core 2: 9104461
Core 3: 8699533
------------------------------
5. Data cache miss rate for each core
Core 0: 0.0150871
Core 1: 0.0150716
Core 2: 0.0149336
Core 3: 0.0152866
------------------------------
6. Amount of Data traffic in bytes on the bus
514194816
------------------------------
7. Number of invalidations or updates on the bus
7836
------------------------------
8. Distribution of accesses to private data versus shared data
Core 0: Private acceses = 2084346 | Shared accesses = 492157
Core 1: Private acceses = 1927426 | Shared accesses = 480418
Core 2: Private acceses = 2111900 | Shared accesses = 492289
Core 3: Private acceses = 1922687 | Shared accesses = 488778
================== END ==================
=========================================
