Input: MESI_bodytrack_16384_4_4
=========================================
------------------------------
1. Overall execution cycle per core
Core 0: 44925306907010
Core 1: 49525342073253
Core 2: 81781465796
Core 3: 48778629194529
------------------------------
2. Number of compute cycles per core
Core 0: 17729254
Core 1: 17120545
Core 2: 17556877
Core 3: 17140113
------------------------------
3. Number of load/store instructions per core
Core 0: 3270132
Core 1: 3287252
Core 2: 117698
Core 3: 3324919
------------------------------
4. Number of idle cycles per core
Core 0: 26488532
Core 1: 27921093
Core 2: 1957900
Core 3: 28170958
------------------------------
5. Data cache miss rate for each core
Core 0: 0.0533495
Core 1: 0.0553587
Core 2: 0.102483
Core 3: 0.0553241
------------------------------
6. Amount of Data traffic in bytes on the bus
40074576
------------------------------
7. Number of invalidations or updates on the bus
4885
------------------------------
8. Distribution of accesses to private data versus shared data
Core 0: Private acceses = 2242552 | Shared accesses = 1027580
Core 1: Private acceses = 2232724 | Shared accesses = 1054528
Core 2: Private acceses = 93137 | Shared accesses = 24561
Core 3: Private acceses = 2249793 | Shared accesses = 1075126
================== END ==================
=========================================
