Input: MESI_blackscholes_131072_1_4
=========================================
------------------------------
1. Overall execution cycle per core
Core 0: 5153990279669
Core 1: 4825004236848
Core 2: 8380423084013
Core 3: 4972694401391
------------------------------
2. Number of compute cycles per core
Core 0: 10430314
Core 1: 10383276
Core 2: 10430338
Core 3: 10394904
------------------------------
3. Number of load/store instructions per core
Core 0: 2497349
Core 1: 2490468
Core 2: 2509057
Core 3: 2503127
------------------------------
4. Number of idle cycles per core
Core 0: 3439967
Core 1: 3320642
Core 2: 4785345
Core 3: 3375085
------------------------------
5. Data cache miss rate for each core
Core 0: 0.00362945
Core 1: 0.00339013
Core 2: 0.00760166
Core 3: 0.00352239
------------------------------
6. Amount of Data traffic in bytes on the bus
39507124
------------------------------
7. Number of invalidations or updates on the bus
1562
------------------------------
8. Distribution of accesses to private data versus shared data
Core 0: Private acceses = 1956432 | Shared accesses = 540917
Core 1: Private acceses = 1951431 | Shared accesses = 539037
Core 2: Private acceses = 2034600 | Shared accesses = 474457
Core 3: Private acceses = 2018609 | Shared accesses = 484518
================== END ==================
=========================================
