Input: MESI_fluidanimate_65536_2048_32
=========================================
------------------------------
1. Overall execution cycle per core
Core 0: 28519181231209
Core 1: 24539543723930
Core 2: 27137741519914
Core 3: 23694948593966
------------------------------
2. Number of compute cycles per core
Core 0: 11337782
Core 1: 11290799
Core 2: 11337671
Core 3: 11301515
------------------------------
3. Number of load/store instructions per core
Core 0: 2576503
Core 1: 2407844
Core 2: 2604189
Core 3: 2411465
------------------------------
4. Number of idle cycles per core
Core 0: 15044445
Core 1: 13883112
Core 2: 14334192
Core 3: 13581853
------------------------------
5. Data cache miss rate for each core
Core 0: 0.0274911
Core 1: 0.0273058
Core 2: 0.0269474
Core 3: 0.0278105
------------------------------
6. Amount of Data traffic in bytes on the bus
254706592
------------------------------
7. Number of invalidations or updates on the bus
9971
------------------------------
8. Distribution of accesses to private data versus shared data
Core 0: Private acceses = 2098549 | Shared accesses = 477954
Core 1: Private acceses = 1966382 | Shared accesses = 441462
Core 2: Private acceses = 2120537 | Shared accesses = 483652
Core 3: Private acceses = 1920602 | Shared accesses = 490863
================== END ==================
=========================================
