Input: MESI_bodytrack_65536_4_4
=========================================
------------------------------
1. Overall execution cycle per core
Core 0: 21383859687228
Core 1: 25596305276538
Core 2: 58747300972
Core 3: 24917138397313
------------------------------
2. Number of compute cycles per core
Core 0: 17729254
Core 1: 17120545
Core 2: 17556877
Core 3: 17140113
------------------------------
3. Number of load/store instructions per core
Core 0: 3270132
Core 1: 3287252
Core 2: 117698
Core 3: 3324919
------------------------------
4. Number of idle cycles per core
Core 0: 10489772
Core 1: 12047613
Core 2: 1472977
Core 3: 11689814
------------------------------
5. Data cache miss rate for each core
Core 0: 0.0188466
Core 1: 0.0198372
Core 2: 0.0919217
Core 3: 0.0194393
------------------------------
6. Amount of Data traffic in bytes on the bus
39156092
------------------------------
7. Number of invalidations or updates on the bus
8462
------------------------------
8. Distribution of accesses to private data versus shared data
Core 0: Private acceses = 2137769 | Shared accesses = 1132363
Core 1: Private acceses = 2226862 | Shared accesses = 1060390
Core 2: Private acceses = 89968 | Shared accesses = 27730
Core 3: Private acceses = 2182826 | Shared accesses = 1142093
================== END ==================
=========================================
