Input: MESI_bodytrack_65536_4_64
=========================================
------------------------------
1. Overall execution cycle per core
Core 0: 24573430381167
Core 1: 24666205394951
Core 2: 13470532701
Core 3: 24327845759067
------------------------------
2. Number of compute cycles per core
Core 0: 17729254
Core 1: 17120545
Core 2: 17556877
Core 3: 17140113
------------------------------
3. Number of load/store instructions per core
Core 0: 3270132
Core 1: 3287252
Core 2: 117698
Core 3: 3324919
------------------------------
4. Number of idle cycles per core
Core 0: 17530996
Core 1: 17213511
Core 2: 303952
Core 3: 17089823
------------------------------
5. Data cache miss rate for each core
Core 0: 0.0311021
Core 1: 0.0307281
Core 2: 0.0115295
Core 3: 0.0304633
------------------------------
6. Amount of Data traffic in bytes on the bus
632672832
------------------------------
7. Number of invalidations or updates on the bus
3413
------------------------------
8. Distribution of accesses to private data versus shared data
Core 0: Private acceses = 2281993 | Shared accesses = 988139
Core 1: Private acceses = 2240710 | Shared accesses = 1046542
Core 2: Private acceses = 91325 | Shared accesses = 26373
Core 3: Private acceses = 2220646 | Shared accesses = 1104273
================== END ==================
=========================================
