Input: MESI_bodytrack_16384_4_64
=========================================
------------------------------
1. Overall execution cycle per core
Core 0: 26380209514420
Core 1: 27036652772434
Core 2: 17770297768
Core 3: 26629744242925
------------------------------
2. Number of compute cycles per core
Core 0: 17729254
Core 1: 17120545
Core 2: 17556877
Core 3: 17140113
------------------------------
3. Number of load/store instructions per core
Core 0: 3270132
Core 1: 3287252
Core 2: 117698
Core 3: 3324919
------------------------------
4. Number of idle cycles per core
Core 0: 17996414
Core 1: 18142399
Core 2: 388742
Core 3: 17907855
------------------------------
5. Data cache miss rate for each core
Core 0: 0.0368236
Core 1: 0.0368542
Core 2: 0.0148856
Core 3: 0.0363404
------------------------------
6. Amount of Data traffic in bytes on the bus
558791168
------------------------------
7. Number of invalidations or updates on the bus
2268
------------------------------
8. Distribution of accesses to private data versus shared data
Core 0: Private acceses = 2619461 | Shared accesses = 650671
Core 1: Private acceses = 2605950 | Shared accesses = 681302
Core 2: Private acceses = 91681 | Shared accesses = 26017
Core 3: Private acceses = 2619390 | Shared accesses = 705529
================== END ==================
=========================================
