Input: MESI_fluidanimate_131072_2048_64
=========================================
------------------------------
1. Overall execution cycle per core
Core 0: 17016295836540
Core 1: 15005482142732
Core 2: 15961161957048
Core 3: 13720941888504
------------------------------
2. Number of compute cycles per core
Core 0: 11337782
Core 1: 11290799
Core 2: 11337671
Core 3: 11301515
------------------------------
3. Number of load/store instructions per core
Core 0: 2576503
Core 1: 2407844
Core 2: 2604189
Core 3: 2411465
------------------------------
4. Number of idle cycles per core
Core 0: 9393433
Core 1: 8883147
Core 2: 8815357
Core 3: 8269232
------------------------------
5. Data cache miss rate for each core
Core 0: 0.0148663
Core 1: 0.0149823
Core 2: 0.0147151
Core 3: 0.0151837
------------------------------
6. Amount of Data traffic in bytes on the bus
515936896
------------------------------
7. Number of invalidations or updates on the bus
10036
------------------------------
8. Distribution of accesses to private data versus shared data
Core 0: Private acceses = 2087632 | Shared accesses = 488871
Core 1: Private acceses = 1949928 | Shared accesses = 457916
Core 2: Private acceses = 2100325 | Shared accesses = 503864
Core 3: Private acceses = 1883290 | Shared accesses = 528175
================== END ==================
=========================================
