Input: MESI_bodytrack_65536_4_32_optimized
=========================================
------------------------------
1. Overall execution cycle per core
Core 0: 20919991989222
Core 1: 21187681734395
Core 2: 17461693265
Core 3: 21564634127318
------------------------------
2. Number of compute cycles per core
Core 0: 17729254
Core 1: 17120545
Core 2: 17556877
Core 3: 17140113
------------------------------
3. Number of load/store instructions per core
Core 0: 3270132
Core 1: 3287252
Core 2: 117698
Core 3: 3324919
------------------------------
4. Number of idle cycles per core
Core 0: 13786932
Core 1: 13901981
Core 2: 434384
Core 3: 13945848
------------------------------
5. Data cache miss rate for each core
Core 0: 0.0245342
Core 1: 0.0246589
Core 2: 0.0202977
Core 3: 0.0244448
------------------------------
6. Amount of Data traffic in bytes on the bus
319596032
------------------------------
7. Number of invalidations or updates on the bus
3573
------------------------------
8. Distribution of accesses to private data versus shared data
Core 0: Private acceses = 2209163 | Shared accesses = 1060969
Core 1: Private acceses = 2169035 | Shared accesses = 1118217
Core 2: Private acceses = 91071 | Shared accesses = 26627
Core 3: Private acceses = 2194437 | Shared accesses = 1130482
================== END ==================
=========================================
