Input: MESI_bodytrack_16384_2_128
=========================================
------------------------------
1. Overall execution cycle per core
Core 0: 25236487584622
Core 1: 26194134477209
Core 2: 21779834490
Core 3: 26266067327213
------------------------------
2. Number of compute cycles per core
Core 0: 17729254
Core 1: 17120545
Core 2: 17556877
Core 3: 17140113
------------------------------
3. Number of load/store instructions per core
Core 0: 3270132
Core 1: 3287252
Core 2: 117698
Core 3: 3324919
------------------------------
4. Number of idle cycles per core
Core 0: 16343128
Core 1: 16884429
Core 2: 416640
Core 3: 16734770
------------------------------
5. Data cache miss rate for each core
Core 0: 0.0326235
Core 1: 0.0328475
Core 2: 0.0159221
Core 3: 0.0326179
------------------------------
6. Amount of Data traffic in bytes on the bus
1110060160
------------------------------
7. Number of invalidations or updates on the bus
2143
------------------------------
8. Distribution of accesses to private data versus shared data
Core 0: Private acceses = 2608613 | Shared accesses = 661519
Core 1: Private acceses = 2584947 | Shared accesses = 702305
Core 2: Private acceses = 91237 | Shared accesses = 26461
Core 3: Private acceses = 2596655 | Shared accesses = 728264
================== END ==================
=========================================
