Input: MESI_bodytrack_16384_128_128
=========================================
------------------------------
1. Overall execution cycle per core
Core 0: 22601120263493
Core 1: 22885473637930
Core 2: 14037489040
Core 3: 22922140717419
------------------------------
2. Number of compute cycles per core
Core 0: 17729254
Core 1: 17120545
Core 2: 17556877
Core 3: 17140113
------------------------------
3. Number of load/store instructions per core
Core 0: 3270132
Core 1: 3287252
Core 2: 117698
Core 3: 3324919
------------------------------
4. Number of idle cycles per core
Core 0: 15396443
Core 1: 15423686
Core 2: 286069
Core 3: 15393369
------------------------------
5. Data cache miss rate for each core
Core 0: 0.0302385
Core 1: 0.0301617
Core 2: 0.00905708
Core 3: 0.0297947
------------------------------
6. Amount of Data traffic in bytes on the bus
1139702912
------------------------------
7. Number of invalidations or updates on the bus
2175
------------------------------
8. Distribution of accesses to private data versus shared data
Core 0: Private acceses = 2515187 | Shared accesses = 754945
Core 1: Private acceses = 2506735 | Shared accesses = 780517
Core 2: Private acceses = 90465 | Shared accesses = 27233
Core 3: Private acceses = 2569497 | Shared accesses = 755422
================== END ==================
=========================================
