Input: MESI_blackscholes_16384_512_32
=========================================
------------------------------
1. Overall execution cycle per core
Core 0: 3928146898639
Core 1: 3733342643300
Core 2: 5514184449398
Core 3: 3850143383689
------------------------------
2. Number of compute cycles per core
Core 0: 10430314
Core 1: 10383276
Core 2: 10430338
Core 3: 10394904
------------------------------
3. Number of load/store instructions per core
Core 0: 2497349
Core 1: 2490468
Core 2: 2509057
Core 3: 2503127
------------------------------
4. Number of idle cycles per core
Core 0: 3061710
Core 1: 2974863
Core 2: 3705005
Core 3: 3023286
------------------------------
5. Data cache miss rate for each core
Core 0: 0.00185557
Core 1: 0.00166997
Core 2: 0.00329845
Core 3: 0.00174382
------------------------------
6. Amount of Data traffic in bytes on the bus
317499776
------------------------------
7. Number of invalidations or updates on the bus
458
------------------------------
8. Distribution of accesses to private data versus shared data
Core 0: Private acceses = 2023196 | Shared accesses = 474153
Core 1: Private acceses = 2017414 | Shared accesses = 473054
Core 2: Private acceses = 2036689 | Shared accesses = 472368
Core 3: Private acceses = 2027764 | Shared accesses = 475363
================== END ==================
=========================================
