Input: MESI_bodytrack_65536_2_64
=========================================
------------------------------
1. Overall execution cycle per core
Core 0: 23914455025632
Core 1: 23983722960379
Core 2: 15473865598
Core 3: 23954160500504
------------------------------
2. Number of compute cycles per core
Core 0: 17729254
Core 1: 17120545
Core 2: 17556877
Core 3: 17140113
------------------------------
3. Number of load/store instructions per core
Core 0: 3270132
Core 1: 3287252
Core 2: 117698
Core 3: 3324919
------------------------------
4. Number of idle cycles per core
Core 0: 16760134
Core 1: 16486792
Core 2: 337098
Core 3: 16481353
------------------------------
5. Data cache miss rate for each core
Core 0: 0.0301777
Core 1: 0.029371
Core 2: 0.0130334
Core 3: 0.029352
------------------------------
6. Amount of Data traffic in bytes on the bus
628261760
------------------------------
7. Number of invalidations or updates on the bus
3668
------------------------------
8. Distribution of accesses to private data versus shared data
Core 0: Private acceses = 2252853 | Shared accesses = 1017279
Core 1: Private acceses = 2289303 | Shared accesses = 997949
Core 2: Private acceses = 91059 | Shared accesses = 26639
Core 3: Private acceses = 2223104 | Shared accesses = 1101815
================== END ==================
=========================================
