Input: MESI_bodytrack_1024_2_32
=========================================
------------------------------
1. Overall execution cycle per core
Core 0: 81845004283143
Core 1: 83923703163785
Core 2: 126941106736
Core 3: 86287604382644
------------------------------
2. Number of compute cycles per core
Core 0: 17729254
Core 1: 17120545
Core 2: 17556877
Core 3: 17140113
------------------------------
3. Number of load/store instructions per core
Core 0: 3270132
Core 1: 3287252
Core 2: 117698
Core 3: 3324919
------------------------------
4. Number of idle cycles per core
Core 0: 44189341
Core 1: 44931074
Core 2: 2163067
Core 3: 45807715
------------------------------
5. Data cache miss rate for each core
Core 0: 0.100869
Core 1: 0.10153
Core 2: 0.125533
Core 3: 0.102593
------------------------------
6. Amount of Data traffic in bytes on the bus
242208192
------------------------------
7. Number of invalidations or updates on the bus
180
------------------------------
8. Distribution of accesses to private data versus shared data
Core 0: Private acceses = 2938244 | Shared accesses = 331888
Core 1: Private acceses = 2941894 | Shared accesses = 345358
Core 2: Private acceses = 97988 | Shared accesses = 19710
Core 3: Private acceses = 3010295 | Shared accesses = 314624
================== END ==================
=========================================
