Input: MESI_fluidanimate_131072_2_32
=========================================
------------------------------
1. Overall execution cycle per core
Core 0: 28520676461868
Core 1: 25098632149218
Core 2: 26794538961946
Core 3: 23068075692317
------------------------------
2. Number of compute cycles per core
Core 0: 11337782
Core 1: 11290799
Core 2: 11337671
Core 3: 11301515
------------------------------
3. Number of load/store instructions per core
Core 0: 2576503
Core 1: 2407844
Core 2: 2604189
Core 3: 2411465
------------------------------
4. Number of idle cycles per core
Core 0: 15035527
Core 1: 14230813
Core 2: 14212664
Core 3: 13295106
------------------------------
5. Data cache miss rate for each core
Core 0: 0.0276802
Core 1: 0.0274868
Core 2: 0.0270591
Core 3: 0.0281505
------------------------------
6. Amount of Data traffic in bytes on the bus
255626336
------------------------------
7. Number of invalidations or updates on the bus
17433
------------------------------
8. Distribution of accesses to private data versus shared data
Core 0: Private acceses = 2088571 | Shared accesses = 487932
Core 1: Private acceses = 1955127 | Shared accesses = 452717
Core 2: Private acceses = 2124113 | Shared accesses = 480076
Core 3: Private acceses = 1904157 | Shared accesses = 507308
================== END ==================
=========================================
