Input: MESI_fluidanimate_131072_1024_128
=========================================
------------------------------
1. Overall execution cycle per core
Core 0: 11232652671297
Core 1: 9957104004930
Core 2: 11067677835984
Core 3: 9540987683846
------------------------------
2. Number of compute cycles per core
Core 0: 11337782
Core 1: 11290799
Core 2: 11337671
Core 3: 11301515
------------------------------
3. Number of load/store instructions per core
Core 0: 2576503
Core 1: 2407844
Core 2: 2604189
Core 3: 2411465
------------------------------
4. Number of idle cycles per core
Core 0: 6532198
Core 1: 6197227
Core 2: 6427804
Core 3: 6043086
------------------------------
5. Data cache miss rate for each core
Core 0: 0.00885735
Core 1: 0.00909237
Core 2: 0.008931
Core 3: 0.0091376
------------------------------
6. Amount of Data traffic in bytes on the bus
1080848000
------------------------------
7. Number of invalidations or updates on the bus
7306
------------------------------
8. Distribution of accesses to private data versus shared data
Core 0: Private acceses = 2079121 | Shared accesses = 497382
Core 1: Private acceses = 1917755 | Shared accesses = 490089
Core 2: Private acceses = 2101958 | Shared accesses = 502231
Core 3: Private acceses = 1899093 | Shared accesses = 512372
================== END ==================
=========================================
