Input: MESI_fluidanimate_16384_1_32
=========================================
------------------------------
1. Overall execution cycle per core
Core 0: 45339492558487
Core 1: 38585345845670
Core 2: 45626851897642
Core 3: 38655580964592
------------------------------
2. Number of compute cycles per core
Core 0: 11337782
Core 1: 11290799
Core 2: 11337671
Core 3: 11301515
------------------------------
3. Number of load/store instructions per core
Core 0: 2576503
Core 1: 2407844
Core 2: 2604189
Core 3: 2411465
------------------------------
4. Number of idle cycles per core
Core 0: 24638959
Core 1: 22009241
Core 2: 24425754
Core 3: 22249721
------------------------------
5. Data cache miss rate for each core
Core 0: 0.052735
Core 1: 0.0496614
Core 2: 0.0516203
Core 3: 0.0509533
------------------------------
6. Amount of Data traffic in bytes on the bus
256240832
------------------------------
7. Number of invalidations or updates on the bus
5234
------------------------------
8. Distribution of accesses to private data versus shared data
Core 0: Private acceses = 2116792 | Shared accesses = 459711
Core 1: Private acceses = 1970839 | Shared accesses = 437005
Core 2: Private acceses = 2151982 | Shared accesses = 452207
Core 3: Private acceses = 1936003 | Shared accesses = 475462
================== END ==================
=========================================
