Input: MESI_bodytrack_16384_4_32
=========================================
------------------------------
1. Overall execution cycle per core
Core 0: 31545822387624
Core 1: 32704460785473
Core 2: 24208926947
Core 3: 32607666293261
------------------------------
2. Number of compute cycles per core
Core 0: 17729254
Core 1: 17120545
Core 2: 17556877
Core 3: 17140113
------------------------------
3. Number of load/store instructions per core
Core 0: 3270132
Core 1: 3287252
Core 2: 117698
Core 3: 3324919
------------------------------
4. Number of idle cycles per core
Core 0: 21241284
Core 1: 21569839
Core 2: 570611
Core 3: 21636557
------------------------------
5. Data cache miss rate for each core
Core 0: 0.0430129
Core 1: 0.0434874
Core 2: 0.0244184
Core 3: 0.0427018
------------------------------
6. Amount of Data traffic in bytes on the bus
287275232
------------------------------
7. Number of invalidations or updates on the bus
2078
------------------------------
8. Distribution of accesses to private data versus shared data
Core 0: Private acceses = 2541996 | Shared accesses = 728136
Core 1: Private acceses = 2587756 | Shared accesses = 699496
Core 2: Private acceses = 92440 | Shared accesses = 25258
Core 3: Private acceses = 2557773 | Shared accesses = 767146
================== END ==================
=========================================
