Input: MESI_bodytrack_4096_1024_4
=========================================
------------------------------
1. Overall execution cycle per core
Core 0: 79906294378477
Core 1: 85628776234649
Core 2: 155187940489
Core 3: 81921912863225
------------------------------
2. Number of compute cycles per core
Core 0: 17729254
Core 1: 17120545
Core 2: 17556877
Core 3: 17140113
------------------------------
3. Number of load/store instructions per core
Core 0: 3270132
Core 1: 3287252
Core 2: 117698
Core 3: 3324919
------------------------------
4. Number of idle cycles per core
Core 0: 51913545
Core 1: 54087116
Core 2: 3039815
Core 3: 52637588
------------------------------
5. Data cache miss rate for each core
Core 0: 0.106499
Core 1: 0.108897
Core 2: 0.155279
Core 3: 0.105717
------------------------------
6. Amount of Data traffic in bytes on the bus
36258964
------------------------------
7. Number of invalidations or updates on the bus
2482
------------------------------
8. Distribution of accesses to private data versus shared data
Core 0: Private acceses = 2607735 | Shared accesses = 662397
Core 1: Private acceses = 2680452 | Shared accesses = 606800
Core 2: Private acceses = 94322 | Shared accesses = 23376
Core 3: Private acceses = 2650084 | Shared accesses = 674835
================== END ==================
=========================================
