Input: MESI_bodytrack_16384_1_32
=========================================
------------------------------
1. Overall execution cycle per core
Core 0: 36071676641041
Core 1: 37499517845391
Core 2: 42180557982
Core 3: 37231890421741
------------------------------
2. Number of compute cycles per core
Core 0: 17729254
Core 1: 17120545
Core 2: 17556877
Core 3: 17140113
------------------------------
3. Number of load/store instructions per core
Core 0: 3270132
Core 1: 3287252
Core 2: 117698
Core 3: 3324919
------------------------------
4. Number of idle cycles per core
Core 0: 22970795
Core 1: 23432463
Core 2: 857247
Core 3: 23238694
------------------------------
5. Data cache miss rate for each core
Core 0: 0.0478011
Core 1: 0.0477703
Core 2: 0.0410967
Core 3: 0.0474863
------------------------------
6. Amount of Data traffic in bytes on the bus
275573824
------------------------------
7. Number of invalidations or updates on the bus
1761
------------------------------
8. Distribution of accesses to private data versus shared data
Core 0: Private acceses = 2666676 | Shared accesses = 603456
Core 1: Private acceses = 2604646 | Shared accesses = 682606
Core 2: Private acceses = 93269 | Shared accesses = 24429
Core 3: Private acceses = 2740059 | Shared accesses = 584860
================== END ==================
=========================================
