Input: MESI_bodytrack_65536_2_32
=========================================
------------------------------
1. Overall execution cycle per core
Core 0: 22209937420282
Core 1: 22590177039865
Core 2: 18890944927
Core 3: 22104116302248
------------------------------
2. Number of compute cycles per core
Core 0: 17729254
Core 1: 17120545
Core 2: 17556877
Core 3: 17140113
------------------------------
3. Number of load/store instructions per core
Core 0: 3270132
Core 1: 3287252
Core 2: 117698
Core 3: 3324919
------------------------------
4. Number of idle cycles per core
Core 0: 14691184
Core 1: 14613228
Core 2: 465721
Core 3: 14497637
------------------------------
5. Data cache miss rate for each core
Core 0: 0.0265928
Core 1: 0.0259971
Core 2: 0.0211049
Core 3: 0.0257877
------------------------------
6. Amount of Data traffic in bytes on the bus
315304736
------------------------------
7. Number of invalidations or updates on the bus
3394
------------------------------
8. Distribution of accesses to private data versus shared data
Core 0: Private acceses = 2179487 | Shared accesses = 1090645
Core 1: Private acceses = 2305898 | Shared accesses = 981354
Core 2: Private acceses = 91144 | Shared accesses = 26554
Core 3: Private acceses = 2210720 | Shared accesses = 1114199
================== END ==================
=========================================
