Input: MESI_bodytrack_16384_8_128
=========================================
------------------------------
1. Overall execution cycle per core
Core 0: 23119195863740
Core 1: 23005646270455
Core 2: 14324900976
Core 3: 23680412586991
------------------------------
2. Number of compute cycles per core
Core 0: 17729254
Core 1: 17120545
Core 2: 17556877
Core 3: 17140113
------------------------------
3. Number of load/store instructions per core
Core 0: 3270132
Core 1: 3287252
Core 2: 117698
Core 3: 3324919
------------------------------
4. Number of idle cycles per core
Core 0: 15539509
Core 1: 15430269
Core 2: 301671
Core 3: 15772869
------------------------------
5. Data cache miss rate for each core
Core 0: 0.0307896
Core 1: 0.0305906
Core 2: 0.0101616
Core 3: 0.0304263
------------------------------
6. Amount of Data traffic in bytes on the bus
1130290560
------------------------------
7. Number of invalidations or updates on the bus
2592
------------------------------
8. Distribution of accesses to private data versus shared data
Core 0: Private acceses = 2550813 | Shared accesses = 719319
Core 1: Private acceses = 2554380 | Shared accesses = 732872
Core 2: Private acceses = 91231 | Shared accesses = 26467
Core 3: Private acceses = 2563657 | Shared accesses = 761262
================== END ==================
=========================================
