Input: MESI_bodytrack_16384_1_64
=========================================
------------------------------
1. Overall execution cycle per core
Core 0: 32816935804856
Core 1: 33545432285303
Core 2: 41204795550
Core 3: 34448327001863
------------------------------
2. Number of compute cycles per core
Core 0: 17729254
Core 1: 17120545
Core 2: 17556877
Core 3: 17140113
------------------------------
3. Number of load/store instructions per core
Core 0: 3270132
Core 1: 3287252
Core 2: 117698
Core 3: 3324919
------------------------------
4. Number of idle cycles per core
Core 0: 21205004
Core 1: 20965908
Core 2: 758526
Core 3: 21225690
------------------------------
5. Data cache miss rate for each core
Core 0: 0.0436545
Core 1: 0.0435762
Core 2: 0.035897
Core 3: 0.0433099
------------------------------
6. Amount of Data traffic in bytes on the bus
535900480
------------------------------
7. Number of invalidations or updates on the bus
1783
------------------------------
8. Distribution of accesses to private data versus shared data
Core 0: Private acceses = 2707885 | Shared accesses = 562247
Core 1: Private acceses = 2757979 | Shared accesses = 529273
Core 2: Private acceses = 93030 | Shared accesses = 24668
Core 3: Private acceses = 2725561 | Shared accesses = 599358
================== END ==================
=========================================
