Input: MESI_bodytrack_131072_4_32
=========================================
------------------------------
1. Overall execution cycle per core
Core 0: 12777759352854
Core 1: 13351432100464
Core 2: 17579257033
Core 3: 12952506486538
------------------------------
2. Number of compute cycles per core
Core 0: 17729254
Core 1: 17120545
Core 2: 17556877
Core 3: 17140113
------------------------------
3. Number of load/store instructions per core
Core 0: 3270132
Core 1: 3287252
Core 2: 117698
Core 3: 3324919
------------------------------
4. Number of idle cycles per core
Core 0: 7530450
Core 1: 7641783
Core 2: 410964
Core 3: 7479356
------------------------------
5. Data cache miss rate for each core
Core 0: 0.0104216
Core 1: 0.0099679
Core 2: 0.0200428
Core 3: 0.0101166
------------------------------
6. Amount of Data traffic in bytes on the bus
316927744
------------------------------
7. Number of invalidations or updates on the bus
4131
------------------------------
8. Distribution of accesses to private data versus shared data
Core 0: Private acceses = 2137495 | Shared accesses = 1132637
Core 1: Private acceses = 2192926 | Shared accesses = 1094326
Core 2: Private acceses = 90828 | Shared accesses = 26870
Core 3: Private acceses = 2163343 | Shared accesses = 1161576
================== END ==================
=========================================
