Input: MESI_blackscholes_4096_2_64
=========================================
------------------------------
1. Overall execution cycle per core
Core 0: 13471740405635
Core 1: 13248989735128
Core 2: 14843472093096
Core 3: 13611214032069
------------------------------
2. Number of compute cycles per core
Core 0: 10430314
Core 1: 10383276
Core 2: 10430338
Core 3: 10394904
------------------------------
3. Number of load/store instructions per core
Core 0: 2497349
Core 1: 2490468
Core 2: 2509057
Core 3: 2503127
------------------------------
4. Number of idle cycles per core
Core 0: 10754978
Core 1: 10648217
Core 2: 11305014
Core 3: 10799211
------------------------------
5. Data cache miss rate for each core
Core 0: 0.0247274
Core 1: 0.0245721
Core 2: 0.0259309
Core 3: 0.0247878
------------------------------
6. Amount of Data traffic in bytes on the bus
637976192
------------------------------
7. Number of invalidations or updates on the bus
175
------------------------------
8. Distribution of accesses to private data versus shared data
Core 0: Private acceses = 2035937 | Shared accesses = 461412
Core 1: Private acceses = 2031729 | Shared accesses = 458739
Core 2: Private acceses = 2049960 | Shared accesses = 459097
Core 3: Private acceses = 2040197 | Shared accesses = 462930
================== END ==================
=========================================
