Input: MESI_fluidanimate_16384_1_64
=========================================
------------------------------
1. Overall execution cycle per core
Core 0: 33982777220923
Core 1: 27855432929085
Core 2: 34387374068655
Core 3: 27933378638236
------------------------------
2. Number of compute cycles per core
Core 0: 11337782
Core 1: 11290799
Core 2: 11337671
Core 3: 11301515
------------------------------
3. Number of load/store instructions per core
Core 0: 2576503
Core 1: 2407844
Core 2: 2604189
Core 3: 2411465
------------------------------
4. Number of idle cycles per core
Core 0: 19455634
Core 1: 16506721
Core 2: 19358245
Core 3: 16653491
------------------------------
5. Data cache miss rate for each core
Core 0: 0.0419305
Core 1: 0.0369966
Core 2: 0.0409728
Core 3: 0.0380064
------------------------------
6. Amount of Data traffic in bytes on the bus
513327232
------------------------------
7. Number of invalidations or updates on the bus
4585
------------------------------
8. Distribution of accesses to private data versus shared data
Core 0: Private acceses = 2097368 | Shared accesses = 479135
Core 1: Private acceses = 1970182 | Shared accesses = 437662
Core 2: Private acceses = 2134842 | Shared accesses = 469347
Core 3: Private acceses = 1933233 | Shared accesses = 478232
================== END ==================
=========================================
