Input: MESI_fluidanimate_1024_2_32
=========================================
------------------------------
1. Overall execution cycle per core
Core 0: 70832587649765
Core 1: 57344424711804
Core 2: 73933776856342
Core 3: 56795906397074
------------------------------
2. Number of compute cycles per core
Core 0: 11337782
Core 1: 11290799
Core 2: 11337671
Core 3: 11301515
------------------------------
3. Number of load/store instructions per core
Core 0: 2576503
Core 1: 2407844
Core 2: 2604189
Core 3: 2411465
------------------------------
4. Number of idle cycles per core
Core 0: 44711463
Core 1: 36823687
Core 2: 45955267
Core 3: 36333854
------------------------------
5. Data cache miss rate for each core
Core 0: 0.113269
Core 1: 0.0982692
Core 2: 0.114428
Core 3: 0.0967615
------------------------------
6. Amount of Data traffic in bytes on the bus
256852448
------------------------------
7. Number of invalidations or updates on the bus
423
------------------------------
8. Distribution of accesses to private data versus shared data
Core 0: Private acceses = 2178612 | Shared accesses = 397891
Core 1: Private acceses = 2011124 | Shared accesses = 396720
Core 2: Private acceses = 2200801 | Shared accesses = 403388
Core 3: Private acceses = 2006849 | Shared accesses = 404616
================== END ==================
=========================================
