Input: MESI_fluidanimate_65536_4_64
=========================================
------------------------------
1. Overall execution cycle per core
Core 0: 17483304989296
Core 1: 14418220760700
Core 2: 16620668716988
Core 3: 14782562487930
------------------------------
2. Number of compute cycles per core
Core 0: 11337782
Core 1: 11290799
Core 2: 11337671
Core 3: 11301515
------------------------------
3. Number of load/store instructions per core
Core 0: 2576503
Core 1: 2407844
Core 2: 2604189
Core 3: 2411465
------------------------------
4. Number of idle cycles per core
Core 0: 9682426
Core 1: 8597552
Core 2: 9193630
Core 3: 8763949
------------------------------
5. Data cache miss rate for each core
Core 0: 0.0153852
Core 1: 0.0152547
Core 2: 0.0152539
Core 3: 0.015501
------------------------------
6. Amount of Data traffic in bytes on the bus
514596544
------------------------------
7. Number of invalidations or updates on the bus
9364
------------------------------
8. Distribution of accesses to private data versus shared data
Core 0: Private acceses = 2076572 | Shared accesses = 499931
Core 1: Private acceses = 1942437 | Shared accesses = 465407
Core 2: Private acceses = 2109085 | Shared accesses = 495104
Core 3: Private acceses = 1902653 | Shared accesses = 508812
================== END ==================
=========================================
