Input: MESI_bodytrack_4096_2_32
=========================================
------------------------------
1. Overall execution cycle per core
Core 0: 41909555930561
Core 1: 43617390866372
Core 2: 71621327287
Core 3: 43368987176533
------------------------------
2. Number of compute cycles per core
Core 0: 17729254
Core 1: 17120545
Core 2: 17556877
Core 3: 17140113
------------------------------
3. Number of load/store instructions per core
Core 0: 3270132
Core 1: 3287252
Core 2: 117698
Core 3: 3324919
------------------------------
4. Number of idle cycles per core
Core 0: 25309693
Core 1: 25624146
Core 2: 1313638
Core 3: 25482585
------------------------------
5. Data cache miss rate for each core
Core 0: 0.0563549
Core 1: 0.0559762
Core 2: 0.0701796
Core 3: 0.055645
------------------------------
6. Amount of Data traffic in bytes on the bus
253910688
------------------------------
7. Number of invalidations or updates on the bus
983
------------------------------
8. Distribution of accesses to private data versus shared data
Core 0: Private acceses = 2797575 | Shared accesses = 472557
Core 1: Private acceses = 2795427 | Shared accesses = 491825
Core 2: Private acceses = 95552 | Shared accesses = 22146
Core 3: Private acceses = 2884880 | Shared accesses = 440039
================== END ==================
=========================================
