Input: MESI_blackscholes_16384_4_64
=========================================
------------------------------
1. Overall execution cycle per core
Core 0: 5896175173231
Core 1: 5769045882182
Core 2: 6942717366803
Core 3: 5936962822551
------------------------------
2. Number of compute cycles per core
Core 0: 10430314
Core 1: 10383276
Core 2: 10430338
Core 3: 10394904
------------------------------
3. Number of load/store instructions per core
Core 0: 2497349
Core 1: 2490468
Core 2: 2509057
Core 3: 2503127
------------------------------
4. Number of idle cycles per core
Core 0: 4684095
Core 1: 4626841
Core 2: 5103072
Core 3: 4699588
------------------------------
5. Data cache miss rate for each core
Core 0: 0.00812101
Core 1: 0.00802058
Core 2: 0.0090807
Core 3: 0.00812424
------------------------------
6. Amount of Data traffic in bytes on the bus
638933760
------------------------------
7. Number of invalidations or updates on the bus
334
------------------------------
8. Distribution of accesses to private data versus shared data
Core 0: Private acceses = 2023624 | Shared accesses = 473725
Core 1: Private acceses = 2016981 | Shared accesses = 473487
Core 2: Private acceses = 2035316 | Shared accesses = 473741
Core 3: Private acceses = 2028405 | Shared accesses = 474722
================== END ==================
=========================================
