Input: MESI_bodytrack_4096_4_64
=========================================
------------------------------
1. Overall execution cycle per core
Core 0: 37114695232502
Core 1: 38107329966618
Core 2: 54270108691
Core 3: 38550618302951
------------------------------
2. Number of compute cycles per core
Core 0: 17729254
Core 1: 17120545
Core 2: 17556877
Core 3: 17140113
------------------------------
3. Number of load/store instructions per core
Core 0: 3270132
Core 1: 3287252
Core 2: 117698
Core 3: 3324919
------------------------------
4. Number of idle cycles per core
Core 0: 22533144
Core 1: 22780304
Core 2: 965397
Core 3: 23006621
------------------------------
5. Data cache miss rate for each core
Core 0: 0.0508276
Core 1: 0.0509827
Core 2: 0.050825
Core 3: 0.0509354
------------------------------
6. Amount of Data traffic in bytes on the bus
523092800
------------------------------
7. Number of invalidations or updates on the bus
1116
------------------------------
8. Distribution of accesses to private data versus shared data
Core 0: Private acceses = 2718898 | Shared accesses = 551234
Core 1: Private acceses = 2767529 | Shared accesses = 519723
Core 2: Private acceses = 94772 | Shared accesses = 22926
Core 3: Private acceses = 2773663 | Shared accesses = 551256
================== END ==================
=========================================
