Input: MESI_blackscholes_65536_4_32
=========================================
------------------------------
1. Overall execution cycle per core
Core 0: 3553464042378
Core 1: 3502169808831
Core 2: 4629121434107
Core 3: 3546202659429
------------------------------
2. Number of compute cycles per core
Core 0: 10430314
Core 1: 10383276
Core 2: 10430338
Core 3: 10394904
------------------------------
3. Number of load/store instructions per core
Core 0: 2497349
Core 1: 2490468
Core 2: 2509057
Core 3: 2503127
------------------------------
4. Number of idle cycles per core
Core 0: 2729738
Core 1: 2747012
Core 2: 3177620
Core 3: 2751508
------------------------------
5. Data cache miss rate for each core
Core 0: 0.000841693
Core 1: 0.000944802
Core 2: 0.00192184
Core 3: 0.000976379
------------------------------
6. Amount of Data traffic in bytes on the bus
317242304
------------------------------
7. Number of invalidations or updates on the bus
642
------------------------------
8. Distribution of accesses to private data versus shared data
Core 0: Private acceses = 2023183 | Shared accesses = 474166
Core 1: Private acceses = 2017717 | Shared accesses = 472751
Core 2: Private acceses = 2035051 | Shared accesses = 474006
Core 3: Private acceses = 2026838 | Shared accesses = 476289
================== END ==================
=========================================
