Input: MESI_fluidanimate_16384_256_64_optimized
=========================================
------------------------------
1. Overall execution cycle per core
Core 0: 19402425066310
Core 1: 17196398576346
Core 2: 21059384329418
Core 3: 16754450795209
------------------------------
2. Number of compute cycles per core
Core 0: 11337782
Core 1: 11290799
Core 2: 11337671
Core 3: 11301515
------------------------------
3. Number of load/store instructions per core
Core 0: 2576503
Core 1: 2407844
Core 2: 2604189
Core 3: 2411465
------------------------------
4. Number of idle cycles per core
Core 0: 10742026
Core 1: 10045474
Core 2: 11314340
Core 3: 9844602
------------------------------
5. Data cache miss rate for each core
Core 0: 0.018666
Core 1: 0.0187026
Core 2: 0.0197513
Core 3: 0.018446
------------------------------
6. Amount of Data traffic in bytes on the bus
510193088
------------------------------
7. Number of invalidations or updates on the bus
3576
------------------------------
8. Distribution of accesses to private data versus shared data
Core 0: Private acceses = 2108494 | Shared accesses = 468009
Core 1: Private acceses = 1950896 | Shared accesses = 456948
Core 2: Private acceses = 2133554 | Shared accesses = 470635
Core 3: Private acceses = 1919889 | Shared accesses = 491576
================== END ==================
=========================================
