Input: MESI_bodytrack_65536_4_32
=========================================
------------------------------
1. Overall execution cycle per core
Core 0: 20931683341238
Core 1: 21627147176202
Core 2: 17521034725
Core 3: 21396151885815
------------------------------
2. Number of compute cycles per core
Core 0: 17729254
Core 1: 17120545
Core 2: 17556877
Core 3: 17140113
------------------------------
3. Number of load/store instructions per core
Core 0: 3270132
Core 1: 3287252
Core 2: 117698
Core 3: 3324919
------------------------------
4. Number of idle cycles per core
Core 0: 13800575
Core 1: 14116436
Core 2: 435402
Core 3: 13906093
------------------------------
5. Data cache miss rate for each core
Core 0: 0.0245666
Core 1: 0.0246802
Core 2: 0.0202297
Core 3: 0.0244668
------------------------------
6. Amount of Data traffic in bytes on the bus
320481696
------------------------------
7. Number of invalidations or updates on the bus
4086
------------------------------
8. Distribution of accesses to private data versus shared data
Core 0: Private acceses = 2164707 | Shared accesses = 1105425
Core 1: Private acceses = 2191661 | Shared accesses = 1095591
Core 2: Private acceses = 91556 | Shared accesses = 26142
Core 3: Private acceses = 2190062 | Shared accesses = 1134857
================== END ==================
=========================================
