Input: MESI_bodytrack_16384_8_4
=========================================
------------------------------
1. Overall execution cycle per core
Core 0: 43336402938038
Core 1: 48837890670265
Core 2: 79174775213
Core 3: 46691520139067
------------------------------
2. Number of compute cycles per core
Core 0: 17729254
Core 1: 17120545
Core 2: 17556877
Core 3: 17140113
------------------------------
3. Number of load/store instructions per core
Core 0: 3270132
Core 1: 3287252
Core 2: 117698
Core 3: 3324919
------------------------------
4. Number of idle cycles per core
Core 0: 25412924
Core 1: 27164513
Core 2: 1917998
Core 3: 26415567
------------------------------
5. Data cache miss rate for each core
Core 0: 0.0521117
Core 1: 0.053545
Core 2: 0.101658
Core 3: 0.0518749
------------------------------
6. Amount of Data traffic in bytes on the bus
40045684
------------------------------
7. Number of invalidations or updates on the bus
5936
------------------------------
8. Distribution of accesses to private data versus shared data
Core 0: Private acceses = 2249339 | Shared accesses = 1020793
Core 1: Private acceses = 2219458 | Shared accesses = 1067794
Core 2: Private acceses = 92095 | Shared accesses = 25603
Core 3: Private acceses = 2245407 | Shared accesses = 1079512
================== END ==================
=========================================
