Input: MESI_bodytrack_4096_1_32
=========================================
------------------------------
1. Overall execution cycle per core
Core 0: 51351917324459
Core 1: 53521162887848
Core 2: 86248453254
Core 3: 54946009888242
------------------------------
2. Number of compute cycles per core
Core 0: 17729254
Core 1: 17120545
Core 2: 17556877
Core 3: 17140113
------------------------------
3. Number of load/store instructions per core
Core 0: 3270132
Core 1: 3287252
Core 2: 117698
Core 3: 3324919
------------------------------
4. Number of idle cycles per core
Core 0: 29513472
Core 1: 30267533
Core 2: 1571611
Core 3: 31112722
------------------------------
5. Data cache miss rate for each core
Core 0: 0.0656136
Core 1: 0.0668656
Core 2: 0.0873337
Core 3: 0.0675538
------------------------------
6. Amount of Data traffic in bytes on the bus
252627776
------------------------------
7. Number of invalidations or updates on the bus
1018
------------------------------
8. Distribution of accesses to private data versus shared data
Core 0: Private acceses = 2826606 | Shared accesses = 443526
Core 1: Private acceses = 2887667 | Shared accesses = 399585
Core 2: Private acceses = 94954 | Shared accesses = 22744
Core 3: Private acceses = 2891318 | Shared accesses = 433601
================== END ==================
=========================================
