Input: MESI_fluidanimate_4096_8_128
=========================================
------------------------------
1. Overall execution cycle per core
Core 0: 22368139237024
Core 1: 17111482148065
Core 2: 23936604976265
Core 3: 16993778430475
------------------------------
2. Number of compute cycles per core
Core 0: 11337782
Core 1: 11290799
Core 2: 11337671
Core 3: 11301515
------------------------------
3. Number of load/store instructions per core
Core 0: 2576503
Core 1: 2407844
Core 2: 2604189
Core 3: 2411465
------------------------------
4. Number of idle cycles per core
Core 0: 14602555
Core 1: 10763402
Core 2: 15158896
Core 3: 10633373
------------------------------
5. Data cache miss rate for each core
Core 0: 0.0303167
Core 1: 0.0221709
Core 2: 0.0313142
Core 3: 0.0217839
------------------------------
6. Amount of Data traffic in bytes on the bus
1033002112
------------------------------
7. Number of invalidations or updates on the bus
625
------------------------------
8. Distribution of accesses to private data versus shared data
Core 0: Private acceses = 2132806 | Shared accesses = 443697
Core 1: Private acceses = 1982307 | Shared accesses = 425537
Core 2: Private acceses = 2155126 | Shared accesses = 449063
Core 3: Private acceses = 1960553 | Shared accesses = 450912
================== END ==================
=========================================
