Input: MESI_bodytrack_4096_4_4
=========================================
------------------------------
1. Overall execution cycle per core
Core 0: 79992208903604
Core 1: 85507618510353
Core 2: 162822767909
Core 3: 83126746521846
------------------------------
2. Number of compute cycles per core
Core 0: 17729254
Core 1: 17120545
Core 2: 17556877
Core 3: 17140113
------------------------------
3. Number of load/store instructions per core
Core 0: 3270132
Core 1: 3287252
Core 2: 117698
Core 3: 3324919
------------------------------
4. Number of idle cycles per core
Core 0: 51186736
Core 1: 52846786
Core 2: 3200551
Core 3: 52285634
------------------------------
5. Data cache miss rate for each core
Core 0: 0.104863
Core 1: 0.106583
Core 2: 0.167046
Core 3: 0.104611
------------------------------
6. Amount of Data traffic in bytes on the bus
35523996
------------------------------
7. Number of invalidations or updates on the bus
2173
------------------------------
8. Distribution of accesses to private data versus shared data
Core 0: Private acceses = 2662851 | Shared accesses = 607281
Core 1: Private acceses = 2788137 | Shared accesses = 499115
Core 2: Private acceses = 95540 | Shared accesses = 22158
Core 3: Private acceses = 2713180 | Shared accesses = 611739
================== END ==================
=========================================
