Input: MESI_blackscholes_4096_8_4
=========================================
------------------------------
1. Overall execution cycle per core
Core 0: 7941640857958
Core 1: 7229985026156
Core 2: 13840026760869
Core 3: 7550931565486
------------------------------
2. Number of compute cycles per core
Core 0: 10430314
Core 1: 10383276
Core 2: 10430338
Core 3: 10394904
------------------------------
3. Number of load/store instructions per core
Core 0: 2497349
Core 1: 2490468
Core 2: 2509057
Core 3: 2503127
------------------------------
4. Number of idle cycles per core
Core 0: 6048292
Core 1: 5757717
Core 2: 8394829
Core 3: 5884216
------------------------------
5. Data cache miss rate for each core
Core 0: 0.0120284
Core 1: 0.0113681
Core 2: 0.0171523
Core 3: 0.011639
------------------------------
6. Amount of Data traffic in bytes on the bus
39839644
------------------------------
7. Number of invalidations or updates on the bus
656
------------------------------
8. Distribution of accesses to private data versus shared data
Core 0: Private acceses = 1977583 | Shared accesses = 519766
Core 1: Private acceses = 1975930 | Shared accesses = 514538
Core 2: Private acceses = 2035866 | Shared accesses = 473191
Core 3: Private acceses = 1960923 | Shared accesses = 542204
================== END ==================
=========================================
