Input: MESI_blackscholes_131072_2048_64
=========================================
------------------------------
1. Overall execution cycle per core
Core 0: 3314546890815
Core 1: 3245298986081
Core 2: 3686797403995
Core 3: 3323005746008
------------------------------
2. Number of compute cycles per core
Core 0: 10430314
Core 1: 10383276
Core 2: 10430338
Core 3: 10394904
------------------------------
3. Number of load/store instructions per core
Core 0: 2497349
Core 1: 2490468
Core 2: 2509057
Core 3: 2503127
------------------------------
4. Number of idle cycles per core
Core 0: 2584213
Core 1: 2556402
Core 2: 2737823
Core 3: 2586358
------------------------------
5. Data cache miss rate for each core
Core 0: 0.000357179
Core 1: 0.000299141
Core 2: 0.000892766
Core 3: 0.000352759
------------------------------
6. Amount of Data traffic in bytes on the bus
634127296
------------------------------
7. Number of invalidations or updates on the bus
504
------------------------------
8. Distribution of accesses to private data versus shared data
Core 0: Private acceses = 2022981 | Shared accesses = 474368
Core 1: Private acceses = 2016905 | Shared accesses = 473563
Core 2: Private acceses = 2034925 | Shared accesses = 474132
Core 3: Private acceses = 2027749 | Shared accesses = 475378
================== END ==================
=========================================
