Input: MESI_blackscholes_16384_4_128
=========================================
------------------------------
1. Overall execution cycle per core
Core 0: 6162277868887
Core 1: 6062243349178
Core 2: 6993879289368
Core 3: 6239978585227
------------------------------
2. Number of compute cycles per core
Core 0: 10430314
Core 1: 10383276
Core 2: 10430338
Core 3: 10394904
------------------------------
3. Number of load/store instructions per core
Core 0: 2497349
Core 1: 2490468
Core 2: 2509057
Core 3: 2503127
------------------------------
4. Number of idle cycles per core
Core 0: 4912581
Core 1: 4866823
Core 2: 5249891
Core 3: 4935407
------------------------------
5. Data cache miss rate for each core
Core 0: 0.00859431
Core 1: 0.00852129
Core 2: 0.00935969
Core 3: 0.008636
------------------------------
6. Amount of Data traffic in bytes on the bus
1278112896
------------------------------
7. Number of invalidations or updates on the bus
267
------------------------------
8. Distribution of accesses to private data versus shared data
Core 0: Private acceses = 2023633 | Shared accesses = 473716
Core 1: Private acceses = 2018317 | Shared accesses = 472151
Core 2: Private acceses = 2035378 | Shared accesses = 473679
Core 3: Private acceses = 2028125 | Shared accesses = 475002
================== END ==================
=========================================
