Input: MESI_blackscholes_65536_2_4
=========================================
------------------------------
1. Overall execution cycle per core
Core 0: 6297674671536
Core 1: 5498378783400
Core 2: 9022012659346
Core 3: 5451643314778
------------------------------
2. Number of compute cycles per core
Core 0: 10430314
Core 1: 10383276
Core 2: 10430338
Core 3: 10394904
------------------------------
3. Number of load/store instructions per core
Core 0: 2497349
Core 1: 2490468
Core 2: 2509057
Core 3: 2503127
------------------------------
4. Number of idle cycles per core
Core 0: 4581162
Core 1: 4025835
Core 2: 5072679
Core 3: 3905073
------------------------------
5. Data cache miss rate for each core
Core 0: 0.00700463
Core 1: 0.00546885
Core 2: 0.00772442
Core 3: 0.00506486
------------------------------
6. Amount of Data traffic in bytes on the bus
39822252
------------------------------
7. Number of invalidations or updates on the bus
1578
------------------------------
8. Distribution of accesses to private data versus shared data
Core 0: Private acceses = 1956480 | Shared accesses = 540869
Core 1: Private acceses = 1950599 | Shared accesses = 539869
Core 2: Private acceses = 2034603 | Shared accesses = 474454
Core 3: Private acceses = 1961190 | Shared accesses = 541937
================== END ==================
=========================================
