Input: MESI_blackscholes_65536_1_64
=========================================
------------------------------
1. Overall execution cycle per core
Core 0: 3687313037252
Core 1: 4012565792082
Core 2: 5400830944660
Core 3: 3839332822620
------------------------------
2. Number of compute cycles per core
Core 0: 10430314
Core 1: 10383276
Core 2: 10430338
Core 3: 10394904
------------------------------
3. Number of load/store instructions per core
Core 0: 2497349
Core 1: 2490468
Core 2: 2509057
Core 3: 2503127
------------------------------
4. Number of idle cycles per core
Core 0: 2893314
Core 1: 3207501
Core 2: 3930282
Core 3: 3012694
------------------------------
5. Data cache miss rate for each core
Core 0: 0.00130338
Core 1: 0.00255293
Core 2: 0.00485401
Core 3: 0.00155565
------------------------------
6. Amount of Data traffic in bytes on the bus
635404416
------------------------------
7. Number of invalidations or updates on the bus
404
------------------------------
8. Distribution of accesses to private data versus shared data
Core 0: Private acceses = 2023133 | Shared accesses = 474216
Core 1: Private acceses = 2016945 | Shared accesses = 473523
Core 2: Private acceses = 2035483 | Shared accesses = 473574
Core 3: Private acceses = 2027367 | Shared accesses = 475760
================== END ==================
=========================================
