Input: MESI_blackscholes_4096_4_32
=========================================
------------------------------
1. Overall execution cycle per core
Core 0: 8279782745355
Core 1: 8053566122244
Core 2: 10345183642649
Core 3: 8328821373835
------------------------------
2. Number of compute cycles per core
Core 0: 10430314
Core 1: 10383276
Core 2: 10430338
Core 3: 10394904
------------------------------
3. Number of load/store instructions per core
Core 0: 2497349
Core 1: 2490468
Core 2: 2509057
Core 3: 2503127
------------------------------
4. Number of idle cycles per core
Core 0: 6549886
Core 1: 6443955
Core 2: 7371375
Core 3: 6557641
------------------------------
5. Data cache miss rate for each core
Core 0: 0.0134843
Core 1: 0.013269
Core 2: 0.0153444
Core 3: 0.0135491
------------------------------
6. Amount of Data traffic in bytes on the bus
319977728
------------------------------
7. Number of invalidations or updates on the bus
171
------------------------------
8. Distribution of accesses to private data versus shared data
Core 0: Private acceses = 2026947 | Shared accesses = 470402
Core 1: Private acceses = 2021798 | Shared accesses = 468670
Core 2: Private acceses = 2037663 | Shared accesses = 471394
Core 3: Private acceses = 2030119 | Shared accesses = 473008
================== END ==================
=========================================
