Input: MESI_blackscholes_16384_256_64_optimized
=========================================
------------------------------
1. Overall execution cycle per core
Core 0: 3607589260855
Core 1: 3499403785999
Core 2: 4618677915474
Core 3: 3565835941464
------------------------------
2. Number of compute cycles per core
Core 0: 10430314
Core 1: 10383276
Core 2: 10430338
Core 3: 10394904
------------------------------
3. Number of load/store instructions per core
Core 0: 2497349
Core 1: 2490468
Core 2: 2509057
Core 3: 2503127
------------------------------
4. Number of idle cycles per core
Core 0: 2835073
Core 1: 2789579
Core 2: 3234943
Core 3: 2809746
------------------------------
5. Data cache miss rate for each core
Core 0: 0.00106193
Core 1: 0.00093115
Core 2: 0.00201231
Core 3: 0.000999949
------------------------------
6. Amount of Data traffic in bytes on the bus
634445888
------------------------------
7. Number of invalidations or updates on the bus
320
------------------------------
8. Distribution of accesses to private data versus shared data
Core 0: Private acceses = 2023267 | Shared accesses = 474082
Core 1: Private acceses = 2020308 | Shared accesses = 470160
Core 2: Private acceses = 2035102 | Shared accesses = 473955
Core 3: Private acceses = 2027341 | Shared accesses = 475786
================== END ==================
=========================================
