Input: MESI_fluidanimate_131072_2_4
=========================================
------------------------------
1. Overall execution cycle per core
Core 0: 118781669798934
Core 1: 106108252950534
Core 2: 115147348700090
Core 3: 100856902939195
------------------------------
2. Number of compute cycles per core
Core 0: 11337782
Core 1: 11290799
Core 2: 11337671
Core 3: 11301515
------------------------------
3. Number of load/store instructions per core
Core 0: 2576503
Core 1: 2407844
Core 2: 2604189
Core 3: 2411465
------------------------------
4. Number of idle cycles per core
Core 0: 58975549
Core 1: 56854502
Core 2: 57335410
Core 3: 54584622
------------------------------
5. Data cache miss rate for each core
Core 0: 0.133595
Core 1: 0.134985
Core 2: 0.130002
Core 3: 0.137384
------------------------------
6. Amount of Data traffic in bytes on the bus
34688184
------------------------------
7. Number of invalidations or updates on the bus
48019
------------------------------
8. Distribution of accesses to private data versus shared data
Core 0: Private acceses = 2087844 | Shared accesses = 488659
Core 1: Private acceses = 1990599 | Shared accesses = 417245
Core 2: Private acceses = 2141976 | Shared accesses = 462213
Core 3: Private acceses = 1938950 | Shared accesses = 472515
================== END ==================
=========================================
