Input: MESI_blackscholes_131072_8_4
=========================================
------------------------------
1. Overall execution cycle per core
Core 0: 5104913666520
Core 1: 4713675629198
Core 2: 7474248806367
Core 3: 4868835449536
------------------------------
2. Number of compute cycles per core
Core 0: 10430314
Core 1: 10383276
Core 2: 10430338
Core 3: 10394904
------------------------------
3. Number of load/store instructions per core
Core 0: 2497349
Core 1: 2490468
Core 2: 2509057
Core 3: 2503127
------------------------------
4. Number of idle cycles per core
Core 0: 3398366
Core 1: 3239817
Core 2: 4360552
Core 3: 3292908
------------------------------
5. Data cache miss rate for each core
Core 0: 0.00349651
Core 1: 0.00320904
Core 2: 0.00729557
Core 3: 0.00330946
------------------------------
6. Amount of Data traffic in bytes on the bus
39725232
------------------------------
7. Number of invalidations or updates on the bus
1686
------------------------------
8. Distribution of accesses to private data versus shared data
Core 0: Private acceses = 1956698 | Shared accesses = 540651
Core 1: Private acceses = 1949904 | Shared accesses = 540564
Core 2: Private acceses = 2034556 | Shared accesses = 474501
Core 3: Private acceses = 1959736 | Shared accesses = 543391
================== END ==================
=========================================
