Input: MESI_bodytrack_1024_1_4
=========================================
------------------------------
1. Overall execution cycle per core
Core 0: 156476493925580
Core 1: 158726112782861
Core 2: 247373804104
Core 3: 161948344610494
------------------------------
2. Number of compute cycles per core
Core 0: 17729254
Core 1: 17120545
Core 2: 17556877
Core 3: 17140113
------------------------------
3. Number of load/store instructions per core
Core 0: 3270132
Core 1: 3287252
Core 2: 117698
Core 3: 3324919
------------------------------
4. Number of idle cycles per core
Core 0: 94503186
Core 1: 93170486
Core 2: 4639227
Core 3: 95449242
------------------------------
5. Data cache miss rate for each core
Core 0: 0.202311
Core 1: 0.1971
Core 2: 0.251644
Core 3: 0.201286
------------------------------
6. Amount of Data traffic in bytes on the bus
33744296
------------------------------
7. Number of invalidations or updates on the bus
1018
------------------------------
8. Distribution of accesses to private data versus shared data
Core 0: Private acceses = 2979592 | Shared accesses = 290540
Core 1: Private acceses = 2964723 | Shared accesses = 322529
Core 2: Private acceses = 97556 | Shared accesses = 20142
Core 3: Private acceses = 2974248 | Shared accesses = 350671
================== END ==================
=========================================
