Input: MESI_bodytrack_16384_4_32
=========================================
------------------------------
1. Overall execution cycle per core
Core 0: 31553598004227
Core 1: 33163686588177
Core 2: 24262689891
Core 3: 32233708667645
------------------------------
2. Number of compute cycles per core
Core 0: 17729254
Core 1: 17120545
Core 2: 17556877
Core 3: 17140113
------------------------------
3. Number of load/store instructions per core
Core 0: 3270132
Core 1: 3287252
Core 2: 117698
Core 3: 3324919
------------------------------
4. Number of idle cycles per core
Core 0: 21302949
Core 1: 21873428
Core 2: 570938
Core 3: 21182114
------------------------------
5. Data cache miss rate for each core
Core 0: 0.0430038
Core 1: 0.0434993
Core 2: 0.0244439
Core 3: 0.0426916
------------------------------
6. Amount of Data traffic in bytes on the bus
288935104
------------------------------
7. Number of invalidations or updates on the bus
2096
------------------------------
8. Distribution of accesses to private data versus shared data
Core 0: Private acceses = 2511759 | Shared accesses = 758373
Core 1: Private acceses = 2528831 | Shared accesses = 758421
Core 2: Private acceses = 92267 | Shared accesses = 25431
Core 3: Private acceses = 2593707 | Shared accesses = 731212
================== END ==================
=========================================
