Input: MESI_bodytrack_65536_1024_64
=========================================
------------------------------
1. Overall execution cycle per core
Core 0: 25960505817455
Core 1: 25978382599305
Core 2: 12817290250
Core 3: 26365822007354
------------------------------
2. Number of compute cycles per core
Core 0: 17729254
Core 1: 17120545
Core 2: 17556877
Core 3: 17140113
------------------------------
3. Number of load/store instructions per core
Core 0: 3270132
Core 1: 3287252
Core 2: 117698
Core 3: 3324919
------------------------------
4. Number of idle cycles per core
Core 0: 18483820
Core 1: 18626686
Core 2: 290580
Core 3: 18537595
------------------------------
5. Data cache miss rate for each core
Core 0: 0.0334662
Core 1: 0.033103
Core 2: 0.0113681
Core 3: 0.0329046
------------------------------
6. Amount of Data traffic in bytes on the bus
637496960
------------------------------
7. Number of invalidations or updates on the bus
3280
------------------------------
8. Distribution of accesses to private data versus shared data
Core 0: Private acceses = 2269735 | Shared accesses = 1000397
Core 1: Private acceses = 2220062 | Shared accesses = 1067190
Core 2: Private acceses = 91726 | Shared accesses = 25972
Core 3: Private acceses = 2240690 | Shared accesses = 1084229
================== END ==================
=========================================
