Input: MESI_bodytrack_16384_2_64
=========================================
------------------------------
1. Overall execution cycle per core
Core 0: 27492620932468
Core 1: 28325295361393
Core 2: 20162421560
Core 3: 28426290870203
------------------------------
2. Number of compute cycles per core
Core 0: 17729254
Core 1: 17120545
Core 2: 17556877
Core 3: 17140113
------------------------------
3. Number of load/store instructions per core
Core 0: 3270132
Core 1: 3287252
Core 2: 117698
Core 3: 3324919
------------------------------
4. Number of idle cycles per core
Core 0: 18479500
Core 1: 18762703
Core 2: 436377
Core 3: 18751484
------------------------------
5. Data cache miss rate for each core
Core 0: 0.0375973
Core 1: 0.0377823
Core 2: 0.0172135
Core 3: 0.0371871
------------------------------
6. Amount of Data traffic in bytes on the bus
553860160
------------------------------
7. Number of invalidations or updates on the bus
2151
------------------------------
8. Distribution of accesses to private data versus shared data
Core 0: Private acceses = 2655577 | Shared accesses = 614555
Core 1: Private acceses = 2624860 | Shared accesses = 662392
Core 2: Private acceses = 91833 | Shared accesses = 25865
Core 3: Private acceses = 2622466 | Shared accesses = 702453
================== END ==================
=========================================
