Input: MESI_bodytrack_65536_16384_4
=========================================
------------------------------
1. Overall execution cycle per core
Core 0: 20214729674972
Core 1: 22835952815471
Core 2: 58160664707
Core 3: 23965512823760
------------------------------
2. Number of compute cycles per core
Core 0: 17729254
Core 1: 17120545
Core 2: 17556877
Core 3: 17140113
------------------------------
3. Number of load/store instructions per core
Core 0: 3270132
Core 1: 3287252
Core 2: 117698
Core 3: 3324919
------------------------------
4. Number of idle cycles per core
Core 0: 9588751
Core 1: 10448777
Core 2: 1401902
Core 3: 10845971
------------------------------
5. Data cache miss rate for each core
Core 0: 0.0160761
Core 1: 0.0169062
Core 2: 0.0910296
Core 3: 0.0165827
------------------------------
6. Amount of Data traffic in bytes on the bus
39306308
------------------------------
7. Number of invalidations or updates on the bus
9469
------------------------------
8. Distribution of accesses to private data versus shared data
Core 0: Private acceses = 2140114 | Shared accesses = 1130018
Core 1: Private acceses = 2152620 | Shared accesses = 1134632
Core 2: Private acceses = 91082 | Shared accesses = 26616
Core 3: Private acceses = 2185893 | Shared accesses = 1139026
================== END ==================
=========================================
