Input: MESI_fluidanimate_65536_2_32
=========================================
------------------------------
1. Overall execution cycle per core
Core 0: 29922830440167
Core 1: 25369163718961
Core 2: 27422339335746
Core 3: 24081819755600
------------------------------
2. Number of compute cycles per core
Core 0: 11337782
Core 1: 11290799
Core 2: 11337671
Core 3: 11301515
------------------------------
3. Number of load/store instructions per core
Core 0: 2576503
Core 1: 2407844
Core 2: 2604189
Core 3: 2411465
------------------------------
4. Number of idle cycles per core
Core 0: 15763850
Core 1: 14351549
Core 2: 14539475
Core 3: 13789022
------------------------------
5. Data cache miss rate for each core
Core 0: 0.0283799
Core 1: 0.028109
Core 2: 0.0278782
Core 3: 0.0286436
------------------------------
6. Amount of Data traffic in bytes on the bus
255025248
------------------------------
7. Number of invalidations or updates on the bus
14357
------------------------------
8. Distribution of accesses to private data versus shared data
Core 0: Private acceses = 2091418 | Shared accesses = 485085
Core 1: Private acceses = 1965369 | Shared accesses = 442475
Core 2: Private acceses = 2126189 | Shared accesses = 478000
Core 3: Private acceses = 1912151 | Shared accesses = 499314
================== END ==================
=========================================
