Input: MESI_bodytrack_131072_4096_32
=========================================
------------------------------
1. Overall execution cycle per core
Core 0: 10542485499912
Core 1: 10808294240063
Core 2: 17069203757
Core 3: 11028742121084
------------------------------
2. Number of compute cycles per core
Core 0: 17729254
Core 1: 17120545
Core 2: 17556877
Core 3: 17140113
------------------------------
3. Number of load/store instructions per core
Core 0: 3270132
Core 1: 3287252
Core 2: 117698
Core 3: 3324919
------------------------------
4. Number of idle cycles per core
Core 0: 5759548
Core 1: 5761972
Core 2: 396012
Core 3: 5856597
------------------------------
5. Data cache miss rate for each core
Core 0: 0.00591077
Core 1: 0.00581489
Core 2: 0.0199579
Core 3: 0.00600857
------------------------------
6. Amount of Data traffic in bytes on the bus
316861888
------------------------------
7. Number of invalidations or updates on the bus
4182
------------------------------
8. Distribution of accesses to private data versus shared data
Core 0: Private acceses = 2152728 | Shared accesses = 1117404
Core 1: Private acceses = 2138621 | Shared accesses = 1148631
Core 2: Private acceses = 91147 | Shared accesses = 26551
Core 3: Private acceses = 2160006 | Shared accesses = 1164913
================== END ==================
=========================================
