Input: MESI_fluidanimate_4096_2_128
=========================================
------------------------------
1. Overall execution cycle per core
Core 0: 37498298892473
Core 1: 29229657371605
Core 2: 39852228381197
Core 3: 29327886514197
------------------------------
2. Number of compute cycles per core
Core 0: 11337782
Core 1: 11290799
Core 2: 11337671
Core 3: 11301515
------------------------------
3. Number of load/store instructions per core
Core 0: 2576503
Core 1: 2407844
Core 2: 2604189
Core 3: 2411465
------------------------------
4. Number of idle cycles per core
Core 0: 24445647
Core 1: 18325874
Core 2: 25633618
Core 3: 18305544
------------------------------
5. Data cache miss rate for each core
Core 0: 0.0566718
Core 1: 0.0438529
Core 2: 0.0593885
Core 3: 0.0436229
------------------------------
6. Amount of Data traffic in bytes on the bus
1029860736
------------------------------
7. Number of invalidations or updates on the bus
1128
------------------------------
8. Distribution of accesses to private data versus shared data
Core 0: Private acceses = 2141264 | Shared accesses = 435239
Core 1: Private acceses = 1989857 | Shared accesses = 417987
Core 2: Private acceses = 2168490 | Shared accesses = 435699
Core 3: Private acceses = 1990719 | Shared accesses = 420746
================== END ==================
=========================================
