Input: MESI_bodytrack_65536_1_4
=========================================
------------------------------
1. Overall execution cycle per core
Core 0: 31221311774042
Core 1: 34463367115079
Core 2: 83942175223
Core 3: 34011993613866
------------------------------
2. Number of compute cycles per core
Core 0: 17729254
Core 1: 17120545
Core 2: 17556877
Core 3: 17140113
------------------------------
3. Number of load/store instructions per core
Core 0: 3270132
Core 1: 3287252
Core 2: 117698
Core 3: 3324919
------------------------------
4. Number of idle cycles per core
Core 0: 16582552
Core 1: 17591358
Core 2: 1986797
Core 3: 17615109
------------------------------
5. Data cache miss rate for each core
Core 0: 0.0324999
Core 1: 0.03381
Core 2: 0.108422
Core 3: 0.0324748
------------------------------
6. Amount of Data traffic in bytes on the bus
39669196
------------------------------
7. Number of invalidations or updates on the bus
8270
------------------------------
8. Distribution of accesses to private data versus shared data
Core 0: Private acceses = 2162254 | Shared accesses = 1107878
Core 1: Private acceses = 2172174 | Shared accesses = 1115078
Core 2: Private acceses = 91760 | Shared accesses = 25938
Core 3: Private acceses = 2215195 | Shared accesses = 1109724
================== END ==================
=========================================
