Input: MESI_bodytrack_131072_8_4
=========================================
------------------------------
1. Overall execution cycle per core
Core 0: 18053259647701
Core 1: 19814344609707
Core 2: 60005189347
Core 3: 19673359755314
------------------------------
2. Number of compute cycles per core
Core 0: 17729254
Core 1: 17120545
Core 2: 17556877
Core 3: 17140113
------------------------------
3. Number of load/store instructions per core
Core 0: 3270132
Core 1: 3287252
Core 2: 117698
Core 3: 3324919
------------------------------
4. Number of idle cycles per core
Core 0: 8384500
Core 1: 8898757
Core 2: 1413981
Core 3: 8817510
------------------------------
5. Data cache miss rate for each core
Core 0: 0.0152116
Core 1: 0.0156459
Core 2: 0.0910211
Core 3: 0.0156747
------------------------------
6. Amount of Data traffic in bytes on the bus
39034232
------------------------------
7. Number of invalidations or updates on the bus
10162
------------------------------
8. Distribution of accesses to private data versus shared data
Core 0: Private acceses = 2170970 | Shared accesses = 1099162
Core 1: Private acceses = 2153470 | Shared accesses = 1133782
Core 2: Private acceses = 90961 | Shared accesses = 26737
Core 3: Private acceses = 2173956 | Shared accesses = 1150963
================== END ==================
=========================================
