Input: MESI_bodytrack_65536_2_4
=========================================
------------------------------
1. Overall execution cycle per core
Core 0: 26020209618654
Core 1: 27568842990271
Core 2: 67373527194
Core 3: 27220868698246
------------------------------
2. Number of compute cycles per core
Core 0: 17729254
Core 1: 17120545
Core 2: 17556877
Core 3: 17140113
------------------------------
3. Number of load/store instructions per core
Core 0: 3270132
Core 1: 3287252
Core 2: 117698
Core 3: 3324919
------------------------------
4. Number of idle cycles per core
Core 0: 13471661
Core 1: 13503624
Core 2: 1636446
Core 3: 13466944
------------------------------
5. Data cache miss rate for each core
Core 0: 0.0245605
Core 1: 0.0244231
Core 2: 0.0928988
Core 3: 0.02352
------------------------------
6. Amount of Data traffic in bytes on the bus
39459312
------------------------------
7. Number of invalidations or updates on the bus
9520
------------------------------
8. Distribution of accesses to private data versus shared data
Core 0: Private acceses = 2146987 | Shared accesses = 1123145
Core 1: Private acceses = 2160585 | Shared accesses = 1126667
Core 2: Private acceses = 92208 | Shared accesses = 25490
Core 3: Private acceses = 2211308 | Shared accesses = 1113611
================== END ==================
=========================================
