Input: MESI_blackscholes_65536_4_4
=========================================
------------------------------
1. Overall execution cycle per core
Core 0: 5236847124182
Core 1: 5001007828141
Core 2: 8861223465101
Core 3: 5156222536087
------------------------------
2. Number of compute cycles per core
Core 0: 10430314
Core 1: 10383276
Core 2: 10430338
Core 3: 10394904
------------------------------
3. Number of load/store instructions per core
Core 0: 2497349
Core 1: 2490468
Core 2: 2509057
Core 3: 2503127
------------------------------
4. Number of idle cycles per core
Core 0: 3509174
Core 1: 3534327
Core 2: 5023280
Core 3: 3561894
------------------------------
5. Data cache miss rate for each core
Core 0: 0.00382125
Core 1: 0.00403177
Core 2: 0.00767221
Core 3: 0.00414162
------------------------------
6. Amount of Data traffic in bytes on the bus
39766240
------------------------------
7. Number of invalidations or updates on the bus
1600
------------------------------
8. Distribution of accesses to private data versus shared data
Core 0: Private acceses = 1956846 | Shared accesses = 540503
Core 1: Private acceses = 1951075 | Shared accesses = 539393
Core 2: Private acceses = 2034620 | Shared accesses = 474437
Core 3: Private acceses = 1960154 | Shared accesses = 542973
================== END ==================
=========================================
