Input: MESI_bodytrack_131072_8_32
=========================================
------------------------------
1. Overall execution cycle per core
Core 0: 10761973055911
Core 1: 11896475862877
Core 2: 16814230367
Core 3: 11968847911961
------------------------------
2. Number of compute cycles per core
Core 0: 17729254
Core 1: 17120545
Core 2: 17556877
Core 3: 17140113
------------------------------
3. Number of load/store instructions per core
Core 0: 3270132
Core 1: 3287252
Core 2: 117698
Core 3: 3324919
------------------------------
4. Number of idle cycles per core
Core 0: 6121338
Core 1: 6496619
Core 2: 397867
Core 3: 6504302
------------------------------
5. Data cache miss rate for each core
Core 0: 0.00735414
Core 1: 0.00726351
Core 2: 0.0199154
Core 3: 0.0074859
------------------------------
6. Amount of Data traffic in bytes on the bus
314635456
------------------------------
7. Number of invalidations or updates on the bus
4021
------------------------------
8. Distribution of accesses to private data versus shared data
Core 0: Private acceses = 2133230 | Shared accesses = 1136902
Core 1: Private acceses = 2239255 | Shared accesses = 1047997
Core 2: Private acceses = 91269 | Shared accesses = 26429
Core 3: Private acceses = 2163975 | Shared accesses = 1160944
================== END ==================
=========================================
