Input: MESI_bodytrack_4096_1_64
=========================================
------------------------------
1. Overall execution cycle per core
Core 0: 55997833819614
Core 1: 57769916050858
Core 2: 87567745594
Core 3: 58963680749593
------------------------------
2. Number of compute cycles per core
Core 0: 17729254
Core 1: 17120545
Core 2: 17556877
Core 3: 17140113
------------------------------
3. Number of load/store instructions per core
Core 0: 3270132
Core 1: 3287252
Core 2: 117698
Core 3: 3324919
------------------------------
4. Number of idle cycles per core
Core 0: 31026848
Core 1: 31550095
Core 2: 1537854
Core 3: 32216855
------------------------------
5. Data cache miss rate for each core
Core 0: 0.0687758
Core 1: 0.0692569
Core 2: 0.0845384
Core 3: 0.0698423
------------------------------
6. Amount of Data traffic in bytes on the bus
510775168
------------------------------
7. Number of invalidations or updates on the bus
965
------------------------------
8. Distribution of accesses to private data versus shared data
Core 0: Private acceses = 2825248 | Shared accesses = 444884
Core 1: Private acceses = 2802931 | Shared accesses = 484321
Core 2: Private acceses = 95975 | Shared accesses = 21723
Core 3: Private acceses = 2853091 | Shared accesses = 471828
================== END ==================
=========================================
