Input: MESI_bodytrack_131072_2_4
=========================================
------------------------------
1. Overall execution cycle per core
Core 0: 19450669920195
Core 1: 22857776662102
Core 2: 64243960046
Core 3: 21103031206537
------------------------------
2. Number of compute cycles per core
Core 0: 17729254
Core 1: 17120545
Core 2: 17556877
Core 3: 17140113
------------------------------
3. Number of load/store instructions per core
Core 0: 3270132
Core 1: 3287252
Core 2: 117698
Core 3: 3324919
------------------------------
4. Number of idle cycles per core
Core 0: 9298733
Core 1: 10482493
Core 2: 1562108
Core 3: 9843770
------------------------------
5. Data cache miss rate for each core
Core 0: 0.0176354
Core 1: 0.018573
Core 2: 0.0922106
Core 3: 0.0178648
------------------------------
6. Amount of Data traffic in bytes on the bus
39146620
------------------------------
7. Number of invalidations or updates on the bus
9870
------------------------------
8. Distribution of accesses to private data versus shared data
Core 0: Private acceses = 2138452 | Shared accesses = 1131680
Core 1: Private acceses = 2189034 | Shared accesses = 1098218
Core 2: Private acceses = 91219 | Shared accesses = 26479
Core 3: Private acceses = 2177028 | Shared accesses = 1147891
================== END ==================
=========================================
