Input: MESI_bodytrack_16384_4_64_optimized
=========================================
------------------------------
1. Overall execution cycle per core
Core 0: 26884409806610
Core 1: 27013621877819
Core 2: 17840301078
Core 3: 27336869635601
------------------------------
2. Number of compute cycles per core
Core 0: 17729254
Core 1: 17120545
Core 2: 17556877
Core 3: 17140113
------------------------------
3. Number of load/store instructions per core
Core 0: 3270132
Core 1: 3287252
Core 2: 117698
Core 3: 3324919
------------------------------
4. Number of idle cycles per core
Core 0: 18247801
Core 1: 18026895
Core 2: 389135
Core 3: 18302794
------------------------------
5. Data cache miss rate for each core
Core 0: 0.0368334
Core 1: 0.0368657
Core 2: 0.0147581
Core 3: 0.0363498
------------------------------
6. Amount of Data traffic in bytes on the bus
564584192
------------------------------
7. Number of invalidations or updates on the bus
2389
------------------------------
8. Distribution of accesses to private data versus shared data
Core 0: Private acceses = 2659955 | Shared accesses = 610177
Core 1: Private acceses = 2517665 | Shared accesses = 769587
Core 2: Private acceses = 91898 | Shared accesses = 25800
Core 3: Private acceses = 2578981 | Shared accesses = 745938
================== END ==================
=========================================
