Input: MESI_bodytrack_131072_1_64
=========================================
------------------------------
1. Overall execution cycle per core
Core 0: 19488999036353
Core 1: 19890480368150
Core 2: 30263730183
Core 3: 19869198284886
------------------------------
2. Number of compute cycles per core
Core 0: 17729254
Core 1: 17120545
Core 2: 17556877
Core 3: 17140113
------------------------------
3. Number of load/store instructions per core
Core 0: 3270132
Core 1: 3287252
Core 2: 117698
Core 3: 3324919
------------------------------
4. Number of idle cycles per core
Core 0: 12700091
Core 1: 12854361
Core 2: 544946
Core 3: 12771992
------------------------------
5. Data cache miss rate for each core
Core 0: 0.0214276
Core 1: 0.0213686
Core 2: 0.0244609
Core 3: 0.0208237
------------------------------
6. Amount of Data traffic in bytes on the bus
632090368
------------------------------
7. Number of invalidations or updates on the bus
3716
------------------------------
8. Distribution of accesses to private data versus shared data
Core 0: Private acceses = 2193578 | Shared accesses = 1076554
Core 1: Private acceses = 2189159 | Shared accesses = 1098093
Core 2: Private acceses = 91793 | Shared accesses = 25905
Core 3: Private acceses = 2216378 | Shared accesses = 1108541
================== END ==================
=========================================
