Input: MESI_fluidanimate_16384_4_32
=========================================
------------------------------
1. Overall execution cycle per core
Core 0: 32259743144684
Core 1: 27875486201763
Core 2: 33492204448777
Core 3: 27595377490716
------------------------------
2. Number of compute cycles per core
Core 0: 11337782
Core 1: 11290799
Core 2: 11337671
Core 3: 11301515
------------------------------
3. Number of load/store instructions per core
Core 0: 2576503
Core 1: 2407844
Core 2: 2604189
Core 3: 2411465
------------------------------
4. Number of idle cycles per core
Core 0: 17121187
Core 1: 15728136
Core 2: 17462912
Core 3: 15626107
------------------------------
5. Data cache miss rate for each core
Core 0: 0.0328228
Core 1: 0.0324369
Core 2: 0.0335241
Core 3: 0.0324164
------------------------------
6. Amount of Data traffic in bytes on the bus
253861888
------------------------------
7. Number of invalidations or updates on the bus
4063
------------------------------
8. Distribution of accesses to private data versus shared data
Core 0: Private acceses = 2116531 | Shared accesses = 459972
Core 1: Private acceses = 1965170 | Shared accesses = 442674
Core 2: Private acceses = 2144189 | Shared accesses = 460000
Core 3: Private acceses = 1938213 | Shared accesses = 473252
================== END ==================
=========================================
