Input: MESI_bodytrack_16384_256_64
=========================================
------------------------------
1. Overall execution cycle per core
Core 0: 25869767672114
Core 1: 26848034884842
Core 2: 17175704447
Core 3: 26083032861506
------------------------------
2. Number of compute cycles per core
Core 0: 17729254
Core 1: 17120545
Core 2: 17556877
Core 3: 17140113
------------------------------
3. Number of load/store instructions per core
Core 0: 3270132
Core 1: 3287252
Core 2: 117698
Core 3: 3324919
------------------------------
4. Number of idle cycles per core
Core 0: 17790682
Core 1: 18059191
Core 2: 367155
Core 3: 17704006
------------------------------
5. Data cache miss rate for each core
Core 0: 0.0362242
Core 1: 0.0363279
Core 2: 0.0134242
Core 3: 0.0356346
------------------------------
6. Amount of Data traffic in bytes on the bus
559314368
------------------------------
7. Number of invalidations or updates on the bus
1823
------------------------------
8. Distribution of accesses to private data versus shared data
Core 0: Private acceses = 2548489 | Shared accesses = 721643
Core 1: Private acceses = 2576753 | Shared accesses = 710499
Core 2: Private acceses = 92736 | Shared accesses = 24962
Core 3: Private acceses = 2711898 | Shared accesses = 613021
================== END ==================
=========================================
