Input: MESI_bodytrack_4096_64_64
=========================================
------------------------------
1. Overall execution cycle per core
Core 0: 35521788187975
Core 1: 36395182250482
Core 2: 50089166715
Core 3: 36787491843304
------------------------------
2. Number of compute cycles per core
Core 0: 17729254
Core 1: 17120545
Core 2: 17556877
Core 3: 17140113
------------------------------
3. Number of load/store instructions per core
Core 0: 3270132
Core 1: 3287252
Core 2: 117698
Core 3: 3324919
------------------------------
4. Number of idle cycles per core
Core 0: 21525070
Core 1: 21783254
Core 2: 911933
Core 3: 21891547
------------------------------
5. Data cache miss rate for each core
Core 0: 0.0488564
Core 1: 0.0491316
Core 2: 0.0498139
Core 3: 0.0488313
------------------------------
6. Amount of Data traffic in bytes on the bus
518137664
------------------------------
7. Number of invalidations or updates on the bus
692
------------------------------
8. Distribution of accesses to private data versus shared data
Core 0: Private acceses = 2738290 | Shared accesses = 531842
Core 1: Private acceses = 2747335 | Shared accesses = 539917
Core 2: Private acceses = 96677 | Shared accesses = 21021
Core 3: Private acceses = 2796596 | Shared accesses = 528323
================== END ==================
=========================================
