Input: MESI_blackscholes_65536_2_32
=========================================
------------------------------
1. Overall execution cycle per core
Core 0: 3708458301476
Core 1: 3688047309554
Core 2: 4698902937663
Core 3: 3749507533050
------------------------------
2. Number of compute cycles per core
Core 0: 10430314
Core 1: 10383276
Core 2: 10430338
Core 3: 10394904
------------------------------
3. Number of load/store instructions per core
Core 0: 2497349
Core 1: 2490468
Core 2: 2509057
Core 3: 2503127
------------------------------
4. Number of idle cycles per core
Core 0: 2872982
Core 1: 2908895
Core 2: 3206211
Core 3: 2918126
------------------------------
5. Data cache miss rate for each core
Core 0: 0.00128136
Core 1: 0.00144511
Core 2: 0.00203423
Core 3: 0.0014374
------------------------------
6. Amount of Data traffic in bytes on the bus
317364928
------------------------------
7. Number of invalidations or updates on the bus
626
------------------------------
8. Distribution of accesses to private data versus shared data
Core 0: Private acceses = 2023263 | Shared accesses = 474086
Core 1: Private acceses = 2017196 | Shared accesses = 473272
Core 2: Private acceses = 2035014 | Shared accesses = 474043
Core 3: Private acceses = 2027148 | Shared accesses = 475979
================== END ==================
=========================================
