Input: MESI_fluidanimate_131072_4_64
=========================================
------------------------------
1. Overall execution cycle per core
Core 0: 17112565316729
Core 1: 14371969461475
Core 2: 16015554555872
Core 3: 14123240552145
------------------------------
2. Number of compute cycles per core
Core 0: 11337782
Core 1: 11290799
Core 2: 11337671
Core 3: 11301515
------------------------------
3. Number of load/store instructions per core
Core 0: 2576503
Core 1: 2407844
Core 2: 2604189
Core 3: 2411465
------------------------------
4. Number of idle cycles per core
Core 0: 9421336
Core 1: 8540345
Core 2: 8865685
Core 3: 8448640
------------------------------
5. Data cache miss rate for each core
Core 0: 0.0150421
Core 1: 0.0150624
Core 2: 0.0148426
Core 3: 0.0153425
------------------------------
6. Amount of Data traffic in bytes on the bus
514460928
------------------------------
7. Number of invalidations or updates on the bus
8589
------------------------------
8. Distribution of accesses to private data versus shared data
Core 0: Private acceses = 2081788 | Shared accesses = 494715
Core 1: Private acceses = 1948045 | Shared accesses = 459799
Core 2: Private acceses = 2101413 | Shared accesses = 502776
Core 3: Private acceses = 1897930 | Shared accesses = 513535
================== END ==================
=========================================
