Input: MESI_blackscholes_16384_4_64
=========================================
------------------------------
1. Overall execution cycle per core
Core 0: 5893356983517
Core 1: 5778178553895
Core 2: 6944388897272
Core 3: 5936138393788
------------------------------
2. Number of compute cycles per core
Core 0: 10430314
Core 1: 10383276
Core 2: 10430338
Core 3: 10394904
------------------------------
3. Number of load/store instructions per core
Core 0: 2497349
Core 1: 2490468
Core 2: 2509057
Core 3: 2503127
------------------------------
4. Number of idle cycles per core
Core 0: 4682808
Core 1: 4631105
Core 2: 5104042
Core 3: 4699155
------------------------------
5. Data cache miss rate for each core
Core 0: 0.00812181
Core 1: 0.00802138
Core 2: 0.00908389
Core 3: 0.00812504
------------------------------
6. Amount of Data traffic in bytes on the bus
638944448
------------------------------
7. Number of invalidations or updates on the bus
352
------------------------------
8. Distribution of accesses to private data versus shared data
Core 0: Private acceses = 2023377 | Shared accesses = 473972
Core 1: Private acceses = 2017617 | Shared accesses = 472851
Core 2: Private acceses = 2035326 | Shared accesses = 473731
Core 3: Private acceses = 2027852 | Shared accesses = 475275
================== END ==================
=========================================
