Input: MESI_blackscholes_65536_1_128
=========================================
------------------------------
1. Overall execution cycle per core
Core 0: 3837835712815
Core 1: 4141187930320
Core 2: 5273623837326
Core 3: 3874363864839
------------------------------
2. Number of compute cycles per core
Core 0: 10430314
Core 1: 10383276
Core 2: 10430338
Core 3: 10394904
------------------------------
3. Number of load/store instructions per core
Core 0: 2497349
Core 1: 2490468
Core 2: 2509057
Core 3: 2503127
------------------------------
4. Number of idle cycles per core
Core 0: 3037406
Core 1: 3315809
Core 2: 3919016
Core 3: 3053965
------------------------------
5. Data cache miss rate for each core
Core 0: 0.0015985
Core 1: 0.00271555
Core 2: 0.00468463
Core 3: 0.00155366
------------------------------
6. Amount of Data traffic in bytes on the bus
1271160704
------------------------------
7. Number of invalidations or updates on the bus
296
------------------------------
8. Distribution of accesses to private data versus shared data
Core 0: Private acceses = 2022405 | Shared accesses = 474944
Core 1: Private acceses = 2016563 | Shared accesses = 473905
Core 2: Private acceses = 2035535 | Shared accesses = 473522
Core 3: Private acceses = 2026974 | Shared accesses = 476153
================== END ==================
=========================================
