Input: MESI_bodytrack_1024_1_128
=========================================
------------------------------
1. Overall execution cycle per core
Core 0: 127196434466372
Core 1: 128859997876519
Core 2: 292412864645
Core 3: 134823733618357
------------------------------
2. Number of compute cycles per core
Core 0: 17729254
Core 1: 17120545
Core 2: 17556877
Core 3: 17140113
------------------------------
3. Number of load/store instructions per core
Core 0: 3270132
Core 1: 3287252
Core 2: 117698
Core 3: 3324919
------------------------------
4. Number of idle cycles per core
Core 0: 68591221
Core 1: 68953764
Core 2: 4498238
Core 3: 71430304
------------------------------
5. Data cache miss rate for each core
Core 0: 0.152817
Core 1: 0.151375
Core 2: 0.249732
Core 3: 0.154936
------------------------------
6. Amount of Data traffic in bytes on the bus
982241152
------------------------------
7. Number of invalidations or updates on the bus
123
------------------------------
8. Distribution of accesses to private data versus shared data
Core 0: Private acceses = 2983762 | Shared accesses = 286370
Core 1: Private acceses = 2980308 | Shared accesses = 306944
Core 2: Private acceses = 102196 | Shared accesses = 15502
Core 3: Private acceses = 3002268 | Shared accesses = 322651
================== END ==================
=========================================
