Input: MESI_bodytrack_131072_1_32
=========================================
------------------------------
1. Overall execution cycle per core
Core 0: 18452047753615
Core 1: 19505481296151
Core 2: 29815933526
Core 3: 19260759247541
------------------------------
2. Number of compute cycles per core
Core 0: 17729254
Core 1: 17120545
Core 2: 17556877
Core 3: 17140113
------------------------------
3. Number of load/store instructions per core
Core 0: 3270132
Core 1: 3287252
Core 2: 117698
Core 3: 3324919
------------------------------
4. Number of idle cycles per core
Core 0: 11401972
Core 1: 11861553
Core 2: 636220
Core 3: 11574038
------------------------------
5. Data cache miss rate for each core
Core 0: 0.0196371
Core 1: 0.0199133
Core 2: 0.0305613
Core 3: 0.0192263
------------------------------
6. Amount of Data traffic in bytes on the bus
317341312
------------------------------
7. Number of invalidations or updates on the bus
3789
------------------------------
8. Distribution of accesses to private data versus shared data
Core 0: Private acceses = 2165404 | Shared accesses = 1104728
Core 1: Private acceses = 2184737 | Shared accesses = 1102515
Core 2: Private acceses = 91042 | Shared accesses = 26656
Core 3: Private acceses = 2193191 | Shared accesses = 1131728
================== END ==================
=========================================
