Input: MESI_bodytrack_65536_1_128
=========================================
------------------------------
1. Overall execution cycle per core
Core 0: 26806819855982
Core 1: 26868576957902
Core 2: 68823445412
Core 3: 26605396426200
------------------------------
2. Number of compute cycles per core
Core 0: 17729254
Core 1: 17120545
Core 2: 17556877
Core 3: 17140113
------------------------------
3. Number of load/store instructions per core
Core 0: 3270132
Core 1: 3287252
Core 2: 117698
Core 3: 3324919
------------------------------
4. Number of idle cycles per core
Core 0: 17429654
Core 1: 17547022
Core 2: 1021422
Core 3: 17332575
------------------------------
5. Data cache miss rate for each core
Core 0: 0.0304572
Core 1: 0.0303509
Core 2: 0.0488538
Core 3: 0.0294224
------------------------------
6. Amount of Data traffic in bytes on the bus
1240527232
------------------------------
7. Number of invalidations or updates on the bus
3029
------------------------------
8. Distribution of accesses to private data versus shared data
Core 0: Private acceses = 2281541 | Shared accesses = 988591
Core 1: Private acceses = 2275227 | Shared accesses = 1012025
Core 2: Private acceses = 91922 | Shared accesses = 25776
Core 3: Private acceses = 2281427 | Shared accesses = 1043492
================== END ==================
=========================================
