Input: MESI_bodytrack_65536_4_64
=========================================
------------------------------
1. Overall execution cycle per core
Core 0: 24883361160290
Core 1: 24711625446566
Core 2: 13464719430
Core 3: 25011096879625
------------------------------
2. Number of compute cycles per core
Core 0: 17729254
Core 1: 17120545
Core 2: 17556877
Core 3: 17140113
------------------------------
3. Number of load/store instructions per core
Core 0: 3270132
Core 1: 3287252
Core 2: 117698
Core 3: 3324919
------------------------------
4. Number of idle cycles per core
Core 0: 17465088
Core 1: 17435133
Core 2: 303830
Core 3: 17501216
------------------------------
5. Data cache miss rate for each core
Core 0: 0.0311312
Core 1: 0.0307251
Core 2: 0.0115635
Core 3: 0.0305135
------------------------------
6. Amount of Data traffic in bytes on the bus
635263808
------------------------------
7. Number of invalidations or updates on the bus
3895
------------------------------
8. Distribution of accesses to private data versus shared data
Core 0: Private acceses = 2221595 | Shared accesses = 1048537
Core 1: Private acceses = 2226805 | Shared accesses = 1060447
Core 2: Private acceses = 91034 | Shared accesses = 26664
Core 3: Private acceses = 2257670 | Shared accesses = 1067249
================== END ==================
=========================================
