Input: MESI_blackscholes_131072_32768_4
=========================================
------------------------------
1. Overall execution cycle per core
Core 0: 5139428752300
Core 1: 4688424848894
Core 2: 7393313396760
Core 3: 4751298659911
------------------------------
2. Number of compute cycles per core
Core 0: 10430314
Core 1: 10383276
Core 2: 10430338
Core 3: 10394904
------------------------------
3. Number of load/store instructions per core
Core 0: 2497349
Core 1: 2490468
Core 2: 2509057
Core 3: 2503127
------------------------------
4. Number of idle cycles per core
Core 0: 3411148
Core 1: 3229281
Core 2: 4317115
Core 3: 3246016
------------------------------
5. Data cache miss rate for each core
Core 0: 0.00349611
Core 1: 0.00320582
Core 2: 0.00730314
Core 3: 0.00325553
------------------------------
6. Amount of Data traffic in bytes on the bus
39722148
------------------------------
7. Number of invalidations or updates on the bus
1547
------------------------------
8. Distribution of accesses to private data versus shared data
Core 0: Private acceses = 1956930 | Shared accesses = 540419
Core 1: Private acceses = 1949482 | Shared accesses = 540986
Core 2: Private acceses = 2035025 | Shared accesses = 474032
Core 3: Private acceses = 2003901 | Shared accesses = 499226
================== END ==================
=========================================
