Input: MESI_bodytrack_131072_2_128
=========================================
------------------------------
1. Overall execution cycle per core
Core 0: 20067280880837
Core 1: 19996810359680
Core 2: 16776771707
Core 3: 20101811987203
------------------------------
2. Number of compute cycles per core
Core 0: 17729254
Core 1: 17120545
Core 2: 17556877
Core 3: 17140113
------------------------------
3. Number of load/store instructions per core
Core 0: 3270132
Core 1: 3287252
Core 2: 117698
Core 3: 3324919
------------------------------
4. Number of idle cycles per core
Core 0: 13847934
Core 1: 13916294
Core 2: 307988
Core 3: 13922264
------------------------------
5. Data cache miss rate for each core
Core 0: 0.0212588
Core 1: 0.0208104
Core 2: 0.0105609
Core 3: 0.020808
------------------------------
6. Amount of Data traffic in bytes on the bus
1272651136
------------------------------
7. Number of invalidations or updates on the bus
3031
------------------------------
8. Distribution of accesses to private data versus shared data
Core 0: Private acceses = 2179142 | Shared accesses = 1090990
Core 1: Private acceses = 2168444 | Shared accesses = 1118808
Core 2: Private acceses = 90329 | Shared accesses = 27369
Core 3: Private acceses = 2215058 | Shared accesses = 1109861
================== END ==================
=========================================
