Input: MESI_bodytrack_65536_8_128
=========================================
------------------------------
1. Overall execution cycle per core
Core 0: 23444434843105
Core 1: 23294828610612
Core 2: 11337056433
Core 3: 23568273268988
------------------------------
2. Number of compute cycles per core
Core 0: 17729254
Core 1: 17120545
Core 2: 17556877
Core 3: 17140113
------------------------------
3. Number of load/store instructions per core
Core 0: 3270132
Core 1: 3287252
Core 2: 117698
Core 3: 3324919
------------------------------
4. Number of idle cycles per core
Core 0: 16746402
Core 1: 16731683
Core 2: 236419
Core 3: 16721699
------------------------------
5. Data cache miss rate for each core
Core 0: 0.0277937
Core 1: 0.0273155
Core 2: 0.00694149
Core 3: 0.0272542
------------------------------
6. Amount of Data traffic in bytes on the bus
1244172032
------------------------------
7. Number of invalidations or updates on the bus
3366
------------------------------
8. Distribution of accesses to private data versus shared data
Core 0: Private acceses = 2303440 | Shared accesses = 966692
Core 1: Private acceses = 2241617 | Shared accesses = 1045635
Core 2: Private acceses = 89676 | Shared accesses = 28022
Core 3: Private acceses = 2293231 | Shared accesses = 1031688
================== END ==================
=========================================
