Input: MESI_fluidanimate_1024_1_4
=========================================
------------------------------
1. Overall execution cycle per core
Core 0: 195389475051925
Core 1: 164858624205935
Core 2: 208026739440904
Core 3: 164033517443347
------------------------------
2. Number of compute cycles per core
Core 0: 11337782
Core 1: 11290799
Core 2: 11337671
Core 3: 11301515
------------------------------
3. Number of load/store instructions per core
Core 0: 2576503
Core 1: 2407844
Core 2: 2604189
Core 3: 2411465
------------------------------
4. Number of idle cycles per core
Core 0: 115677086
Core 1: 103619982
Core 2: 121265300
Core 3: 103164477
------------------------------
5. Data cache miss rate for each core
Core 0: 0.290931
Core 1: 0.279051
Core 2: 0.301232
Core 3: 0.278797
------------------------------
6. Amount of Data traffic in bytes on the bus
36157284
------------------------------
7. Number of invalidations or updates on the bus
1274
------------------------------
8. Distribution of accesses to private data versus shared data
Core 0: Private acceses = 2195235 | Shared accesses = 381268
Core 1: Private acceses = 2062381 | Shared accesses = 345463
Core 2: Private acceses = 2223880 | Shared accesses = 380309
Core 3: Private acceses = 2035001 | Shared accesses = 376464
================== END ==================
=========================================
