Input: MESI_fluidanimate_1024_256_4
=========================================
------------------------------
1. Overall execution cycle per core
Core 0: 186768984559561
Core 1: 156668565082291
Core 2: 198225265069592
Core 3: 155525221700393
------------------------------
2. Number of compute cycles per core
Core 0: 11337782
Core 1: 11290799
Core 2: 11337671
Core 3: 11301515
------------------------------
3. Number of load/store instructions per core
Core 0: 2576503
Core 1: 2407844
Core 2: 2604189
Core 3: 2411465
------------------------------
4. Number of idle cycles per core
Core 0: 109867689
Core 1: 97485400
Core 2: 114504452
Core 3: 96924110
------------------------------
5. Data cache miss rate for each core
Core 0: 0.279575
Core 1: 0.261971
Core 2: 0.286679
Core 3: 0.261677
------------------------------
6. Amount of Data traffic in bytes on the bus
38070080
------------------------------
7. Number of invalidations or updates on the bus
1310
------------------------------
8. Distribution of accesses to private data versus shared data
Core 0: Private acceses = 2198883 | Shared accesses = 377620
Core 1: Private acceses = 2019188 | Shared accesses = 388656
Core 2: Private acceses = 2219517 | Shared accesses = 384672
Core 3: Private acceses = 2016868 | Shared accesses = 394597
================== END ==================
=========================================
