Input: MESI_bodytrack_16384_1_128
=========================================
------------------------------
1. Overall execution cycle per core
Core 0: 32901402520399
Core 1: 33687794146944
Core 2: 70533701023
Core 3: 34427480710153
------------------------------
2. Number of compute cycles per core
Core 0: 17729254
Core 1: 17120545
Core 2: 17556877
Core 3: 17140113
------------------------------
3. Number of load/store instructions per core
Core 0: 3270132
Core 1: 3287252
Core 2: 117698
Core 3: 3324919
------------------------------
4. Number of idle cycles per core
Core 0: 20449852
Core 1: 20329523
Core 2: 1093567
Core 3: 20799369
------------------------------
5. Data cache miss rate for each core
Core 0: 0.0407901
Core 1: 0.0406005
Core 2: 0.0530425
Core 3: 0.0404644
------------------------------
6. Amount of Data traffic in bytes on the bus
1101989376
------------------------------
7. Number of invalidations or updates on the bus
1511
------------------------------
8. Distribution of accesses to private data versus shared data
Core 0: Private acceses = 2581222 | Shared accesses = 688910
Core 1: Private acceses = 2647106 | Shared accesses = 640146
Core 2: Private acceses = 92154 | Shared accesses = 25544
Core 3: Private acceses = 2674182 | Shared accesses = 650737
================== END ==================
=========================================
