Input: MESI_blackscholes_4096_8_64
=========================================
------------------------------
1. Overall execution cycle per core
Core 0: 7367413882179
Core 1: 7248182413144
Core 2: 8756947601055
Core 3: 7528724312190
------------------------------
2. Number of compute cycles per core
Core 0: 10430314
Core 1: 10383276
Core 2: 10430338
Core 3: 10394904
------------------------------
3. Number of load/store instructions per core
Core 0: 2497349
Core 1: 2490468
Core 2: 2509057
Core 3: 2503127
------------------------------
4. Number of idle cycles per core
Core 0: 5848358
Core 1: 5799351
Core 2: 6390271
Core 3: 5934758
------------------------------
5. Data cache miss rate for each core
Core 0: 0.0107782
Core 1: 0.010704
Core 2: 0.0121448
Core 3: 0.0110018
------------------------------
6. Amount of Data traffic in bytes on the bus
638968640
------------------------------
7. Number of invalidations or updates on the bus
117
------------------------------
8. Distribution of accesses to private data versus shared data
Core 0: Private acceses = 2024823 | Shared accesses = 472526
Core 1: Private acceses = 2019270 | Shared accesses = 471198
Core 2: Private acceses = 2041917 | Shared accesses = 467140
Core 3: Private acceses = 2029174 | Shared accesses = 473953
================== END ==================
=========================================
