Input: MESI_bodytrack_1024_4_64
=========================================
------------------------------
1. Overall execution cycle per core
Core 0: 84374480065538
Core 1: 86767512476964
Core 2: 127025415537
Core 3: 89275451532956
------------------------------
2. Number of compute cycles per core
Core 0: 17729254
Core 1: 17120545
Core 2: 17556877
Core 3: 17140113
------------------------------
3. Number of load/store instructions per core
Core 0: 3270132
Core 1: 3287252
Core 2: 117698
Core 3: 3324919
------------------------------
4. Number of idle cycles per core
Core 0: 44467739
Core 1: 45738394
Core 2: 2034959
Core 3: 46392292
------------------------------
5. Data cache miss rate for each core
Core 0: 0.10254
Core 1: 0.104763
Core 2: 0.11996
Core 3: 0.104732
------------------------------
6. Amount of Data traffic in bytes on the bus
488218752
------------------------------
7. Number of invalidations or updates on the bus
171
------------------------------
8. Distribution of accesses to private data versus shared data
Core 0: Private acceses = 2896877 | Shared accesses = 373255
Core 1: Private acceses = 2944413 | Shared accesses = 342839
Core 2: Private acceses = 100496 | Shared accesses = 17202
Core 3: Private acceses = 3010788 | Shared accesses = 314131
================== END ==================
=========================================
