Input: MESI_fluidanimate_16384_512_32_optimized
=========================================
------------------------------
1. Overall execution cycle per core
Core 0: 30251866067231
Core 1: 25895077437176
Core 2: 32330189103984
Core 3: 25702677449152
------------------------------
2. Number of compute cycles per core
Core 0: 11337782
Core 1: 11290799
Core 2: 11337671
Core 3: 11301515
------------------------------
3. Number of load/store instructions per core
Core 0: 2576503
Core 1: 2407844
Core 2: 2604189
Core 3: 2411465
------------------------------
4. Number of idle cycles per core
Core 0: 16143589
Core 1: 14691503
Core 2: 16872877
Core 3: 14672979
------------------------------
5. Data cache miss rate for each core
Core 0: 0.0307095
Core 1: 0.0298516
Core 2: 0.0319531
Core 3: 0.0299689
------------------------------
6. Amount of Data traffic in bytes on the bus
253446784
------------------------------
7. Number of invalidations or updates on the bus
4193
------------------------------
8. Distribution of accesses to private data versus shared data
Core 0: Private acceses = 2120390 | Shared accesses = 456113
Core 1: Private acceses = 1952099 | Shared accesses = 455745
Core 2: Private acceses = 2146905 | Shared accesses = 457284
Core 3: Private acceses = 1934540 | Shared accesses = 476925
================== END ==================
=========================================
