Input: MESI_bodytrack_1024_2_64
=========================================
------------------------------
1. Overall execution cycle per core
Core 0: 90674194131681
Core 1: 93041973553149
Core 2: 152909791909
Core 3: 96430298431033
------------------------------
2. Number of compute cycles per core
Core 0: 17729254
Core 1: 17120545
Core 2: 17556877
Core 3: 17140113
------------------------------
3. Number of load/store instructions per core
Core 0: 3270132
Core 1: 3287252
Core 2: 117698
Core 3: 3324919
------------------------------
4. Number of idle cycles per core
Core 0: 48039625
Core 1: 49263495
Core 2: 2384270
Core 3: 50565414
------------------------------
5. Data cache miss rate for each core
Core 0: 0.110489
Core 1: 0.111697
Core 2: 0.138694
Core 3: 0.113491
------------------------------
6. Amount of Data traffic in bytes on the bus
488366208
------------------------------
7. Number of invalidations or updates on the bus
131
------------------------------
8. Distribution of accesses to private data versus shared data
Core 0: Private acceses = 2908288 | Shared accesses = 361844
Core 1: Private acceses = 2926074 | Shared accesses = 361178
Core 2: Private acceses = 100484 | Shared accesses = 17214
Core 3: Private acceses = 3001048 | Shared accesses = 323871
================== END ==================
=========================================
