Input: MESI_blackscholes_65536_2048_32
=========================================
------------------------------
1. Overall execution cycle per core
Core 0: 3468280478707
Core 1: 3364823985759
Core 2: 4523416719779
Core 3: 3396086141402
------------------------------
2. Number of compute cycles per core
Core 0: 10430314
Core 1: 10383276
Core 2: 10430338
Core 3: 10394904
------------------------------
3. Number of load/store instructions per core
Core 0: 2497349
Core 1: 2490468
Core 2: 2509057
Core 3: 2503127
------------------------------
4. Number of idle cycles per core
Core 0: 2653883
Core 1: 2610753
Core 2: 3090119
Core 3: 2621315
------------------------------
5. Data cache miss rate for each core
Core 0: 0.000613451
Core 1: 0.000520384
Core 2: 0.0016293
Core 3: 0.000566092
------------------------------
6. Amount of Data traffic in bytes on the bus
317130720
------------------------------
7. Number of invalidations or updates on the bus
644
------------------------------
8. Distribution of accesses to private data versus shared data
Core 0: Private acceses = 2023263 | Shared accesses = 474086
Core 1: Private acceses = 2017749 | Shared accesses = 472719
Core 2: Private acceses = 2035199 | Shared accesses = 473858
Core 3: Private acceses = 2026780 | Shared accesses = 476347
================== END ==================
=========================================
