Input: MESI_blackscholes_65536_4_128
=========================================
------------------------------
1. Overall execution cycle per core
Core 0: 3334170960581
Core 1: 3321913691090
Core 2: 3792020652915
Core 3: 3402207996691
------------------------------
2. Number of compute cycles per core
Core 0: 10430314
Core 1: 10383276
Core 2: 10430338
Core 3: 10394904
------------------------------
3. Number of load/store instructions per core
Core 0: 2497349
Core 1: 2490468
Core 2: 2509057
Core 3: 2503127
------------------------------
4. Number of idle cycles per core
Core 0: 2626609
Core 1: 2640482
Core 2: 2812359
Core 3: 2671858
------------------------------
5. Data cache miss rate for each core
Core 0: 0.000409234
Core 1: 0.000505126
Core 2: 0.000830192
Core 3: 0.000562097
------------------------------
6. Amount of Data traffic in bytes on the bus
1268852608
------------------------------
7. Number of invalidations or updates on the bus
445
------------------------------
8. Distribution of accesses to private data versus shared data
Core 0: Private acceses = 2022144 | Shared accesses = 475205
Core 1: Private acceses = 2017708 | Shared accesses = 472760
Core 2: Private acceses = 2034397 | Shared accesses = 474660
Core 3: Private acceses = 2026843 | Shared accesses = 476284
================== END ==================
=========================================
