Input: MESI_blackscholes_4096_2_128
=========================================
------------------------------
1. Overall execution cycle per core
Core 0: 16638060593731
Core 1: 16459526631353
Core 2: 17701695201158
Core 3: 16820036284235
------------------------------
2. Number of compute cycles per core
Core 0: 10430314
Core 1: 10383276
Core 2: 10430338
Core 3: 10394904
------------------------------
3. Number of load/store instructions per core
Core 0: 2497349
Core 1: 2490468
Core 2: 2509057
Core 3: 2503127
------------------------------
4. Number of idle cycles per core
Core 0: 13296462
Core 1: 13231348
Core 2: 13747851
Core 3: 13367449
------------------------------
5. Data cache miss rate for each core
Core 0: 0.0298957
Core 1: 0.029804
Core 2: 0.0309351
Core 3: 0.030026
------------------------------
6. Amount of Data traffic in bytes on the bus
1254248448
------------------------------
7. Number of invalidations or updates on the bus
99
------------------------------
8. Distribution of accesses to private data versus shared data
Core 0: Private acceses = 2062355 | Shared accesses = 434994
Core 1: Private acceses = 2055349 | Shared accesses = 435119
Core 2: Private acceses = 2076636 | Shared accesses = 432421
Core 3: Private acceses = 2067220 | Shared accesses = 435907
================== END ==================
=========================================
