Input: MESI_bodytrack_131072_4_128
=========================================
------------------------------
1. Overall execution cycle per core
Core 0: 19933837912669
Core 1: 19970398479676
Core 2: 11106298626
Core 3: 20250114613774
------------------------------
2. Number of compute cycles per core
Core 0: 17729254
Core 1: 17120545
Core 2: 17556877
Core 3: 17140113
------------------------------
3. Number of load/store instructions per core
Core 0: 3270132
Core 1: 3287252
Core 2: 117698
Core 3: 3324919
------------------------------
4. Number of idle cycles per core
Core 0: 14166460
Core 1: 14120751
Core 2: 220139
Core 3: 14227439
------------------------------
5. Data cache miss rate for each core
Core 0: 0.0214679
Core 1: 0.0209595
Core 2: 0.00672909
Core 3: 0.0209383
------------------------------
6. Amount of Data traffic in bytes on the bus
1278189568
------------------------------
7. Number of invalidations or updates on the bus
3460
------------------------------
8. Distribution of accesses to private data versus shared data
Core 0: Private acceses = 2203188 | Shared accesses = 1066944
Core 1: Private acceses = 2145322 | Shared accesses = 1141930
Core 2: Private acceses = 89965 | Shared accesses = 27733
Core 3: Private acceses = 2183848 | Shared accesses = 1141071
================== END ==================
=========================================
