Input: MESI_bodytrack_131072_8_64
=========================================
------------------------------
1. Overall execution cycle per core
Core 0: 14060548890391
Core 1: 14196783791919
Core 2: 13060639286
Core 3: 14624277809616
------------------------------
2. Number of compute cycles per core
Core 0: 17729254
Core 1: 17120545
Core 2: 17556877
Core 3: 17140113
------------------------------
3. Number of load/store instructions per core
Core 0: 3270132
Core 1: 3287252
Core 2: 117698
Core 3: 3324919
------------------------------
4. Number of idle cycles per core
Core 0: 9201210
Core 1: 9259576
Core 2: 277347
Core 3: 9385594
------------------------------
5. Data cache miss rate for each core
Core 0: 0.0133582
Core 1: 0.0132591
Core 2: 0.0112746
Core 3: 0.0132734
------------------------------
6. Amount of Data traffic in bytes on the bus
635428992
------------------------------
7. Number of invalidations or updates on the bus
3745
------------------------------
8. Distribution of accesses to private data versus shared data
Core 0: Private acceses = 2138248 | Shared accesses = 1131884
Core 1: Private acceses = 2234104 | Shared accesses = 1053148
Core 2: Private acceses = 90790 | Shared accesses = 26908
Core 3: Private acceses = 2156083 | Shared accesses = 1168836
================== END ==================
=========================================
