Input: MESI_blackscholes_1024_1_64
=========================================
------------------------------
1. Overall execution cycle per core
Core 0: 85249728255683
Core 1: 84765182607210
Core 2: 86893757622747
Core 3: 85694112290971
------------------------------
2. Number of compute cycles per core
Core 0: 10430314
Core 1: 10383276
Core 2: 10430338
Core 3: 10394904
------------------------------
3. Number of load/store instructions per core
Core 0: 2497349
Core 1: 2490468
Core 2: 2509057
Core 3: 2503127
------------------------------
4. Number of idle cycles per core
Core 0: 68271548
Core 1: 68080699
Core 2: 68927883
Core 3: 68430515
------------------------------
5. Data cache miss rate for each core
Core 0: 0.179263
Core 1: 0.179183
Core 2: 0.180094
Core 3: 0.179323
------------------------------
6. Amount of Data traffic in bytes on the bus
642630784
------------------------------
7. Number of invalidations or updates on the bus
25
------------------------------
8. Distribution of accesses to private data versus shared data
Core 0: Private acceses = 2212303 | Shared accesses = 285046
Core 1: Private acceses = 2202808 | Shared accesses = 287660
Core 2: Private acceses = 2220338 | Shared accesses = 288719
Core 3: Private acceses = 2216453 | Shared accesses = 286674
================== END ==================
=========================================
