Input: MESI_bodytrack_4096_2_128
=========================================
------------------------------
1. Overall execution cycle per core
Core 0: 47398800218209
Core 1: 47197341676786
Core 2: 100778046540
Core 3: 49621332691436
------------------------------
2. Number of compute cycles per core
Core 0: 17729254
Core 1: 17120545
Core 2: 17556877
Core 3: 17140113
------------------------------
3. Number of load/store instructions per core
Core 0: 3270132
Core 1: 3287252
Core 2: 117698
Core 3: 3324919
------------------------------
4. Number of idle cycles per core
Core 0: 26844584
Core 1: 26374610
Core 2: 1551474
Core 3: 27358203
------------------------------
5. Data cache miss rate for each core
Core 0: 0.0593967
Core 1: 0.0573534
Core 2: 0.0797295
Core 3: 0.0587244
------------------------------
6. Amount of Data traffic in bytes on the bus
1039684992
------------------------------
7. Number of invalidations or updates on the bus
746
------------------------------
8. Distribution of accesses to private data versus shared data
Core 0: Private acceses = 2695127 | Shared accesses = 575005
Core 1: Private acceses = 2719696 | Shared accesses = 567556
Core 2: Private acceses = 94216 | Shared accesses = 23482
Core 3: Private acceses = 2780207 | Shared accesses = 544712
================== END ==================
=========================================
