Input: MESI_bodytrack_16384_512_32
=========================================
------------------------------
1. Overall execution cycle per core
Core 0: 31854713092101
Core 1: 33095945397934
Core 2: 24459011662
Core 3: 32031671287348
------------------------------
2. Number of compute cycles per core
Core 0: 17729254
Core 1: 17120545
Core 2: 17556877
Core 3: 17140113
------------------------------
3. Number of load/store instructions per core
Core 0: 3270132
Core 1: 3287252
Core 2: 117698
Core 3: 3324919
------------------------------
4. Number of idle cycles per core
Core 0: 21565174
Core 1: 21909770
Core 2: 564415
Core 3: 21468935
------------------------------
5. Data cache miss rate for each core
Core 0: 0.0429368
Core 1: 0.0434783
Core 2: 0.0235858
Core 3: 0.0425126
------------------------------
6. Amount of Data traffic in bytes on the bus
289367968
------------------------------
7. Number of invalidations or updates on the bus
1684
------------------------------
8. Distribution of accesses to private data versus shared data
Core 0: Private acceses = 2513431 | Shared accesses = 756701
Core 1: Private acceses = 2535825 | Shared accesses = 751427
Core 2: Private acceses = 92947 | Shared accesses = 24751
Core 3: Private acceses = 2573565 | Shared accesses = 751354
================== END ==================
=========================================
