Input: MESI_bodytrack_4096_8_64
=========================================
------------------------------
1. Overall execution cycle per core
Core 0: 36034843675733
Core 1: 36889475156804
Core 2: 52186860221
Core 3: 37613343432498
------------------------------
2. Number of compute cycles per core
Core 0: 17729254
Core 1: 17120545
Core 2: 17556877
Core 3: 17140113
------------------------------
3. Number of load/store instructions per core
Core 0: 3270132
Core 1: 3287252
Core 2: 117698
Core 3: 3324919
------------------------------
4. Number of idle cycles per core
Core 0: 21775413
Core 1: 22001178
Core 2: 932449
Core 3: 22327793
------------------------------
5. Data cache miss rate for each core
Core 0: 0.0496686
Core 1: 0.0498045
Core 2: 0.0499924
Core 3: 0.0499116
------------------------------
6. Amount of Data traffic in bytes on the bus
511061312
------------------------------
7. Number of invalidations or updates on the bus
785
------------------------------
8. Distribution of accesses to private data versus shared data
Core 0: Private acceses = 2810333 | Shared accesses = 459799
Core 1: Private acceses = 2845160 | Shared accesses = 442092
Core 2: Private acceses = 96045 | Shared accesses = 21653
Core 3: Private acceses = 2807791 | Shared accesses = 517128
================== END ==================
=========================================
