Input: MESI_blackscholes_1024_4_64
=========================================
------------------------------
1. Overall execution cycle per core
Core 0: 64225858467015
Core 1: 63790801247616
Core 2: 65463881829516
Core 3: 64558469680716
------------------------------
2. Number of compute cycles per core
Core 0: 10430314
Core 1: 10383276
Core 2: 10430338
Core 3: 10394904
------------------------------
3. Number of load/store instructions per core
Core 0: 2497349
Core 1: 2490468
Core 2: 2509057
Core 3: 2503127
------------------------------
4. Number of idle cycles per core
Core 0: 51362134
Core 1: 51210961
Core 2: 51858573
Core 3: 51534920
------------------------------
5. Data cache miss rate for each core
Core 0: 0.137251
Core 1: 0.137064
Core 2: 0.137772
Core 3: 0.13723
------------------------------
6. Amount of Data traffic in bytes on the bus
647121408
------------------------------
7. Number of invalidations or updates on the bus
28
------------------------------
8. Distribution of accesses to private data versus shared data
Core 0: Private acceses = 2138453 | Shared accesses = 358896
Core 1: Private acceses = 2126997 | Shared accesses = 363471
Core 2: Private acceses = 2152781 | Shared accesses = 356276
Core 3: Private acceses = 2141166 | Shared accesses = 361961
================== END ==================
=========================================
