Input: MESI_fluidanimate_65536_4_64
=========================================
------------------------------
1. Overall execution cycle per core
Core 0: 16805516231398
Core 1: 15135293659333
Core 2: 16789234875375
Core 3: 14835245484694
------------------------------
2. Number of compute cycles per core
Core 0: 11337782
Core 1: 11290799
Core 2: 11337671
Core 3: 11301515
------------------------------
3. Number of load/store instructions per core
Core 0: 2576503
Core 1: 2407844
Core 2: 2604189
Core 3: 2411465
------------------------------
4. Number of idle cycles per core
Core 0: 9323358
Core 1: 8910175
Core 2: 9275122
Core 3: 8872005
------------------------------
5. Data cache miss rate for each core
Core 0: 0.0153472
Core 1: 0.0154773
Core 2: 0.0152116
Core 3: 0.015717
------------------------------
6. Amount of Data traffic in bytes on the bus
514685376
------------------------------
7. Number of invalidations or updates on the bus
10375
------------------------------
8. Distribution of accesses to private data versus shared data
Core 0: Private acceses = 2074021 | Shared accesses = 502482
Core 1: Private acceses = 1910078 | Shared accesses = 497766
Core 2: Private acceses = 2140515 | Shared accesses = 463674
Core 3: Private acceses = 1899699 | Shared accesses = 511766
================== END ==================
=========================================
