Input: MESI_bodytrack_65536_2_128
=========================================
------------------------------
1. Overall execution cycle per core
Core 0: 23860346704110
Core 1: 23071300697612
Core 2: 16795191698
Core 3: 23522210356652
------------------------------
2. Number of compute cycles per core
Core 0: 17729254
Core 1: 17120545
Core 2: 17556877
Core 3: 17140113
------------------------------
3. Number of load/store instructions per core
Core 0: 3270132
Core 1: 3287252
Core 2: 117698
Core 3: 3324919
------------------------------
4. Number of idle cycles per core
Core 0: 16631200
Core 1: 16252501
Core 2: 319193
Core 3: 16618441
------------------------------
5. Data cache miss rate for each core
Core 0: 0.0277759
Core 1: 0.0271366
Core 2: 0.0109603
Core 3: 0.0271676
------------------------------
6. Amount of Data traffic in bytes on the bus
1236311936
------------------------------
7. Number of invalidations or updates on the bus
2850
------------------------------
8. Distribution of accesses to private data versus shared data
Core 0: Private acceses = 2268014 | Shared accesses = 1002118
Core 1: Private acceses = 2306766 | Shared accesses = 980486
Core 2: Private acceses = 90684 | Shared accesses = 27014
Core 3: Private acceses = 2294354 | Shared accesses = 1030565
================== END ==================
=========================================
