Input: MESI_blackscholes_16384_1_4
=========================================
------------------------------
1. Overall execution cycle per core
Core 0: 17870503731329
Core 1: 17301392914524
Core 2: 23192400070401
Core 3: 17645096971315
------------------------------
2. Number of compute cycles per core
Core 0: 10430314
Core 1: 10383276
Core 2: 10430338
Core 3: 10394904
------------------------------
3. Number of load/store instructions per core
Core 0: 2497349
Core 1: 2490468
Core 2: 2509057
Core 3: 2503127
------------------------------
4. Number of idle cycles per core
Core 0: 14102994
Core 1: 13910719
Core 2: 16253283
Core 3: 14042184
------------------------------
5. Data cache miss rate for each core
Core 0: 0.0423145
Core 1: 0.0419668
Core 2: 0.0468718
Core 3: 0.0421309
------------------------------
6. Amount of Data traffic in bytes on the bus
40047976
------------------------------
7. Number of invalidations or updates on the bus
1121
------------------------------
8. Distribution of accesses to private data versus shared data
Core 0: Private acceses = 2043555 | Shared accesses = 453794
Core 1: Private acceses = 2037262 | Shared accesses = 453206
Core 2: Private acceses = 2056020 | Shared accesses = 453037
Core 3: Private acceses = 2039825 | Shared accesses = 463302
================== END ==================
=========================================
