Input: MESI_bodytrack_4096_1_4
=========================================
------------------------------
1. Overall execution cycle per core
Core 0: 91992004159338
Core 1: 97217689481403
Core 2: 166795795113
Core 3: 97264000770735
------------------------------
2. Number of compute cycles per core
Core 0: 17729254
Core 1: 17120545
Core 2: 17556877
Core 3: 17140113
------------------------------
3. Number of load/store instructions per core
Core 0: 3270132
Core 1: 3287252
Core 2: 117698
Core 3: 3324919
------------------------------
4. Number of idle cycles per core
Core 0: 56872257
Core 1: 58149556
Core 2: 3395903
Core 3: 59170885
------------------------------
5. Data cache miss rate for each core
Core 0: 0.115478
Core 1: 0.118391
Core 2: 0.179884
Core 3: 0.122069
------------------------------
6. Amount of Data traffic in bytes on the bus
35271748
------------------------------
7. Number of invalidations or updates on the bus
2085
------------------------------
8. Distribution of accesses to private data versus shared data
Core 0: Private acceses = 2700861 | Shared accesses = 569271
Core 1: Private acceses = 2782197 | Shared accesses = 505055
Core 2: Private acceses = 95765 | Shared accesses = 21933
Core 3: Private acceses = 2690623 | Shared accesses = 634296
================== END ==================
=========================================
