Input: MESI_blackscholes_65536_2048_32
=========================================
------------------------------
1. Overall execution cycle per core
Core 0: 3454900066829
Core 1: 3353763607739
Core 2: 4533346690136
Core 3: 3424085002861
------------------------------
2. Number of compute cycles per core
Core 0: 10430314
Core 1: 10383276
Core 2: 10430338
Core 3: 10394904
------------------------------
3. Number of load/store instructions per core
Core 0: 2497349
Core 1: 2490468
Core 2: 2509057
Core 3: 2503127
------------------------------
4. Number of idle cycles per core
Core 0: 2647614
Core 1: 2606749
Core 2: 3094166
Core 3: 2632666
------------------------------
5. Data cache miss rate for each core
Core 0: 0.000609046
Core 1: 0.000520384
Core 2: 0.00163647
Core 3: 0.000578876
------------------------------
6. Amount of Data traffic in bytes on the bus
317115328
------------------------------
7. Number of invalidations or updates on the bus
687
------------------------------
8. Distribution of accesses to private data versus shared data
Core 0: Private acceses = 2023214 | Shared accesses = 474135
Core 1: Private acceses = 2018419 | Shared accesses = 472049
Core 2: Private acceses = 2034918 | Shared accesses = 474139
Core 3: Private acceses = 2026803 | Shared accesses = 476324
================== END ==================
=========================================
