Input: MESI_bodytrack_1024_2_128
=========================================
------------------------------
1. Overall execution cycle per core
Core 0: 100020493032717
Core 1: 103145944837752
Core 2: 192683233327
Core 3: 108013271474212
------------------------------
2. Number of compute cycles per core
Core 0: 17729254
Core 1: 17120545
Core 2: 17556877
Core 3: 17140113
------------------------------
3. Number of load/store instructions per core
Core 0: 3270132
Core 1: 3287252
Core 2: 117698
Core 3: 3324919
------------------------------
4. Number of idle cycles per core
Core 0: 51663906
Core 1: 53282847
Core 2: 2872495
Core 3: 55138806
------------------------------
5. Data cache miss rate for each core
Core 0: 0.118069
Core 1: 0.120619
Core 2: 0.161575
Core 3: 0.122674
------------------------------
6. Amount of Data traffic in bytes on the bus
968472832
------------------------------
7. Number of invalidations or updates on the bus
159
------------------------------
8. Distribution of accesses to private data versus shared data
Core 0: Private acceses = 2918221 | Shared accesses = 351911
Core 1: Private acceses = 2963241 | Shared accesses = 324011
Core 2: Private acceses = 102282 | Shared accesses = 15416
Core 3: Private acceses = 2984060 | Shared accesses = 340859
================== END ==================
=========================================
