Input: MESI_bodytrack_16384_512_32_optimized
=========================================
------------------------------
1. Overall execution cycle per core
Core 0: 31757988535399
Core 1: 32894697642578
Core 2: 23951986107
Core 3: 32307122082634
------------------------------
2. Number of compute cycles per core
Core 0: 17729254
Core 1: 17120545
Core 2: 17556877
Core 3: 17140113
------------------------------
3. Number of load/store instructions per core
Core 0: 3270132
Core 1: 3287252
Core 2: 117698
Core 3: 3324919
------------------------------
4. Number of idle cycles per core
Core 0: 21450502
Core 1: 22021585
Core 2: 558075
Core 3: 21635583
------------------------------
5. Data cache miss rate for each core
Core 0: 0.0429432
Core 1: 0.0434573
Core 2: 0.0235688
Core 3: 0.0425048
------------------------------
6. Amount of Data traffic in bytes on the bus
288080992
------------------------------
7. Number of invalidations or updates on the bus
1715
------------------------------
8. Distribution of accesses to private data versus shared data
Core 0: Private acceses = 2513278 | Shared accesses = 756854
Core 1: Private acceses = 2568265 | Shared accesses = 718987
Core 2: Private acceses = 93248 | Shared accesses = 24450
Core 3: Private acceses = 2583212 | Shared accesses = 741707
================== END ==================
=========================================
