Input: MESI_bodytrack_4096_8_4
=========================================
------------------------------
1. Overall execution cycle per core
Core 0: 79940537943985
Core 1: 85606372506736
Core 2: 162008850696
Core 3: 82094951545939
------------------------------
2. Number of compute cycles per core
Core 0: 17729254
Core 1: 17120545
Core 2: 17556877
Core 3: 17140113
------------------------------
3. Number of load/store instructions per core
Core 0: 3270132
Core 1: 3287252
Core 2: 117698
Core 3: 3324919
------------------------------
4. Number of idle cycles per core
Core 0: 51162467
Core 1: 53306082
Core 2: 3190822
Core 3: 51802820
------------------------------
5. Data cache miss rate for each core
Core 0: 0.104324
Core 1: 0.106818
Core 2: 0.166579
Core 3: 0.104139
------------------------------
6. Amount of Data traffic in bytes on the bus
36036588
------------------------------
7. Number of invalidations or updates on the bus
3473
------------------------------
8. Distribution of accesses to private data versus shared data
Core 0: Private acceses = 2643127 | Shared accesses = 627005
Core 1: Private acceses = 2682054 | Shared accesses = 605198
Core 2: Private acceses = 95878 | Shared accesses = 21820
Core 3: Private acceses = 2728479 | Shared accesses = 596440
================== END ==================
=========================================
