Input: MESI_fluidanimate_65536_8_64
=========================================
------------------------------
1. Overall execution cycle per core
Core 0: 17749307114904
Core 1: 14982511676063
Core 2: 16348145322992
Core 3: 14820409629766
------------------------------
2. Number of compute cycles per core
Core 0: 11337782
Core 1: 11290799
Core 2: 11337671
Core 3: 11301515
------------------------------
3. Number of load/store instructions per core
Core 0: 2576503
Core 1: 2407844
Core 2: 2604189
Core 3: 2411465
------------------------------
4. Number of idle cycles per core
Core 0: 9784470
Core 1: 8818947
Core 2: 9051816
Core 3: 8865993
------------------------------
5. Data cache miss rate for each core
Core 0: 0.0152544
Core 1: 0.0153361
Core 2: 0.0151126
Core 3: 0.0155773
------------------------------
6. Amount of Data traffic in bytes on the bus
517242880
------------------------------
7. Number of invalidations or updates on the bus
13099
------------------------------
8. Distribution of accesses to private data versus shared data
Core 0: Private acceses = 2079298 | Shared accesses = 497205
Core 1: Private acceses = 1913742 | Shared accesses = 494102
Core 2: Private acceses = 2099140 | Shared accesses = 505049
Core 3: Private acceses = 1899909 | Shared accesses = 511556
================== END ==================
=========================================
