Input: MESI_bodytrack_4096_128_32
=========================================
------------------------------
1. Overall execution cycle per core
Core 0: 39474958770473
Core 1: 41267325734788
Core 2: 60676471954
Core 3: 41169759587307
------------------------------
2. Number of compute cycles per core
Core 0: 17729254
Core 1: 17120545
Core 2: 17556877
Core 3: 17140113
------------------------------
3. Number of load/store instructions per core
Core 0: 3270132
Core 1: 3287252
Core 2: 117698
Core 3: 3324919
------------------------------
4. Number of idle cycles per core
Core 0: 23746818
Core 1: 24402458
Core 2: 1096070
Core 3: 24293823
------------------------------
5. Data cache miss rate for each core
Core 0: 0.0532599
Core 1: 0.0538988
Core 2: 0.0589985
Core 3: 0.0533384
------------------------------
6. Amount of Data traffic in bytes on the bus
256492384
------------------------------
7. Number of invalidations or updates on the bus
785
------------------------------
8. Distribution of accesses to private data versus shared data
Core 0: Private acceses = 2834139 | Shared accesses = 435993
Core 1: Private acceses = 2806033 | Shared accesses = 481219
Core 2: Private acceses = 96855 | Shared accesses = 20843
Core 3: Private acceses = 2803813 | Shared accesses = 521106
================== END ==================
=========================================
