Input: MESI_bodytrack_65536_8_4
=========================================
------------------------------
1. Overall execution cycle per core
Core 0: 21106265074451
Core 1: 24026587753929
Core 2: 58646001988
Core 3: 24747439932977
------------------------------
2. Number of compute cycles per core
Core 0: 17729254
Core 1: 17120545
Core 2: 17556877
Core 3: 17140113
------------------------------
3. Number of load/store instructions per core
Core 0: 3270132
Core 1: 3287252
Core 2: 117698
Core 3: 3324919
------------------------------
4. Number of idle cycles per core
Core 0: 10163347
Core 1: 11123209
Core 2: 1456972
Core 3: 11389108
------------------------------
5. Data cache miss rate for each core
Core 0: 0.0177452
Core 1: 0.0182548
Core 2: 0.0916158
Core 3: 0.0181881
------------------------------
6. Amount of Data traffic in bytes on the bus
39301916
------------------------------
7. Number of invalidations or updates on the bus
10264
------------------------------
8. Distribution of accesses to private data versus shared data
Core 0: Private acceses = 2137523 | Shared accesses = 1132609
Core 1: Private acceses = 2157323 | Shared accesses = 1129929
Core 2: Private acceses = 91033 | Shared accesses = 26665
Core 3: Private acceses = 2201623 | Shared accesses = 1123296
================== END ==================
=========================================
