Input: MESI_blackscholes_131072_8_64
=========================================
------------------------------
1. Overall execution cycle per core
Core 0: 3320876259010
Core 1: 3242991796263
Core 2: 3738662429305
Core 3: 3321383616570
------------------------------
2. Number of compute cycles per core
Core 0: 10430314
Core 1: 10383276
Core 2: 10430338
Core 3: 10394904
------------------------------
3. Number of load/store instructions per core
Core 0: 2497349
Core 1: 2490468
Core 2: 2509057
Core 3: 2503127
------------------------------
4. Number of idle cycles per core
Core 0: 2587132
Core 1: 2555456
Core 2: 2759542
Core 3: 2586210
------------------------------
5. Data cache miss rate for each core
Core 0: 0.000354376
Core 1: 0.000299141
Core 2: 0.000900737
Core 3: 0.000360749
------------------------------
6. Amount of Data traffic in bytes on the bus
634154496
------------------------------
7. Number of invalidations or updates on the bus
524
------------------------------
8. Distribution of accesses to private data versus shared data
Core 0: Private acceses = 2023274 | Shared accesses = 474075
Core 1: Private acceses = 2017074 | Shared accesses = 473394
Core 2: Private acceses = 2034539 | Shared accesses = 474518
Core 3: Private acceses = 2026920 | Shared accesses = 476207
================== END ==================
=========================================
