Input: MESI_blackscholes_4096_32_128
=========================================
------------------------------
1. Overall execution cycle per core
Core 0: 12888338626946
Core 1: 12723153533127
Core 2: 13868823839878
Core 3: 13038395466937
------------------------------
2. Number of compute cycles per core
Core 0: 10430314
Core 1: 10383276
Core 2: 10430338
Core 3: 10394904
------------------------------
3. Number of load/store instructions per core
Core 0: 2497349
Core 1: 2490468
Core 2: 2509057
Core 3: 2503127
------------------------------
4. Number of idle cycles per core
Core 0: 10267880
Core 1: 10159381
Core 2: 10650936
Core 3: 10325814
------------------------------
5. Data cache miss rate for each core
Core 0: 0.0223557
Core 1: 0.0222693
Core 2: 0.0232577
Core 3: 0.0224699
------------------------------
6. Amount of Data traffic in bytes on the bus
1290423168
------------------------------
7. Number of invalidations or updates on the bus
73
------------------------------
8. Distribution of accesses to private data versus shared data
Core 0: Private acceses = 2034685 | Shared accesses = 462664
Core 1: Private acceses = 2029457 | Shared accesses = 461011
Core 2: Private acceses = 2047550 | Shared accesses = 461507
Core 3: Private acceses = 2039855 | Shared accesses = 463272
================== END ==================
=========================================
