Input: MESI_blackscholes_131072_4_4
=========================================
------------------------------
1. Overall execution cycle per core
Core 0: 5095779093919
Core 1: 4737806543129
Core 2: 7644366494516
Core 3: 4863837412985
------------------------------
2. Number of compute cycles per core
Core 0: 10430314
Core 1: 10383276
Core 2: 10430338
Core 3: 10394904
------------------------------
3. Number of load/store instructions per core
Core 0: 2497349
Core 1: 2490468
Core 2: 2509057
Core 3: 2503127
------------------------------
4. Number of idle cycles per core
Core 0: 3395237
Core 1: 3251732
Core 2: 4429931
Core 3: 3291851
------------------------------
5. Data cache miss rate for each core
Core 0: 0.00349611
Core 1: 0.00321867
Core 2: 0.00729597
Core 3: 0.00330267
------------------------------
6. Amount of Data traffic in bytes on the bus
39724632
------------------------------
7. Number of invalidations or updates on the bus
1634
------------------------------
8. Distribution of accesses to private data versus shared data
Core 0: Private acceses = 1956472 | Shared accesses = 540877
Core 1: Private acceses = 1950816 | Shared accesses = 539652
Core 2: Private acceses = 2034585 | Shared accesses = 474472
Core 3: Private acceses = 1960128 | Shared accesses = 542999
================== END ==================
=========================================
