Input: MESI_bodytrack_65536_1024_64_optimized
=========================================
------------------------------
1. Overall execution cycle per core
Core 0: 26223182621634
Core 1: 25930184436451
Core 2: 12861909957
Core 3: 27083564050160
------------------------------
2. Number of compute cycles per core
Core 0: 17729254
Core 1: 17120545
Core 2: 17556877
Core 3: 17140113
------------------------------
3. Number of load/store instructions per core
Core 0: 3270132
Core 1: 3287252
Core 2: 117698
Core 3: 3324919
------------------------------
4. Number of idle cycles per core
Core 0: 18577192
Core 1: 18529377
Core 2: 290208
Core 3: 18935825
------------------------------
5. Data cache miss rate for each core
Core 0: 0.0334727
Core 1: 0.0331006
Core 2: 0.0113766
Core 3: 0.0329082
------------------------------
6. Amount of Data traffic in bytes on the bus
637977856
------------------------------
7. Number of invalidations or updates on the bus
3310
------------------------------
8. Distribution of accesses to private data versus shared data
Core 0: Private acceses = 2225398 | Shared accesses = 1044734
Core 1: Private acceses = 2243958 | Shared accesses = 1043294
Core 2: Private acceses = 91388 | Shared accesses = 26310
Core 3: Private acceses = 2258255 | Shared accesses = 1066664
================== END ==================
=========================================
