Input: MESI_bodytrack_131072_4_4
=========================================
------------------------------
1. Overall execution cycle per core
Core 0: 18489756886731
Core 1: 20877139923830
Core 2: 58288017792
Core 3: 19261560993117
------------------------------
2. Number of compute cycles per core
Core 0: 17729254
Core 1: 17120545
Core 2: 17556877
Core 3: 17140113
------------------------------
3. Number of load/store instructions per core
Core 0: 3270132
Core 1: 3287252
Core 2: 117698
Core 3: 3324919
------------------------------
4. Number of idle cycles per core
Core 0: 8634959
Core 1: 9394523
Core 2: 1395728
Core 3: 8740531
------------------------------
5. Data cache miss rate for each core
Core 0: 0.0156287
Core 1: 0.016139
Core 2: 0.0912845
Core 3: 0.0159829
------------------------------
6. Amount of Data traffic in bytes on the bus
39113624
------------------------------
7. Number of invalidations or updates on the bus
9820
------------------------------
8. Distribution of accesses to private data versus shared data
Core 0: Private acceses = 2139865 | Shared accesses = 1130267
Core 1: Private acceses = 2172614 | Shared accesses = 1114638
Core 2: Private acceses = 89789 | Shared accesses = 27909
Core 3: Private acceses = 2172729 | Shared accesses = 1152190
================== END ==================
=========================================
