Input: MESI_fluidanimate_1024_8_128
=========================================
------------------------------
1. Overall execution cycle per core
Core 0: 80244522793297
Core 1: 60449475661242
Core 2: 82214914761115
Core 3: 60039319607944
------------------------------
2. Number of compute cycles per core
Core 0: 11337782
Core 1: 11290799
Core 2: 11337671
Core 3: 11301515
------------------------------
3. Number of load/store instructions per core
Core 0: 2576503
Core 1: 2407844
Core 2: 2604189
Core 3: 2411465
------------------------------
4. Number of idle cycles per core
Core 0: 56950067
Core 1: 41363589
Core 2: 57894689
Core 3: 41076901
------------------------------
5. Data cache miss rate for each core
Core 0: 0.153211
Core 1: 0.114568
Core 2: 0.154056
Core 3: 0.11305
------------------------------
6. Amount of Data traffic in bytes on the bus
1028398976
------------------------------
7. Number of invalidations or updates on the bus
227
------------------------------
8. Distribution of accesses to private data versus shared data
Core 0: Private acceses = 2197439 | Shared accesses = 379064
Core 1: Private acceses = 2048044 | Shared accesses = 359800
Core 2: Private acceses = 2224497 | Shared accesses = 379692
Core 3: Private acceses = 2023647 | Shared accesses = 387818
================== END ==================
=========================================
