Input: MESI_bodytrack_16384_1_4
=========================================
------------------------------
1. Overall execution cycle per core
Core 0: 58694279932232
Core 1: 61069426876193
Core 2: 96412836597
Core 3: 57225623710998
------------------------------
2. Number of compute cycles per core
Core 0: 17729254
Core 1: 17120545
Core 2: 17556877
Core 3: 17140113
------------------------------
3. Number of load/store instructions per core
Core 0: 3270132
Core 1: 3287252
Core 2: 117698
Core 3: 3324919
------------------------------
4. Number of idle cycles per core
Core 0: 35784172
Core 1: 35348835
Core 2: 2257170
Core 3: 33382422
------------------------------
5. Data cache miss rate for each core
Core 0: 0.0705678
Core 1: 0.0689101
Core 2: 0.115507
Core 3: 0.0656302
------------------------------
6. Amount of Data traffic in bytes on the bus
38353688
------------------------------
7. Number of invalidations or updates on the bus
4868
------------------------------
8. Distribution of accesses to private data versus shared data
Core 0: Private acceses = 2341133 | Shared accesses = 928999
Core 1: Private acceses = 2445379 | Shared accesses = 841873
Core 2: Private acceses = 93551 | Shared accesses = 24147
Core 3: Private acceses = 2391802 | Shared accesses = 933117
================== END ==================
=========================================
