Input: MESI_bodytrack_16384_8_64
=========================================
------------------------------
1. Overall execution cycle per core
Core 0: 27074958151753
Core 1: 26686257174853
Core 2: 17182186755
Core 3: 27401852188826
------------------------------
2. Number of compute cycles per core
Core 0: 17729254
Core 1: 17120545
Core 2: 17556877
Core 3: 17140113
------------------------------
3. Number of load/store instructions per core
Core 0: 3270132
Core 1: 3287252
Core 2: 117698
Core 3: 3324919
------------------------------
4. Number of idle cycles per core
Core 0: 18400496
Core 1: 18123349
Core 2: 377810
Core 3: 18613262
------------------------------
5. Data cache miss rate for each core
Core 0: 0.0364851
Core 1: 0.036522
Core 2: 0.0141974
Core 3: 0.0359242
------------------------------
6. Amount of Data traffic in bytes on the bus
573769664
------------------------------
7. Number of invalidations or updates on the bus
2047
------------------------------
8. Distribution of accesses to private data versus shared data
Core 0: Private acceses = 2499117 | Shared accesses = 771015
Core 1: Private acceses = 2559726 | Shared accesses = 727526
Core 2: Private acceses = 91766 | Shared accesses = 25932
Core 3: Private acceses = 2562801 | Shared accesses = 762118
================== END ==================
=========================================
