Input: MESI_blackscholes_16384_2_128
=========================================
------------------------------
1. Overall execution cycle per core
Core 0: 9145600334301
Core 1: 9020961886473
Core 2: 10005892626546
Core 3: 9235961740961
------------------------------
2. Number of compute cycles per core
Core 0: 10430314
Core 1: 10383276
Core 2: 10430338
Core 3: 10394904
------------------------------
3. Number of load/store instructions per core
Core 0: 2497349
Core 1: 2490468
Core 2: 2509057
Core 3: 2503127
------------------------------
4. Number of idle cycles per core
Core 0: 7289638
Core 1: 7254364
Core 2: 7644445
Core 3: 7332467
------------------------------
5. Data cache miss rate for each core
Core 0: 0.0149499
Core 1: 0.0148815
Core 2: 0.0157258
Core 3: 0.0149865
------------------------------
6. Amount of Data traffic in bytes on the bus
1270385536
------------------------------
7. Number of invalidations or updates on the bus
303
------------------------------
8. Distribution of accesses to private data versus shared data
Core 0: Private acceses = 2056238 | Shared accesses = 441111
Core 1: Private acceses = 2050898 | Shared accesses = 439570
Core 2: Private acceses = 2068370 | Shared accesses = 440687
Core 3: Private acceses = 2060500 | Shared accesses = 442627
================== END ==================
=========================================
