Input: MESI_bodytrack_4096_8_32
=========================================
------------------------------
1. Overall execution cycle per core
Core 0: 38808858037272
Core 1: 40769576203608
Core 2: 62041695564
Core 3: 40355490725064
------------------------------
2. Number of compute cycles per core
Core 0: 17729254
Core 1: 17120545
Core 2: 17556877
Core 3: 17140113
------------------------------
3. Number of load/store instructions per core
Core 0: 3270132
Core 1: 3287252
Core 2: 117698
Core 3: 3324919
------------------------------
4. Number of idle cycles per core
Core 0: 23570487
Core 1: 24105809
Core 2: 1142898
Core 3: 23964130
------------------------------
5. Data cache miss rate for each core
Core 0: 0.0525636
Core 1: 0.0531788
Core 2: 0.0609526
Core 3: 0.052659
------------------------------
6. Amount of Data traffic in bytes on the bus
255777696
------------------------------
7. Number of invalidations or updates on the bus
1222
------------------------------
8. Distribution of accesses to private data versus shared data
Core 0: Private acceses = 2795378 | Shared accesses = 474754
Core 1: Private acceses = 2855213 | Shared accesses = 432039
Core 2: Private acceses = 94768 | Shared accesses = 22930
Core 3: Private acceses = 2900862 | Shared accesses = 424057
================== END ==================
=========================================
