Input: MESI_bodytrack_131072_1_128
=========================================
------------------------------
1. Overall execution cycle per core
Core 0: 21467763939378
Core 1: 21201503208718
Core 2: 57463050904
Core 3: 21698138977176
------------------------------
2. Number of compute cycles per core
Core 0: 17729254
Core 1: 17120545
Core 2: 17556877
Core 3: 17140113
------------------------------
3. Number of load/store instructions per core
Core 0: 3270132
Core 1: 3287252
Core 2: 117698
Core 3: 3324919
------------------------------
4. Number of idle cycles per core
Core 0: 14135736
Core 1: 14002032
Core 2: 851405
Core 3: 14101182
------------------------------
5. Data cache miss rate for each core
Core 0: 0.0223945
Core 1: 0.0220464
Core 2: 0.0405359
Core 3: 0.0219524
------------------------------
6. Amount of Data traffic in bytes on the bus
1252018304
------------------------------
7. Number of invalidations or updates on the bus
3213
------------------------------
8. Distribution of accesses to private data versus shared data
Core 0: Private acceses = 2210476 | Shared accesses = 1059656
Core 1: Private acceses = 2234322 | Shared accesses = 1052930
Core 2: Private acceses = 90115 | Shared accesses = 27583
Core 3: Private acceses = 2230902 | Shared accesses = 1094017
================== END ==================
=========================================
