Input: MESI_bodytrack_65536_1_64
=========================================
------------------------------
1. Overall execution cycle per core
Core 0: 26136958292465
Core 1: 26478638294209
Core 2: 39367179406
Core 3: 25900317886738
------------------------------
2. Number of compute cycles per core
Core 0: 17729254
Core 1: 17120545
Core 2: 17556877
Core 3: 17140113
------------------------------
3. Number of load/store instructions per core
Core 0: 3270132
Core 1: 3287252
Core 2: 117698
Core 3: 3324919
------------------------------
4. Number of idle cycles per core
Core 0: 17149420
Core 1: 17179259
Core 2: 683555
Core 3: 16952208
------------------------------
5. Data cache miss rate for each core
Core 0: 0.0314914
Core 1: 0.031488
Core 2: 0.0319292
Core 3: 0.0306624
------------------------------
6. Amount of Data traffic in bytes on the bus
608302400
------------------------------
7. Number of invalidations or updates on the bus
3361
------------------------------
8. Distribution of accesses to private data versus shared data
Core 0: Private acceses = 2339246 | Shared accesses = 930886
Core 1: Private acceses = 2357919 | Shared accesses = 929333
Core 2: Private acceses = 91068 | Shared accesses = 26630
Core 3: Private acceses = 2367088 | Shared accesses = 957831
================== END ==================
=========================================
