Input: MESI_blackscholes_16384_4_64_optimized
=========================================
------------------------------
1. Overall execution cycle per core
Core 0: 5894889208648
Core 1: 5780795229410
Core 2: 6947222121582
Core 3: 5928387102995
------------------------------
2. Number of compute cycles per core
Core 0: 10430314
Core 1: 10383276
Core 2: 10430338
Core 3: 10394904
------------------------------
3. Number of load/store instructions per core
Core 0: 2497349
Core 1: 2490468
Core 2: 2509057
Core 3: 2503127
------------------------------
4. Number of idle cycles per core
Core 0: 4683389
Core 1: 4633802
Core 2: 5105637
Core 3: 4692693
------------------------------
5. Data cache miss rate for each core
Core 0: 0.00811941
Core 1: 0.00801978
Core 2: 0.0090811
Core 3: 0.00813063
------------------------------
6. Amount of Data traffic in bytes on the bus
638872768
------------------------------
7. Number of invalidations or updates on the bus
365
------------------------------
8. Distribution of accesses to private data versus shared data
Core 0: Private acceses = 2023512 | Shared accesses = 473837
Core 1: Private acceses = 2019195 | Shared accesses = 471273
Core 2: Private acceses = 2035263 | Shared accesses = 473794
Core 3: Private acceses = 2027276 | Shared accesses = 475851
================== END ==================
=========================================
