Input: MESI_blackscholes_16384_256_64
=========================================
------------------------------
1. Overall execution cycle per core
Core 0: 3603147161561
Core 1: 3476356305097
Core 2: 4640531031019
Core 3: 3572057803201
------------------------------
2. Number of compute cycles per core
Core 0: 10430314
Core 1: 10383276
Core 2: 10430338
Core 3: 10394904
------------------------------
3. Number of load/store instructions per core
Core 0: 2497349
Core 1: 2490468
Core 2: 2509057
Core 3: 2503127
------------------------------
4. Number of idle cycles per core
Core 0: 2832071
Core 1: 2774405
Core 2: 3248955
Core 3: 2811137
------------------------------
5. Data cache miss rate for each core
Core 0: 0.00106193
Core 1: 0.000929544
Core 2: 0.0020139
Core 3: 0.00100754
------------------------------
6. Amount of Data traffic in bytes on the bus
634563200
------------------------------
7. Number of invalidations or updates on the bus
324
------------------------------
8. Distribution of accesses to private data versus shared data
Core 0: Private acceses = 2023370 | Shared accesses = 473979
Core 1: Private acceses = 2017382 | Shared accesses = 473086
Core 2: Private acceses = 2036080 | Shared accesses = 472977
Core 3: Private acceses = 2027264 | Shared accesses = 475863
================== END ==================
=========================================
