Input: MESI_bodytrack_16384_256_64
=========================================
------------------------------
1. Overall execution cycle per core
Core 0: 26382618767103
Core 1: 26486822743724
Core 2: 17017783801
Core 3: 26256643296128
------------------------------
2. Number of compute cycles per core
Core 0: 17729254
Core 1: 17120545
Core 2: 17556877
Core 3: 17140113
------------------------------
3. Number of load/store instructions per core
Core 0: 3270132
Core 1: 3287252
Core 2: 117698
Core 3: 3324919
------------------------------
4. Number of idle cycles per core
Core 0: 18087540
Core 1: 17748425
Core 2: 365355
Core 3: 17934508
------------------------------
5. Data cache miss rate for each core
Core 0: 0.0362209
Core 1: 0.0363264
Core 2: 0.0134072
Core 3: 0.03563
------------------------------
6. Amount of Data traffic in bytes on the bus
562970368
------------------------------
7. Number of invalidations or updates on the bus
1607
------------------------------
8. Distribution of accesses to private data versus shared data
Core 0: Private acceses = 2590208 | Shared accesses = 679924
Core 1: Private acceses = 2609447 | Shared accesses = 677805
Core 2: Private acceses = 92297 | Shared accesses = 25401
Core 3: Private acceses = 2581894 | Shared accesses = 743025
================== END ==================
=========================================
