Input: MESI_blackscholes_131072_2_128
=========================================
------------------------------
1. Overall execution cycle per core
Core 0: 3275986594858
Core 1: 3276977141916
Core 2: 3618582552440
Core 3: 3293313575128
------------------------------
2. Number of compute cycles per core
Core 0: 10430314
Core 1: 10383276
Core 2: 10430338
Core 3: 10394904
------------------------------
3. Number of load/store instructions per core
Core 0: 2497349
Core 1: 2490468
Core 2: 2509057
Core 3: 2503127
------------------------------
4. Number of idle cycles per core
Core 0: 2575452
Core 1: 2604120
Core 2: 2718182
Core 3: 2581823
------------------------------
5. Data cache miss rate for each core
Core 0: 0.000261077
Core 1: 0.000401932
Core 2: 0.000648052
Core 3: 0.000278052
------------------------------
6. Amount of Data traffic in bytes on the bus
1268713344
------------------------------
7. Number of invalidations or updates on the bus
412
------------------------------
8. Distribution of accesses to private data versus shared data
Core 0: Private acceses = 2022904 | Shared accesses = 474445
Core 1: Private acceses = 2016029 | Shared accesses = 474439
Core 2: Private acceses = 2034513 | Shared accesses = 474544
Core 3: Private acceses = 2026777 | Shared accesses = 476350
================== END ==================
=========================================
