Input: MESI_bodytrack_4096_1_128
=========================================
------------------------------
1. Overall execution cycle per core
Core 0: 65330899166538
Core 1: 68087186955858
Core 2: 217682606855
Core 3: 69624800264796
------------------------------
2. Number of compute cycles per core
Core 0: 17729254
Core 1: 17120545
Core 2: 17556877
Core 3: 17140113
------------------------------
3. Number of load/store instructions per core
Core 0: 3270132
Core 1: 3287252
Core 2: 117698
Core 3: 3324919
------------------------------
4. Number of idle cycles per core
Core 0: 34576131
Core 1: 35781809
Core 2: 3271699
Core 3: 36034204
------------------------------
5. Data cache miss rate for each core
Core 0: 0.0746728
Core 1: 0.0760997
Core 2: 0.174302
Core 3: 0.0760394
------------------------------
6. Amount of Data traffic in bytes on the bus
1033669120
------------------------------
7. Number of invalidations or updates on the bus
927
------------------------------
8. Distribution of accesses to private data versus shared data
Core 0: Private acceses = 2788459 | Shared accesses = 481673
Core 1: Private acceses = 2777457 | Shared accesses = 509795
Core 2: Private acceses = 94924 | Shared accesses = 22774
Core 3: Private acceses = 2832190 | Shared accesses = 492729
================== END ==================
=========================================
