Input: MESI_bodytrack_131072_32768_4
=========================================
------------------------------
1. Overall execution cycle per core
Core 0: 16076081163542
Core 1: 19162720054682
Core 2: 58875955128
Core 3: 18627922154161
------------------------------
2. Number of compute cycles per core
Core 0: 17729254
Core 1: 17120545
Core 2: 17556877
Core 3: 17140113
------------------------------
3. Number of load/store instructions per core
Core 0: 3270132
Core 1: 3287252
Core 2: 117698
Core 3: 3324919
------------------------------
4. Number of idle cycles per core
Core 0: 7781514
Core 1: 8842255
Core 2: 1413952
Core 3: 8564296
------------------------------
5. Data cache miss rate for each core
Core 0: 0.0149236
Core 1: 0.0153672
Core 2: 0.0910041
Core 3: 0.0153706
------------------------------
6. Amount of Data traffic in bytes on the bus
39070832
------------------------------
7. Number of invalidations or updates on the bus
9364
------------------------------
8. Distribution of accesses to private data versus shared data
Core 0: Private acceses = 2137533 | Shared accesses = 1132599
Core 1: Private acceses = 2167471 | Shared accesses = 1119781
Core 2: Private acceses = 91171 | Shared accesses = 26527
Core 3: Private acceses = 2177134 | Shared accesses = 1147785
================== END ==================
=========================================
