Input: MESI_blackscholes_131072_2_4
=========================================
------------------------------
1. Overall execution cycle per core
Core 0: 5106789504327
Core 1: 4807478119814
Core 2: 8021965985329
Core 3: 4857709879320
------------------------------
2. Number of compute cycles per core
Core 0: 10430314
Core 1: 10383276
Core 2: 10430338
Core 3: 10394904
------------------------------
3. Number of load/store instructions per core
Core 0: 2497349
Core 1: 2490468
Core 2: 2509057
Core 3: 2503127
------------------------------
4. Number of idle cycles per core
Core 0: 3403671
Core 1: 3301527
Core 2: 4599718
Core 3: 3306087
------------------------------
5. Data cache miss rate for each core
Core 0: 0.00352133
Core 1: 0.0033299
Core 2: 0.00738485
Core 3: 0.0033594
------------------------------
6. Amount of Data traffic in bytes on the bus
39728000
------------------------------
7. Number of invalidations or updates on the bus
1589
------------------------------
8. Distribution of accesses to private data versus shared data
Core 0: Private acceses = 1956399 | Shared accesses = 540950
Core 1: Private acceses = 1952211 | Shared accesses = 538257
Core 2: Private acceses = 2034682 | Shared accesses = 474375
Core 3: Private acceses = 1960050 | Shared accesses = 543077
================== END ==================
=========================================
