Input: MESI_fluidanimate_16384_4_64_optimized
=========================================
------------------------------
1. Overall execution cycle per core
Core 0: 20526389753003
Core 1: 18256593053633
Core 2: 22004672592605
Core 3: 17686118246967
------------------------------
2. Number of compute cycles per core
Core 0: 11337782
Core 1: 11290799
Core 2: 11337671
Core 3: 11301515
------------------------------
3. Number of load/store instructions per core
Core 0: 2576503
Core 1: 2407844
Core 2: 2604189
Core 3: 2411465
------------------------------
4. Number of idle cycles per core
Core 0: 11273232
Core 1: 10596028
Core 2: 11795274
Core 3: 10354125
------------------------------
5. Data cache miss rate for each core
Core 0: 0.0200889
Core 1: 0.0201454
Core 2: 0.0210634
Core 3: 0.0197959
------------------------------
6. Amount of Data traffic in bytes on the bus
509015168
------------------------------
7. Number of invalidations or updates on the bus
4016
------------------------------
8. Distribution of accesses to private data versus shared data
Core 0: Private acceses = 2124083 | Shared accesses = 452420
Core 1: Private acceses = 1936907 | Shared accesses = 470937
Core 2: Private acceses = 2133753 | Shared accesses = 470436
Core 3: Private acceses = 1924395 | Shared accesses = 487070
================== END ==================
=========================================
