Input: MESI_fluidanimate_131072_8_128
=========================================
------------------------------
1. Overall execution cycle per core
Core 0: 11036191579053
Core 1: 9828276620064
Core 2: 11080595977690
Core 3: 9888469425111
------------------------------
2. Number of compute cycles per core
Core 0: 11337782
Core 1: 11290799
Core 2: 11337671
Core 3: 11301515
------------------------------
3. Number of load/store instructions per core
Core 0: 2576503
Core 1: 2407844
Core 2: 2604189
Core 3: 2411465
------------------------------
4. Number of idle cycles per core
Core 0: 6457274
Core 1: 6130304
Core 2: 6445798
Core 3: 6216583
------------------------------
5. Data cache miss rate for each core
Core 0: 0.00891402
Core 1: 0.00917086
Core 2: 0.00900971
Core 3: 0.00927279
------------------------------
6. Amount of Data traffic in bytes on the bus
1079076608
------------------------------
7. Number of invalidations or updates on the bus
7118
------------------------------
8. Distribution of accesses to private data versus shared data
Core 0: Private acceses = 2079391 | Shared accesses = 497112
Core 1: Private acceses = 1910091 | Shared accesses = 497753
Core 2: Private acceses = 2116460 | Shared accesses = 487729
Core 3: Private acceses = 1905776 | Shared accesses = 505689
================== END ==================
=========================================
