Input: MESI_fluidanimate_16384_2_32
=========================================
------------------------------
1. Overall execution cycle per core
Core 0: 34716844873916
Core 1: 29922247432744
Core 2: 35940860153899
Core 3: 29417609856872
------------------------------
2. Number of compute cycles per core
Core 0: 11337782
Core 1: 11290799
Core 2: 11337671
Core 3: 11301515
------------------------------
3. Number of load/store instructions per core
Core 0: 2576503
Core 1: 2407844
Core 2: 2604189
Core 3: 2411465
------------------------------
4. Number of idle cycles per core
Core 0: 18422835
Core 1: 16845806
Core 2: 18756514
Core 3: 16669093
------------------------------
5. Data cache miss rate for each core
Core 0: 0.0361882
Core 1: 0.0353241
Core 2: 0.0364524
Core 3: 0.0353752
------------------------------
6. Amount of Data traffic in bytes on the bus
254087520
------------------------------
7. Number of invalidations or updates on the bus
8091
------------------------------
8. Distribution of accesses to private data versus shared data
Core 0: Private acceses = 2098618 | Shared accesses = 477885
Core 1: Private acceses = 1979055 | Shared accesses = 428789
Core 2: Private acceses = 2147001 | Shared accesses = 457188
Core 3: Private acceses = 1933149 | Shared accesses = 478316
================== END ==================
=========================================
