Input: MESI_blackscholes_131072_2_32
=========================================
------------------------------
1. Overall execution cycle per core
Core 0: 3474539167816
Core 1: 3400362141295
Core 2: 4311485365451
Core 3: 3445579817910
------------------------------
2. Number of compute cycles per core
Core 0: 10430314
Core 1: 10383276
Core 2: 10430338
Core 3: 10394904
------------------------------
3. Number of load/store instructions per core
Core 0: 2497349
Core 1: 2490468
Core 2: 2509057
Core 3: 2503127
------------------------------
4. Number of idle cycles per core
Core 0: 2661725
Core 1: 2644941
Core 2: 3007017
Core 3: 2652688
------------------------------
5. Data cache miss rate for each core
Core 0: 0.000639879
Core 1: 0.000627593
Core 2: 0.00171857
Core 3: 0.000620024
------------------------------
6. Amount of Data traffic in bytes on the bus
317137472
------------------------------
7. Number of invalidations or updates on the bus
621
------------------------------
8. Distribution of accesses to private data versus shared data
Core 0: Private acceses = 2023130 | Shared accesses = 474219
Core 1: Private acceses = 2017093 | Shared accesses = 473375
Core 2: Private acceses = 2034922 | Shared accesses = 474135
Core 3: Private acceses = 2027253 | Shared accesses = 475874
================== END ==================
=========================================
