Input: MESI_blackscholes_65536_8_4
=========================================
------------------------------
1. Overall execution cycle per core
Core 0: 5130373593956
Core 1: 4798222400732
Core 2: 8739397276323
Core 3: 4955658160277
------------------------------
2. Number of compute cycles per core
Core 0: 10430314
Core 1: 10383276
Core 2: 10430338
Core 3: 10394904
------------------------------
3. Number of load/store instructions per core
Core 0: 2497349
Core 1: 2490468
Core 2: 2509057
Core 3: 2503127
------------------------------
4. Number of idle cycles per core
Core 0: 3423384
Core 1: 3306578
Core 2: 4927328
Core 3: 3372881
------------------------------
5. Data cache miss rate for each core
Core 0: 0.0035842
Core 1: 0.00336844
Core 2: 0.00740916
Core 3: 0.00353278
------------------------------
6. Amount of Data traffic in bytes on the bus
39749124
------------------------------
7. Number of invalidations or updates on the bus
1630
------------------------------
8. Distribution of accesses to private data versus shared data
Core 0: Private acceses = 1956543 | Shared accesses = 540806
Core 1: Private acceses = 1950978 | Shared accesses = 539490
Core 2: Private acceses = 2034589 | Shared accesses = 474468
Core 3: Private acceses = 1959910 | Shared accesses = 543217
================== END ==================
=========================================
