Input: MESI_bodytrack_131072_4_64
=========================================
------------------------------
1. Overall execution cycle per core
Core 0: 15910233517922
Core 1: 15884438612315
Core 2: 13000017383
Core 3: 15903238554543
------------------------------
2. Number of compute cycles per core
Core 0: 17729254
Core 1: 17120545
Core 2: 17556877
Core 3: 17140113
------------------------------
3. Number of load/store instructions per core
Core 0: 3270132
Core 1: 3287252
Core 2: 117698
Core 3: 3324919
------------------------------
4. Number of idle cycles per core
Core 0: 10572137
Core 1: 10494632
Core 2: 279360
Core 3: 10409923
------------------------------
5. Data cache miss rate for each core
Core 0: 0.0162171
Core 1: 0.0157965
Core 2: 0.0113086
Core 3: 0.015635
------------------------------
6. Amount of Data traffic in bytes on the bus
640728768
------------------------------
7. Number of invalidations or updates on the bus
3841
------------------------------
8. Distribution of accesses to private data versus shared data
Core 0: Private acceses = 2164999 | Shared accesses = 1105133
Core 1: Private acceses = 2142694 | Shared accesses = 1144558
Core 2: Private acceses = 91350 | Shared accesses = 26348
Core 3: Private acceses = 2159500 | Shared accesses = 1165419
================== END ==================
=========================================
