Input: MESI_blackscholes_1024_1_128
=========================================
------------------------------
1. Overall execution cycle per core
Core 0: 89846967623645
Core 1: 89316558536320
Core 2: 91170548564341
Core 3: 90202369981713
------------------------------
2. Number of compute cycles per core
Core 0: 10430314
Core 1: 10383276
Core 2: 10430338
Core 3: 10394904
------------------------------
3. Number of load/store instructions per core
Core 0: 2497349
Core 1: 2490468
Core 2: 2509057
Core 3: 2503127
------------------------------
4. Number of idle cycles per core
Core 0: 71894676
Core 1: 71723356
Core 2: 72445512
Core 3: 71978734
------------------------------
5. Data cache miss rate for each core
Core 0: 0.183694
Core 1: 0.183545
Core 2: 0.18421
Core 3: 0.183695
------------------------------
6. Amount of Data traffic in bytes on the bus
1250708352
------------------------------
7. Number of invalidations or updates on the bus
41
------------------------------
8. Distribution of accesses to private data versus shared data
Core 0: Private acceses = 2283567 | Shared accesses = 213782
Core 1: Private acceses = 2276000 | Shared accesses = 214468
Core 2: Private acceses = 2295776 | Shared accesses = 213281
Core 3: Private acceses = 2291405 | Shared accesses = 211722
================== END ==================
=========================================
