Input: MESI_bodytrack_65536_8_64
=========================================
------------------------------
1. Overall execution cycle per core
Core 0: 25222913703755
Core 1: 25835095843312
Core 2: 13128615121
Core 3: 25783073462757
------------------------------
2. Number of compute cycles per core
Core 0: 17729254
Core 1: 17120545
Core 2: 17556877
Core 3: 17140113
------------------------------
3. Number of load/store instructions per core
Core 0: 3270132
Core 1: 3287252
Core 2: 117698
Core 3: 3324919
------------------------------
4. Number of idle cycles per core
Core 0: 17962568
Core 1: 18141818
Core 2: 295723
Core 3: 18027040
------------------------------
5. Data cache miss rate for each core
Core 0: 0.0323693
Core 1: 0.0320085
Core 2: 0.0114615
Core 3: 0.0317707
------------------------------
6. Amount of Data traffic in bytes on the bus
638327616
------------------------------
7. Number of invalidations or updates on the bus
3943
------------------------------
8. Distribution of accesses to private data versus shared data
Core 0: Private acceses = 2220562 | Shared accesses = 1049570
Core 1: Private acceses = 2222506 | Shared accesses = 1064746
Core 2: Private acceses = 91161 | Shared accesses = 26537
Core 3: Private acceses = 2248911 | Shared accesses = 1076008
================== END ==================
=========================================
