Input: MESI_bodytrack_1024_8_32
=========================================
------------------------------
1. Overall execution cycle per core
Core 0: 64661744051777
Core 1: 67081572017124
Core 2: 86782648207
Core 3: 68315457745351
------------------------------
2. Number of compute cycles per core
Core 0: 17729254
Core 1: 17120545
Core 2: 17556877
Core 3: 17140113
------------------------------
3. Number of load/store instructions per core
Core 0: 3270132
Core 1: 3287252
Core 2: 117698
Core 3: 3324919
------------------------------
4. Number of idle cycles per core
Core 0: 36424520
Core 1: 37257959
Core 2: 1611786
Core 3: 37714716
------------------------------
5. Data cache miss rate for each core
Core 0: 0.0851562
Core 1: 0.0862365
Core 2: 0.0941307
Core 3: 0.0864746
------------------------------
6. Amount of Data traffic in bytes on the bus
241547584
------------------------------
7. Number of invalidations or updates on the bus
178
------------------------------
8. Distribution of accesses to private data versus shared data
Core 0: Private acceses = 2919408 | Shared accesses = 350724
Core 1: Private acceses = 2956454 | Shared accesses = 330798
Core 2: Private acceses = 98614 | Shared accesses = 19084
Core 3: Private acceses = 2971716 | Shared accesses = 353203
================== END ==================
=========================================
