Input: MESI_bodytrack_65536_2048_32
=========================================
------------------------------
1. Overall execution cycle per core
Core 0: 17770080523796
Core 1: 18300230222334
Core 2: 17859283919
Core 3: 18470491385508
------------------------------
2. Number of compute cycles per core
Core 0: 17729254
Core 1: 17120545
Core 2: 17556877
Core 3: 17140113
------------------------------
3. Number of load/store instructions per core
Core 0: 3270132
Core 1: 3287252
Core 2: 117698
Core 3: 3324919
------------------------------
4. Number of idle cycles per core
Core 0: 11432135
Core 1: 11570482
Core 2: 414517
Core 3: 11658184
------------------------------
5. Data cache miss rate for each core
Core 0: 0.0191087
Core 1: 0.0189566
Core 2: 0.0199579
Core 3: 0.0191268
------------------------------
6. Amount of Data traffic in bytes on the bus
319995968
------------------------------
7. Number of invalidations or updates on the bus
3716
------------------------------
8. Distribution of accesses to private data versus shared data
Core 0: Private acceses = 2157649 | Shared accesses = 1112483
Core 1: Private acceses = 2171997 | Shared accesses = 1115255
Core 2: Private acceses = 91621 | Shared accesses = 26077
Core 3: Private acceses = 2184780 | Shared accesses = 1140139
================== END ==================
=========================================
