Input: MESI_fluidanimate_65536_4_32
=========================================
------------------------------
1. Overall execution cycle per core
Core 0: 29242320146891
Core 1: 24610642336806
Core 2: 26879342811225
Core 3: 23848759425481
------------------------------
2. Number of compute cycles per core
Core 0: 11337782
Core 1: 11290799
Core 2: 11337671
Core 3: 11301515
------------------------------
3. Number of load/store instructions per core
Core 0: 2576503
Core 1: 2407844
Core 2: 2604189
Core 3: 2411465
------------------------------
4. Number of idle cycles per core
Core 0: 15447181
Core 1: 13938962
Core 2: 14235307
Core 3: 13662212
------------------------------
5. Data cache miss rate for each core
Core 0: 0.0277042
Core 1: 0.0274943
Core 2: 0.02719
Core 3: 0.0280099
------------------------------
6. Amount of Data traffic in bytes on the bus
254691200
------------------------------
7. Number of invalidations or updates on the bus
11690
------------------------------
8. Distribution of accesses to private data versus shared data
Core 0: Private acceses = 2094778 | Shared accesses = 481725
Core 1: Private acceses = 1967550 | Shared accesses = 440294
Core 2: Private acceses = 2125685 | Shared accesses = 478504
Core 3: Private acceses = 1916544 | Shared accesses = 494921
================== END ==================
=========================================
