Input: MESI_bodytrack_1024_4_128
=========================================
------------------------------
1. Overall execution cycle per core
Core 0: 95209758578998
Core 1: 96544653273479
Core 2: 190249733243
Core 3: 100620238853086
------------------------------
2. Number of compute cycles per core
Core 0: 17729254
Core 1: 17120545
Core 2: 17556877
Core 3: 17140113
------------------------------
3. Number of load/store instructions per core
Core 0: 3270132
Core 1: 3287252
Core 2: 117698
Core 3: 3324919
------------------------------
4. Number of idle cycles per core
Core 0: 48938526
Core 1: 49333769
Core 2: 2838743
Core 3: 50659936
------------------------------
5. Data cache miss rate for each core
Core 0: 0.111473
Core 1: 0.111693
Core 2: 0.163971
Core 3: 0.112819
------------------------------
6. Amount of Data traffic in bytes on the bus
970682112
------------------------------
7. Number of invalidations or updates on the bus
121
------------------------------
8. Distribution of accesses to private data versus shared data
Core 0: Private acceses = 2924635 | Shared accesses = 345497
Core 1: Private acceses = 2888938 | Shared accesses = 398314
Core 2: Private acceses = 106342 | Shared accesses = 11356
Core 3: Private acceses = 2953050 | Shared accesses = 371869
================== END ==================
=========================================
