Input: MESI_bodytrack_131072_1_4
=========================================
------------------------------
1. Overall execution cycle per core
Core 0: 25541900327189
Core 1: 28099658950581
Core 2: 78562776732
Core 3: 25254657927560
------------------------------
2. Number of compute cycles per core
Core 0: 17729254
Core 1: 17120545
Core 2: 17556877
Core 3: 17140113
------------------------------
3. Number of load/store instructions per core
Core 0: 3270132
Core 1: 3287252
Core 2: 117698
Core 3: 3324919
------------------------------
4. Number of idle cycles per core
Core 0: 12815131
Core 1: 13938506
Core 2: 1887293
Core 3: 12567989
------------------------------
5. Data cache miss rate for each core
Core 0: 0.0243773
Core 1: 0.0260509
Core 2: 0.102788
Core 3: 0.0244535
------------------------------
6. Amount of Data traffic in bytes on the bus
39401796
------------------------------
7. Number of invalidations or updates on the bus
8320
------------------------------
8. Distribution of accesses to private data versus shared data
Core 0: Private acceses = 2151504 | Shared accesses = 1118628
Core 1: Private acceses = 2181647 | Shared accesses = 1105605
Core 2: Private acceses = 92630 | Shared accesses = 25068
Core 3: Private acceses = 2180242 | Shared accesses = 1144677
================== END ==================
=========================================
