Input: MESI_blackscholes_4096_8_128
=========================================
------------------------------
1. Overall execution cycle per core
Core 0: 12935838270803
Core 1: 12829435412822
Core 2: 14001596512282
Core 3: 13010903437753
------------------------------
2. Number of compute cycles per core
Core 0: 10430314
Core 1: 10383276
Core 2: 10430338
Core 3: 10394904
------------------------------
3. Number of load/store instructions per core
Core 0: 2497349
Core 1: 2490468
Core 2: 2509057
Core 3: 2503127
------------------------------
4. Number of idle cycles per core
Core 0: 10305642
Core 1: 10265716
Core 2: 10749486
Core 3: 10279777
------------------------------
5. Data cache miss rate for each core
Core 0: 0.0217875
Core 1: 0.0217007
Core 2: 0.0227548
Core 3: 0.0218511
------------------------------
6. Amount of Data traffic in bytes on the bus
1271717888
------------------------------
7. Number of invalidations or updates on the bus
79
------------------------------
8. Distribution of accesses to private data versus shared data
Core 0: Private acceses = 2034309 | Shared accesses = 463040
Core 1: Private acceses = 2026966 | Shared accesses = 463502
Core 2: Private acceses = 2046320 | Shared accesses = 462737
Core 3: Private acceses = 2042171 | Shared accesses = 460956
================== END ==================
=========================================
