Input: MESI_blackscholes_16384_8_128
=========================================
------------------------------
1. Overall execution cycle per core
Core 0: 3567934450663
Core 1: 3476741931068
Core 2: 4378308286330
Core 3: 3615265155293
------------------------------
2. Number of compute cycles per core
Core 0: 10430314
Core 1: 10383276
Core 2: 10430338
Core 3: 10394904
------------------------------
3. Number of load/store instructions per core
Core 0: 2497349
Core 1: 2490468
Core 2: 2509057
Core 3: 2503127
------------------------------
4. Number of idle cycles per core
Core 0: 2813032
Core 1: 2771287
Core 2: 3137378
Core 3: 2822068
------------------------------
5. Data cache miss rate for each core
Core 0: 0.000950608
Core 1: 0.00084723
Core 2: 0.00172734
Core 3: 0.000964793
------------------------------
6. Amount of Data traffic in bytes on the bus
1268627712
------------------------------
7. Number of invalidations or updates on the bus
317
------------------------------
8. Distribution of accesses to private data versus shared data
Core 0: Private acceses = 2022721 | Shared accesses = 474628
Core 1: Private acceses = 2018564 | Shared accesses = 471904
Core 2: Private acceses = 2035875 | Shared accesses = 473182
Core 3: Private acceses = 2027490 | Shared accesses = 475637
================== END ==================
=========================================
