Input: MESI_blackscholes_65536_512_128
=========================================
------------------------------
1. Overall execution cycle per core
Core 0: 3237849499073
Core 1: 3205811175103
Core 2: 3646287613280
Core 3: 3260799290198
------------------------------
2. Number of compute cycles per core
Core 0: 10430314
Core 1: 10383276
Core 2: 10430338
Core 3: 10394904
------------------------------
3. Number of load/store instructions per core
Core 0: 2497349
Core 1: 2490468
Core 2: 2509057
Core 3: 2503127
------------------------------
4. Number of idle cycles per core
Core 0: 2551403
Core 1: 2538349
Core 2: 2719714
Core 3: 2558885
------------------------------
5. Data cache miss rate for each core
Core 0: 0.000214227
Core 1: 0.000191932
Core 2: 0.000544428
Core 3: 0.00023171
------------------------------
6. Amount of Data traffic in bytes on the bus
1268560128
------------------------------
7. Number of invalidations or updates on the bus
383
------------------------------
8. Distribution of accesses to private data versus shared data
Core 0: Private acceses = 2022351 | Shared accesses = 474998
Core 1: Private acceses = 2016950 | Shared accesses = 473518
Core 2: Private acceses = 2034916 | Shared accesses = 474141
Core 3: Private acceses = 2026596 | Shared accesses = 476531
================== END ==================
=========================================
