Input: MESI_bodytrack_131072_2_64
=========================================
------------------------------
1. Overall execution cycle per core
Core 0: 16897868166917
Core 1: 17320438477855
Core 2: 15379703424
Core 3: 17228253809054
------------------------------
2. Number of compute cycles per core
Core 0: 17729254
Core 1: 17120545
Core 2: 17556877
Core 3: 17140113
------------------------------
3. Number of load/store instructions per core
Core 0: 3270132
Core 1: 3287252
Core 2: 117698
Core 3: 3324919
------------------------------
4. Number of idle cycles per core
Core 0: 11331915
Core 1: 11511219
Core 2: 325916
Core 3: 11334534
------------------------------
5. Data cache miss rate for each core
Core 0: 0.0181644
Core 1: 0.0181048
Core 2: 0.0128125
Core 3: 0.0177334
------------------------------
6. Amount of Data traffic in bytes on the bus
635255424
------------------------------
7. Number of invalidations or updates on the bus
3362
------------------------------
8. Distribution of accesses to private data versus shared data
Core 0: Private acceses = 2216330 | Shared accesses = 1053802
Core 1: Private acceses = 2166937 | Shared accesses = 1120315
Core 2: Private acceses = 91123 | Shared accesses = 26575
Core 3: Private acceses = 2178950 | Shared accesses = 1145969
================== END ==================
=========================================
