Input: MESI_bodytrack_16384_512_32
=========================================
------------------------------
1. Overall execution cycle per core
Core 0: 31504642084052
Core 1: 33205958336480
Core 2: 24874466580
Core 3: 32771755749655
------------------------------
2. Number of compute cycles per core
Core 0: 17729254
Core 1: 17120545
Core 2: 17556877
Core 3: 17140113
------------------------------
3. Number of load/store instructions per core
Core 0: 3270132
Core 1: 3287252
Core 2: 117698
Core 3: 3324919
------------------------------
4. Number of idle cycles per core
Core 0: 21461111
Core 1: 21917057
Core 2: 568559
Core 3: 21982857
------------------------------
5. Data cache miss rate for each core
Core 0: 0.0429447
Core 1: 0.0434612
Core 2: 0.0236028
Core 3: 0.0425051
------------------------------
6. Amount of Data traffic in bytes on the bus
290665696
------------------------------
7. Number of invalidations or updates on the bus
1581
------------------------------
8. Distribution of accesses to private data versus shared data
Core 0: Private acceses = 2470335 | Shared accesses = 799797
Core 1: Private acceses = 2552764 | Shared accesses = 734488
Core 2: Private acceses = 92699 | Shared accesses = 24999
Core 3: Private acceses = 2562757 | Shared accesses = 762162
================== END ==================
=========================================
