Input: MESI_bodytrack_4096_4_128
=========================================
------------------------------
1. Overall execution cycle per core
Core 0: 41141752074601
Core 1: 41418602160155
Core 2: 54238853359
Core 3: 42510182483820
------------------------------
2. Number of compute cycles per core
Core 0: 17729254
Core 1: 17120545
Core 2: 17556877
Core 3: 17140113
------------------------------
3. Number of load/store instructions per core
Core 0: 3270132
Core 1: 3287252
Core 2: 117698
Core 3: 3324919
------------------------------
4. Number of idle cycles per core
Core 0: 23997793
Core 1: 23818466
Core 2: 917363
Core 3: 24153773
------------------------------
5. Data cache miss rate for each core
Core 0: 0.0540351
Core 1: 0.0530066
Core 2: 0.0486669
Core 3: 0.0526696
------------------------------
6. Amount of Data traffic in bytes on the bus
1047479936
------------------------------
7. Number of invalidations or updates on the bus
618
------------------------------
8. Distribution of accesses to private data versus shared data
Core 0: Private acceses = 2718757 | Shared accesses = 551375
Core 1: Private acceses = 2765894 | Shared accesses = 521358
Core 2: Private acceses = 94231 | Shared accesses = 23467
Core 3: Private acceses = 2708717 | Shared accesses = 616202
================== END ==================
=========================================
