Input: MESI_bodytrack_4096_32_128
=========================================
------------------------------
1. Overall execution cycle per core
Core 0: 35099542002615
Core 1: 35654420356409
Core 2: 46214759433
Core 3: 36716914193486
------------------------------
2. Number of compute cycles per core
Core 0: 17729254
Core 1: 17120545
Core 2: 17556877
Core 3: 17140113
------------------------------
3. Number of load/store instructions per core
Core 0: 3270132
Core 1: 3287252
Core 2: 117698
Core 3: 3324919
------------------------------
4. Number of idle cycles per core
Core 0: 21320939
Core 1: 21468104
Core 2: 818711
Core 3: 21937753
------------------------------
5. Data cache miss rate for each core
Core 0: 0.0486803
Core 1: 0.0485074
Core 2: 0.0449965
Core 3: 0.0486749
------------------------------
6. Amount of Data traffic in bytes on the bus
1063411072
------------------------------
7. Number of invalidations or updates on the bus
465
------------------------------
8. Distribution of accesses to private data versus shared data
Core 0: Private acceses = 2701739 | Shared accesses = 568393
Core 1: Private acceses = 2711560 | Shared accesses = 575692
Core 2: Private acceses = 96075 | Shared accesses = 21623
Core 3: Private acceses = 2680820 | Shared accesses = 644099
================== END ==================
=========================================
