Input: MESI_bodytrack_1024_1_64
=========================================
------------------------------
1. Overall execution cycle per core
Core 0: 109960864000117
Core 1: 111764878550085
Core 2: 170361320094
Core 3: 117215400363442
------------------------------
2. Number of compute cycles per core
Core 0: 17729254
Core 1: 17120545
Core 2: 17556877
Core 3: 17140113
------------------------------
3. Number of load/store instructions per core
Core 0: 3270132
Core 1: 3287252
Core 2: 117698
Core 3: 3324919
------------------------------
4. Number of idle cycles per core
Core 0: 60576896
Core 1: 61166681
Core 2: 2810428
Core 3: 63908103
------------------------------
5. Data cache miss rate for each core
Core 0: 0.136567
Core 1: 0.135835
Core 2: 0.160555
Core 3: 0.140465
------------------------------
6. Amount of Data traffic in bytes on the bus
494363392
------------------------------
7. Number of invalidations or updates on the bus
273
------------------------------
8. Distribution of accesses to private data versus shared data
Core 0: Private acceses = 2964030 | Shared accesses = 306102
Core 1: Private acceses = 2955981 | Shared accesses = 331271
Core 2: Private acceses = 98744 | Shared accesses = 18954
Core 3: Private acceses = 3025535 | Shared accesses = 299384
================== END ==================
=========================================
