Input: MESI_bodytrack_4096_2_4
=========================================
------------------------------
1. Overall execution cycle per core
Core 0: 83754969509115
Core 1: 86910785309107
Core 2: 160434636621
Core 3: 86320447110395
------------------------------
2. Number of compute cycles per core
Core 0: 17729254
Core 1: 17120545
Core 2: 17556877
Core 3: 17140113
------------------------------
3. Number of load/store instructions per core
Core 0: 3270132
Core 1: 3287252
Core 2: 117698
Core 3: 3324919
------------------------------
4. Number of idle cycles per core
Core 0: 53247823
Core 1: 52985026
Core 2: 3215161
Core 3: 53584858
------------------------------
5. Data cache miss rate for each core
Core 0: 0.108904
Core 1: 0.107763
Core 2: 0.169349
Core 3: 0.108075
------------------------------
6. Amount of Data traffic in bytes on the bus
35016100
------------------------------
7. Number of invalidations or updates on the bus
2212
------------------------------
8. Distribution of accesses to private data versus shared data
Core 0: Private acceses = 2770516 | Shared accesses = 499616
Core 1: Private acceses = 2646352 | Shared accesses = 640900
Core 2: Private acceses = 94826 | Shared accesses = 22872
Core 3: Private acceses = 2803063 | Shared accesses = 521856
================== END ==================
=========================================
