Input: MESI_blackscholes_1024_256_4
=========================================
------------------------------
1. Overall execution cycle per core
Core 0: 7992617153330
Core 1: 7269814926619
Core 2: 14432279245036
Core 3: 7724566690399
------------------------------
2. Number of compute cycles per core
Core 0: 10430314
Core 1: 10383276
Core 2: 10430338
Core 3: 10394904
------------------------------
3. Number of load/store instructions per core
Core 0: 2497349
Core 1: 2490468
Core 2: 2509057
Core 3: 2503127
------------------------------
4. Number of idle cycles per core
Core 0: 6067570
Core 1: 5766479
Core 2: 8642809
Core 3: 5956551
------------------------------
5. Data cache miss rate for each core
Core 0: 0.0120432
Core 1: 0.0113605
Core 2: 0.0177485
Core 3: 0.0118452
------------------------------
6. Amount of Data traffic in bytes on the bus
39179964
------------------------------
7. Number of invalidations or updates on the bus
285
------------------------------
8. Distribution of accesses to private data versus shared data
Core 0: Private acceses = 2023948 | Shared accesses = 473401
Core 1: Private acceses = 2022662 | Shared accesses = 467806
Core 2: Private acceses = 2037404 | Shared accesses = 471653
Core 3: Private acceses = 1988133 | Shared accesses = 514994
================== END ==================
=========================================
