Input: MESI_bodytrack_1024_32_32
=========================================
------------------------------
1. Overall execution cycle per core
Core 0: 57560313398658
Core 1: 59392527683882
Core 2: 82774838273
Core 3: 59841898258805
------------------------------
2. Number of compute cycles per core
Core 0: 17729254
Core 1: 17120545
Core 2: 17556877
Core 3: 17140113
------------------------------
3. Number of load/store instructions per core
Core 0: 3270132
Core 1: 3287252
Core 2: 117698
Core 3: 3324919
------------------------------
4. Number of idle cycles per core
Core 0: 34120817
Core 1: 34726319
Core 2: 1550548
Core 3: 34805326
------------------------------
5. Data cache miss rate for each core
Core 0: 0.0802561
Core 1: 0.0808064
Core 2: 0.091157
Core 3: 0.0801391
------------------------------
6. Amount of Data traffic in bytes on the bus
244456512
------------------------------
7. Number of invalidations or updates on the bus
150
------------------------------
8. Distribution of accesses to private data versus shared data
Core 0: Private acceses = 2895178 | Shared accesses = 374954
Core 1: Private acceses = 2893125 | Shared accesses = 394127
Core 2: Private acceses = 98656 | Shared accesses = 19042
Core 3: Private acceses = 2944627 | Shared accesses = 380292
================== END ==================
=========================================
