Input: MESI_bodytrack_16384_4096_4
=========================================
------------------------------
1. Overall execution cycle per core
Core 0: 35409077577773
Core 1: 38555643391373
Core 2: 81979003349
Core 3: 37074800234673
------------------------------
2. Number of compute cycles per core
Core 0: 17729254
Core 1: 17120545
Core 2: 17556877
Core 3: 17140113
------------------------------
3. Number of load/store instructions per core
Core 0: 3270132
Core 1: 3287252
Core 2: 117698
Core 3: 3324919
------------------------------
4. Number of idle cycles per core
Core 0: 19969193
Core 1: 20888398
Core 2: 2154278
Core 3: 20532403
------------------------------
5. Data cache miss rate for each core
Core 0: 0.0398063
Core 1: 0.0412344
Core 2: 0.109025
Core 3: 0.0401378
------------------------------
6. Amount of Data traffic in bytes on the bus
39802036
------------------------------
7. Number of invalidations or updates on the bus
7130
------------------------------
8. Distribution of accesses to private data versus shared data
Core 0: Private acceses = 2209271 | Shared accesses = 1060861
Core 1: Private acceses = 2210746 | Shared accesses = 1076506
Core 2: Private acceses = 93227 | Shared accesses = 24471
Core 3: Private acceses = 2236122 | Shared accesses = 1088797
================== END ==================
=========================================
