Input: MESI_fluidanimate_65536_1024_64
=========================================
------------------------------
1. Overall execution cycle per core
Core 0: 16479239281801
Core 1: 14747184981620
Core 2: 16888475381695
Core 3: 14110954826431
------------------------------
2. Number of compute cycles per core
Core 0: 11337782
Core 1: 11290799
Core 2: 11337671
Core 3: 11301515
------------------------------
3. Number of load/store instructions per core
Core 0: 2576503
Core 1: 2407844
Core 2: 2604189
Core 3: 2411465
------------------------------
4. Number of idle cycles per core
Core 0: 9164587
Core 1: 8693501
Core 2: 9311337
Core 3: 8448730
------------------------------
5. Data cache miss rate for each core
Core 0: 0.0150929
Core 1: 0.0150695
Core 2: 0.0149609
Core 3: 0.0152455
------------------------------
6. Amount of Data traffic in bytes on the bus
513224000
------------------------------
7. Number of invalidations or updates on the bus
6284
------------------------------
8. Distribution of accesses to private data versus shared data
Core 0: Private acceses = 2069604 | Shared accesses = 506899
Core 1: Private acceses = 1955604 | Shared accesses = 452240
Core 2: Private acceses = 2128295 | Shared accesses = 475894
Core 3: Private acceses = 1900661 | Shared accesses = 510804
================== END ==================
=========================================
