Input: MESI_bodytrack_1024_8_128
=========================================
------------------------------
1. Overall execution cycle per core
Core 0: 91459814650185
Core 1: 92694908925105
Core 2: 209014229621
Core 3: 97139830785320
------------------------------
2. Number of compute cycles per core
Core 0: 17729254
Core 1: 17120545
Core 2: 17556877
Core 3: 17140113
------------------------------
3. Number of load/store instructions per core
Core 0: 3270132
Core 1: 3287252
Core 2: 117698
Core 3: 3324919
------------------------------
4. Number of idle cycles per core
Core 0: 47902147
Core 1: 48365401
Core 2: 3066086
Core 3: 49798580
------------------------------
5. Data cache miss rate for each core
Core 0: 0.109408
Core 1: 0.109702
Core 2: 0.176061
Core 3: 0.111388
------------------------------
6. Amount of Data traffic in bytes on the bus
956021120
------------------------------
7. Number of invalidations or updates on the bus
89
------------------------------
8. Distribution of accesses to private data versus shared data
Core 0: Private acceses = 2939539 | Shared accesses = 330593
Core 1: Private acceses = 2939131 | Shared accesses = 348121
Core 2: Private acceses = 104843 | Shared accesses = 12855
Core 3: Private acceses = 3001058 | Shared accesses = 323861
================== END ==================
=========================================
