Input: MESI_blackscholes_4096_64_64
=========================================
------------------------------
1. Overall execution cycle per core
Core 0: 3693416359438
Core 1: 3531039549172
Core 2: 5081849321813
Core 3: 3790577124595
------------------------------
2. Number of compute cycles per core
Core 0: 10430314
Core 1: 10383276
Core 2: 10430338
Core 3: 10394904
------------------------------
3. Number of load/store instructions per core
Core 0: 2497349
Core 1: 2490468
Core 2: 2509057
Core 3: 2503127
------------------------------
4. Number of idle cycles per core
Core 0: 2887137
Core 1: 2811330
Core 2: 3442075
Core 3: 2919784
------------------------------
5. Data cache miss rate for each core
Core 0: 0.0012273
Core 1: 0.00105522
Core 2: 0.002595
Core 3: 0.00132914
------------------------------
6. Amount of Data traffic in bytes on the bus
634024320
------------------------------
7. Number of invalidations or updates on the bus
103
------------------------------
8. Distribution of accesses to private data versus shared data
Core 0: Private acceses = 2023956 | Shared accesses = 473393
Core 1: Private acceses = 2018779 | Shared accesses = 471689
Core 2: Private acceses = 2037765 | Shared accesses = 471292
Core 3: Private acceses = 2032237 | Shared accesses = 470890
================== END ==================
=========================================
