Input: MESI_bodytrack_65536_4_128
=========================================
------------------------------
1. Overall execution cycle per core
Core 0: 23379044548138
Core 1: 22869248468411
Core 2: 11344759945
Core 3: 23486764704035
------------------------------
2. Number of compute cycles per core
Core 0: 17729254
Core 1: 17120545
Core 2: 17556877
Core 3: 17140113
------------------------------
3. Number of load/store instructions per core
Core 0: 3270132
Core 1: 3287252
Core 2: 117698
Core 3: 3324919
------------------------------
4. Number of idle cycles per core
Core 0: 16572080
Core 1: 16480591
Core 2: 237402
Core 3: 16415833
------------------------------
5. Data cache miss rate for each core
Core 0: 0.027861
Core 1: 0.0274074
Core 2: 0.00694149
Core 3: 0.0272563
------------------------------
6. Amount of Data traffic in bytes on the bus
1233584640
------------------------------
7. Number of invalidations or updates on the bus
3167
------------------------------
8. Distribution of accesses to private data versus shared data
Core 0: Private acceses = 2285196 | Shared accesses = 984936
Core 1: Private acceses = 2279300 | Shared accesses = 1007952
Core 2: Private acceses = 90655 | Shared accesses = 27043
Core 3: Private acceses = 2339181 | Shared accesses = 985738
================== END ==================
=========================================
