Input: MESI_blackscholes_65536_1_4
=========================================
------------------------------
1. Overall execution cycle per core
Core 0: 6118962000977
Core 1: 5751226697955
Core 2: 9978410490553
Core 3: 6108893501220
------------------------------
2. Number of compute cycles per core
Core 0: 10430314
Core 1: 10383276
Core 2: 10430338
Core 3: 10394904
------------------------------
3. Number of load/store instructions per core
Core 0: 2497349
Core 1: 2490468
Core 2: 2509057
Core 3: 2503127
------------------------------
4. Number of idle cycles per core
Core 0: 4353703
Core 1: 4335767
Core 2: 6099371
Core 3: 4557228
------------------------------
5. Data cache miss rate for each core
Core 0: 0.00601678
Core 1: 0.00669754
Core 2: 0.0120747
Core 3: 0.00702841
------------------------------
6. Amount of Data traffic in bytes on the bus
39467392
------------------------------
7. Number of invalidations or updates on the bus
1470
------------------------------
8. Distribution of accesses to private data versus shared data
Core 0: Private acceses = 2000960 | Shared accesses = 496389
Core 1: Private acceses = 1953056 | Shared accesses = 537412
Core 2: Private acceses = 2034691 | Shared accesses = 474366
Core 3: Private acceses = 2018478 | Shared accesses = 484649
================== END ==================
=========================================
