Input: MESI_blackscholes_1024_8_128
=========================================
------------------------------
1. Overall execution cycle per core
Core 0: 78612096449503
Core 1: 77934805034466
Core 2: 79531608155866
Core 3: 79209977669312
------------------------------
2. Number of compute cycles per core
Core 0: 10430314
Core 1: 10383276
Core 2: 10430338
Core 3: 10394904
------------------------------
3. Number of load/store instructions per core
Core 0: 2497349
Core 1: 2490468
Core 2: 2509057
Core 3: 2503127
------------------------------
4. Number of idle cycles per core
Core 0: 63033617
Core 1: 62697300
Core 2: 63342184
Core 3: 63194952
------------------------------
5. Data cache miss rate for each core
Core 0: 0.159933
Core 1: 0.159928
Core 2: 0.160158
Core 3: 0.160045
------------------------------
6. Amount of Data traffic in bytes on the bus
1255720192
------------------------------
7. Number of invalidations or updates on the bus
11
------------------------------
8. Distribution of accesses to private data versus shared data
Core 0: Private acceses = 2236121 | Shared accesses = 261228
Core 1: Private acceses = 2231650 | Shared accesses = 258818
Core 2: Private acceses = 2253879 | Shared accesses = 255178
Core 3: Private acceses = 2244086 | Shared accesses = 259041
================== END ==================
=========================================
