Input: MESI_bodytrack_1024_8_4
=========================================
------------------------------
1. Overall execution cycle per core
Core 0: 107002426831466
Core 1: 112642757757010
Core 2: 197116518210
Core 3: 111869137770124
------------------------------
2. Number of compute cycles per core
Core 0: 17729254
Core 1: 17120545
Core 2: 17556877
Core 3: 17140113
------------------------------
3. Number of load/store instructions per core
Core 0: 3270132
Core 1: 3287252
Core 2: 117698
Core 3: 3324919
------------------------------
4. Number of idle cycles per core
Core 0: 65678655
Core 1: 67616928
Core 2: 3884324
Core 3: 67350572
------------------------------
5. Data cache miss rate for each core
Core 0: 0.143416
Core 1: 0.146029
Core 2: 0.208551
Core 3: 0.144155
------------------------------
6. Amount of Data traffic in bytes on the bus
33037348
------------------------------
7. Number of invalidations or updates on the bus
536
------------------------------
8. Distribution of accesses to private data versus shared data
Core 0: Private acceses = 2875452 | Shared accesses = 394680
Core 1: Private acceses = 2886177 | Shared accesses = 401075
Core 2: Private acceses = 97178 | Shared accesses = 20520
Core 3: Private acceses = 2910419 | Shared accesses = 414500
================== END ==================
=========================================
