Input: MESI_bodytrack_131072_1024_128
=========================================
------------------------------
1. Overall execution cycle per core
Core 0: 24189767744118
Core 1: 24043536260658
Core 2: 11056228651
Core 3: 24336536589613
------------------------------
2. Number of compute cycles per core
Core 0: 17729254
Core 1: 17120545
Core 2: 17556877
Core 3: 17140113
------------------------------
3. Number of load/store instructions per core
Core 0: 3270132
Core 1: 3287252
Core 2: 117698
Core 3: 3324919
------------------------------
4. Number of idle cycles per core
Core 0: 17451187
Core 1: 17418543
Core 2: 214711
Core 3: 17488089
------------------------------
5. Data cache miss rate for each core
Core 0: 0.0269053
Core 1: 0.0265562
Core 2: 0.00671209
Core 3: 0.0264701
------------------------------
6. Amount of Data traffic in bytes on the bus
1293875968
------------------------------
7. Number of invalidations or updates on the bus
3220
------------------------------
8. Distribution of accesses to private data versus shared data
Core 0: Private acceses = 2167898 | Shared accesses = 1102234
Core 1: Private acceses = 2150690 | Shared accesses = 1136562
Core 2: Private acceses = 90248 | Shared accesses = 27450
Core 3: Private acceses = 2188822 | Shared accesses = 1136097
================== END ==================
=========================================
