Input: MESI_bodytrack_131072_8_128
=========================================
------------------------------
1. Overall execution cycle per core
Core 0: 21235170863812
Core 1: 21075340969638
Core 2: 11062604593
Core 3: 21442271988039
------------------------------
2. Number of compute cycles per core
Core 0: 17729254
Core 1: 17120545
Core 2: 17556877
Core 3: 17140113
------------------------------
3. Number of load/store instructions per core
Core 0: 3270132
Core 1: 3287252
Core 2: 117698
Core 3: 3324919
------------------------------
4. Number of idle cycles per core
Core 0: 15064120
Core 1: 14927001
Core 2: 217061
Core 3: 15144540
------------------------------
5. Data cache miss rate for each core
Core 0: 0.0226058
Core 1: 0.022151
Core 2: 0.00666961
Core 3: 0.0222478
------------------------------
6. Amount of Data traffic in bytes on the bus
1288853760
------------------------------
7. Number of invalidations or updates on the bus
3853
------------------------------
8. Distribution of accesses to private data versus shared data
Core 0: Private acceses = 2157367 | Shared accesses = 1112765
Core 1: Private acceses = 2140418 | Shared accesses = 1146834
Core 2: Private acceses = 90261 | Shared accesses = 27437
Core 3: Private acceses = 2195523 | Shared accesses = 1129396
================== END ==================
=========================================
