Input: MESI_fluidanimate_1024_1_32
=========================================
------------------------------
1. Overall execution cycle per core
Core 0: 84154490503280
Core 1: 70053262511773
Core 2: 88736620540627
Core 3: 70009403209702
------------------------------
2. Number of compute cycles per core
Core 0: 11337782
Core 1: 11290799
Core 2: 11337671
Core 3: 11301515
------------------------------
3. Number of load/store instructions per core
Core 0: 2576503
Core 1: 2407844
Core 2: 2604189
Core 3: 2411465
------------------------------
4. Number of idle cycles per core
Core 0: 55595635
Core 1: 48108645
Core 2: 57405290
Core 3: 48163127
------------------------------
5. Data cache miss rate for each core
Core 0: 0.145062
Core 1: 0.135477
Core 2: 0.148138
Core 3: 0.136023
------------------------------
6. Amount of Data traffic in bytes on the bus
260940224
------------------------------
7. Number of invalidations or updates on the bus
808
------------------------------
8. Distribution of accesses to private data versus shared data
Core 0: Private acceses = 2175720 | Shared accesses = 400783
Core 1: Private acceses = 2026418 | Shared accesses = 381426
Core 2: Private acceses = 2217655 | Shared accesses = 386534
Core 3: Private acceses = 2013746 | Shared accesses = 397719
================== END ==================
=========================================
