Input: MESI_blackscholes_131072_2_64
=========================================
------------------------------
1. Overall execution cycle per core
Core 0: 3327449938916
Core 1: 3296117705620
Core 2: 3849983656241
Core 3: 3330186692330
------------------------------
2. Number of compute cycles per core
Core 0: 10430314
Core 1: 10383276
Core 2: 10430338
Core 3: 10394904
------------------------------
3. Number of load/store instructions per core
Core 0: 2497349
Core 1: 2490468
Core 2: 2509057
Core 3: 2503127
------------------------------
4. Number of idle cycles per core
Core 0: 2597457
Core 1: 2598211
Core 2: 2812059
Core 3: 2599479
------------------------------
5. Data cache miss rate for each core
Core 0: 0.000385208
Core 1: 0.000422009
Core 2: 0.000994796
Core 3: 0.000401897
------------------------------
6. Amount of Data traffic in bytes on the bus
634175872
------------------------------
7. Number of invalidations or updates on the bus
483
------------------------------
8. Distribution of accesses to private data versus shared data
Core 0: Private acceses = 2023212 | Shared accesses = 474137
Core 1: Private acceses = 2017702 | Shared accesses = 472766
Core 2: Private acceses = 2035078 | Shared accesses = 473979
Core 3: Private acceses = 2026949 | Shared accesses = 476178
================== END ==================
=========================================
