Input: MESI_blackscholes_1024_2_64
=========================================
------------------------------
1. Overall execution cycle per core
Core 0: 56391259578117
Core 1: 55885764991579
Core 2: 57697799762277
Core 3: 56515056736197
------------------------------
2. Number of compute cycles per core
Core 0: 10430314
Core 1: 10383276
Core 2: 10430338
Core 3: 10394904
------------------------------
3. Number of load/store instructions per core
Core 0: 2497349
Core 1: 2490468
Core 2: 2509057
Core 3: 2503127
------------------------------
4. Number of idle cycles per core
Core 0: 45071908
Core 1: 44818272
Core 2: 45577209
Core 3: 45096783
------------------------------
5. Data cache miss rate for each core
Core 0: 0.122752
Core 1: 0.122446
Core 2: 0.123429
Core 3: 0.122689
------------------------------
6. Amount of Data traffic in bytes on the bus
640805312
------------------------------
7. Number of invalidations or updates on the bus
38
------------------------------
8. Distribution of accesses to private data versus shared data
Core 0: Private acceses = 2160597 | Shared accesses = 336752
Core 1: Private acceses = 2156144 | Shared accesses = 334324
Core 2: Private acceses = 2172617 | Shared accesses = 336440
Core 3: Private acceses = 2168850 | Shared accesses = 334277
================== END ==================
=========================================
