Input: MESI_bodytrack_65536_1_32
=========================================
------------------------------
1. Overall execution cycle per core
Core 0: 25375726845661
Core 1: 25959287558023
Core 2: 38241125323
Core 3: 25506024816731
------------------------------
2. Number of compute cycles per core
Core 0: 17729254
Core 1: 17120545
Core 2: 17556877
Core 3: 17140113
------------------------------
3. Number of load/store instructions per core
Core 0: 3270132
Core 1: 3287252
Core 2: 117698
Core 3: 3324919
------------------------------
4. Number of idle cycles per core
Core 0: 16127959
Core 1: 16193178
Core 2: 763014
Core 3: 16047161
------------------------------
5. Data cache miss rate for each core
Core 0: 0.0302092
Core 1: 0.0302852
Core 2: 0.0371799
Core 3: 0.0295457
------------------------------
6. Amount of Data traffic in bytes on the bus
310760896
------------------------------
7. Number of invalidations or updates on the bus
3545
------------------------------
8. Distribution of accesses to private data versus shared data
Core 0: Private acceses = 2308017 | Shared accesses = 962115
Core 1: Private acceses = 2269082 | Shared accesses = 1018170
Core 2: Private acceses = 92186 | Shared accesses = 25512
Core 3: Private acceses = 2274398 | Shared accesses = 1050521
================== END ==================
=========================================
