Input: MESI_bodytrack_16384_2_32
=========================================
------------------------------
1. Overall execution cycle per core
Core 0: 32748902858429
Core 1: 33211337457097
Core 2: 25548489755
Core 3: 33406554589136
------------------------------
2. Number of compute cycles per core
Core 0: 17729254
Core 1: 17120545
Core 2: 17556877
Core 3: 17140113
------------------------------
3. Number of load/store instructions per core
Core 0: 3270132
Core 1: 3287252
Core 2: 117698
Core 3: 3324919
------------------------------
4. Number of idle cycles per core
Core 0: 21527662
Core 1: 21680414
Core 2: 598017
Core 3: 21982907
------------------------------
5. Data cache miss rate for each core
Core 0: 0.0436086
Core 1: 0.0440371
Core 2: 0.0259223
Core 3: 0.0431797
------------------------------
6. Amount of Data traffic in bytes on the bus
282185056
------------------------------
7. Number of invalidations or updates on the bus
1900
------------------------------
8. Distribution of accesses to private data versus shared data
Core 0: Private acceses = 2523723 | Shared accesses = 746409
Core 1: Private acceses = 2674612 | Shared accesses = 612640
Core 2: Private acceses = 91943 | Shared accesses = 25755
Core 3: Private acceses = 2616422 | Shared accesses = 708497
================== END ==================
=========================================
