Input: MESI_bodytrack_1024_4_4
=========================================
------------------------------
1. Overall execution cycle per core
Core 0: 112146693729923
Core 1: 117699148987427
Core 2: 197115046527
Core 3: 117083785076272
------------------------------
2. Number of compute cycles per core
Core 0: 17729254
Core 1: 17120545
Core 2: 17556877
Core 3: 17140113
------------------------------
3. Number of load/store instructions per core
Core 0: 3270132
Core 1: 3287252
Core 2: 117698
Core 3: 3324919
------------------------------
4. Number of idle cycles per core
Core 0: 68124213
Core 1: 69603321
Core 2: 3881748
Core 3: 69774532
------------------------------
5. Data cache miss rate for each core
Core 0: 0.148203
Core 1: 0.150081
Core 2: 0.208568
Core 3: 0.148823
------------------------------
6. Amount of Data traffic in bytes on the bus
33617892
------------------------------
7. Number of invalidations or updates on the bus
700
------------------------------
8. Distribution of accesses to private data versus shared data
Core 0: Private acceses = 2846471 | Shared accesses = 423661
Core 1: Private acceses = 2808056 | Shared accesses = 479196
Core 2: Private acceses = 97714 | Shared accesses = 19984
Core 3: Private acceses = 2908891 | Shared accesses = 416028
================== END ==================
=========================================
