Input: MESI_blackscholes_4096_8_32
=========================================
------------------------------
1. Overall execution cycle per core
Core 0: 5442048603115
Core 1: 5235057111217
Core 2: 7536615454839
Core 3: 5471042136864
------------------------------
2. Number of compute cycles per core
Core 0: 10430314
Core 1: 10383276
Core 2: 10430338
Core 3: 10394904
------------------------------
3. Number of load/store instructions per core
Core 0: 2497349
Core 1: 2490468
Core 2: 2509057
Core 3: 2503127
------------------------------
4. Number of idle cycles per core
Core 0: 4251566
Core 1: 4164993
Core 2: 5093931
Core 3: 4275534
------------------------------
5. Data cache miss rate for each core
Core 0: 0.00597794
Core 1: 0.00583264
Core 2: 0.00795638
Core 3: 0.00608719
------------------------------
6. Amount of Data traffic in bytes on the bus
318392320
------------------------------
7. Number of invalidations or updates on the bus
203
------------------------------
8. Distribution of accesses to private data versus shared data
Core 0: Private acceses = 2024184 | Shared accesses = 473165
Core 1: Private acceses = 2019892 | Shared accesses = 470576
Core 2: Private acceses = 2041185 | Shared accesses = 467872
Core 3: Private acceses = 2028074 | Shared accesses = 475053
================== END ==================
=========================================
